=== Experiment: all ===
INDEX_ALL=1
INDEX_NUMBERS=1
INDEX_DATES=1
INDEX_TEXT=1
INDEX_DEFAULT=0

[Info] Running drop_indexes.sh
[Info] Keeping date indexes
[Info] Keeping numbers indexes
[Info] Keeping text indexes
[Info] Running create_indexes.sh
[Info] Creating indexes for dates
[Info] Creating indexes for text
[Info] Creating indexes for numbers

[Info] Running queries(1,2,3,4,5,6,7,8,9,10,11,12,13,14,15,16,17,18,19,20,21,22) for all
BEGIN;
BEGIN
EXPLAIN
select
	l_returnflag,
	l_linestatus,
	sum(l_quantity) as sum_qty,
	sum(l_extendedprice) as sum_base_price,
	sum(l_extendedprice * (1 - l_discount)) as sum_disc_price,
	sum(l_extendedprice * (1 - l_discount) * (1 + l_tax)) as sum_charge,
	avg(l_quantity) as avg_qty,
	avg(l_extendedprice) as avg_price,
	avg(l_discount) as avg_disc,
	count(*) as count_order
from
	lineitem
where
	l_shipdate <= date '1998-12-01' - interval '80 days'
group by
	l_returnflag,
	l_linestatus
order by
	l_returnflag,
	l_linestatus;
                                              QUERY PLAN                                              
------------------------------------------------------------------------------------------------------
 Finalize GroupAggregate  (cost=231344.71..231346.67 rows=6 width=236)
   Group Key: l_returnflag, l_linestatus
   ->  Gather Merge  (cost=231344.71..231346.11 rows=12 width=236)
         Workers Planned: 2
         ->  Sort  (cost=230344.69..230344.71 rows=6 width=236)
               Sort Key: l_returnflag, l_linestatus
               ->  Partial HashAggregate  (cost=230344.48..230344.61 rows=6 width=236)
                     Group Key: l_returnflag, l_linestatus
                     ->  Parallel Seq Scan on lineitem  (cost=0.00..143856.33 rows=2471090 width=25)
                           Filter: (l_shipdate <= '1998-09-12 00:00:00'::timestamp without time zone)
 JIT:
   Functions: 9
   Options: Inlining false, Optimization false, Expressions true, Deforming true
(13 rows)

COMMIT;
COMMIT

Query 1 execution times in seconds: 0.194,0.188,0.189,0.194,0.181,0.191,0.194,0.185,0.189,0.197
Average execution time: 0.1902 seconds

BEGIN;
BEGIN
EXPLAIN
select
	s_acctbal,
	s_name,
	n_name,
	p_partkey,
	p_mfgr,
	s_address,
	s_phone,
	s_comment
from
	part,
	supplier,
	partsupp,
	nation,
	region
where
	p_partkey = ps_partkey
	and s_suppkey = ps_suppkey
	and p_size = 29
	and p_type like '%NICKEL'
	and s_nationkey = n_nationkey
	and n_regionkey = r_regionkey
	and r_name = 'EUROPE'
	and ps_supplycost = (
		select
			min(ps_supplycost)
		from
			partsupp,
			supplier,
			nation,
			region
		where
			p_partkey = ps_partkey
			and s_suppkey = ps_suppkey
			and s_nationkey = n_nationkey
			and n_regionkey = r_regionkey
			and r_name = 'EUROPE'
	)
order by
	s_acctbal desc,
	n_name,
	s_name,
	p_partkey
LIMIT 100;
                                                          QUERY PLAN                                                          
------------------------------------------------------------------------------------------------------------------------------
 Limit  (cost=57628.38..57628.38 rows=1 width=270)
   ->  Sort  (cost=57628.38..57628.38 rows=1 width=270)
         Sort Key: supplier.s_acctbal DESC, nation.n_name, supplier.s_name, part.p_partkey
         ->  Hash Join  (cost=28234.34..57628.37 rows=1 width=270)
               Hash Cond: ((part.p_partkey = partsupp.ps_partkey) AND ((SubPlan 1) = partsupp.ps_supplycost))
               ->  Bitmap Heap Scan on part  (cost=48.42..4396.42 rows=900 width=30)
                     Recheck Cond: (p_size = 29)
                     Filter: ((p_type)::text ~~ '%NICKEL'::text)
                     ->  Bitmap Index Scan on p_s  (cost=0.00..48.19 rows=4253 width=0)
                           Index Cond: (p_size = 29)
               ->  Hash  (cost=20316.92..20316.92 rows=160000 width=250)
                     ->  Nested Loop  (cost=1.99..20316.92 rows=160000 width=250)
                           ->  Nested Loop  (cost=1.56..481.32 rows=2000 width=244)
                                 Join Filter: (nation.n_regionkey = region.r_regionkey)
                                 ->  Seq Scan on region  (cost=0.00..1.06 rows=1 width=4)
                                       Filter: (r_name = 'EUROPE'::bpchar)
                                 ->  Hash Join  (cost=1.56..355.26 rows=10000 width=248)
                                       Hash Cond: (supplier.s_nationkey = nation.n_nationkey)
                                       ->  Seq Scan on supplier  (cost=0.00..323.00 rows=10000 width=144)
                                       ->  Hash  (cost=1.25..1.25 rows=25 width=112)
                                             ->  Seq Scan on nation  (cost=0.00..1.25 rows=25 width=112)
                           ->  Index Scan using ps_sk on partsupp  (cost=0.42..9.12 rows=80 width=14)
                                 Index Cond: (ps_suppkey = supplier.s_suppkey)
               SubPlan 1
                 ->  Aggregate  (cost=43.45..43.46 rows=1 width=32)
                       ->  Nested Loop  (cost=0.85..43.45 rows=1 width=6)
                             Join Filter: (nation_1.n_regionkey = region_1.r_regionkey)
                             ->  Seq Scan on region region_1  (cost=0.00..1.06 rows=1 width=4)
                                   Filter: (r_name = 'EUROPE'::bpchar)
                             ->  Nested Loop  (cost=0.85..42.33 rows=4 width=10)
                                   ->  Nested Loop  (cost=0.71..41.71 rows=4 width=10)
                                         ->  Index Scan using ps_pk on partsupp partsupp_1  (cost=0.42..8.50 rows=4 width=10)
                                               Index Cond: (ps_partkey = part.p_partkey)
                                         ->  Index Scan using s_sk on supplier supplier_1  (cost=0.29..8.30 rows=1 width=8)
                                               Index Cond: (s_suppkey = partsupp_1.ps_suppkey)
                                   ->  Index Scan using n_nk on nation nation_1  (cost=0.14..0.16 rows=1 width=8)
                                         Index Cond: (n_nationkey = supplier_1.s_nationkey)
(37 rows)

COMMIT;
COMMIT

Query 2 execution times in seconds: 0.154,0.153,0.152,0.148,0.153,0.148,0.153,0.152,0.151,0.149
Average execution time: 0.1513 seconds

BEGIN;
BEGIN
EXPLAIN
select
	l_orderkey,
	sum(l_extendedprice * (1 - l_discount)) as revenue,
	o_orderdate,
	o_shippriority
from
	customer,
	orders,
	lineitem
where
	c_mktsegment = 'BUILDING'
	and c_custkey = o_custkey
	and l_orderkey = o_orderkey
	and o_orderdate < date '1995-03-07'
	and l_shipdate > date '1995-03-07'
group by
	l_orderkey,
	o_orderdate,
	o_shippriority
order by
	revenue desc,
	o_orderdate
LIMIT 10;
                                                                     QUERY PLAN                                                                     
----------------------------------------------------------------------------------------------------------------------------------------------------
 Limit  (cost=192156.83..192156.85 rows=10 width=44)
   ->  Sort  (cost=192156.83..192933.71 rows=310754 width=44)
         Sort Key: (sum((lineitem.l_extendedprice * ('1'::numeric - lineitem.l_discount)))) DESC, orders.o_orderdate
         ->  Finalize GroupAggregate  (cost=144545.02..185441.54 rows=310754 width=44)
               Group Key: lineitem.l_orderkey, orders.o_orderdate, orders.o_shippriority
               ->  Gather Merge  (cost=144545.02..178320.09 rows=258962 width=44)
                     Workers Planned: 2
                     ->  Partial GroupAggregate  (cost=143545.00..147429.43 rows=129481 width=44)
                           Group Key: lineitem.l_orderkey, orders.o_orderdate, orders.o_shippriority
                           ->  Sort  (cost=143545.00..143868.70 rows=129481 width=24)
                                 Sort Key: lineitem.l_orderkey, orders.o_orderdate, orders.o_shippriority
                                 ->  Nested Loop  (cost=4252.73..129894.02 rows=129481 width=24)
                                       ->  Parallel Hash Join  (cost=4252.29..38985.56 rows=59680 width=12)
                                             Hash Cond: (orders.o_custkey = customer.c_custkey)
                                             ->  Parallel Seq Scan on orders  (cost=0.00..33948.50 rows=298948 width=16)
                                                   Filter: (o_orderdate < '1995-03-07'::date)
                                             ->  Parallel Hash  (cost=4096.33..4096.33 rows=12477 width=4)
                                                   ->  Parallel Bitmap Heap Scan on customer  (cost=340.37..4096.33 rows=12477 width=4)
                                                         Recheck Cond: (c_mktsegment = 'BUILDING'::bpchar)
                                                         ->  Bitmap Index Scan on idx_customer_c_mktsegment  (cost=0.00..332.88 rows=29945 width=0)
                                                               Index Cond: (c_mktsegment = 'BUILDING'::bpchar)
                                       ->  Index Scan using l_ok on lineitem  (cost=0.43..1.43 rows=9 width=16)
                                             Index Cond: (l_orderkey = orders.o_orderkey)
                                             Filter: (l_shipdate > '1995-03-07'::date)
 JIT:
   Functions: 29
   Options: Inlining false, Optimization false, Expressions true, Deforming true
(27 rows)

COMMIT;
COMMIT

Query 3 execution times in seconds: 0.194,0.190,0.192,0.196,0.196,0.192,0.196,0.193,0.199,0.190
Average execution time: 0.1938 seconds

BEGIN;
BEGIN
EXPLAIN
select
	o_orderpriority,
	count(*) as order_count
from
	orders
where
	o_orderdate >= date '1996-11-01'
	and o_orderdate < cast(date '1996-11-01' + interval '3 month' as date)
	and exists (
		select
			*
		from
			lineitem
		where
			l_orderkey = o_orderkey
			and l_commitdate < l_receiptdate
	)
group by
	o_orderpriority
order by
	o_orderpriority;
                                                           QUERY PLAN                                                           
--------------------------------------------------------------------------------------------------------------------------------
 Finalize GroupAggregate  (cost=61733.19..61778.74 rows=5 width=24)
   Group Key: orders.o_orderpriority
   ->  Gather Merge  (cost=61733.19..61778.64 rows=10 width=24)
         Workers Planned: 2
         ->  Partial GroupAggregate  (cost=60733.16..60777.46 rows=5 width=24)
               Group Key: orders.o_orderpriority
               ->  Sort  (cost=60733.16..60747.91 rows=5900 width=16)
                     Sort Key: orders.o_orderpriority
                     ->  Nested Loop Semi Join  (cost=790.90..60363.63 rows=5900 width=16)
                           ->  Parallel Bitmap Heap Scan on orders  (cost=790.47..27283.81 rows=23823 width=20)
                                 Recheck Cond: ((o_orderdate >= '1996-11-01'::date) AND (o_orderdate < '1997-02-01'::date))
                                 ->  Bitmap Index Scan on o_od  (cost=0.00..776.18 rows=57175 width=0)
                                       Index Cond: ((o_orderdate >= '1996-11-01'::date) AND (o_orderdate < '1997-02-01'::date))
                           ->  Index Scan using l_ok on lineitem  (cost=0.43..4.61 rows=5 width=4)
                                 Index Cond: (l_orderkey = orders.o_orderkey)
                                 Filter: (l_commitdate < l_receiptdate)
(16 rows)

COMMIT;
COMMIT

Query 4 execution times in seconds: 0.138,0.148,0.149,0.134,0.146,0.143,0.147,0.142,0.142,0.139
Average execution time: 0.1428 seconds

BEGIN;
BEGIN
EXPLAIN
select
	n_name,
	sum(l_extendedprice * (1 - l_discount)) as revenue
from
	customer,
	orders,
	lineitem,
	supplier,
	nation,
	region
where
	c_custkey = o_custkey
	and l_orderkey = o_orderkey
	and l_suppkey = s_suppkey
	and c_nationkey = s_nationkey
	and s_nationkey = n_nationkey
	and n_regionkey = r_regionkey
	and r_name = 'ASIA'
	and o_orderdate >= date '1996-01-01'
	and o_orderdate < date '1996-01-01' + interval '1 year'
group by
	n_name
order by
	revenue desc;
                                                                               QUERY PLAN                                                                               
------------------------------------------------------------------------------------------------------------------------------------------------------------------------
 Sort  (cost=83368.87..83368.93 rows=25 width=136)
   Sort Key: (sum((lineitem.l_extendedprice * ('1'::numeric - lineitem.l_discount)))) DESC
   ->  Finalize GroupAggregate  (cost=83324.09..83368.29 rows=25 width=136)
         Group Key: nation.n_name
         ->  Gather Merge  (cost=83324.09..83367.60 rows=50 width=136)
               Workers Planned: 2
               ->  Partial GroupAggregate  (cost=82324.07..82361.81 rows=25 width=136)
                     Group Key: nation.n_name
                     ->  Sort  (cost=82324.07..82331.55 rows=2994 width=116)
                           Sort Key: nation.n_name
                           ->  Hash Join  (cost=476.32..82151.20 rows=2994 width=116)
                                 Hash Cond: ((lineitem.l_suppkey = supplier.s_suppkey) AND (customer.c_nationkey = supplier.s_nationkey))
                                 ->  Nested Loop  (cost=3.32..81285.19 rows=74859 width=128)
                                       ->  Nested Loop  (cost=2.89..24312.84 rows=18711 width=116)
                                             ->  Hash Join  (cost=2.46..4586.84 rows=12500 width=116)
                                                   Hash Cond: (customer.c_nationkey = nation.n_nationkey)
                                                   ->  Parallel Seq Scan on customer  (cost=0.00..4225.00 rows=62500 width=8)
                                                   ->  Hash  (cost=2.40..2.40 rows=5 width=108)
                                                         ->  Hash Join  (cost=1.07..2.40 rows=5 width=108)
                                                               Hash Cond: (nation.n_regionkey = region.r_regionkey)
                                                               ->  Seq Scan on nation  (cost=0.00..1.25 rows=25 width=112)
                                                               ->  Hash  (cost=1.06..1.06 rows=1 width=4)
                                                                     ->  Seq Scan on region  (cost=0.00..1.06 rows=1 width=4)
                                                                           Filter: (r_name = 'ASIA'::bpchar)
                                             ->  Index Scan using o_ck on orders  (cost=0.43..1.55 rows=3 width=8)
                                                   Index Cond: (o_custkey = customer.c_custkey)
                                                   Filter: ((o_orderdate >= '1996-01-01'::date) AND (o_orderdate < '1997-01-01 00:00:00'::timestamp without time zone))
                                       ->  Index Scan using l_ok on lineitem  (cost=0.43..2.88 rows=16 width=20)
                                             Index Cond: (l_orderkey = orders.o_orderkey)
                                 ->  Hash  (cost=323.00..323.00 rows=10000 width=8)
                                       ->  Seq Scan on supplier  (cost=0.00..323.00 rows=10000 width=8)
(31 rows)

COMMIT;
COMMIT

Query 5 execution times in seconds: 0.155,0.155,0.160,0.149,0.154,0.157,0.157,0.158,0.160,0.163
Average execution time: 0.1568 seconds

BEGIN;
BEGIN
EXPLAIN
select
	sum(l_extendedprice * l_discount) as revenue
from
	lineitem
where
	l_shipdate >= date '1996-01-01'
	and l_shipdate < cast(date '1996-01-01' + interval '1 year' as date)
	and l_discount between 0.03 - 0.01 and 0.03 + 0.01
	and l_quantity < 25;
                                                    QUERY PLAN                                                    
------------------------------------------------------------------------------------------------------------------
 Finalize Aggregate  (cost=168475.82..168475.83 rows=1 width=32)
   ->  Gather  (cost=168475.60..168475.81 rows=2 width=32)
         Workers Planned: 2
         ->  Partial Aggregate  (cost=167475.60..167475.61 rows=1 width=32)
               ->  Parallel Bitmap Heap Scan on lineitem  (cost=12261.83..167226.47 rows=49826 width=12)
                     Recheck Cond: ((l_shipdate >= '1996-01-01'::date) AND (l_shipdate < '1997-01-01'::date))
                     Filter: ((l_discount >= 0.02) AND (l_discount <= 0.04) AND (l_quantity < '25'::numeric))
                     ->  Bitmap Index Scan on l_sd  (cost=0.00..12231.93 rows=907550 width=0)
                           Index Cond: ((l_shipdate >= '1996-01-01'::date) AND (l_shipdate < '1997-01-01'::date))
 JIT:
   Functions: 9
   Options: Inlining false, Optimization false, Expressions true, Deforming true
(12 rows)

COMMIT;
COMMIT

Query 6 execution times in seconds: 0.188,0.174,0.194,0.192,0.190,0.172,0.188,0.191,0.189,0.176
Average execution time: 0.1854 seconds

BEGIN;
BEGIN
EXPLAIN
select
	supp_nation,
	cust_nation,
	l_year,
	sum(volume) as revenue
from
	(
		select
			n1.n_name as supp_nation,
			n2.n_name as cust_nation,
			extract(year from l_shipdate) as l_year,
			l_extendedprice * (1 - l_discount) as volume
		from
			supplier,
			lineitem,
			orders,
			customer,
			nation n1,
			nation n2
		where
			s_suppkey = l_suppkey
			and o_orderkey = l_orderkey
			and c_custkey = o_custkey
			and s_nationkey = n1.n_nationkey
			and c_nationkey = n2.n_nationkey
			and (
				(n1.n_name = 'JAPAN' and n2.n_name = 'EGYPT')
				or (n1.n_name = 'EGYPT' and n2.n_name = 'JAPAN')
			)
			and l_shipdate between date '1995-01-01' and date '1996-12-31'
	) as shipping
group by
	supp_nation,
	cust_nation,
	l_year
order by
	supp_nation,
	cust_nation,
	l_year;
                                                                                   QUERY PLAN                                                                                    
---------------------------------------------------------------------------------------------------------------------------------------------------------------------------------
 Finalize GroupAggregate  (cost=72829.49..73650.11 rows=6073 width=272)
   Group Key: n1.n_name, n2.n_name, (EXTRACT(year FROM lineitem.l_shipdate))
   ->  Gather Merge  (cost=72829.49..73495.77 rows=5060 width=272)
         Workers Planned: 2
         ->  Partial GroupAggregate  (cost=71829.47..71911.69 rows=2530 width=272)
               Group Key: n1.n_name, n2.n_name, (EXTRACT(year FROM lineitem.l_shipdate))
               ->  Sort  (cost=71829.47..71835.79 rows=2530 width=252)
                     Sort Key: n1.n_name, n2.n_name, (EXTRACT(year FROM lineitem.l_shipdate))
                     ->  Hash Join  (cost=367.36..71686.46 rows=2530 width=252)
                           Hash Cond: (lineitem.l_suppkey = supplier.s_suppkey)
                           Join Filter: (((n1.n_name = 'JAPAN'::bpchar) AND (n2.n_name = 'EGYPT'::bpchar)) OR ((n1.n_name = 'EGYPT'::bpchar) AND (n2.n_name = 'JAPAN'::bpchar)))
                           ->  Nested Loop  (cost=2.26..70989.74 rows=60804 width=124)
                                 ->  Nested Loop  (cost=1.83..12583.67 rows=50000 width=108)
                                       ->  Hash Join  (cost=1.40..4418.27 rows=5000 width=108)
                                             Hash Cond: (customer.c_nationkey = n2.n_nationkey)
                                             ->  Parallel Seq Scan on customer  (cost=0.00..4225.00 rows=62500 width=8)
                                             ->  Hash  (cost=1.38..1.38 rows=2 width=108)
                                                   ->  Seq Scan on nation n2  (cost=0.00..1.38 rows=2 width=108)
                                                         Filter: ((n_name = 'EGYPT'::bpchar) OR (n_name = 'JAPAN'::bpchar))
                                       ->  Index Scan using o_ck on orders  (cost=0.43..1.46 rows=17 width=8)
                                             Index Cond: (o_custkey = customer.c_custkey)
                                 ->  Index Scan using l_ok on lineitem  (cost=0.43..1.12 rows=5 width=24)
                                       Index Cond: (l_orderkey = orders.o_orderkey)
                                       Filter: ((l_shipdate >= '1995-01-01'::date) AND (l_shipdate <= '1996-12-31'::date))
                           ->  Hash  (cost=355.10..355.10 rows=800 width=108)
                                 ->  Hash Join  (cost=1.40..355.10 rows=800 width=108)
                                       Hash Cond: (supplier.s_nationkey = n1.n_nationkey)
                                       ->  Seq Scan on supplier  (cost=0.00..323.00 rows=10000 width=8)
                                       ->  Hash  (cost=1.38..1.38 rows=2 width=108)
                                             ->  Seq Scan on nation n1  (cost=0.00..1.38 rows=2 width=108)
                                                   Filter: ((n_name = 'JAPAN'::bpchar) OR (n_name = 'EGYPT'::bpchar))
(31 rows)

COMMIT;
COMMIT

Query 7 execution times in seconds: 0.157,0.153,0.161,0.158,0.156,0.144,0.156,0.158,0.156,0.157
Average execution time: 0.1556 seconds

BEGIN;
BEGIN
EXPLAIN
select
	o_year,
	sum(case
		when nation = 'JORDAN' then volume
		else 0
	end) / sum(volume) as mkt_share
from
	(
		select
			extract(year from o_orderdate) as o_year,
			l_extendedprice * (1 - l_discount) as volume,
			n2.n_name as nation
		from
			part,
			supplier,
			lineitem,
			orders,
			customer,
			nation n1,
			nation n2,
			region
		where
			p_partkey = l_partkey
			and s_suppkey = l_suppkey
			and l_orderkey = o_orderkey
			and o_custkey = c_custkey
			and c_nationkey = n1.n_nationkey
			and n1.n_regionkey = r_regionkey
			and r_name = 'MIDDLE EAST'
			and s_nationkey = n2.n_nationkey
			and o_orderdate between date '1995-01-01' and date '1996-12-31'
			and p_type = 'MEDIUM BRUSHED STEEL'
	) as all_nations
group by
	o_year
order by
	o_year;
                                                                  QUERY PLAN                                                                   
-----------------------------------------------------------------------------------------------------------------------------------------------
 Finalize GroupAggregate  (cost=78926.09..79274.20 rows=2406 width=64)
   Group Key: (EXTRACT(year FROM orders.o_orderdate))
   ->  Gather Merge  (cost=78926.09..79200.73 rows=2028 width=96)
         Workers Planned: 2
         ->  Partial GroupAggregate  (cost=77926.07..77966.63 rows=1014 width=96)
               Group Key: (EXTRACT(year FROM orders.o_orderdate))
               ->  Sort  (cost=77926.07..77928.60 rows=1014 width=148)
                     Sort Key: (EXTRACT(year FROM orders.o_orderdate))
                     ->  Hash Join  (cost=6.01..77875.44 rows=1014 width=148)
                           Hash Cond: (supplier.s_nationkey = n2.n_nationkey)
                           ->  Nested Loop  (cost=4.45..77868.22 rows=1014 width=20)
                                 ->  Hash Join  (cost=4.16..77561.32 rows=1014 width=20)
                                       Hash Cond: (customer.c_nationkey = n1.n_nationkey)
                                       ->  Nested Loop  (cost=1.70..77529.70 rows=5069 width=24)
                                             ->  Nested Loop  (cost=1.28..75134.55 rows=5069 width=24)
                                                   ->  Nested Loop  (cost=0.85..67340.18 rows=16578 width=20)
                                                         ->  Parallel Index Scan using p_pk on part  (cost=0.42..8378.08 rows=552 width=4)
                                                               Filter: ((p_type)::text = 'MEDIUM BRUSHED STEEL'::text)
                                                         ->  Index Scan using l_pk on lineitem  (cost=0.43..106.52 rows=30 width=24)
                                                               Index Cond: (l_partkey = part.p_partkey)
                                                   ->  Index Scan using orders_pkey on orders  (cost=0.43..0.47 rows=1 width=12)
                                                         Index Cond: (o_orderkey = lineitem.l_orderkey)
                                                         Filter: ((o_orderdate >= '1995-01-01'::date) AND (o_orderdate <= '1996-12-31'::date))
                                             ->  Index Scan using c_ck on customer  (cost=0.42..0.47 rows=1 width=8)
                                                   Index Cond: (c_custkey = orders.o_custkey)
                                       ->  Hash  (cost=2.40..2.40 rows=5 width=4)
                                             ->  Hash Join  (cost=1.07..2.40 rows=5 width=4)
                                                   Hash Cond: (n1.n_regionkey = region.r_regionkey)
                                                   ->  Seq Scan on nation n1  (cost=0.00..1.25 rows=25 width=8)
                                                   ->  Hash  (cost=1.06..1.06 rows=1 width=4)
                                                         ->  Seq Scan on region  (cost=0.00..1.06 rows=1 width=4)
                                                               Filter: (r_name = 'MIDDLE EAST'::bpchar)
                                 ->  Index Scan using s_sk on supplier  (cost=0.29..0.30 rows=1 width=8)
                                       Index Cond: (s_suppkey = lineitem.l_suppkey)
                           ->  Hash  (cost=1.25..1.25 rows=25 width=108)
                                 ->  Seq Scan on nation n2  (cost=0.00..1.25 rows=25 width=108)
(36 rows)

COMMIT;
COMMIT

Query 8 execution times in seconds: 0.155,0.164,0.164,0.159,0.164,0.158,0.145,0.163,0.160,0.160
Average execution time: 0.1592 seconds

BEGIN;
BEGIN
EXPLAIN
select
	nation,
	o_year,
	sum(amount) as sum_profit
from
	(
		select
			n_name as nation,
			extract(year from o_orderdate) as o_year,
			l_extendedprice * (1 - l_discount) - ps_supplycost * l_quantity as amount
		from
			part,
			supplier,
			lineitem,
			partsupp,
			orders,
			nation
		where
			s_suppkey = l_suppkey
			and ps_suppkey = l_suppkey
			and ps_partkey = l_partkey
			and p_partkey = l_partkey
			and o_orderkey = l_orderkey
			and s_nationkey = n_nationkey
			and p_name like '%goldenrod%'
	) as profit
group by
	nation,
	o_year
order by
	nation,
	o_year desc;
                                                               QUERY PLAN                                                                
-----------------------------------------------------------------------------------------------------------------------------------------
 Finalize GroupAggregate  (cost=117929.54..137853.51 rows=60150 width=168)
   Group Key: nation.n_name, (EXTRACT(year FROM orders.o_orderdate))
   ->  Gather Merge  (cost=117929.54..135748.26 rows=120300 width=168)
         Workers Planned: 2
         ->  Partial GroupAggregate  (cost=116929.52..120862.63 rows=60150 width=168)
               Group Key: nation.n_name, (EXTRACT(year FROM orders.o_orderdate))
               ->  Sort  (cost=116929.52..117308.37 rows=151543 width=159)
                     Sort Key: nation.n_name, (EXTRACT(year FROM orders.o_orderdate)) DESC
                     ->  Hash Join  (cost=49850.44..91975.72 rows=151543 width=159)
                           Hash Cond: (supplier.s_nationkey = nation.n_nationkey)
                           ->  Parallel Hash Join  (cost=49848.88..91130.06 rows=151543 width=31)
                                 Hash Cond: (orders.o_orderkey = lineitem.l_orderkey)
                                 ->  Parallel Seq Scan on orders  (cost=0.00..32386.00 rows=625000 width=8)
                                 ->  Parallel Hash  (cost=46918.59..46918.59 rows=151543 width=31)
                                       ->  Nested Loop  (cost=448.86..46918.59 rows=151543 width=31)
                                             Join Filter: (supplier.s_suppkey = lineitem.l_suppkey)
                                             ->  Hash Join  (cost=448.43..25400.03 rows=20202 width=26)
                                                   Hash Cond: (partsupp.ps_suppkey = supplier.s_suppkey)
                                                   ->  Nested Loop  (cost=0.42..24898.98 rows=20202 width=18)
                                                         ->  Parallel Seq Scan on part  (cost=0.00..5169.67 rows=5050 width=4)
                                                               Filter: ((p_name)::text ~~ '%goldenrod%'::text)
                                                         ->  Index Scan using ps_pk on partsupp  (cost=0.42..3.87 rows=4 width=14)
                                                               Index Cond: (ps_partkey = part.p_partkey)
                                                   ->  Hash  (cost=323.00..323.00 rows=10000 width=8)
                                                         ->  Seq Scan on supplier  (cost=0.00..323.00 rows=10000 width=8)
                                             ->  Index Scan using l_sk_pk on lineitem  (cost=0.43..1.05 rows=1 width=29)
                                                   Index Cond: ((l_suppkey = partsupp.ps_suppkey) AND (l_partkey = partsupp.ps_partkey))
                           ->  Hash  (cost=1.25..1.25 rows=25 width=108)
                                 ->  Seq Scan on nation  (cost=0.00..1.25 rows=25 width=108)
 JIT:
   Functions: 45
   Options: Inlining false, Optimization false, Expressions true, Deforming true
(32 rows)

COMMIT;
COMMIT

Query 9 execution times in seconds: 0.210,0.210,0.208,0.213,0.210,0.212,0.215,0.209,0.210,0.211
Average execution time: 0.2108 seconds

BEGIN;
BEGIN
EXPLAIN
select
	c_custkey,
	c_name,
	sum(l_extendedprice * (1 - l_discount)) as revenue,
	c_acctbal,
	n_name,
	c_address,
	c_phone,
	c_comment
from
	customer,
	orders,
	lineitem,
	nation
where
	c_custkey = o_custkey
	and l_orderkey = o_orderkey
	and o_orderdate >= date '1993-10-01'
	and o_orderdate < cast(date '1993-10-01' + interval '3 month' as date)
	and l_returnflag = 'R'
	and c_nationkey = n_nationkey
group by
	c_custkey,
	c_name,
	c_acctbal,
	c_phone,
	n_name,
	c_address,
	c_comment
order by
	revenue desc
LIMIT 20;
                                                                          QUERY PLAN                                                                          
--------------------------------------------------------------------------------------------------------------------------------------------------------------
 Limit  (cost=153823.44..153823.49 rows=20 width=279)
   ->  Sort  (cost=153823.44..153958.74 rows=54118 width=279)
         Sort Key: (sum((lineitem.l_extendedprice * ('1'::numeric - lineitem.l_discount)))) DESC
         ->  Finalize GroupAggregate  (cost=145430.40..152383.38 rows=54118 width=279)
               Group Key: customer.c_custkey, nation.n_name
               ->  Gather Merge  (cost=145430.40..151255.93 rows=45098 width=279)
                     Workers Planned: 2
                     ->  Partial GroupAggregate  (cost=144430.38..145050.48 rows=22549 width=279)
                           Group Key: customer.c_custkey, nation.n_name
                           ->  Sort  (cost=144430.38..144486.75 rows=22549 width=259)
                                 Sort Key: customer.c_custkey, nation.n_name
                                 ->  Hash Join  (cost=134933.20..140024.50 rows=22549 width=259)
                                       Hash Cond: (customer.c_nationkey = nation.n_nationkey)
                                       ->  Parallel Hash Join  (cost=134931.64..139953.71 rows=22549 width=159)
                                             Hash Cond: (customer.c_custkey = orders.o_custkey)
                                             ->  Parallel Seq Scan on customer  (cost=0.00..4225.00 rows=62500 width=147)
                                             ->  Parallel Hash  (cost=134649.77..134649.77 rows=22549 width=16)
                                                   ->  Nested Loop  (cost=758.65..134649.77 rows=22549 width=16)
                                                         ->  Parallel Bitmap Heap Scan on orders  (cost=758.22..27236.78 rows=22837 width=8)
                                                               Recheck Cond: ((o_orderdate >= '1993-10-01'::date) AND (o_orderdate < '1994-01-01'::date))
                                                               ->  Bitmap Index Scan on o_od  (cost=0.00..744.52 rows=54809 width=0)
                                                                     Index Cond: ((o_orderdate >= '1993-10-01'::date) AND (o_orderdate < '1994-01-01'::date))
                                                         ->  Index Scan using l_ok on lineitem  (cost=0.43..4.66 rows=4 width=16)
                                                               Index Cond: (l_orderkey = orders.o_orderkey)
                                                               Filter: (l_returnflag = 'R'::bpchar)
                                       ->  Hash  (cost=1.25..1.25 rows=25 width=108)
                                             ->  Seq Scan on nation  (cost=0.00..1.25 rows=25 width=108)
 JIT:
   Functions: 35
   Options: Inlining false, Optimization false, Expressions true, Deforming true
(30 rows)

COMMIT;
COMMIT

Query 10 execution times in seconds: 0.204,0.200,0.195,0.204,0.206,0.196,0.206,0.204,0.197,0.194
Average execution time: 0.2006 seconds

BEGIN;
BEGIN
EXPLAIN
select
	ps_partkey,
	sum(ps_supplycost * ps_availqty) as value
from
	partsupp,
	supplier,
	nation
where
	ps_suppkey = s_suppkey
	and s_nationkey = n_nationkey
	and n_name = 'CHINA'
group by
	ps_partkey having
		sum(ps_supplycost * ps_availqty) > (
			select
				sum(ps_supplycost * ps_availqty) *         inf
			from
				partsupp,
				supplier,
				nation
			where
				ps_suppkey = s_suppkey
				and s_nationkey = n_nationkey
				and n_name = 'CHINA'
		)
order by
	value desc;
ERROR:  column "inf" does not exist
LINE 17:     sum(ps_supplycost * ps_availqty) *         inf
                                                        ^

Query 11 execution times in seconds: 0.141,0.135,0.134,0.136,0.142,0.141,0.135,0.142,0.141,0.140
Average execution time: 0.1387 seconds

BEGIN;
BEGIN
EXPLAIN
select
	l_shipmode,
	sum(case
		when o_orderpriority = '1-URGENT'
			or o_orderpriority = '2-HIGH'
			then 1
		else 0
	end) as high_line_count,
	sum(case
		when o_orderpriority <> '1-URGENT'
			and o_orderpriority <> '2-HIGH'
			then 1
		else 0
	end) as low_line_count
from
	orders,
	lineitem
where
	o_orderkey = l_orderkey
	and l_shipmode in ('RAIL', 'REG AIR')
	and l_commitdate < l_receiptdate
	and l_shipdate < l_commitdate
	and l_receiptdate >= date '1994-01-01'
	and l_receiptdate < date '1994-01-01' + interval '1 year'
group by
	l_shipmode
order by
	l_shipmode;
                                                                                QUERY PLAN                                                                                
--------------------------------------------------------------------------------------------------------------------------------------------------------------------------
 Finalize GroupAggregate  (cost=208811.61..209055.91 rows=7 width=27)
   Group Key: lineitem.l_shipmode
   ->  Gather Merge  (cost=208811.61..209055.74 rows=14 width=27)
         Workers Planned: 2
         ->  Partial GroupAggregate  (cost=207811.59..208054.10 rows=7 width=27)
               Group Key: lineitem.l_shipmode
               ->  Sort  (cost=207811.59..207841.89 rows=12122 width=27)
                     Sort Key: lineitem.l_shipmode
                     ->  Parallel Hash Join  (cost=167521.63..206989.39 rows=12122 width=27)
                           Hash Cond: (orders.o_orderkey = lineitem.l_orderkey)
                           ->  Parallel Seq Scan on orders  (cost=0.00..32386.00 rows=625000 width=20)
                           ->  Parallel Hash  (cost=167370.11..167370.11 rows=12122 width=15)
                                 ->  Parallel Bitmap Heap Scan on lineitem  (cost=12377.55..167370.11 rows=12122 width=15)
                                       Recheck Cond: ((l_receiptdate >= '1994-01-01'::date) AND (l_receiptdate < '1995-01-01 00:00:00'::timestamp without time zone))
                                       Filter: ((l_shipmode = ANY ('{RAIL,"REG AIR"}'::bpchar[])) AND (l_commitdate < l_receiptdate) AND (l_shipdate < l_commitdate))
                                       ->  Bitmap Index Scan on l_rd  (cost=0.00..12370.27 rows=917784 width=0)
                                             Index Cond: ((l_receiptdate >= '1994-01-01'::date) AND (l_receiptdate < '1995-01-01 00:00:00'::timestamp without time zone))
 JIT:
   Functions: 23
   Options: Inlining false, Optimization false, Expressions true, Deforming true
(20 rows)

COMMIT;
COMMIT

Query 12 execution times in seconds: 0.196,0.190,0.194,0.193,0.188,0.200,0.196,0.197,0.197,0.195
Average execution time: 0.1946 seconds

BEGIN;
BEGIN
EXPLAIN
select
	c_count,
	count(*) as custdist
from
	(
		select
			c_custkey,
			count(o_orderkey)
		from
			customer left outer join orders on
				c_custkey = o_custkey
				and o_comment not like '%special%requests%'
		group by
			c_custkey
	) as c_orders (c_custkey, c_count)
group by
	c_count
order by
	custdist desc,
	c_count desc;
                                                                QUERY PLAN                                                                
------------------------------------------------------------------------------------------------------------------------------------------
 Sort  (cost=137253.49..137253.99 rows=200 width=16)
   Sort Key: (count(*)) DESC, (count(orders.o_orderkey)) DESC
   ->  HashAggregate  (cost=137243.84..137245.84 rows=200 width=16)
         Group Key: count(orders.o_orderkey)
         ->  Finalize GroupAggregate  (cost=96991.40..134993.84 rows=150000 width=12)
               Group Key: customer.c_custkey
               ->  Gather Merge  (cost=96991.40..131993.84 rows=300000 width=12)
                     Workers Planned: 2
                     ->  Sort  (cost=95991.37..96366.37 rows=150000 width=12)
                           Sort Key: customer.c_custkey
                           ->  Partial HashAggregate  (cost=74196.43..80529.92 rows=150000 width=12)
                                 Group Key: customer.c_custkey
                                 Planned Partitions: 4
                                 ->  Parallel Hash Right Join  (cost=3822.69..39395.29 rows=618687 width=8)
                                       Hash Cond: (orders.o_custkey = customer.c_custkey)
                                       ->  Parallel Seq Scan on orders  (cost=0.00..33948.50 rows=618687 width=8)
                                             Filter: ((o_comment)::text !~~ '%special%requests%'::text)
                                       ->  Parallel Hash  (cost=3041.44..3041.44 rows=62500 width=4)
                                             ->  Parallel Index Only Scan using c_ck on customer  (cost=0.42..3041.44 rows=62500 width=4)
 JIT:
   Functions: 18
   Options: Inlining false, Optimization false, Expressions true, Deforming true
(22 rows)

COMMIT;
COMMIT

Query 13 execution times in seconds: 0.188,0.181,0.180,0.182,0.189,0.196,0.192,0.187,0.186,0.184
Average execution time: 0.1865 seconds

BEGIN;
BEGIN
EXPLAIN
select
	100.00 * sum(case
		when p_type like 'PROMO%'
			then l_extendedprice * (1 - l_discount)
		else 0
	end) / sum(l_extendedprice * (1 - l_discount)) as promo_revenue
from
	lineitem,
	part
where
	l_partkey = p_partkey
	and l_shipdate >= date '1995-06-01'
	and l_shipdate < cast(date '1995-06-01' + interval '1 month' as date);
                                                       QUERY PLAN                                                       
------------------------------------------------------------------------------------------------------------------------
 Finalize Aggregate  (cost=118439.41..118439.43 rows=1 width=32)
   ->  Gather  (cost=118439.18..118439.39 rows=2 width=64)
         Workers Planned: 2
         ->  Partial Aggregate  (cost=117439.18..117439.19 rows=1 width=64)
               ->  Parallel Hash Join  (cost=7146.58..116833.67 rows=34600 width=33)
                     Hash Cond: (lineitem.l_partkey = part.p_partkey)
                     ->  Parallel Bitmap Heap Scan on lineitem  (cost=1143.58..110739.85 rows=34600 width=16)
                           Recheck Cond: ((l_shipdate >= '1995-06-01'::date) AND (l_shipdate < '1995-07-01'::date))
                           ->  Bitmap Index Scan on l_sd  (cost=0.00..1122.82 rows=83039 width=0)
                                 Index Cond: ((l_shipdate >= '1995-06-01'::date) AND (l_shipdate < '1995-07-01'::date))
                     ->  Parallel Hash  (cost=4961.33..4961.33 rows=83333 width=25)
                           ->  Parallel Seq Scan on part  (cost=0.00..4961.33 rows=83333 width=25)
 JIT:
   Functions: 17
   Options: Inlining false, Optimization false, Expressions true, Deforming true
(15 rows)

COMMIT;
COMMIT

Query 14 execution times in seconds: 0.193,0.195,0.194,0.191,0.185,0.189,0.190,0.189,0.196,0.195
Average execution time: 0.1917 seconds

BEGIN;
BEGIN
create or replace view revenue0 (supplier_no, total_revenue) as
	select
		l_suppkey,
		sum(l_extendedprice * (1 - l_discount))
	from
		lineitem
	where
		l_shipdate >= '1996-01-01'
		and l_shipdate < date'1996-01-01' + interval '90 days'
	group by
		l_suppkey;
CREATE VIEW
EXPLAIN
select
	s_suppkey,
	s_name,
	s_address,
	s_phone,
	total_revenue
from
	supplier,
	revenue0
where
	s_suppkey = supplier_no
	and total_revenue = (
		select
			max(total_revenue)
		from
			revenue0
	)
order by
	s_suppkey;
                                                                              QUERY PLAN                                                                              
----------------------------------------------------------------------------------------------------------------------------------------------------------------------
 Nested Loop  (cost=294379.64..297315.73 rows=50 width=103)
   InitPlan 1
     ->  Aggregate  (cost=148553.96..148553.97 rows=1 width=32)
           ->  Finalize GroupAggregate  (cost=145825.38..148429.18 rows=9982 width=36)
                 Group Key: lineitem_1.l_suppkey
                 ->  Gather Merge  (cost=145825.38..148154.68 rows=19964 width=36)
                       Workers Planned: 2
                       ->  Sort  (cost=144825.36..144850.31 rows=9982 width=36)
                             Sort Key: lineitem_1.l_suppkey
                             ->  Partial HashAggregate  (cost=144037.52..144162.30 rows=9982 width=36)
                                   Group Key: lineitem_1.l_suppkey
                                   ->  Parallel Bitmap Heap Scan on lineitem lineitem_1  (cost=3024.83..143120.29 rows=91723 width=16)
                                         Recheck Cond: ((l_shipdate >= '1996-01-01'::date) AND (l_shipdate < '1996-03-31 00:00:00'::timestamp without time zone))
                                         ->  Bitmap Index Scan on l_sd  (cost=0.00..2969.79 rows=220136 width=0)
                                               Index Cond: ((l_shipdate >= '1996-01-01'::date) AND (l_shipdate < '1996-03-31 00:00:00'::timestamp without time zone))
   ->  Finalize GroupAggregate  (cost=145825.38..148454.14 rows=50 width=36)
         Group Key: lineitem.l_suppkey
         Filter: (sum((lineitem.l_extendedprice * ('1'::numeric - lineitem.l_discount))) = (InitPlan 1).col1)
         ->  Gather Merge  (cost=145825.38..148154.68 rows=19964 width=36)
               Workers Planned: 2
               ->  Sort  (cost=144825.36..144850.31 rows=9982 width=36)
                     Sort Key: lineitem.l_suppkey
                     ->  Partial HashAggregate  (cost=144037.52..144162.30 rows=9982 width=36)
                           Group Key: lineitem.l_suppkey
                           ->  Parallel Bitmap Heap Scan on lineitem  (cost=3024.83..143120.29 rows=91723 width=16)
                                 Recheck Cond: ((l_shipdate >= '1996-01-01'::date) AND (l_shipdate < '1996-03-31 00:00:00'::timestamp without time zone))
                                 ->  Bitmap Index Scan on l_sd  (cost=0.00..2969.79 rows=220136 width=0)
                                       Index Cond: ((l_shipdate >= '1996-01-01'::date) AND (l_shipdate < '1996-03-31 00:00:00'::timestamp without time zone))
   ->  Index Scan using s_sk on supplier  (cost=0.29..6.14 rows=1 width=71)
         Index Cond: (s_suppkey = lineitem.l_suppkey)
 JIT:
   Functions: 25
   Options: Inlining false, Optimization false, Expressions true, Deforming true
(33 rows)

drop view revenue0;
DROP VIEW
COMMIT;
COMMIT

Query 15 execution times in seconds: 0.199,0.197,0.190,0.204,0.180,0.203,0.197,0.202,0.198,0.203
Average execution time: 0.1973 seconds

BEGIN;
BEGIN
EXPLAIN
select
	p_brand,
	p_type,
	p_size,
	count(distinct ps_suppkey) as supplier_cnt
from
	partsupp,
	part
where
	p_partkey = ps_partkey
	and p_brand <> 'Brand#42'
	and p_type not like 'ECONOMY PLATED%'
	and p_size in (8, 49, 35, 18, 33, 11, 15, 29)
	and ps_suppkey not in (
		select
			s_suppkey
		from
			supplier
		where
			s_comment like '%Customer%Complaints%'
	)
group by
	p_brand,
	p_type,
	p_size
order by
	supplier_cnt desc,
	p_brand,
	p_type,
	p_size;
                                                            QUERY PLAN                                                            
----------------------------------------------------------------------------------------------------------------------------------
 Sort  (cost=34418.54..34458.52 rows=15989 width=44)
   Sort Key: (count(DISTINCT partsupp.ps_suppkey)) DESC, part.p_brand, part.p_type, part.p_size
   ->  GroupAggregate  (cost=25634.18..33302.13 rows=15989 width=44)
         Group Key: part.p_brand, part.p_type, part.p_size
         ->  Gather Merge  (cost=25634.18..32548.56 rows=59368 width=40)
               Workers Planned: 2
               ->  Sort  (cost=24634.15..24695.99 rows=24737 width=40)
                     Sort Key: part.p_brand, part.p_type, part.p_size, partsupp.ps_suppkey
                     ->  Parallel Hash Join  (cost=5335.11..22829.05 rows=24737 width=40)
                           Hash Cond: (partsupp.ps_partkey = part.p_partkey)
                           ->  Parallel Index Only Scan using ps_pk_sk on partsupp  (cost=348.43..17404.85 rows=166667 width=8)
                                 Filter: (NOT (ANY (ps_suppkey = (hashed SubPlan 1).col1)))
                                 SubPlan 1
                                   ->  Seq Scan on supplier  (cost=0.00..348.00 rows=1 width=4)
                                         Filter: ((s_comment)::text ~~ '%Customer%Complaints%'::text)
                           ->  Parallel Hash  (cost=4832.09..4832.09 rows=12368 width=40)
                                 ->  Parallel Bitmap Heap Scan on part  (cost=370.20..4832.09 rows=12368 width=40)
                                       Recheck Cond: (p_size = ANY ('{8,49,35,18,33,11,15,29}'::integer[]))
                                       Filter: ((p_brand <> 'Brand#42'::bpchar) AND ((p_type)::text !~~ 'ECONOMY PLATED%'::text))
                                       ->  Bitmap Index Scan on p_s  (cost=0.00..362.78 rows=32053 width=0)
                                             Index Cond: (p_size = ANY ('{8,49,35,18,33,11,15,29}'::integer[]))
(21 rows)

COMMIT;
COMMIT

Query 16 execution times in seconds: 0.144,0.150,0.148,0.143,0.142,0.147,0.145,0.147,0.144,0.152
Average execution time: 0.1462 seconds

BEGIN;
BEGIN
EXPLAIN
select
	sum(l_extendedprice) / 7.0 as avg_yearly
from
	lineitem,
	part
where
	p_partkey = l_partkey
	and p_brand = 'Brand#23'
	and p_container = 'LG JAR'
	and l_quantity < (
		select
			0.2 * avg(l_quantity)
		from
			lineitem
		where
			l_partkey = p_partkey
	);
                                                  QUERY PLAN                                                   
---------------------------------------------------------------------------------------------------------------
 Aggregate  (cost=190425.79..190425.80 rows=1 width=32)
   ->  Hash Join  (cost=818.65..190420.73 rows=2020 width=8)
         Hash Cond: (lineitem.l_partkey = part.p_partkey)
         Join Filter: (lineitem.l_quantity < (SubPlan 1))
         ->  Seq Scan on lineitem  (cost=0.00..172612.15 rows=6001215 width=17)
         ->  Hash  (cost=816.12..816.12 rows=202 width=4)
               ->  Bitmap Heap Scan on part  (cost=151.19..816.12 rows=202 width=4)
                     Recheck Cond: ((p_container = 'LG JAR'::bpchar) AND (p_brand = 'Brand#23'::bpchar))
                     ->  BitmapAnd  (cost=151.19..151.19 rows=202 width=0)
                           ->  Bitmap Index Scan on idx_part_p_container  (cost=0.00..58.02 rows=5013 width=0)
                                 Index Cond: (p_container = 'LG JAR'::bpchar)
                           ->  Bitmap Index Scan on idx_part_p_brand  (cost=0.00..92.82 rows=8053 width=0)
                                 Index Cond: (p_brand = 'Brand#23'::bpchar)
         SubPlan 1
           ->  Aggregate  (cost=123.65..123.66 rows=1 width=32)
                 ->  Bitmap Heap Scan on lineitem lineitem_1  (cost=4.67..123.57 rows=30 width=5)
                       Recheck Cond: (l_partkey = part.p_partkey)
                       ->  Bitmap Index Scan on l_pk_sk  (cost=0.00..4.66 rows=30 width=0)
                             Index Cond: (l_partkey = part.p_partkey)
 JIT:
   Functions: 24
   Options: Inlining false, Optimization false, Expressions true, Deforming true
(22 rows)

COMMIT;
COMMIT

Query 17 execution times in seconds: 0.199,0.189,0.189,0.198,0.193,0.195,0.191,0.191,0.195,0.189
Average execution time: 0.1929 seconds

BEGIN;
BEGIN
EXPLAIN
select
	c_name,
	c_custkey,
	o_orderkey,
	o_orderdate,
	o_totalprice,
	sum(l_quantity)
from
	customer,
	orders,
	lineitem
where
	o_orderkey in (
		select
			l_orderkey
		from
			lineitem
		group by
			l_orderkey having
				sum(l_quantity) > 313
	)
	and c_custkey = o_custkey
	and o_orderkey = l_orderkey
group by
	c_name,
	c_custkey,
	o_orderkey,
	o_orderdate,
	o_totalprice
order by
	o_totalprice desc,
	o_orderdate
LIMIT 100;
                                                                         QUERY PLAN                                                                          
-------------------------------------------------------------------------------------------------------------------------------------------------------------
 Limit  (cost=485908.73..485908.98 rows=100 width=71)
   ->  Sort  (cost=485908.73..487147.38 rows=495460 width=71)
         Sort Key: orders.o_totalprice DESC, orders.o_orderdate
         ->  Finalize GroupAggregate  (cost=404348.51..466972.61 rows=495460 width=71)
               Group Key: customer.c_custkey, orders.o_orderkey
               ->  Gather Merge  (cost=404348.51..456650.52 rows=412884 width=71)
                     Workers Planned: 2
                     ->  Partial GroupAggregate  (cost=403348.49..407993.43 rows=206442 width=71)
                           Group Key: customer.c_custkey, orders.o_orderkey
                           ->  Sort  (cost=403348.49..403864.59 rows=206442 width=44)
                                 Sort Key: customer.c_custkey, orders.o_orderkey
                                 ->  Nested Loop  (cost=282787.23..378771.93 rows=206442 width=44)
                                       ->  Parallel Hash Join  (cost=282786.80..316948.87 rows=51600 width=43)
                                             Hash Cond: (orders.o_custkey = customer.c_custkey)
                                             ->  Hash Join  (cost=277780.55..311807.17 rows=51600 width=24)
                                                   Hash Cond: (orders.o_orderkey = lineitem_1.l_orderkey)
                                                   ->  Parallel Seq Scan on orders  (cost=0.00..32386.00 rows=625000 width=20)
                                                   ->  Hash  (cost=276232.55..276232.55 rows=123840 width=4)
                                                         ->  GroupAggregate  (cost=0.43..276232.55 rows=123840 width=4)
                                                               Group Key: lineitem_1.l_orderkey
                                                               Filter: (sum(lineitem_1.l_quantity) > '313'::numeric)
                                                               ->  Index Scan using l_ok on lineitem lineitem_1  (cost=0.43..240653.66 rows=6001215 width=9)
                                             ->  Parallel Hash  (cost=4225.00..4225.00 rows=62500 width=23)
                                                   ->  Parallel Seq Scan on customer  (cost=0.00..4225.00 rows=62500 width=23)
                                       ->  Index Scan using l_ok on lineitem  (cost=0.43..1.04 rows=16 width=9)
                                             Index Cond: (l_orderkey = orders.o_orderkey)
 JIT:
   Functions: 36
   Options: Inlining false, Optimization false, Expressions true, Deforming true
(29 rows)

COMMIT;
COMMIT

Query 18 execution times in seconds: 0.202,0.196,0.197,0.199,0.203,0.193,0.198,0.203,0.202,0.199
Average execution time: 0.1992 seconds

BEGIN;
BEGIN
EXPLAIN
select
	sum(l_extendedprice* (1 - l_discount)) as revenue
from
	lineitem,
	part
where
	(
		p_partkey = l_partkey
		and p_brand = 'Brand#33'
		and p_container in ('SM CASE', 'SM BOX', 'SM PACK', 'SM PKG')
		and l_quantity >= 4 and l_quantity <= 4+10
		and p_size between 1 and 5
		and l_shipmode in ('AIR', 'AIR REG')
		and l_shipinstruct = 'DELIVER IN PERSON'
	)
	or
	(
		p_partkey = l_partkey
		and p_brand = 'Brand#45'
		and p_container in ('MED BAG', 'MED BOX', 'MED PKG', 'MED PACK')
		and l_quantity >= 10 and l_quantity <= 10+10
		and p_size between 1 and 10
		and l_shipmode in ('AIR', 'AIR REG')
		and l_shipinstruct = 'DELIVER IN PERSON'
	)
	or
	(
		p_partkey = l_partkey
		and p_brand = 'Brand#22'
		and p_container in ('LG CASE', 'LG BOX', 'LG PACK', 'LG PKG')
		and l_quantity >= 28 and l_quantity <= 28+10
		and p_size between 1 and 15
		and l_shipmode in ('AIR', 'AIR REG')
		and l_shipinstruct = 'DELIVER IN PERSON'
	);
                                                                                                                                                                                                                                                                                                                                                                                                                                                                                                              QUERY PLAN                                                                                                                                                                                                                                                                                                                                                                                                                                                                                                              
--------------------------------------------------------------------------------------------------------------------------------------------------------------------------------------------------------------------------------------------------------------------------------------------------------------------------------------------------------------------------------------------------------------------------------------------------------------------------------------------------------------------------------------------------------------------------------------------------------------------------------------------------------------------------------------------------------------------------------------------------------------------------------------------------------------------------------------------------------------------------------------------------------------------------------------------------------------------------------------------------------------------------------------
 Finalize Aggregate  (cost=32690.49..32690.50 rows=1 width=32)
   ->  Gather  (cost=32690.27..32690.48 rows=2 width=32)
         Workers Planned: 2
         ->  Partial Aggregate  (cost=31690.27..31690.28 rows=1 width=32)
               ->  Nested Loop  (cost=0.43..31689.90 rows=49 width=12)
                     ->  Parallel Seq Scan on part  (cost=0.00..7669.67 rows=201 width=30)
                           Filter: ((p_size >= 1) AND (((p_brand = 'Brand#33'::bpchar) AND (p_container = ANY ('{"SM CASE","SM BOX","SM PACK","SM PKG"}'::bpchar[])) AND (p_size <= 5)) OR ((p_brand = 'Brand#45'::bpchar) AND (p_container = ANY ('{"MED BAG","MED BOX","MED PKG","MED PACK"}'::bpchar[])) AND (p_size <= 10)) OR ((p_brand = 'Brand#22'::bpchar) AND (p_container = ANY ('{"LG CASE","LG BOX","LG PACK","LG PKG"}'::bpchar[])) AND (p_size <= 15))))
                     ->  Index Scan using l_pk on lineitem  (cost=0.43..119.49 rows=1 width=21)
                           Index Cond: (l_partkey = part.p_partkey)
                           Filter: ((l_shipmode = ANY ('{AIR,"AIR REG"}'::bpchar[])) AND (l_shipinstruct = 'DELIVER IN PERSON'::bpchar) AND (((l_quantity >= '4'::numeric) AND (l_quantity <= '14'::numeric)) OR ((l_quantity >= '10'::numeric) AND (l_quantity <= '20'::numeric)) OR ((l_quantity >= '28'::numeric) AND (l_quantity <= '38'::numeric))) AND (((part.p_brand = 'Brand#33'::bpchar) AND (part.p_container = ANY ('{"SM CASE","SM BOX","SM PACK","SM PKG"}'::bpchar[])) AND (l_quantity >= '4'::numeric) AND (l_quantity <= '14'::numeric) AND (part.p_size <= 5)) OR ((part.p_brand = 'Brand#45'::bpchar) AND (part.p_container = ANY ('{"MED BAG","MED BOX","MED PKG","MED PACK"}'::bpchar[])) AND (l_quantity >= '10'::numeric) AND (l_quantity <= '20'::numeric) AND (part.p_size <= 10)) OR ((part.p_brand = 'Brand#22'::bpchar) AND (part.p_container = ANY ('{"LG CASE","LG BOX","LG PACK","LG PKG"}'::bpchar[])) AND (l_quantity >= '28'::numeric) AND (l_quantity <= '38'::numeric) AND (part.p_size <= 15))))
(10 rows)

COMMIT;
COMMIT

Query 19 execution times in seconds: 0.152,0.151,0.145,0.139,0.152,0.153,0.143,0.147,0.150,0.150
Average execution time: 0.1482 seconds

BEGIN;
BEGIN
EXPLAIN
select
	s_name,
	s_address
from
	supplier,
	nation
where
	s_suppkey in (
		select
			ps_suppkey
		from
			partsupp
		where
			ps_partkey in (
				select
					p_partkey
				from
					part
				where
					p_name like 'forest%'
			)
			and ps_availqty > (
				select
					0.5 * sum(l_quantity)
				from
					lineitem
				where
					l_partkey = ps_partkey
					and l_suppkey = ps_suppkey
					and l_shipdate >= '1993-01-01'
					and l_shipdate < cast(date '1993-01-01' + interval '1 year' as date)
			)
	)
	and s_nationkey = n_nationkey
	and n_name = 'ALGERIA'
order by
	s_name;
                                                          QUERY PLAN                                                           
-------------------------------------------------------------------------------------------------------------------------------
 Sort  (cost=88493.12..88493.39 rows=108 width=51)
   Sort Key: supplier.s_name
   ->  Hash Semi Join  (cost=88248.37..88489.47 rows=108 width=51)
         Hash Cond: (supplier.s_suppkey = partsupp.ps_suppkey)
         ->  Nested Loop  (cost=7.38..245.96 rows=400 width=55)
               ->  Seq Scan on nation  (cost=0.00..1.31 rows=1 width=4)
                     Filter: (n_name = 'ALGERIA'::bpchar)
               ->  Bitmap Heap Scan on supplier  (cost=7.38..240.65 rows=400 width=59)
                     Recheck Cond: (s_nationkey = nation.n_nationkey)
                     ->  Bitmap Index Scan on s_nk  (cost=0.00..7.29 rows=400 width=0)
                           Index Cond: (s_nationkey = nation.n_nationkey)
         ->  Hash  (cost=88207.33..88207.33 rows=2693 width=4)
               ->  Nested Loop  (cost=0.42..88207.33 rows=2693 width=4)
                     ->  Seq Scan on part  (cost=0.00..6628.00 rows=2020 width=4)
                           Filter: ((p_name)::text ~~ 'forest%'::text)
                     ->  Index Scan using ps_pk on partsupp  (cost=0.42..40.38 rows=1 width=8)
                           Index Cond: (ps_partkey = part.p_partkey)
                           Filter: ((ps_availqty)::numeric > (SubPlan 1))
                           SubPlan 1
                             ->  Aggregate  (cost=8.46..8.47 rows=1 width=32)
                                   ->  Index Scan using l_sk_pk on lineitem  (cost=0.43..8.46 rows=1 width=5)
                                         Index Cond: ((l_suppkey = partsupp.ps_suppkey) AND (l_partkey = partsupp.ps_partkey))
                                         Filter: ((l_shipdate >= '1993-01-01'::date) AND (l_shipdate < '1994-01-01'::date))
(23 rows)

COMMIT;
COMMIT

Query 20 execution times in seconds: 0.147,0.148,0.143,0.141,0.152,0.148,0.148,0.152,0.148,0.146
Average execution time: 0.1473 seconds

BEGIN;
BEGIN
EXPLAIN
select
	s_name,
	count(*) as numwait
from
	supplier,
	lineitem l1,
	orders,
	nation
where
	s_suppkey = l1.l_suppkey
	and o_orderkey = l1.l_orderkey
	and o_orderstatus = 'F'
	and l1.l_receiptdate > l1.l_commitdate
	and exists (
		select
			*
		from
			lineitem l2
		where
			l2.l_orderkey = l1.l_orderkey
			and l2.l_suppkey <> l1.l_suppkey
	)
	and not exists (
		select
			*
		from
			lineitem l3
		where
			l3.l_orderkey = l1.l_orderkey
			and l3.l_suppkey <> l1.l_suppkey
			and l3.l_receiptdate > l3.l_commitdate
	)
	and s_nationkey = n_nationkey
	and n_name = 'JORDAN'
group by
	s_name
order by
	numwait desc,
	s_name
LIMIT 100;
                                                              QUERY PLAN                                                               
---------------------------------------------------------------------------------------------------------------------------------------
 Limit  (cost=72602.10..72602.10 rows=1 width=34)
   ->  Sort  (cost=72602.10..72602.10 rows=1 width=34)
         Sort Key: (count(*)) DESC, supplier.s_name
         ->  GroupAggregate  (cost=72602.07..72602.09 rows=1 width=34)
               Group Key: supplier.s_name
               ->  Sort  (cost=72602.07..72602.07 rows=1 width=26)
                     Sort Key: supplier.s_name
                     ->  Nested Loop Semi Join  (cost=27063.33..72602.06 rows=1 width=26)
                           Join Filter: (orders.o_orderkey = l2.l_orderkey)
                           ->  Gather  (cost=27062.90..72600.86 rows=1 width=38)
                                 Workers Planned: 2
                                 ->  Nested Loop Anti Join  (cost=26062.90..71600.76 rows=1 width=38)
                                       ->  Hash Join  (cost=26062.47..61307.52 rows=16147 width=38)
                                             Hash Cond: (orders.o_orderkey = l1.l_orderkey)
                                             ->  Parallel Seq Scan on orders  (cost=0.00..33948.50 rows=302688 width=4)
                                                   Filter: (o_orderstatus = 'F'::bpchar)
                                             ->  Hash  (cost=25062.27..25062.27 rows=80016 width=34)
                                                   ->  Nested Loop  (cost=0.43..25062.27 rows=80016 width=34)
                                                         ->  Nested Loop  (cost=0.00..449.31 rows=400 width=30)
                                                               Join Filter: (supplier.s_nationkey = nation.n_nationkey)
                                                               ->  Seq Scan on nation  (cost=0.00..1.31 rows=1 width=4)
                                                                     Filter: (n_name = 'JORDAN'::bpchar)
                                                               ->  Seq Scan on supplier  (cost=0.00..323.00 rows=10000 width=34)
                                                         ->  Index Scan using l_sk on lineitem l1  (cost=0.43..59.53 rows=200 width=8)
                                                               Index Cond: (l_suppkey = supplier.s_suppkey)
                                                               Filter: (l_receiptdate > l_commitdate)
                                       ->  Index Scan using l_ok on lineitem l3  (cost=0.43..1.04 rows=5 width=8)
                                             Index Cond: (l_orderkey = l1.l_orderkey)
                                             Filter: ((l_receiptdate > l_commitdate) AND (l_suppkey <> l1.l_suppkey))
                           ->  Index Scan using l_ok on lineitem l2  (cost=0.43..1.00 rows=16 width=8)
                                 Index Cond: (l_orderkey = l1.l_orderkey)
                                 Filter: (l_suppkey <> l1.l_suppkey)
(32 rows)

COMMIT;
COMMIT

Query 21 execution times in seconds: 0.155,0.155,0.160,0.146,0.148,0.151,0.150,0.157,0.152,0.156
Average execution time: 0.1530 seconds

BEGIN;
BEGIN
EXPLAIN
select
	cntrycode,
	count(*) as numcust,
	sum(c_acctbal) as totacctbal
from
	(
		select
			substring(c_phone from 1 for 2) as cntrycode,
			c_acctbal
		from
			customer
		where
			substring(c_phone from 1 for 2) in
				('29', '31', '21', '34', '24', '15', '25')
			and c_acctbal > (
				select
					avg(c_acctbal)
				from
					customer
				where
					c_acctbal > 0.00
					and substring(c_phone from 1 for 2) in
						('29', '31', '21', '34', '24', '15', '25')
			)
			and not exists (
				select
					*
				from
					orders
				where
					o_custkey = c_custkey
			)
	) as vip
group by
	cntrycode
order by
	cntrycode;
                                                               QUERY PLAN                                                                
-----------------------------------------------------------------------------------------------------------------------------------------
 Finalize GroupAggregate  (cost=12836.96..12936.60 rows=747 width=72)
   Group Key: (SUBSTRING(customer.c_phone FROM 1 FOR 2))
   InitPlan 1
     ->  Finalize Aggregate  (cost=6245.81..6245.82 rows=1 width=32)
           ->  Gather  (cost=6245.59..6245.80 rows=2 width=32)
                 Workers Planned: 2
                 ->  Partial Aggregate  (cost=5245.59..5245.60 rows=1 width=32)
                       ->  Parallel Seq Scan on customer customer_1  (cost=0.00..5240.62 rows=1983 width=6)
                             Filter: ((c_acctbal > 0.00) AND (SUBSTRING(c_phone FROM 1 FOR 2) = ANY ('{29,31,21,34,24,15,25}'::text[])))
   ->  Gather Merge  (cost=6591.15..6671.49 rows=622 width=72)
         Workers Planned: 2
         ->  Partial GroupAggregate  (cost=5591.12..5599.67 rows=311 width=72)
               Group Key: (SUBSTRING(customer.c_phone FROM 1 FOR 2))
               ->  Sort  (cost=5591.12..5591.90 rows=311 width=38)
                     Sort Key: (SUBSTRING(customer.c_phone FROM 1 FOR 2))
                     ->  Nested Loop Anti Join  (cost=928.28..5578.25 rows=311 width=38)
                           ->  Parallel Bitmap Heap Scan on customer  (cost=927.86..5074.73 rows=729 width=26)
                                 Recheck Cond: (c_acctbal > (InitPlan 1).col1)
                                 Filter: (SUBSTRING(c_phone FROM 1 FOR 2) = ANY ('{29,31,21,34,24,15,25}'::text[]))
                                 ->  Bitmap Index Scan on c_acb  (cost=0.00..927.42 rows=50000 width=0)
                                       Index Cond: (c_acctbal > (InitPlan 1).col1)
                           ->  Index Only Scan using o_ck on orders  (cost=0.43..3.30 rows=17 width=4)
                                 Index Cond: (o_custkey = customer.c_custkey)
(23 rows)

COMMIT;
COMMIT

Query 22 execution times in seconds: 0.153,0.145,0.141,0.146,0.148,0.148,0.144,0.147,0.144,0.141
Average execution time: 0.1457 seconds


