=== Experiment: text ===
INDEX_ALL=0
INDEX_NUMBERS=0
INDEX_DATES=0
INDEX_TEXT=1

[Info] Running drop_indexes.sh
[Info] Dropping date indexes
[Info] Dropping numbers indexes
[Info] Keeping text indexes
[Info] Running create_indexes.sh
[Info] Creating indexes for text

[Info] Running queries(1,2,3,4,5,6,7,8,9,10,11,12,13,14,15,16,17,18,19,20,21,22) for text
BEGIN;
BEGIN
EXPLAIN
select
	l_returnflag,
	l_linestatus,
	sum(l_quantity) as sum_qty,
	sum(l_extendedprice) as sum_base_price,
	sum(l_extendedprice * (1 - l_discount)) as sum_disc_price,
	sum(l_extendedprice * (1 - l_discount) * (1 + l_tax)) as sum_charge,
	avg(l_quantity) as avg_qty,
	avg(l_extendedprice) as avg_price,
	avg(l_discount) as avg_disc,
	count(*) as count_order
from
	lineitem
where
	l_shipdate <= date '1998-12-01' - interval '62 days'
group by
	l_returnflag,
	l_linestatus
order by
	l_returnflag,
	l_linestatus;
                                              QUERY PLAN                                              
------------------------------------------------------------------------------------------------------
 Finalize GroupAggregate  (cost=313263.36..326297.34 rows=40000 width=248)
   Group Key: l_returnflag, l_linestatus
   ->  Gather Merge  (cost=313263.36..322597.34 rows=80000 width=248)
         Workers Planned: 2
         ->  Sort  (cost=312263.33..312363.33 rows=40000 width=248)
               Sort Key: l_returnflag, l_linestatus
               ->  Partial HashAggregate  (cost=280863.22..304554.29 rows=40000 width=248)
                     Group Key: l_returnflag, l_linestatus
                     Planned Partitions: 8
                     ->  Parallel Seq Scan on lineitem  (cost=0.00..143856.33 rows=833502 width=88)
                           Filter: (l_shipdate <= '1998-09-30 00:00:00'::timestamp without time zone)
 JIT:
   Functions: 9
   Options: Inlining false, Optimization false, Expressions true, Deforming true
(14 rows)

COMMIT;
COMMIT

Query 1 executed in 0.190 second(s).
BEGIN;
BEGIN
EXPLAIN
select
	s_acctbal,
	s_name,
	n_name,
	p_partkey,
	p_mfgr,
	s_address,
	s_phone,
	s_comment
from
	part,
	supplier,
	partsupp,
	nation,
	region
where
	p_partkey = ps_partkey
	and s_suppkey = ps_suppkey
	and p_size = 37
	and p_type like '%STEEL'
	and s_nationkey = n_nationkey
	and n_regionkey = r_regionkey
	and r_name = 'MIDDLE EAST'
	and ps_supplycost = (
		select
			min(ps_supplycost)
		from
			partsupp,
			supplier,
			nation,
			region
		where
			p_partkey = ps_partkey
			and s_suppkey = ps_suppkey
			and s_nationkey = n_nationkey
			and n_regionkey = r_regionkey
			and r_name = 'MIDDLE EAST'
	)
order by
	s_acctbal desc,
	n_name,
	s_name,
	p_partkey
LIMIT 100;
                                                              QUERY PLAN                                                               
---------------------------------------------------------------------------------------------------------------------------------------
 Limit  (cost=69455.36..69455.36 rows=1 width=270)
   ->  Sort  (cost=69455.36..69455.36 rows=1 width=270)
         Sort Key: supplier.s_acctbal DESC, nation.n_name, supplier.s_name, part.p_partkey
         ->  Hash Join  (cost=38429.00..69455.35 rows=1 width=270)
               Hash Cond: ((part.p_partkey = partsupp.ps_partkey) AND ((SubPlan 1) = partsupp.ps_supplycost))
               ->  Seq Scan on part  (cost=0.00..7128.00 rows=756 width=30)
                     Filter: (((p_type)::text ~~ '%STEEL'::text) AND (p_size = 37))
               ->  Hash  (cost=30560.00..30560.00 rows=160000 width=250)
                     ->  Hash Join  (cost=407.96..30560.00 rows=160000 width=250)
                           Hash Cond: (partsupp.ps_suppkey = supplier.s_suppkey)
                           ->  Seq Scan on partsupp  (cost=0.00..25560.00 rows=800000 width=14)
                           ->  Hash  (cost=382.96..382.96 rows=2000 width=244)
                                 ->  Hash Join  (cost=2.46..382.96 rows=2000 width=244)
                                       Hash Cond: (supplier.s_nationkey = nation.n_nationkey)
                                       ->  Seq Scan on supplier  (cost=0.00..323.00 rows=10000 width=144)
                                       ->  Hash  (cost=2.40..2.40 rows=5 width=108)
                                             ->  Hash Join  (cost=1.07..2.40 rows=5 width=108)
                                                   Hash Cond: (nation.n_regionkey = region.r_regionkey)
                                                   ->  Seq Scan on nation  (cost=0.00..1.25 rows=25 width=112)
                                                   ->  Hash  (cost=1.06..1.06 rows=1 width=4)
                                                         ->  Seq Scan on region  (cost=0.00..1.06 rows=1 width=4)
                                                               Filter: (r_name = 'MIDDLE EAST'::bpchar)
               SubPlan 1
                 ->  Aggregate  (cost=48.70..48.71 rows=1 width=32)
                       ->  Nested Loop  (cost=0.85..48.70 rows=1 width=6)
                             Join Filter: (region_1.r_regionkey = nation_1.n_regionkey)
                             ->  Seq Scan on region region_1  (cost=0.00..1.06 rows=1 width=4)
                                   Filter: (r_name = 'MIDDLE EAST'::bpchar)
                             ->  Nested Loop  (cost=0.85..47.58 rows=4 width=10)
                                   ->  Nested Loop  (cost=0.71..46.96 rows=4 width=10)
                                         ->  Index Scan using partsupp_pkey on partsupp partsupp_1  (cost=0.42..13.75 rows=4 width=10)
                                               Index Cond: (ps_partkey = part.p_partkey)
                                         ->  Index Scan using supplier_pkey on supplier supplier_1  (cost=0.29..8.30 rows=1 width=8)
                                               Index Cond: (s_suppkey = partsupp_1.ps_suppkey)
                                   ->  Index Scan using nation_pkey on nation nation_1  (cost=0.14..0.16 rows=1 width=8)
                                         Index Cond: (n_nationkey = supplier_1.s_nationkey)
(36 rows)

COMMIT;
COMMIT

Query 2 executed in 0.152 second(s).
BEGIN;
BEGIN
EXPLAIN
select
	l_orderkey,
	sum(l_extendedprice * (1 - l_discount)) as revenue,
	o_orderdate,
	o_shippriority
from
	customer,
	orders,
	lineitem
where
	c_mktsegment = 'HOUSEHOLD'
	and c_custkey = o_custkey
	and l_orderkey = o_orderkey
	and o_orderdate < date '1995-03-26'
	and l_shipdate > date '1995-03-26'
group by
	l_orderkey,
	o_orderdate,
	o_shippriority
order by
	revenue desc,
	o_orderdate
LIMIT 10;
                                                                        QUERY PLAN                                                                        
----------------------------------------------------------------------------------------------------------------------------------------------------------
 Limit  (cost=227065.39..227065.42 rows=10 width=44)
   ->  Sort  (cost=227065.39..227552.64 rows=194898 width=44)
         Sort Key: (sum((lineitem.l_extendedprice * ('1'::numeric - lineitem.l_discount)))) DESC, orders.o_orderdate
         ->  Finalize GroupAggregate  (cost=197204.22..222853.72 rows=194898 width=44)
               Group Key: lineitem.l_orderkey, orders.o_orderdate, orders.o_shippriority
               ->  Gather Merge  (cost=197204.22..218387.29 rows=162416 width=44)
                     Workers Planned: 2
                     ->  Partial GroupAggregate  (cost=196204.19..198640.43 rows=81208 width=44)
                           Group Key: lineitem.l_orderkey, orders.o_orderdate, orders.o_shippriority
                           ->  Sort  (cost=196204.19..196407.21 rows=81208 width=48)
                                 Sort Key: lineitem.l_orderkey, orders.o_orderdate, orders.o_shippriority
                                 ->  Parallel Hash Join  (cost=39762.63..187082.95 rows=81208 width=48)
                                       Hash Cond: (lineitem.l_orderkey = orders.o_orderkey)
                                       ->  Parallel Seq Scan on lineitem  (cost=0.00..143856.33 rows=833502 width=40)
                                             Filter: (l_shipdate > '1995-03-26'::date)
                                       ->  Parallel Hash  (cost=39001.47..39001.47 rows=60893 width=12)
                                             ->  Parallel Hash Join  (cost=4252.38..39001.47 rows=60893 width=12)
                                                   Hash Cond: (orders.o_custkey = customer.c_custkey)
                                                   ->  Parallel Seq Scan on orders  (cost=0.00..33948.50 rows=304975 width=16)
                                                         Filter: (o_orderdate < '1995-03-26'::date)
                                                   ->  Parallel Hash  (cost=4096.40..4096.40 rows=12479 width=4)
                                                         ->  Parallel Bitmap Heap Scan on customer  (cost=340.41..4096.40 rows=12479 width=4)
                                                               Recheck Cond: (c_mktsegment = 'HOUSEHOLD'::bpchar)
                                                               ->  Bitmap Index Scan on idx_customer_c_mktsegment  (cost=0.00..332.92 rows=29950 width=0)
                                                                     Index Cond: (c_mktsegment = 'HOUSEHOLD'::bpchar)
 JIT:
   Functions: 34
   Options: Inlining false, Optimization false, Expressions true, Deforming true
(28 rows)

COMMIT;
COMMIT

Query 3 executed in 0.187 second(s).
BEGIN;
BEGIN
EXPLAIN
select
	o_orderpriority,
	count(*) as order_count
from
	orders
where
	o_orderdate >= date '1996-12-01'
	and o_orderdate < cast(date '1996-12-01' + interval '3 month' as date)
	and exists (
		select
			*
		from
			lineitem
		where
			l_orderkey = o_orderkey
			and l_commitdate < l_receiptdate
	)
group by
	o_orderpriority
order by
	o_orderpriority;
                                                QUERY PLAN                                                
----------------------------------------------------------------------------------------------------------
 Sort  (cost=194431.59..194431.61 rows=5 width=24)
   Sort Key: orders.o_orderpriority
   ->  HashAggregate  (cost=194431.48..194431.53 rows=5 width=24)
         Group Key: orders.o_orderpriority
         ->  Nested Loop  (cost=192616.63..194293.20 rows=27657 width=16)
               ->  HashAggregate  (cost=192616.20..192618.20 rows=200 width=4)
                     Group Key: lineitem.l_orderkey
                     ->  Seq Scan on lineitem  (cost=0.00..187615.19 rows=2000405 width=4)
                           Filter: (l_commitdate < l_receiptdate)
               ->  Index Scan using orders_pkey on orders  (cost=0.43..8.37 rows=1 width=20)
                     Index Cond: (o_orderkey = lineitem.l_orderkey)
                     Filter: ((o_orderdate >= '1996-12-01'::date) AND (o_orderdate < '1997-03-01'::date))
 JIT:
   Functions: 13
   Options: Inlining false, Optimization false, Expressions true, Deforming true
(15 rows)

COMMIT;
COMMIT

Query 4 executed in 0.190 second(s).
BEGIN;
BEGIN
EXPLAIN
select
	n_name,
	sum(l_extendedprice * (1 - l_discount)) as revenue
from
	customer,
	orders,
	lineitem,
	supplier,
	nation,
	region
where
	c_custkey = o_custkey
	and l_orderkey = o_orderkey
	and l_suppkey = s_suppkey
	and c_nationkey = s_nationkey
	and s_nationkey = n_nationkey
	and n_regionkey = r_regionkey
	and r_name = 'ASIA'
	and o_orderdate >= date '1995-01-01'
	and o_orderdate < date '1995-01-01' + interval '1 year'
group by
	n_name
order by
	revenue desc;
                                                                                  QUERY PLAN                                                                                  
------------------------------------------------------------------------------------------------------------------------------------------------------------------------------
 Sort  (cost=189417.38..189417.45 rows=25 width=136)
   Sort Key: (sum((lineitem.l_extendedprice * ('1'::numeric - lineitem.l_discount)))) DESC
   ->  Finalize GroupAggregate  (cost=189372.33..189416.80 rows=25 width=136)
         Group Key: nation.n_name
         ->  Gather Merge  (cost=189372.33..189416.12 rows=50 width=136)
               Workers Planned: 2
               ->  Partial GroupAggregate  (cost=188372.31..188410.32 rows=25 width=136)
                     Group Key: nation.n_name
                     ->  Sort  (cost=188372.31..188379.85 rows=3016 width=140)
                           Sort Key: nation.n_name
                           ->  Hash Join  (cost=41905.10..188198.01 rows=3016 width=140)
                                 Hash Cond: ((lineitem.l_suppkey = supplier.s_suppkey) AND (customer.c_nationkey = supplier.s_nationkey))
                                 ->  Parallel Hash Join  (cost=41432.10..187329.11 rows=75408 width=152)
                                       Hash Cond: (orders.o_custkey = customer.c_custkey)
                                       ->  Parallel Hash Join  (cost=36689.01..180857.93 rows=377040 width=44)
                                             Hash Cond: (lineitem.l_orderkey = orders.o_orderkey)
                                             ->  Parallel Seq Scan on lineitem  (cost=0.00..137605.06 rows=2500506 width=44)
                                             ->  Parallel Hash  (cost=35511.00..35511.00 rows=94241 width=8)
                                                   ->  Parallel Seq Scan on orders  (cost=0.00..35511.00 rows=94241 width=8)
                                                         Filter: ((o_orderdate >= '1995-01-01'::date) AND (o_orderdate < '1996-01-01 00:00:00'::timestamp without time zone))
                                       ->  Parallel Hash  (cost=4586.84..4586.84 rows=12500 width=116)
                                             ->  Hash Join  (cost=2.46..4586.84 rows=12500 width=116)
                                                   Hash Cond: (customer.c_nationkey = nation.n_nationkey)
                                                   ->  Parallel Seq Scan on customer  (cost=0.00..4225.00 rows=62500 width=8)
                                                   ->  Hash  (cost=2.40..2.40 rows=5 width=108)
                                                         ->  Hash Join  (cost=1.07..2.40 rows=5 width=108)
                                                               Hash Cond: (nation.n_regionkey = region.r_regionkey)
                                                               ->  Seq Scan on nation  (cost=0.00..1.25 rows=25 width=112)
                                                               ->  Hash  (cost=1.06..1.06 rows=1 width=4)
                                                                     ->  Seq Scan on region  (cost=0.00..1.06 rows=1 width=4)
                                                                           Filter: (r_name = 'ASIA'::bpchar)
                                 ->  Hash  (cost=323.00..323.00 rows=10000 width=8)
                                       ->  Seq Scan on supplier  (cost=0.00..323.00 rows=10000 width=8)
 JIT:
   Functions: 57
   Options: Inlining false, Optimization false, Expressions true, Deforming true
(36 rows)

COMMIT;
COMMIT

Query 5 executed in 0.197 second(s).
BEGIN;
BEGIN
EXPLAIN
select
	sum(l_extendedprice * l_discount) as revenue
from
	lineitem
where
	l_shipdate >= date '1995-01-01'
	and l_shipdate < cast(date '1995-01-01' + interval '1 year' as date)
	and l_discount between 0.03 - 0.01 and 0.03 + 0.01
	and l_quantity < 25;
                                                                                        QUERY PLAN                                                                                         
-------------------------------------------------------------------------------------------------------------------------------------------------------------------------------------------
 Finalize Aggregate  (cost=169861.72..169861.73 rows=1 width=32)
   ->  Gather  (cost=169861.50..169861.71 rows=2 width=32)
         Workers Planned: 2
         ->  Partial Aggregate  (cost=168861.50..168861.51 rows=1 width=32)
               ->  Parallel Seq Scan on lineitem  (cost=0.00..168861.39 rows=21 width=36)
                     Filter: ((l_shipdate >= '1995-01-01'::date) AND (l_shipdate < '1996-01-01'::date) AND (l_discount >= 0.02) AND (l_discount <= 0.04) AND (l_quantity < '25'::numeric))
 JIT:
   Functions: 7
   Options: Inlining false, Optimization false, Expressions true, Deforming true
(9 rows)

COMMIT;
COMMIT

Query 6 executed in 0.190 second(s).
BEGIN;
BEGIN
EXPLAIN
select
	supp_nation,
	cust_nation,
	l_year,
	sum(volume) as revenue
from
	(
		select
			n1.n_name as supp_nation,
			n2.n_name as cust_nation,
			extract(year from l_shipdate) as l_year,
			l_extendedprice * (1 - l_discount) as volume
		from
			supplier,
			lineitem,
			orders,
			customer,
			nation n1,
			nation n2
		where
			s_suppkey = l_suppkey
			and o_orderkey = l_orderkey
			and c_custkey = o_custkey
			and s_nationkey = n1.n_nationkey
			and c_nationkey = n2.n_nationkey
			and (
				(n1.n_name = 'ETHIOPIA' and n2.n_name = 'VIETNAM')
				or (n1.n_name = 'VIETNAM' and n2.n_name = 'ETHIOPIA')
			)
			and l_shipdate between date '1995-01-01' and date '1996-12-31'
	) as shipping
group by
	supp_nation,
	cust_nation,
	l_year
order by
	supp_nation,
	cust_nation,
	l_year;
                                                                                        QUERY PLAN                                                                                         
-------------------------------------------------------------------------------------------------------------------------------------------------------------------------------------------
 Finalize GroupAggregate  (cost=155517.98..155531.59 rows=100 width=272)
   Group Key: n1.n_name, n2.n_name, (EXTRACT(year FROM lineitem.l_shipdate))
   ->  Gather Merge  (cost=155517.98..155529.04 rows=84 width=272)
         Workers Planned: 2
         ->  Partial GroupAggregate  (cost=154517.96..154519.32 rows=42 width=272)
               Group Key: n1.n_name, n2.n_name, (EXTRACT(year FROM lineitem.l_shipdate))
               ->  Sort  (cost=154517.96..154518.06 rows=42 width=276)
                     Sort Key: n1.n_name, n2.n_name, (EXTRACT(year FROM lineitem.l_shipdate))
                     ->  Hash Join  (cost=367.35..154516.83 rows=42 width=276)
                           Hash Cond: (customer.c_nationkey = n2.n_nationkey)
                           Join Filter: (((n1.n_name = 'ETHIOPIA'::bpchar) AND (n2.n_name = 'VIETNAM'::bpchar)) OR ((n1.n_name = 'VIETNAM'::bpchar) AND (n2.n_name = 'ETHIOPIA'::bpchar)))
                           ->  Nested Loop  (cost=365.95..154512.70 rows=1000 width=148)
                                 ->  Nested Loop  (cost=365.53..154064.49 rows=1000 width=148)
                                       ->  Hash Join  (cost=365.10..150529.58 rows=1000 width=148)
                                             Hash Cond: (lineitem.l_suppkey = supplier.s_suppkey)
                                             ->  Parallel Seq Scan on lineitem  (cost=0.00..150107.59 rows=12502 width=48)
                                                   Filter: ((l_shipdate >= '1995-01-01'::date) AND (l_shipdate <= '1996-12-31'::date))
                                             ->  Hash  (cost=355.10..355.10 rows=800 width=108)
                                                   ->  Hash Join  (cost=1.40..355.10 rows=800 width=108)
                                                         Hash Cond: (supplier.s_nationkey = n1.n_nationkey)
                                                         ->  Seq Scan on supplier  (cost=0.00..323.00 rows=10000 width=8)
                                                         ->  Hash  (cost=1.38..1.38 rows=2 width=108)
                                                               ->  Seq Scan on nation n1  (cost=0.00..1.38 rows=2 width=108)
                                                                     Filter: ((n_name = 'ETHIOPIA'::bpchar) OR (n_name = 'VIETNAM'::bpchar))
                                       ->  Index Scan using orders_pkey on orders  (cost=0.43..3.53 rows=1 width=8)
                                             Index Cond: (o_orderkey = lineitem.l_orderkey)
                                 ->  Index Scan using customer_pkey on customer  (cost=0.42..0.45 rows=1 width=8)
                                       Index Cond: (c_custkey = orders.o_custkey)
                           ->  Hash  (cost=1.38..1.38 rows=2 width=108)
                                 ->  Seq Scan on nation n2  (cost=0.00..1.38 rows=2 width=108)
                                       Filter: ((n_name = 'VIETNAM'::bpchar) OR (n_name = 'ETHIOPIA'::bpchar))
 JIT:
   Functions: 52
   Options: Inlining false, Optimization false, Expressions true, Deforming true
(34 rows)

COMMIT;
COMMIT

Query 7 executed in 0.202 second(s).
BEGIN;
BEGIN
EXPLAIN
select
	o_year,
	sum(case
		when nation = 'VIETNAM' then volume
		else 0
	end) / sum(volume) as mkt_share
from
	(
		select
			extract(year from o_orderdate) as o_year,
			l_extendedprice * (1 - l_discount) as volume,
			n2.n_name as nation
		from
			part,
			supplier,
			lineitem,
			orders,
			customer,
			nation n1,
			nation n2,
			region
		where
			p_partkey = l_partkey
			and s_suppkey = l_suppkey
			and l_orderkey = o_orderkey
			and o_custkey = c_custkey
			and c_nationkey = n1.n_nationkey
			and n1.n_regionkey = r_regionkey
			and r_name = 'ASIA'
			and s_nationkey = n2.n_nationkey
			and o_orderdate between date '1995-01-01' and date '1996-12-31'
			and p_type = 'SMALL BRUSHED STEEL'
	) as all_nations
group by
	o_year
order by
	o_year;
                                                                     QUERY PLAN                                                                     
----------------------------------------------------------------------------------------------------------------------------------------------------
 Finalize GroupAggregate  (cost=158500.16..158845.61 rows=2406 width=64)
   Group Key: (EXTRACT(year FROM orders.o_orderdate))
   ->  Gather Merge  (cost=158500.16..158772.37 rows=2010 width=96)
         Workers Planned: 2
         ->  Partial GroupAggregate  (cost=157500.14..157540.34 rows=1005 width=96)
               Group Key: (EXTRACT(year FROM orders.o_orderdate))
               ->  Sort  (cost=157500.14..157502.65 rows=1005 width=172)
                     Sort Key: (EXTRACT(year FROM orders.o_orderdate))
                     ->  Hash Join  (cost=2804.36..157450.03 rows=1005 width=172)
                           Hash Cond: (supplier.s_nationkey = n2.n_nationkey)
                           ->  Nested Loop  (cost=2802.79..157442.87 rows=1005 width=44)
                                 ->  Hash Join  (cost=2802.51..157138.69 rows=1005 width=44)
                                       Hash Cond: (customer.c_nationkey = n1.n_nationkey)
                                       ->  Nested Loop  (cost=2800.04..157107.35 rows=5022 width=48)
                                             ->  Nested Loop  (cost=2799.62..154733.45 rows=5022 width=48)
                                                   ->  Parallel Hash Join  (cost=2799.20..146968.23 rows=16516 width=44)
                                                         Hash Cond: (lineitem.l_partkey = part.p_partkey)
                                                         ->  Parallel Seq Scan on lineitem  (cost=0.00..137605.06 rows=2500506 width=48)
                                                         ->  Parallel Hash  (cost=2789.48..2789.48 rows=777 width=4)
                                                               ->  Parallel Bitmap Heap Scan on part  (cost=18.66..2789.48 rows=777 width=4)
                                                                     Recheck Cond: ((p_type)::text = 'SMALL BRUSHED STEEL'::text)
                                                                     ->  Bitmap Index Scan on idx_part_p_type  (cost=0.00..18.33 rows=1321 width=0)
                                                                           Index Cond: ((p_type)::text = 'SMALL BRUSHED STEEL'::text)
                                                   ->  Index Scan using orders_pkey on orders  (cost=0.43..0.47 rows=1 width=12)
                                                         Index Cond: (o_orderkey = lineitem.l_orderkey)
                                                         Filter: ((o_orderdate >= '1995-01-01'::date) AND (o_orderdate <= '1996-12-31'::date))
                                             ->  Index Scan using customer_pkey on customer  (cost=0.42..0.47 rows=1 width=8)
                                                   Index Cond: (c_custkey = orders.o_custkey)
                                       ->  Hash  (cost=2.40..2.40 rows=5 width=4)
                                             ->  Hash Join  (cost=1.07..2.40 rows=5 width=4)
                                                   Hash Cond: (n1.n_regionkey = region.r_regionkey)
                                                   ->  Seq Scan on nation n1  (cost=0.00..1.25 rows=25 width=8)
                                                   ->  Hash  (cost=1.06..1.06 rows=1 width=4)
                                                         ->  Seq Scan on region  (cost=0.00..1.06 rows=1 width=4)
                                                               Filter: (r_name = 'ASIA'::bpchar)
                                 ->  Index Scan using supplier_pkey on supplier  (cost=0.29..0.30 rows=1 width=8)
                                       Index Cond: (s_suppkey = lineitem.l_suppkey)
                           ->  Hash  (cost=1.25..1.25 rows=25 width=108)
                                 ->  Seq Scan on nation n2  (cost=0.00..1.25 rows=25 width=108)
 JIT:
   Functions: 59
   Options: Inlining false, Optimization false, Expressions true, Deforming true
(42 rows)

COMMIT;
COMMIT

Query 8 executed in 0.199 second(s).
BEGIN;
BEGIN
EXPLAIN
select
	nation,
	o_year,
	sum(amount) as sum_profit
from
	(
		select
			n_name as nation,
			extract(year from o_orderdate) as o_year,
			l_extendedprice * (1 - l_discount) - ps_supplycost * l_quantity as amount
		from
			part,
			supplier,
			lineitem,
			partsupp,
			orders,
			nation
		where
			s_suppkey = l_suppkey
			and ps_suppkey = l_suppkey
			and ps_partkey = l_partkey
			and p_partkey = l_partkey
			and o_orderkey = l_orderkey
			and s_nationkey = n_nationkey
			and p_name like '%frosted%'
	) as profit
group by
	nation,
	o_year
order by
	nation,
	o_year desc;
                                                                     QUERY PLAN                                                                     
----------------------------------------------------------------------------------------------------------------------------------------------------
 Finalize GroupAggregate  (cost=262166.50..282090.47 rows=60150 width=168)
   Group Key: nation.n_name, (EXTRACT(year FROM orders.o_orderdate))
   ->  Gather Merge  (cost=262166.50..279985.22 rows=120300 width=168)
         Workers Planned: 2
         ->  Partial GroupAggregate  (cost=261166.48..265099.59 rows=60150 width=168)
               Group Key: nation.n_name, (EXTRACT(year FROM orders.o_orderdate))
               ->  Sort  (cost=261166.48..261545.34 rows=151543 width=196)
                     Sort Key: nation.n_name, (EXTRACT(year FROM orders.o_orderdate)) DESC
                     ->  Hash Join  (cost=75844.18..233622.68 rows=151543 width=196)
                           Hash Cond: (supplier.s_nationkey = nation.n_nationkey)
                           ->  Parallel Hash Join  (cost=75842.62..232777.02 rows=151543 width=68)
                                 Hash Cond: (lineitem.l_orderkey = orders.o_orderkey)
                                 ->  Hash Join  (cost=33202.12..183744.72 rows=151543 width=68)
                                       Hash Cond: (lineitem.l_suppkey = supplier.s_suppkey)
                                       ->  Parallel Hash Join  (cost=32754.12..182898.76 rows=151543 width=72)
                                             Hash Cond: ((lineitem.l_suppkey = partsupp.ps_suppkey) AND (lineitem.l_partkey = partsupp.ps_partkey))
                                             ->  Parallel Hash Join  (cost=5232.79..149401.83 rows=151543 width=70)
                                                   Hash Cond: (lineitem.l_partkey = part.p_partkey)
                                                   ->  Parallel Seq Scan on lineitem  (cost=0.00..137605.06 rows=2500506 width=66)
                                                   ->  Parallel Hash  (cost=5169.67..5169.67 rows=5050 width=4)
                                                         ->  Parallel Seq Scan on part  (cost=0.00..5169.67 rows=5050 width=4)
                                                               Filter: ((p_name)::text ~~ '%frosted%'::text)
                                             ->  Parallel Hash  (cost=20893.33..20893.33 rows=333333 width=14)
                                                   ->  Parallel Seq Scan on partsupp  (cost=0.00..20893.33 rows=333333 width=14)
                                       ->  Hash  (cost=323.00..323.00 rows=10000 width=8)
                                             ->  Seq Scan on supplier  (cost=0.00..323.00 rows=10000 width=8)
                                 ->  Parallel Hash  (cost=32386.00..32386.00 rows=625000 width=8)
                                       ->  Parallel Seq Scan on orders  (cost=0.00..32386.00 rows=625000 width=8)
                           ->  Hash  (cost=1.25..1.25 rows=25 width=108)
                                 ->  Seq Scan on nation  (cost=0.00..1.25 rows=25 width=108)
 JIT:
   Functions: 55
   Options: Inlining false, Optimization false, Expressions true, Deforming true
(33 rows)

COMMIT;
COMMIT

Query 9 executed in 0.202 second(s).
BEGIN;
BEGIN
EXPLAIN
select
	c_custkey,
	c_name,
	sum(l_extendedprice * (1 - l_discount)) as revenue,
	c_acctbal,
	n_name,
	c_address,
	c_phone,
	c_comment
from
	customer,
	orders,
	lineitem,
	nation
where
	c_custkey = o_custkey
	and l_orderkey = o_orderkey
	and o_orderdate >= date '1993-05-01'
	and o_orderdate < cast(date '1993-05-01' + interval '3 month' as date)
	and l_returnflag = 'R'
	and c_nationkey = n_nationkey
group by
	c_custkey,
	c_name,
	c_acctbal,
	c_phone,
	n_name,
	c_address,
	c_comment
order by
	revenue desc
LIMIT 20;
                                                                     QUERY PLAN                                                                     
----------------------------------------------------------------------------------------------------------------------------------------------------
 Limit  (cost=105247.09..105247.14 rows=20 width=280)
   ->  Sort  (cost=105247.09..105249.85 rows=1102 width=280)
         Sort Key: (sum((lineitem.l_extendedprice * ('1'::numeric - lineitem.l_discount)))) DESC
         ->  Finalize GroupAggregate  (cost=105076.23..105217.77 rows=1102 width=280)
               Group Key: customer.c_custkey, nation.n_name
               ->  Gather Merge  (cost=105076.23..105194.81 rows=918 width=280)
                     Workers Planned: 2
                     ->  Partial GroupAggregate  (cost=104076.21..104088.83 rows=459 width=280)
                           Group Key: customer.c_custkey, nation.n_name
                           ->  Sort  (cost=104076.21..104077.35 rows=459 width=284)
                                 Sort Key: customer.c_custkey, nation.n_name
                                 ->  Hash Join  (cost=36136.81..104055.91 rows=459 width=284)
                                       Hash Cond: (customer.c_nationkey = nation.n_nationkey)
                                       ->  Nested Loop  (cost=36135.25..104052.95 rows=459 width=184)
                                             ->  Parallel Hash Join  (cost=36134.83..103718.32 rows=459 width=40)
                                                   Hash Cond: (lineitem.l_orderkey = orders.o_orderkey)
                                                   ->  Parallel Bitmap Heap Scan on lineitem  (cost=336.98..67887.65 rows=12502 width=40)
                                                         Recheck Cond: (l_returnflag = 'R'::bpchar)
                                                         ->  Bitmap Index Scan on idx_lineitem_l_returnflag  (cost=0.00..329.48 rows=30006 width=0)
                                                               Index Cond: (l_returnflag = 'R'::bpchar)
                                                   ->  Parallel Hash  (cost=35511.00..35511.00 rows=22948 width=8)
                                                         ->  Parallel Seq Scan on orders  (cost=0.00..35511.00 rows=22948 width=8)
                                                               Filter: ((o_orderdate >= '1993-05-01'::date) AND (o_orderdate < '1993-08-01'::date))
                                             ->  Index Scan using customer_pkey on customer  (cost=0.42..0.73 rows=1 width=148)
                                                   Index Cond: (c_custkey = orders.o_custkey)
                                       ->  Hash  (cost=1.25..1.25 rows=25 width=108)
                                             ->  Seq Scan on nation  (cost=0.00..1.25 rows=25 width=108)
 JIT:
   Functions: 36
   Options: Inlining false, Optimization false, Expressions true, Deforming true
(30 rows)

COMMIT;
COMMIT

Query 10 executed in 0.197 second(s).
BEGIN;
BEGIN
EXPLAIN
select
	ps_partkey,
	sum(ps_supplycost * ps_availqty) as value
from
	partsupp,
	supplier,
	nation
where
	ps_suppkey = s_suppkey
	and s_nationkey = n_nationkey
	and n_name = 'MOROCCO'
group by
	ps_partkey having
		sum(ps_supplycost * ps_availqty) > (
			select
				sum(ps_supplycost * ps_availqty) *         inf
			from
				partsupp,
				supplier,
				nation
			where
				ps_suppkey = s_suppkey
				and s_nationkey = n_nationkey
				and n_name = 'MOROCCO'
		)
order by
	value desc;
ERROR:  column "inf" does not exist
LINE 17:     sum(ps_supplycost * ps_availqty) *         inf
                                                        ^

Query 11 executed in 0.141 second(s).
BEGIN;
BEGIN
EXPLAIN
select
	l_shipmode,
	sum(case
		when o_orderpriority = '1-URGENT'
			or o_orderpriority = '2-HIGH'
			then 1
		else 0
	end) as high_line_count,
	sum(case
		when o_orderpriority <> '1-URGENT'
			and o_orderpriority <> '2-HIGH'
			then 1
		else 0
	end) as low_line_count
from
	orders,
	lineitem
where
	o_orderkey = l_orderkey
	and l_shipmode in ('SHIP', 'MAIL')
	and l_commitdate < l_receiptdate
	and l_shipdate < l_commitdate
	and l_receiptdate >= date '1994-01-01'
	and l_receiptdate < date '1994-01-01' + interval '1 year'
group by
	l_shipmode
order by
	l_shipmode;
                                                                                                   QUERY PLAN                                                                                                    
-----------------------------------------------------------------------------------------------------------------------------------------------------------------------------------------------------------------
 GroupAggregate  (cost=99611.24..99612.20 rows=30 width=60)
   Group Key: lineitem.l_shipmode
   ->  Sort  (cost=99611.24..99611.32 rows=33 width=60)
         Sort Key: lineitem.l_shipmode
         ->  Nested Loop  (cost=659.39..99610.41 rows=33 width=60)
               ->  Bitmap Heap Scan on lineitem  (cost=658.96..99331.72 rows=33 width=48)
                     Recheck Cond: (l_shipmode = ANY ('{SHIP,MAIL}'::bpchar[]))
                     Filter: ((l_commitdate < l_receiptdate) AND (l_shipdate < l_commitdate) AND (l_receiptdate >= '1994-01-01'::date) AND (l_receiptdate < '1995-01-01 00:00:00'::timestamp without time zone))
                     ->  Bitmap Index Scan on idx_lineitem_l_shipmode  (cost=0.00..658.95 rows=60012 width=0)
                           Index Cond: (l_shipmode = ANY ('{SHIP,MAIL}'::bpchar[]))
               ->  Index Scan using orders_pkey on orders  (cost=0.43..8.45 rows=1 width=20)
                     Index Cond: (o_orderkey = lineitem.l_orderkey)
(12 rows)

COMMIT;
COMMIT

Query 12 executed in 0.140 second(s).
BEGIN;
BEGIN
EXPLAIN
select
	c_count,
	count(*) as custdist
from
	(
		select
			c_custkey,
			count(o_orderkey)
		from
			customer left outer join orders on
				c_custkey = o_custkey
				and o_comment not like '%unusual%requests%'
		group by
			c_custkey
	) as c_orders (c_custkey, c_count)
group by
	c_count
order by
	custdist desc,
	c_count desc;
                                                                    QUERY PLAN                                                                     
---------------------------------------------------------------------------------------------------------------------------------------------------
 Sort  (cost=137253.49..137253.99 rows=200 width=16)
   Sort Key: (count(*)) DESC, (count(orders.o_orderkey)) DESC
   ->  HashAggregate  (cost=137243.85..137245.85 rows=200 width=16)
         Group Key: count(orders.o_orderkey)
         ->  Finalize GroupAggregate  (cost=96991.40..134993.85 rows=150000 width=12)
               Group Key: customer.c_custkey
               ->  Gather Merge  (cost=96991.40..131993.85 rows=300000 width=12)
                     Workers Planned: 2
                     ->  Sort  (cost=95991.38..96366.38 rows=150000 width=12)
                           Sort Key: customer.c_custkey
                           ->  Partial HashAggregate  (cost=74196.43..80529.93 rows=150000 width=12)
                                 Group Key: customer.c_custkey
                                 Planned Partitions: 4
                                 ->  Parallel Hash Right Join  (cost=3822.69..39395.29 rows=618687 width=8)
                                       Hash Cond: (orders.o_custkey = customer.c_custkey)
                                       ->  Parallel Seq Scan on orders  (cost=0.00..33948.50 rows=618687 width=8)
                                             Filter: ((o_comment)::text !~~ '%unusual%requests%'::text)
                                       ->  Parallel Hash  (cost=3041.44..3041.44 rows=62500 width=4)
                                             ->  Parallel Index Only Scan using customer_pkey on customer  (cost=0.42..3041.44 rows=62500 width=4)
 JIT:
   Functions: 18
   Options: Inlining false, Optimization false, Expressions true, Deforming true
(22 rows)

COMMIT;
COMMIT

Query 13 executed in 0.185 second(s).
BEGIN;
BEGIN
EXPLAIN
select
	100.00 * sum(case
		when p_type like 'PROMO%'
			then l_extendedprice * (1 - l_discount)
		else 0
	end) / sum(l_extendedprice * (1 - l_discount)) as promo_revenue
from
	lineitem,
	part
where
	l_partkey = p_partkey
	and l_shipdate >= date '1994-12-01'
	and l_shipdate < cast(date '1994-12-01' + interval '1 month' as date);
                                                  QUERY PLAN                                                  
--------------------------------------------------------------------------------------------------------------
 Finalize Aggregate  (cost=157362.43..157362.45 rows=1 width=32)
   ->  Gather  (cost=157362.20..157362.41 rows=2 width=64)
         Workers Planned: 2
         ->  Partial Aggregate  (cost=156362.20..156362.21 rows=1 width=64)
               ->  Parallel Hash Join  (cost=6003.00..156143.41 rows=12502 width=57)
                     Hash Cond: (lineitem.l_partkey = part.p_partkey)
                     ->  Parallel Seq Scan on lineitem  (cost=0.00..150107.59 rows=12502 width=40)
                           Filter: ((l_shipdate >= '1994-12-01'::date) AND (l_shipdate < '1995-01-01'::date))
                     ->  Parallel Hash  (cost=4961.33..4961.33 rows=83333 width=25)
                           ->  Parallel Seq Scan on part  (cost=0.00..4961.33 rows=83333 width=25)
 JIT:
   Functions: 17
   Options: Inlining false, Optimization false, Expressions true, Deforming true
(13 rows)

COMMIT;
COMMIT

Query 14 executed in 0.185 second(s).
BEGIN;
BEGIN
create or replace view revenue0 (supplier_no, total_revenue) as
	select
		l_suppkey,
		sum(l_extendedprice * (1 - l_discount))
	from
		lineitem
	where
		l_shipdate >= '1995-02-01'
		and l_shipdate < date'1995-02-01' + interval '90 days'
	group by
		l_suppkey;
CREATE VIEW
EXPLAIN
select
	s_suppkey,
	s_name,
	s_address,
	s_phone,
	total_revenue
from
	supplier,
	revenue0
where
	s_suppkey = supplier_no
	and total_revenue = (
		select
			max(total_revenue)
		from
			revenue0
	)
order by
	s_suppkey;
                                                                         QUERY PLAN                                                                         
------------------------------------------------------------------------------------------------------------------------------------------------------------
 Nested Loop  (cost=304129.98..304348.96 rows=1 width=103)
   InitPlan 1
     ->  Aggregate  (cost=152171.32..152171.33 rows=1 width=32)
           ->  Finalize GroupAggregate  (cost=151958.37..152168.82 rows=200 width=36)
                 Group Key: lineitem_1.l_suppkey
                 ->  Gather Merge  (cost=151958.37..152163.32 rows=400 width=36)
                       Workers Planned: 2
                       ->  Partial GroupAggregate  (cost=150958.35..151117.12 rows=200 width=36)
                             Group Key: lineitem_1.l_suppkey
                             ->  Sort  (cost=150958.35..150989.60 rows=12502 width=40)
                                   Sort Key: lineitem_1.l_suppkey
                                   ->  Parallel Seq Scan on lineitem lineitem_1  (cost=0.00..150107.59 rows=12502 width=40)
                                         Filter: ((l_shipdate >= '1995-02-01'::date) AND (l_shipdate < '1995-05-02 00:00:00'::timestamp without time zone))
   ->  Finalize GroupAggregate  (cost=151958.37..152169.32 rows=1 width=36)
         Group Key: lineitem.l_suppkey
         Filter: (sum((lineitem.l_extendedprice * ('1'::numeric - lineitem.l_discount))) = (InitPlan 1).col1)
         ->  Gather Merge  (cost=151958.37..152163.32 rows=400 width=36)
               Workers Planned: 2
               ->  Partial GroupAggregate  (cost=150958.35..151117.12 rows=200 width=36)
                     Group Key: lineitem.l_suppkey
                     ->  Sort  (cost=150958.35..150989.60 rows=12502 width=40)
                           Sort Key: lineitem.l_suppkey
                           ->  Parallel Seq Scan on lineitem  (cost=0.00..150107.59 rows=12502 width=40)
                                 Filter: ((l_shipdate >= '1995-02-01'::date) AND (l_shipdate < '1995-05-02 00:00:00'::timestamp without time zone))
   ->  Index Scan using supplier_pkey on supplier  (cost=0.29..8.30 rows=1 width=71)
         Index Cond: (s_suppkey = lineitem.l_suppkey)
 JIT:
   Functions: 31
   Options: Inlining false, Optimization false, Expressions true, Deforming true
(29 rows)

drop view revenue0;
DROP VIEW
COMMIT;
COMMIT

Query 15 executed in 0.196 second(s).
BEGIN;
BEGIN
EXPLAIN
select
	p_brand,
	p_type,
	p_size,
	count(distinct ps_suppkey) as supplier_cnt
from
	partsupp,
	part
where
	p_partkey = ps_partkey
	and p_brand <> 'Brand#51'
	and p_type not like 'MEDIUM ANODIZED%'
	and p_size in (21, 47, 45, 14, 11, 23, 7, 38)
	and ps_suppkey not in (
		select
			s_suppkey
		from
			supplier
		where
			s_comment like '%Customer%Complaints%'
	)
group by
	p_brand,
	p_type,
	p_size
order by
	supplier_cnt desc,
	p_brand,
	p_type,
	p_size;
                                                                                          QUERY PLAN                                                                                          
----------------------------------------------------------------------------------------------------------------------------------------------------------------------------------------------
 Sort  (cost=35792.91..35832.79 rows=15953 width=44)
   Sort Key: (count(DISTINCT partsupp.ps_suppkey)) DESC, part.p_brand, part.p_type, part.p_size
   ->  GroupAggregate  (cost=27050.37..34679.27 rows=15953 width=44)
         Group Key: part.p_brand, part.p_type, part.p_size
         ->  Gather Merge  (cost=27050.37..33929.12 rows=59062 width=40)
               Workers Planned: 2
               ->  Sort  (cost=26050.35..26111.87 rows=24609 width=40)
                     Sort Key: part.p_brand, part.p_type, part.p_size, partsupp.ps_suppkey
                     ->  Parallel Hash Join  (cost=6713.57..24255.50 rows=24609 width=40)
                           Hash Cond: (partsupp.ps_partkey = part.p_partkey)
                           ->  Parallel Index Only Scan using partsupp_pkey on partsupp  (cost=348.43..17452.85 rows=166667 width=8)
                                 Filter: (NOT (ANY (ps_suppkey = (hashed SubPlan 1).col1)))
                                 SubPlan 1
                                   ->  Seq Scan on supplier  (cost=0.00..348.00 rows=1 width=4)
                                         Filter: ((s_comment)::text ~~ '%Customer%Complaints%'::text)
                           ->  Parallel Hash  (cost=6211.33..6211.33 rows=12305 width=40)
                                 ->  Parallel Seq Scan on part  (cost=0.00..6211.33 rows=12305 width=40)
                                       Filter: ((p_brand <> 'Brand#51'::bpchar) AND ((p_type)::text !~~ 'MEDIUM ANODIZED%'::text) AND (p_size = ANY ('{21,47,45,14,11,23,7,38}'::integer[])))
(18 rows)

COMMIT;
COMMIT

Query 16 executed in 0.148 second(s).
BEGIN;
BEGIN
EXPLAIN
select
	sum(l_extendedprice) / 7.0 as avg_yearly
from
	lineitem,
	part
where
	p_partkey = l_partkey
	and p_brand = 'Brand#14'
	and p_container = 'MED JAR'
	and l_quantity < (
		select
			0.2 * avg(l_quantity)
		from
			lineitem
		where
			l_partkey = p_partkey
	);
                                                  QUERY PLAN                                                   
---------------------------------------------------------------------------------------------------------------
 Aggregate  (cost=2066088.24..2066088.25 rows=1 width=32)
   ->  Hash Join  (cost=815.56..2066083.21 rows=2010 width=18)
         Hash Cond: (lineitem.l_partkey = part.p_partkey)
         Join Filter: (lineitem.l_quantity < (SubPlan 1))
         ->  Seq Scan on lineitem  (cost=0.00..172612.15 rows=6001215 width=40)
         ->  Hash  (cost=813.05..813.05 rows=201 width=4)
               ->  Bitmap Heap Scan on part  (cost=151.14..813.05 rows=201 width=4)
                     Recheck Cond: ((p_container = 'MED JAR'::bpchar) AND (p_brand = 'Brand#14'::bpchar))
                     ->  BitmapAnd  (cost=151.14..151.14 rows=201 width=0)
                           ->  Bitmap Index Scan on idx_part_p_container  (cost=0.00..57.62 rows=4960 width=0)
                                 Index Cond: (p_container = 'MED JAR'::bpchar)
                           ->  Bitmap Index Scan on idx_part_p_brand  (cost=0.00..93.17 rows=8100 width=0)
                                 Index Cond: (p_brand = 'Brand#14'::bpchar)
         SubPlan 1
           ->  Aggregate  (cost=187690.21..187690.22 rows=1 width=32)
                 ->  Seq Scan on lineitem lineitem_1  (cost=0.00..187615.19 rows=30006 width=18)
                       Filter: (l_partkey = part.p_partkey)
 JIT:
   Functions: 24
   Options: Inlining true, Optimization true, Expressions true, Deforming true
(20 rows)

COMMIT;
COMMIT

Query 17 executed in 0.189 second(s).
BEGIN;
BEGIN
EXPLAIN
select
	c_name,
	c_custkey,
	o_orderkey,
	o_orderdate,
	o_totalprice,
	sum(l_quantity)
from
	customer,
	orders,
	lineitem
where
	o_orderkey in (
		select
			l_orderkey
		from
			lineitem
		group by
			l_orderkey having
				sum(l_quantity) > 314
	)
	and c_custkey = o_custkey
	and o_orderkey = l_orderkey
group by
	c_name,
	c_custkey,
	o_orderkey,
	o_orderdate,
	o_totalprice
order by
	o_totalprice desc,
	o_orderdate
LIMIT 100;
                                                                        QUERY PLAN                                                                        
----------------------------------------------------------------------------------------------------------------------------------------------------------
 Limit  (cost=207131.45..207131.70 rows=100 width=71)
   ->  Sort  (cost=207131.45..207132.12 rows=268 width=71)
         Sort Key: orders.o_totalprice DESC, orders.o_orderdate
         ->  GroupAggregate  (cost=207115.18..207121.21 rows=268 width=71)
               Group Key: customer.c_custkey, orders.o_orderkey
               ->  Sort  (cost=207115.18..207115.85 rows=268 width=57)
                     Sort Key: customer.c_custkey, orders.o_orderkey
                     ->  Nested Loop  (cost=151119.04..207104.37 rows=268 width=57)
                           ->  Nested Loop  (cost=151118.61..151766.27 rows=67 width=43)
                                 ->  Nested Loop  (cost=151118.19..151736.25 rows=67 width=24)
                                       ->  Finalize GroupAggregate  (cost=151117.76..151170.43 rows=67 width=4)
                                             Group Key: lineitem_1.l_orderkey
                                             Filter: (sum(lineitem_1.l_quantity) > '314'::numeric)
                                             ->  Gather Merge  (cost=151117.76..151164.43 rows=400 width=36)
                                                   Workers Planned: 2
                                                   ->  Sort  (cost=150117.74..150118.24 rows=200 width=36)
                                                         Sort Key: lineitem_1.l_orderkey
                                                         ->  Partial HashAggregate  (cost=150107.59..150110.09 rows=200 width=36)
                                                               Group Key: lineitem_1.l_orderkey
                                                               ->  Parallel Seq Scan on lineitem lineitem_1  (cost=0.00..137605.06 rows=2500506 width=22)
                                       ->  Index Scan using orders_pkey on orders  (cost=0.43..8.45 rows=1 width=20)
                                             Index Cond: (o_orderkey = lineitem_1.l_orderkey)
                                 ->  Index Scan using customer_pkey on customer  (cost=0.42..0.45 rows=1 width=23)
                                       Index Cond: (c_custkey = orders.o_custkey)
                           ->  Index Scan using lineitem_pkey on lineitem  (cost=0.43..525.88 rows=30006 width=22)
                                 Index Cond: (l_orderkey = orders.o_orderkey)
 JIT:
   Functions: 26
   Options: Inlining false, Optimization false, Expressions true, Deforming true
(29 rows)

COMMIT;
COMMIT

Query 18 executed in 0.189 second(s).
BEGIN;
BEGIN
EXPLAIN
select
	sum(l_extendedprice* (1 - l_discount)) as revenue
from
	lineitem,
	part
where
	(
		p_partkey = l_partkey
		and p_brand = 'Brand#32'
		and p_container in ('SM CASE', 'SM BOX', 'SM PACK', 'SM PKG')
		and l_quantity >= 6 and l_quantity <= 6+10
		and p_size between 1 and 5
		and l_shipmode in ('AIR', 'AIR REG')
		and l_shipinstruct = 'DELIVER IN PERSON'
	)
	or
	(
		p_partkey = l_partkey
		and p_brand = 'Brand#35'
		and p_container in ('MED BAG', 'MED BOX', 'MED PKG', 'MED PACK')
		and l_quantity >= 18 and l_quantity <= 18+10
		and p_size between 1 and 10
		and l_shipmode in ('AIR', 'AIR REG')
		and l_shipinstruct = 'DELIVER IN PERSON'
	)
	or
	(
		p_partkey = l_partkey
		and p_brand = 'Brand#12'
		and p_container in ('LG CASE', 'LG BOX', 'LG PACK', 'LG PKG')
		and l_quantity >= 29 and l_quantity <= 29+10
		and p_size between 1 and 15
		and l_shipmode in ('AIR', 'AIR REG')
		and l_shipinstruct = 'DELIVER IN PERSON'
	);
                                                                                                                                                                                                                                                                                                                                                                                                                                                                                                                                                                   QUERY PLAN                                                                                                                                                                                                                                                                                                                                                                                                                                                                                                                                                                   
------------------------------------------------------------------------------------------------------------------------------------------------------------------------------------------------------------------------------------------------------------------------------------------------------------------------------------------------------------------------------------------------------------------------------------------------------------------------------------------------------------------------------------------------------------------------------------------------------------------------------------------------------------------------------------------------------------------------------------------------------------------------------------------------------------------------------------------------------------------------------------------------------------------------------------------------------------------------------------------------------------------------------------------------------------------------------------------------------------------------------------------------
 Aggregate  (cost=2189.34..2189.35 rows=1 width=32)
   ->  Nested Loop  (cost=993.10..2189.33 rows=1 width=36)
         ->  Bitmap Heap Scan on lineitem  (cost=992.68..2155.23 rows=4 width=58)
               Recheck Cond: ((l_shipinstruct = 'DELIVER IN PERSON'::bpchar) AND (l_shipmode = ANY ('{AIR,"AIR REG"}'::bpchar[])))
               Filter: (((l_quantity >= '6'::numeric) AND (l_quantity <= '16'::numeric)) OR ((l_quantity >= '18'::numeric) AND (l_quantity <= '28'::numeric)) OR ((l_quantity >= '29'::numeric) AND (l_quantity <= '39'::numeric)))
               ->  BitmapAnd  (cost=992.68..992.68 rows=300 width=0)
                     ->  Bitmap Index Scan on idx_lineitem_l_shipinstruct  (cost=0.00..333.48 rows=30006 width=0)
                           Index Cond: (l_shipinstruct = 'DELIVER IN PERSON'::bpchar)
                     ->  Bitmap Index Scan on idx_lineitem_l_shipmode  (cost=0.00..658.95 rows=60012 width=0)
                           Index Cond: (l_shipmode = ANY ('{AIR,"AIR REG"}'::bpchar[]))
         ->  Index Scan using part_pkey on part  (cost=0.42..8.52 rows=1 width=30)
               Index Cond: (p_partkey = lineitem.l_partkey)
               Filter: ((p_size >= 1) AND (((p_brand = 'Brand#32'::bpchar) AND (p_container = ANY ('{"SM CASE","SM BOX","SM PACK","SM PKG"}'::bpchar[])) AND (p_size <= 5)) OR ((p_brand = 'Brand#35'::bpchar) AND (p_container = ANY ('{"MED BAG","MED BOX","MED PKG","MED PACK"}'::bpchar[])) AND (p_size <= 10)) OR ((p_brand = 'Brand#12'::bpchar) AND (p_container = ANY ('{"LG CASE","LG BOX","LG PACK","LG PKG"}'::bpchar[])) AND (p_size <= 15))) AND (((p_brand = 'Brand#32'::bpchar) AND (p_container = ANY ('{"SM CASE","SM BOX","SM PACK","SM PKG"}'::bpchar[])) AND (lineitem.l_quantity >= '6'::numeric) AND (lineitem.l_quantity <= '16'::numeric) AND (p_size <= 5)) OR ((p_brand = 'Brand#35'::bpchar) AND (p_container = ANY ('{"MED BAG","MED BOX","MED PKG","MED PACK"}'::bpchar[])) AND (lineitem.l_quantity >= '18'::numeric) AND (lineitem.l_quantity <= '28'::numeric) AND (p_size <= 10)) OR ((p_brand = 'Brand#12'::bpchar) AND (p_container = ANY ('{"LG CASE","LG BOX","LG PACK","LG PKG"}'::bpchar[])) AND (lineitem.l_quantity >= '29'::numeric) AND (lineitem.l_quantity <= '39'::numeric) AND (p_size <= 15))))
(13 rows)

COMMIT;
COMMIT

Query 19 executed in 0.142 second(s).
BEGIN;
BEGIN
EXPLAIN
select
	s_name,
	s_address
from
	supplier,
	nation
where
	s_suppkey in (
		select
			ps_suppkey
		from
			partsupp
		where
			ps_partkey in (
				select
					p_partkey
				from
					part
				where
					p_name like 'ghost%'
			)
			and ps_availqty > (
				select
					0.5 * sum(l_quantity)
				from
					lineitem
				where
					l_partkey = ps_partkey
					and l_suppkey = ps_suppkey
					and l_shipdate >= '1995-01-01'
					and l_shipdate < cast(date '1995-01-01' + interval '1 year' as date)
			)
	)
	and s_nationkey = n_nationkey
	and n_name = 'SAUDI ARABIA'
order by
	s_name;
                                                                                            QUERY PLAN                                                                                            
--------------------------------------------------------------------------------------------------------------------------------------------------------------------------------------------------
 Nested Loop Semi Join  (cost=0.71..1879650462.64 rows=107 width=51)
   Join Filter: (supplier.s_suppkey = partsupp.ps_suppkey)
   ->  Nested Loop  (cost=0.29..780.09 rows=400 width=55)
         Join Filter: (nation.n_nationkey = supplier.s_nationkey)
         ->  Index Scan using idx_supplier_s_name on supplier  (cost=0.29..628.78 rows=10000 width=59)
         ->  Materialize  (cost=0.00..1.32 rows=1 width=4)
               ->  Seq Scan on nation  (cost=0.00..1.31 rows=1 width=4)
                     Filter: (n_name = 'SAUDI ARABIA'::bpchar)
   ->  Materialize  (cost=0.42..1879633531.28 rows=2693 width=4)
         ->  Nested Loop  (cost=0.42..1879633517.81 rows=2693 width=4)
               ->  Seq Scan on part  (cost=0.00..6628.00 rows=2020 width=4)
                     Filter: ((p_name)::text ~~ 'ghost%'::text)
               ->  Index Scan using partsupp_pkey on partsupp  (cost=0.42..930508.35 rows=1 width=8)
                     Index Cond: (ps_partkey = part.p_partkey)
                     Filter: ((ps_availqty)::numeric > (SubPlan 1))
                     SubPlan 1
                       ->  Aggregate  (cost=232624.30..232624.32 rows=1 width=32)
                             ->  Seq Scan on lineitem  (cost=0.00..232624.30 rows=1 width=18)
                                   Filter: ((l_shipdate >= '1995-01-01'::date) AND (l_shipdate < '1996-01-01'::date) AND (l_partkey = partsupp.ps_partkey) AND (l_suppkey = partsupp.ps_suppkey))
 JIT:
   Functions: 29
   Options: Inlining true, Optimization true, Expressions true, Deforming true
(22 rows)

COMMIT;
COMMIT

Query 20 executed in 0.186 second(s).
BEGIN;
BEGIN
EXPLAIN
select
	s_name,
	count(*) as numwait
from
	supplier,
	lineitem l1,
	orders,
	nation
where
	s_suppkey = l1.l_suppkey
	and o_orderkey = l1.l_orderkey
	and o_orderstatus = 'F'
	and l1.l_receiptdate > l1.l_commitdate
	and exists (
		select
			*
		from
			lineitem l2
		where
			l2.l_orderkey = l1.l_orderkey
			and l2.l_suppkey <> l1.l_suppkey
	)
	and not exists (
		select
			*
		from
			lineitem l3
		where
			l3.l_orderkey = l1.l_orderkey
			and l3.l_suppkey <> l1.l_suppkey
			and l3.l_receiptdate > l3.l_commitdate
	)
	and s_nationkey = n_nationkey
	and n_name = 'KENYA'
group by
	s_name
order by
	numwait desc,
	s_name
LIMIT 100;
                                                                QUERY PLAN                                                                 
-------------------------------------------------------------------------------------------------------------------------------------------
 Limit  (cost=505321.13..505321.38 rows=100 width=34)
   ->  Sort  (cost=505321.13..505345.36 rows=9691 width=34)
         Sort Key: (count(*)) DESC, supplier.s_name
         ->  Finalize GroupAggregate  (cost=503810.62..504950.75 rows=9691 width=34)
               Group Key: supplier.s_name
               ->  Gather Merge  (cost=503810.62..504813.46 rows=8076 width=34)
                     Workers Planned: 2
                     ->  Partial GroupAggregate  (cost=502810.60..502881.26 rows=4038 width=34)
                           Group Key: supplier.s_name
                           ->  Sort  (cost=502810.60..502820.69 rows=4038 width=26)
                                 Sort Key: supplier.s_name
                                 ->  Nested Loop  (cost=336520.94..502568.73 rows=4038 width=26)
                                       ->  Parallel Hash Anti Join  (cost=336520.52..498334.64 rows=8335 width=34)
                                             Hash Cond: (l1.l_orderkey = l3.l_orderkey)
                                             Join Filter: (l3.l_suppkey <> l1.l_suppkey)
                                             ->  Parallel Hash Semi Join  (cost=178989.41..337055.28 rows=16670 width=38)
                                                   Hash Cond: (l1.l_orderkey = l2.l_orderkey)
                                                   Join Filter: (l2.l_suppkey <> l1.l_suppkey)
                                                   ->  Hash Join  (cost=360.02..147675.39 rows=33340 width=34)
                                                         Hash Cond: (l1.l_suppkey = supplier.s_suppkey)
                                                         ->  Parallel Seq Scan on lineitem l1  (cost=0.00..143856.33 rows=833502 width=8)
                                                               Filter: (l_receiptdate > l_commitdate)
                                                         ->  Hash  (cost=355.02..355.02 rows=400 width=30)
                                                               ->  Hash Join  (cost=1.32..355.02 rows=400 width=30)
                                                                     Hash Cond: (supplier.s_nationkey = nation.n_nationkey)
                                                                     ->  Seq Scan on supplier  (cost=0.00..323.00 rows=10000 width=34)
                                                                     ->  Hash  (cost=1.31..1.31 rows=1 width=4)
                                                                           ->  Seq Scan on nation  (cost=0.00..1.31 rows=1 width=4)
                                                                                 Filter: (n_name = 'KENYA'::bpchar)
                                                   ->  Parallel Hash  (cost=137605.06..137605.06 rows=2500506 width=8)
                                                         ->  Parallel Seq Scan on lineitem l2  (cost=0.00..137605.06 rows=2500506 width=8)
                                             ->  Parallel Hash  (cost=143856.33..143856.33 rows=833502 width=8)
                                                   ->  Parallel Seq Scan on lineitem l3  (cost=0.00..143856.33 rows=833502 width=8)
                                                         Filter: (l_receiptdate > l_commitdate)
                                       ->  Index Scan using orders_pkey on orders  (cost=0.43..0.51 rows=1 width=4)
                                             Index Cond: (o_orderkey = l1.l_orderkey)
                                             Filter: (o_orderstatus = 'F'::bpchar)
 JIT:
   Functions: 57
   Options: Inlining true, Optimization true, Expressions true, Deforming true
(40 rows)

COMMIT;
COMMIT

Query 21 executed in 0.194 second(s).
BEGIN;
BEGIN
EXPLAIN
select
	cntrycode,
	count(*) as numcust,
	sum(c_acctbal) as totacctbal
from
	(
		select
			substring(c_phone from 1 for 2) as cntrycode,
			c_acctbal
		from
			customer
		where
			substring(c_phone from 1 for 2) in
				('20', '34', '13', '14', '32', '24', '23')
			and c_acctbal > (
				select
					avg(c_acctbal)
				from
					customer
				where
					c_acctbal > 0.00
					and substring(c_phone from 1 for 2) in
						('20', '34', '13', '14', '32', '24', '23')
			)
			and not exists (
				select
					*
				from
					orders
				where
					o_custkey = c_custkey
			)
	) as vip
group by
	cntrycode
order by
	cntrycode;
                                                                           QUERY PLAN                                                                           
----------------------------------------------------------------------------------------------------------------------------------------------------------------
 Finalize GroupAggregate  (cost=50506.48..50606.74 rows=751 width=72)
   Group Key: (SUBSTRING(customer.c_phone FROM 1 FOR 2))
   InitPlan 1
     ->  Finalize Aggregate  (cost=6245.82..6245.83 rows=1 width=32)
           ->  Gather  (cost=6245.60..6245.81 rows=2 width=32)
                 Workers Planned: 2
                 ->  Partial Aggregate  (cost=5245.60..5245.61 rows=1 width=32)
                       ->  Parallel Seq Scan on customer customer_1  (cost=0.00..5240.62 rows=1988 width=6)
                             Filter: ((c_acctbal > 0.00) AND (SUBSTRING(c_phone FROM 1 FOR 2) = ANY ('{20,34,13,14,32,24,23}'::text[])))
   ->  Gather Merge  (cost=44260.65..44341.51 rows=626 width=72)
         Workers Planned: 2
         ->  Partial GroupAggregate  (cost=43260.62..43269.23 rows=313 width=72)
               Group Key: (SUBSTRING(customer.c_phone FROM 1 FOR 2))
               ->  Sort  (cost=43260.62..43261.41 rows=313 width=38)
                     Sort Key: (SUBSTRING(customer.c_phone FROM 1 FOR 2))
                     ->  Parallel Hash Right Anti Join  (cost=5249.74..43247.65 rows=313 width=38)
                           Hash Cond: (orders.o_custkey = customer.c_custkey)
                           ->  Parallel Seq Scan on orders  (cost=0.00..32386.00 rows=625000 width=4)
                           ->  Parallel Hash  (cost=5240.62..5240.62 rows=729 width=26)
                                 ->  Parallel Seq Scan on customer  (cost=0.00..5240.62 rows=729 width=26)
                                       Filter: ((c_acctbal > (InitPlan 1).col1) AND (SUBSTRING(c_phone FROM 1 FOR 2) = ANY ('{20,34,13,14,32,24,23}'::text[])))
(21 rows)

COMMIT;
COMMIT

Query 22 executed in 0.141 second(s).

