=== Experiment: dates_text ===
INDEX_ALL=0
INDEX_NUMBERS=0
INDEX_DATES=1
INDEX_TEXT=1

[Info] Running drop_indexes.sh
[Info] Keeping date indexes
[Info] Dropping numbers indexes
[Info] Keeping text indexes
[Info] Running create_indexes.sh
[Info] Creating indexes for dates
[Info] Creating indexes for text

[Info] Running queries(1,2,3,4,5,6,7,8,9,10,11,12,13,14,15,16,17,18,19,20,21,22) for dates_text
BEGIN;
BEGIN
EXPLAIN
select
	l_returnflag,
	l_linestatus,
	sum(l_quantity) as sum_qty,
	sum(l_extendedprice) as sum_base_price,
	sum(l_extendedprice * (1 - l_discount)) as sum_disc_price,
	sum(l_extendedprice * (1 - l_discount) * (1 + l_tax)) as sum_charge,
	avg(l_quantity) as avg_qty,
	avg(l_extendedprice) as avg_price,
	avg(l_discount) as avg_disc,
	count(*) as count_order
from
	lineitem
where
	l_shipdate <= date '1998-12-01' - interval '84 days'
group by
	l_returnflag,
	l_linestatus
order by
	l_returnflag,
	l_linestatus;
                                              QUERY PLAN                                              
------------------------------------------------------------------------------------------------------
 Finalize GroupAggregate  (cost=231240.90..231242.86 rows=6 width=236)
   Group Key: l_returnflag, l_linestatus
   ->  Gather Merge  (cost=231240.90..231242.30 rows=12 width=236)
         Workers Planned: 2
         ->  Sort  (cost=230240.88..230240.90 rows=6 width=236)
               Sort Key: l_returnflag, l_linestatus
               ->  Partial HashAggregate  (cost=230240.67..230240.80 rows=6 width=236)
                     Group Key: l_returnflag, l_linestatus
                     ->  Parallel Seq Scan on lineitem  (cost=0.00..143856.33 rows=2468124 width=25)
                           Filter: (l_shipdate <= '1998-09-08 00:00:00'::timestamp without time zone)
 JIT:
   Functions: 9
   Options: Inlining false, Optimization false, Expressions true, Deforming true
(13 rows)

COMMIT;
COMMIT

Query 1 executed in 0.190 second(s).
BEGIN;
BEGIN
EXPLAIN
select
	s_acctbal,
	s_name,
	n_name,
	p_partkey,
	p_mfgr,
	s_address,
	s_phone,
	s_comment
from
	part,
	supplier,
	partsupp,
	nation,
	region
where
	p_partkey = ps_partkey
	and s_suppkey = ps_suppkey
	and p_size = 16
	and p_type like '%BRASS'
	and s_nationkey = n_nationkey
	and n_regionkey = r_regionkey
	and r_name = 'AFRICA'
	and ps_supplycost = (
		select
			min(ps_supplycost)
		from
			partsupp,
			supplier,
			nation,
			region
		where
			p_partkey = ps_partkey
			and s_suppkey = ps_suppkey
			and s_nationkey = n_nationkey
			and n_regionkey = r_regionkey
			and r_name = 'AFRICA'
	)
order by
	s_acctbal desc,
	n_name,
	s_name,
	p_partkey
LIMIT 100;
                                                                       QUERY PLAN                                                                        
---------------------------------------------------------------------------------------------------------------------------------------------------------
 Limit  (cost=64857.25..64857.25 rows=1 width=270)
   ->  Sort  (cost=64857.25..64857.25 rows=1 width=270)
         Sort Key: supplier.s_acctbal DESC, nation.n_name, supplier.s_name, part.p_partkey
         ->  Nested Loop  (cost=1051.60..64857.24 rows=1 width=270)
               Join Filter: (supplier.s_suppkey = partsupp.ps_suppkey)
               ->  Hash Join  (cost=2.46..382.96 rows=2000 width=244)
                     Hash Cond: (supplier.s_nationkey = nation.n_nationkey)
                     ->  Seq Scan on supplier  (cost=0.00..323.00 rows=10000 width=144)
                     ->  Hash  (cost=2.40..2.40 rows=5 width=108)
                           ->  Hash Join  (cost=1.07..2.40 rows=5 width=108)
                                 Hash Cond: (nation.n_regionkey = region.r_regionkey)
                                 ->  Seq Scan on nation  (cost=0.00..1.25 rows=25 width=112)
                                 ->  Hash  (cost=1.06..1.06 rows=1 width=4)
                                       ->  Seq Scan on region  (cost=0.00..1.06 rows=1 width=4)
                                             Filter: (r_name = 'AFRICA'::bpchar)
               ->  Materialize  (cost=1049.13..64444.28 rows=1 width=34)
                     ->  Nested Loop  (cost=1049.13..64444.27 rows=1 width=34)
                           ->  Gather  (cost=1000.00..6447.60 rows=696 width=30)
                                 Workers Planned: 2
                                 ->  Parallel Seq Scan on part  (cost=0.00..5378.00 rows=290 width=30)
                                       Filter: (((p_type)::text ~~ '%BRASS'::text) AND (p_size = 16))
                           ->  Index Scan using idx_partsupp_ps_supplycost on partsupp  (cost=49.13..83.32 rows=1 width=14)
                                 Index Cond: (ps_supplycost = (SubPlan 1))
                                 Filter: (part.p_partkey = ps_partkey)
                                 SubPlan 1
                                   ->  Aggregate  (cost=48.70..48.71 rows=1 width=32)
                                         ->  Nested Loop  (cost=0.85..48.70 rows=1 width=6)
                                               Join Filter: (region_1.r_regionkey = nation_1.n_regionkey)
                                               ->  Seq Scan on region region_1  (cost=0.00..1.06 rows=1 width=4)
                                                     Filter: (r_name = 'AFRICA'::bpchar)
                                               ->  Nested Loop  (cost=0.85..47.58 rows=4 width=10)
                                                     ->  Nested Loop  (cost=0.71..46.96 rows=4 width=10)
                                                           ->  Index Scan using partsupp_pkey on partsupp partsupp_1  (cost=0.42..13.75 rows=4 width=10)
                                                                 Index Cond: (ps_partkey = part.p_partkey)
                                                           ->  Index Scan using supplier_pkey on supplier supplier_1  (cost=0.29..8.30 rows=1 width=8)
                                                                 Index Cond: (s_suppkey = partsupp_1.ps_suppkey)
                                                     ->  Index Scan using nation_pkey on nation nation_1  (cost=0.14..0.16 rows=1 width=8)
                                                           Index Cond: (n_nationkey = supplier_1.s_nationkey)
(38 rows)

COMMIT;
COMMIT

Query 2 executed in 0.153 second(s).
BEGIN;
BEGIN
EXPLAIN
select
	l_orderkey,
	sum(l_extendedprice * (1 - l_discount)) as revenue,
	o_orderdate,
	o_shippriority
from
	customer,
	orders,
	lineitem
where
	c_mktsegment = 'MACHINERY'
	and c_custkey = o_custkey
	and l_orderkey = o_orderkey
	and o_orderdate < date '1995-03-04'
	and l_shipdate > date '1995-03-04'
group by
	l_orderkey,
	o_orderdate,
	o_shippriority
order by
	revenue desc,
	o_orderdate
LIMIT 10;
                                                                     QUERY PLAN                                                                     
----------------------------------------------------------------------------------------------------------------------------------------------------
 Limit  (cost=197065.63..197065.66 rows=10 width=44)
   ->  Sort  (cost=197065.63..197860.13 rows=317798 width=44)
         Sort Key: (sum((lineitem.l_extendedprice * ('1'::numeric - lineitem.l_discount)))) DESC, orders.o_orderdate
         ->  Finalize GroupAggregate  (cost=148374.59..190198.13 rows=317798 width=44)
               Group Key: lineitem.l_orderkey, orders.o_orderdate, orders.o_shippriority
               ->  Gather Merge  (cost=148374.59..182915.26 rows=264832 width=44)
                     Workers Planned: 2
                     ->  Partial GroupAggregate  (cost=147374.57..151347.05 rows=132416 width=44)
                           Group Key: lineitem.l_orderkey, orders.o_orderdate, orders.o_shippriority
                           ->  Sort  (cost=147374.57..147705.61 rows=132416 width=24)
                                 Sort Key: lineitem.l_orderkey, orders.o_orderdate, orders.o_shippriority
                                 ->  Nested Loop  (cost=4259.27..133393.47 rows=132416 width=24)
                                       ->  Parallel Hash Join  (cost=4258.83..38992.96 rows=60464 width=12)
                                             Hash Cond: (orders.o_custkey = customer.c_custkey)
                                             ->  Parallel Seq Scan on orders  (cost=0.00..33948.50 rows=299278 width=16)
                                                   Filter: (o_orderdate < '1995-03-04'::date)
                                             ->  Parallel Hash  (cost=4101.00..4101.00 rows=12627 width=4)
                                                   ->  Parallel Bitmap Heap Scan on customer  (cost=343.16..4101.00 rows=12627 width=4)
                                                         Recheck Cond: (c_mktsegment = 'MACHINERY'::bpchar)
                                                         ->  Bitmap Index Scan on idx_customer_c_mktsegment  (cost=0.00..335.58 rows=30305 width=0)
                                                               Index Cond: (c_mktsegment = 'MACHINERY'::bpchar)
                                       ->  Index Scan using lineitem_pkey on lineitem  (cost=0.43..1.47 rows=9 width=16)
                                             Index Cond: (l_orderkey = orders.o_orderkey)
                                             Filter: (l_shipdate > '1995-03-04'::date)
 JIT:
   Functions: 29
   Options: Inlining false, Optimization false, Expressions true, Deforming true
(27 rows)

COMMIT;
COMMIT

Query 3 executed in 0.177 second(s).
BEGIN;
BEGIN
EXPLAIN
select
	o_orderpriority,
	count(*) as order_count
from
	orders
where
	o_orderdate >= date '1993-07-01'
	and o_orderdate < cast(date '1993-07-01' + interval '3 month' as date)
	and exists (
		select
			*
		from
			lineitem
		where
			l_orderkey = o_orderkey
			and l_commitdate < l_receiptdate
	)
group by
	o_orderpriority
order by
	o_orderpriority;
                                                           QUERY PLAN                                                           
--------------------------------------------------------------------------------------------------------------------------------
 Finalize GroupAggregate  (cost=75601.25..75647.32 rows=5 width=24)
   Group Key: orders.o_orderpriority
   ->  Gather Merge  (cost=75601.25..75647.22 rows=10 width=24)
         Workers Planned: 2
         ->  Partial GroupAggregate  (cost=74601.23..74646.04 rows=5 width=24)
               Group Key: orders.o_orderpriority
               ->  Sort  (cost=74601.23..74616.15 rows=5968 width=16)
                     Sort Key: orders.o_orderpriority
                     ->  Nested Loop Semi Join  (cost=775.99..74226.94 rows=5968 width=16)
                           ->  Parallel Bitmap Heap Scan on orders  (cost=775.56..27262.24 rows=23379 width=20)
                                 Recheck Cond: ((o_orderdate >= '1993-07-01'::date) AND (o_orderdate < '1993-10-01'::date))
                                 ->  Bitmap Index Scan on o_od  (cost=0.00..761.53 rows=56110 width=0)
                                       Index Cond: ((o_orderdate >= '1993-07-01'::date) AND (o_orderdate < '1993-10-01'::date))
                           ->  Index Scan using lineitem_pkey on lineitem  (cost=0.43..7.24 rows=5 width=4)
                                 Index Cond: (l_orderkey = orders.o_orderkey)
                                 Filter: (l_commitdate < l_receiptdate)
(16 rows)

COMMIT;
COMMIT

Query 4 executed in 0.141 second(s).
BEGIN;
BEGIN
EXPLAIN
select
	n_name,
	sum(l_extendedprice * (1 - l_discount)) as revenue
from
	customer,
	orders,
	lineitem,
	supplier,
	nation,
	region
where
	c_custkey = o_custkey
	and l_orderkey = o_orderkey
	and l_suppkey = s_suppkey
	and c_nationkey = s_nationkey
	and s_nationkey = n_nationkey
	and n_regionkey = r_regionkey
	and r_name = 'EUROPE'
	and o_orderdate >= date '1997-01-01'
	and o_orderdate < date '1997-01-01' + interval '1 year'
group by
	n_name
order by
	revenue desc;
                                                                                    QUERY PLAN                                                                                    
----------------------------------------------------------------------------------------------------------------------------------------------------------------------------------
 Sort  (cost=97816.01..97816.07 rows=25 width=136)
   Sort Key: (sum((lineitem.l_extendedprice * ('1'::numeric - lineitem.l_discount)))) DESC
   ->  Finalize GroupAggregate  (cost=97770.42..97815.43 rows=25 width=136)
         Group Key: nation.n_name
         ->  Gather Merge  (cost=97770.42..97814.74 rows=50 width=136)
               Workers Planned: 2
               ->  Partial GroupAggregate  (cost=96770.39..96808.94 rows=25 width=136)
                     Group Key: nation.n_name
                     ->  Sort  (cost=96770.39..96778.04 rows=3059 width=116)
                           Sort Key: nation.n_name
                           ->  Hash Join  (cost=8398.84..96593.30 rows=3059 width=116)
                                 Hash Cond: ((lineitem.l_suppkey = supplier.s_suppkey) AND (customer.c_nationkey = supplier.s_nationkey))
                                 ->  Nested Loop  (cost=7925.84..95716.97 rows=76825 width=128)
                                       ->  Parallel Hash Join  (cost=7925.40..35941.63 rows=19202 width=116)
                                             Hash Cond: (orders.o_custkey = customer.c_custkey)
                                             ->  Parallel Bitmap Heap Scan on orders  (cost=3182.31..30758.49 rows=96012 width=8)
                                                   Recheck Cond: ((o_orderdate >= '1997-01-01'::date) AND (o_orderdate < '1998-01-01 00:00:00'::timestamp without time zone))
                                                   ->  Bitmap Index Scan on o_od  (cost=0.00..3124.71 rows=230428 width=0)
                                                         Index Cond: ((o_orderdate >= '1997-01-01'::date) AND (o_orderdate < '1998-01-01 00:00:00'::timestamp without time zone))
                                             ->  Parallel Hash  (cost=4586.84..4586.84 rows=12500 width=116)
                                                   ->  Hash Join  (cost=2.46..4586.84 rows=12500 width=116)
                                                         Hash Cond: (customer.c_nationkey = nation.n_nationkey)
                                                         ->  Parallel Seq Scan on customer  (cost=0.00..4225.00 rows=62500 width=8)
                                                         ->  Hash  (cost=2.40..2.40 rows=5 width=108)
                                                               ->  Hash Join  (cost=1.07..2.40 rows=5 width=108)
                                                                     Hash Cond: (nation.n_regionkey = region.r_regionkey)
                                                                     ->  Seq Scan on nation  (cost=0.00..1.25 rows=25 width=112)
                                                                     ->  Hash  (cost=1.06..1.06 rows=1 width=4)
                                                                           ->  Seq Scan on region  (cost=0.00..1.06 rows=1 width=4)
                                                                                 Filter: (r_name = 'EUROPE'::bpchar)
                                       ->  Index Scan using lineitem_pkey on lineitem  (cost=0.43..2.95 rows=16 width=20)
                                             Index Cond: (l_orderkey = orders.o_orderkey)
                                 ->  Hash  (cost=323.00..323.00 rows=10000 width=8)
                                       ->  Seq Scan on supplier  (cost=0.00..323.00 rows=10000 width=8)
(34 rows)

COMMIT;
COMMIT

Query 5 executed in 0.153 second(s).
BEGIN;
BEGIN
EXPLAIN
select
	sum(l_extendedprice * l_discount) as revenue
from
	lineitem
where
	l_shipdate >= date '1997-01-01'
	and l_shipdate < cast(date '1997-01-01' + interval '1 year' as date)
	and l_discount between 0.04 - 0.01 and 0.04 + 0.01
	and l_quantity < 24;
                                                    QUERY PLAN                                                    
------------------------------------------------------------------------------------------------------------------
 Finalize Aggregate  (cost=168610.27..168610.28 rows=1 width=32)
   ->  Gather  (cost=168610.05..168610.26 rows=2 width=32)
         Workers Planned: 2
         ->  Partial Aggregate  (cost=167610.05..167610.06 rows=1 width=32)
               ->  Parallel Bitmap Heap Scan on lineitem  (cost=12383.67..167373.23 rows=47363 width=12)
                     Recheck Cond: ((l_shipdate >= '1997-01-01'::date) AND (l_shipdate < '1998-01-01'::date))
                     Filter: ((l_discount >= 0.03) AND (l_discount <= 0.05) AND (l_quantity < '24'::numeric))
                     ->  Bitmap Index Scan on l_sd  (cost=0.00..12355.25 rows=916682 width=0)
                           Index Cond: ((l_shipdate >= '1997-01-01'::date) AND (l_shipdate < '1998-01-01'::date))
 JIT:
   Functions: 9
   Options: Inlining false, Optimization false, Expressions true, Deforming true
(12 rows)

COMMIT;
COMMIT

Query 6 executed in 0.183 second(s).
BEGIN;
BEGIN
EXPLAIN
select
	supp_nation,
	cust_nation,
	l_year,
	sum(volume) as revenue
from
	(
		select
			n1.n_name as supp_nation,
			n2.n_name as cust_nation,
			extract(year from l_shipdate) as l_year,
			l_extendedprice * (1 - l_discount) as volume
		from
			supplier,
			lineitem,
			orders,
			customer,
			nation n1,
			nation n2
		where
			s_suppkey = l_suppkey
			and o_orderkey = l_orderkey
			and c_custkey = o_custkey
			and s_nationkey = n1.n_nationkey
			and c_nationkey = n2.n_nationkey
			and (
				(n1.n_name = 'ALGERIA' and n2.n_name = 'ROMANIA')
				or (n1.n_name = 'ROMANIA' and n2.n_name = 'ALGERIA')
			)
			and l_shipdate between date '1995-01-01' and date '1996-12-31'
	) as shipping
group by
	supp_nation,
	cust_nation,
	l_year
order by
	supp_nation,
	cust_nation,
	l_year;
                                                                                       QUERY PLAN                                                                                        
-----------------------------------------------------------------------------------------------------------------------------------------------------------------------------------------
 Finalize GroupAggregate  (cost=100589.96..101404.71 rows=6028 width=272)
   Group Key: n1.n_name, n2.n_name, (EXTRACT(year FROM lineitem.l_shipdate))
   ->  Gather Merge  (cost=100589.96..101251.49 rows=5024 width=272)
         Workers Planned: 2
         ->  Partial GroupAggregate  (cost=99589.94..99671.58 rows=2512 width=272)
               Group Key: n1.n_name, n2.n_name, (EXTRACT(year FROM lineitem.l_shipdate))
               ->  Sort  (cost=99589.94..99596.22 rows=2512 width=252)
                     Sort Key: n1.n_name, n2.n_name, (EXTRACT(year FROM lineitem.l_shipdate))
                     ->  Hash Join  (cost=4846.31..99448.08 rows=2512 width=252)
                           Hash Cond: (lineitem.l_suppkey = supplier.s_suppkey)
                           Join Filter: (((n1.n_name = 'ALGERIA'::bpchar) AND (n2.n_name = 'ROMANIA'::bpchar)) OR ((n1.n_name = 'ROMANIA'::bpchar) AND (n2.n_name = 'ALGERIA'::bpchar)))
                           ->  Nested Loop  (cost=4481.21..98752.79 rows=60626 width=124)
                                 ->  Parallel Hash Join  (cost=4480.77..39418.86 rows=50000 width=108)
                                       Hash Cond: (orders.o_custkey = customer.c_custkey)
                                       ->  Parallel Seq Scan on orders  (cost=0.00..32386.00 rows=625000 width=8)
                                       ->  Parallel Hash  (cost=4418.27..4418.27 rows=5000 width=108)
                                             ->  Hash Join  (cost=1.40..4418.27 rows=5000 width=108)
                                                   Hash Cond: (customer.c_nationkey = n2.n_nationkey)
                                                   ->  Parallel Seq Scan on customer  (cost=0.00..4225.00 rows=62500 width=8)
                                                   ->  Hash  (cost=1.38..1.38 rows=2 width=108)
                                                         ->  Seq Scan on nation n2  (cost=0.00..1.38 rows=2 width=108)
                                                               Filter: ((n_name = 'ROMANIA'::bpchar) OR (n_name = 'ALGERIA'::bpchar))
                                 ->  Index Scan using lineitem_pkey on lineitem  (cost=0.43..1.14 rows=5 width=24)
                                       Index Cond: (l_orderkey = orders.o_orderkey)
                                       Filter: ((l_shipdate >= '1995-01-01'::date) AND (l_shipdate <= '1996-12-31'::date))
                           ->  Hash  (cost=355.10..355.10 rows=800 width=108)
                                 ->  Hash Join  (cost=1.40..355.10 rows=800 width=108)
                                       Hash Cond: (supplier.s_nationkey = n1.n_nationkey)
                                       ->  Seq Scan on supplier  (cost=0.00..323.00 rows=10000 width=8)
                                       ->  Hash  (cost=1.38..1.38 rows=2 width=108)
                                             ->  Seq Scan on nation n1  (cost=0.00..1.38 rows=2 width=108)
                                                   Filter: ((n_name = 'ALGERIA'::bpchar) OR (n_name = 'ROMANIA'::bpchar))
 JIT:
   Functions: 57
   Options: Inlining false, Optimization false, Expressions true, Deforming true
(35 rows)

COMMIT;
COMMIT

Query 7 executed in 0.196 second(s).
BEGIN;
BEGIN
EXPLAIN
select
	o_year,
	sum(case
		when nation = 'ROMANIA' then volume
		else 0
	end) / sum(volume) as mkt_share
from
	(
		select
			extract(year from o_orderdate) as o_year,
			l_extendedprice * (1 - l_discount) as volume,
			n2.n_name as nation
		from
			part,
			supplier,
			lineitem,
			orders,
			customer,
			nation n1,
			nation n2,
			region
		where
			p_partkey = l_partkey
			and s_suppkey = l_suppkey
			and l_orderkey = o_orderkey
			and o_custkey = c_custkey
			and c_nationkey = n1.n_nationkey
			and n1.n_regionkey = r_regionkey
			and r_name = 'EUROPE'
			and s_nationkey = n2.n_nationkey
			and o_orderdate between date '1995-01-01' and date '1996-12-31'
			and p_type = 'ECONOMY POLISHED NICKEL'
	) as all_nations
group by
	o_year
order by
	o_year;
                                                                       QUERY PLAN                                                                        
---------------------------------------------------------------------------------------------------------------------------------------------------------
 Finalize GroupAggregate  (cost=121641.44..121983.91 rows=2390 width=64)
   Group Key: (EXTRACT(year FROM orders.o_orderdate))
   ->  Gather Merge  (cost=121641.44..121911.21 rows=1992 width=96)
         Workers Planned: 2
         ->  Partial GroupAggregate  (cost=120641.42..120681.26 rows=996 width=96)
               Group Key: (EXTRACT(year FROM orders.o_orderdate))
               ->  Sort  (cost=120641.42..120643.91 rows=996 width=148)
                     Sort Key: (EXTRACT(year FROM orders.o_orderdate))
                     ->  Hash Join  (cost=13840.36..120591.82 rows=996 width=148)
                           Hash Cond: (supplier.s_nationkey = n2.n_nationkey)
                           ->  Nested Loop  (cost=13838.79..120584.71 rows=996 width=20)
                                 ->  Parallel Hash Join  (cost=13838.51..120282.04 rows=1000 width=20)
                                       Hash Cond: (lineitem.l_partkey = part.p_partkey)
                                       ->  Nested Loop  (cost=11039.31..117083.63 rows=152075 width=24)
                                             ->  Parallel Hash Join  (cost=11038.88..40896.80 rows=38011 width=8)
                                                   Hash Cond: (orders.o_custkey = customer.c_custkey)
                                                   ->  Parallel Bitmap Heap Scan on orders  (cost=6295.79..35282.62 rows=190055 width=12)
                                                         Recheck Cond: ((o_orderdate >= '1995-01-01'::date) AND (o_orderdate <= '1996-12-31'::date))
                                                         ->  Bitmap Index Scan on o_od  (cost=0.00..6181.76 rows=456133 width=0)
                                                               Index Cond: ((o_orderdate >= '1995-01-01'::date) AND (o_orderdate <= '1996-12-31'::date))
                                                   ->  Parallel Hash  (cost=4586.84..4586.84 rows=12500 width=4)
                                                         ->  Hash Join  (cost=2.46..4586.84 rows=12500 width=4)
                                                               Hash Cond: (customer.c_nationkey = n1.n_nationkey)
                                                               ->  Parallel Seq Scan on customer  (cost=0.00..4225.00 rows=62500 width=8)
                                                               ->  Hash  (cost=2.40..2.40 rows=5 width=4)
                                                                     ->  Hash Join  (cost=1.07..2.40 rows=5 width=4)
                                                                           Hash Cond: (n1.n_regionkey = region.r_regionkey)
                                                                           ->  Seq Scan on nation n1  (cost=0.00..1.25 rows=25 width=8)
                                                                           ->  Hash  (cost=1.06..1.06 rows=1 width=4)
                                                                                 ->  Seq Scan on region  (cost=0.00..1.06 rows=1 width=4)
                                                                                       Filter: (r_name = 'EUROPE'::bpchar)
                                             ->  Index Scan using lineitem_pkey on lineitem  (cost=0.43..1.84 rows=16 width=24)
                                                   Index Cond: (l_orderkey = orders.o_orderkey)
                                       ->  Parallel Hash  (cost=2789.48..2789.48 rows=777 width=4)
                                             ->  Parallel Bitmap Heap Scan on part  (cost=18.66..2789.48 rows=777 width=4)
                                                   Recheck Cond: ((p_type)::text = 'ECONOMY POLISHED NICKEL'::text)
                                                   ->  Bitmap Index Scan on idx_part_p_type  (cost=0.00..18.33 rows=1321 width=0)
                                                         Index Cond: ((p_type)::text = 'ECONOMY POLISHED NICKEL'::text)
                                 ->  Index Scan using supplier_pkey on supplier  (cost=0.29..0.30 rows=1 width=8)
                                       Index Cond: (s_suppkey = lineitem.l_suppkey)
                           ->  Hash  (cost=1.25..1.25 rows=25 width=108)
                                 ->  Seq Scan on nation n2  (cost=0.00..1.25 rows=25 width=108)
 JIT:
   Functions: 63
   Options: Inlining false, Optimization false, Expressions true, Deforming true
(45 rows)

COMMIT;
COMMIT

Query 8 executed in 0.202 second(s).
BEGIN;
BEGIN
EXPLAIN
select
	nation,
	o_year,
	sum(amount) as sum_profit
from
	(
		select
			n_name as nation,
			extract(year from o_orderdate) as o_year,
			l_extendedprice * (1 - l_discount) - ps_supplycost * l_quantity as amount
		from
			part,
			supplier,
			lineitem,
			partsupp,
			orders,
			nation
		where
			s_suppkey = l_suppkey
			and ps_suppkey = l_suppkey
			and ps_partkey = l_partkey
			and p_partkey = l_partkey
			and o_orderkey = l_orderkey
			and s_nationkey = n_nationkey
			and p_name like '%rosy%'
	) as profit
group by
	nation,
	o_year
order by
	nation,
	o_year desc;
                                                                        QUERY PLAN                                                                        
----------------------------------------------------------------------------------------------------------------------------------------------------------
 Finalize GroupAggregate  (cost=252251.22..272148.56 rows=60150 width=168)
   Group Key: nation.n_name, (EXTRACT(year FROM orders.o_orderdate))
   ->  Gather Merge  (cost=252251.22..270043.31 rows=120300 width=168)
         Workers Planned: 2
         ->  Partial GroupAggregate  (cost=251251.19..255157.68 rows=60150 width=168)
               Group Key: nation.n_name, (EXTRACT(year FROM orders.o_orderdate))
               ->  Sort  (cost=251251.19..251626.72 rows=150212 width=159)
                     Sort Key: nation.n_name, (EXTRACT(year FROM orders.o_orderdate)) DESC
                     ->  Hash Join  (cost=184423.18..226526.48 rows=150212 width=159)
                           Hash Cond: (supplier.s_nationkey = nation.n_nationkey)
                           ->  Parallel Hash Join  (cost=184421.61..225688.24 rows=150212 width=31)
                                 Hash Cond: (orders.o_orderkey = lineitem.l_orderkey)
                                 ->  Parallel Seq Scan on orders  (cost=0.00..32386.00 rows=625000 width=8)
                                 ->  Parallel Hash  (cost=181516.96..181516.96 rows=150212 width=31)
                                       ->  Hash Join  (cost=153292.14..181516.96 rows=150212 width=31)
                                             Hash Cond: (lineitem.l_suppkey = supplier.s_suppkey)
                                             ->  Parallel Hash Join  (cost=152844.14..180672.72 rows=150888 width=35)
                                                   Hash Cond: ((partsupp.ps_suppkey = lineitem.l_suppkey) AND (partsupp.ps_partkey = lineitem.l_partkey))
                                                   ->  Parallel Seq Scan on partsupp  (cost=0.00..20893.33 rows=333333 width=14)
                                                   ->  Parallel Hash  (cost=149401.82..149401.82 rows=150888 width=33)
                                                         ->  Parallel Hash Join  (cost=5232.79..149401.82 rows=150888 width=33)
                                                               Hash Cond: (lineitem.l_partkey = part.p_partkey)
                                                               ->  Parallel Seq Scan on lineitem  (cost=0.00..137605.06 rows=2500506 width=29)
                                                               ->  Parallel Hash  (cost=5169.67..5169.67 rows=5050 width=4)
                                                                     ->  Parallel Seq Scan on part  (cost=0.00..5169.67 rows=5050 width=4)
                                                                           Filter: ((p_name)::text ~~ '%rosy%'::text)
                                             ->  Hash  (cost=323.00..323.00 rows=10000 width=8)
                                                   ->  Seq Scan on supplier  (cost=0.00..323.00 rows=10000 width=8)
                           ->  Hash  (cost=1.25..1.25 rows=25 width=108)
                                 ->  Seq Scan on nation  (cost=0.00..1.25 rows=25 width=108)
 JIT:
   Functions: 55
   Options: Inlining false, Optimization false, Expressions true, Deforming true
(33 rows)

COMMIT;
COMMIT

Query 9 executed in 0.201 second(s).
BEGIN;
BEGIN
EXPLAIN
select
	c_custkey,
	c_name,
	sum(l_extendedprice * (1 - l_discount)) as revenue,
	c_acctbal,
	n_name,
	c_address,
	c_phone,
	c_comment
from
	customer,
	orders,
	lineitem,
	nation
where
	c_custkey = o_custkey
	and l_orderkey = o_orderkey
	and o_orderdate >= date '1993-03-01'
	and o_orderdate < cast(date '1993-03-01' + interval '3 month' as date)
	and l_returnflag = 'R'
	and c_nationkey = n_nationkey
group by
	c_custkey,
	c_name,
	c_acctbal,
	c_phone,
	n_name,
	c_address,
	c_comment
order by
	revenue desc
LIMIT 20;
                                                                          QUERY PLAN                                                                          
--------------------------------------------------------------------------------------------------------------------------------------------------------------
 Limit  (cost=194778.00..194778.05 rows=20 width=280)
   ->  Sort  (cost=194778.00..194912.75 rows=53900 width=280)
         Sort Key: (sum((lineitem.l_extendedprice * ('1'::numeric - lineitem.l_discount)))) DESC
         ->  Finalize GroupAggregate  (cost=186418.81..193343.74 rows=53900 width=280)
               Group Key: customer.c_custkey, nation.n_name
               ->  Gather Merge  (cost=186418.81..192220.83 rows=44916 width=280)
                     Workers Planned: 2
                     ->  Partial GroupAggregate  (cost=185418.79..186036.38 rows=22458 width=280)
                           Group Key: customer.c_custkey, nation.n_name
                           ->  Sort  (cost=185418.79..185474.93 rows=22458 width=260)
                                 Sort Key: customer.c_custkey, nation.n_name
                                 ->  Hash Join  (cost=33881.85..181030.64 rows=22458 width=260)
                                       Hash Cond: (customer.c_nationkey = nation.n_nationkey)
                                       ->  Parallel Hash Join  (cost=33880.28..180960.14 rows=22458 width=160)
                                             Hash Cond: (orders.o_custkey = customer.c_custkey)
                                             ->  Parallel Hash Join  (cost=27531.03..172988.93 rows=22458 width=16)
                                                   Hash Cond: (lineitem.l_orderkey = orders.o_orderkey)
                                                   ->  Parallel Seq Scan on lineitem  (cost=0.00..143856.33 rows=610123 width=16)
                                                         Filter: (l_returnflag = 'R'::bpchar)
                                                   ->  Parallel Hash  (cost=27243.46..27243.46 rows=23006 width=8)
                                                         ->  Parallel Bitmap Heap Scan on orders  (cost=762.37..27243.46 rows=23006 width=8)
                                                               Recheck Cond: ((o_orderdate >= '1993-03-01'::date) AND (o_orderdate < '1993-06-01'::date))
                                                               ->  Bitmap Index Scan on o_od  (cost=0.00..748.57 rows=55214 width=0)
                                                                     Index Cond: ((o_orderdate >= '1993-03-01'::date) AND (o_orderdate < '1993-06-01'::date))
                                             ->  Parallel Hash  (cost=4225.00..4225.00 rows=62500 width=148)
                                                   ->  Parallel Seq Scan on customer  (cost=0.00..4225.00 rows=62500 width=148)
                                       ->  Hash  (cost=1.25..1.25 rows=25 width=108)
                                             ->  Seq Scan on nation  (cost=0.00..1.25 rows=25 width=108)
 JIT:
   Functions: 40
   Options: Inlining false, Optimization false, Expressions true, Deforming true
(31 rows)

COMMIT;
COMMIT

Query 10 executed in 0.192 second(s).
BEGIN;
BEGIN
EXPLAIN
select
	ps_partkey,
	sum(ps_supplycost * ps_availqty) as value
from
	partsupp,
	supplier,
	nation
where
	ps_suppkey = s_suppkey
	and s_nationkey = n_nationkey
	and n_name = 'KENYA'
group by
	ps_partkey having
		sum(ps_supplycost * ps_availqty) > (
			select
				sum(ps_supplycost * ps_availqty) *         inf
			from
				partsupp,
				supplier,
				nation
			where
				ps_suppkey = s_suppkey
				and s_nationkey = n_nationkey
				and n_name = 'KENYA'
		)
order by
	value desc;
ERROR:  column "inf" does not exist
LINE 17:     sum(ps_supplycost * ps_availqty) *         inf
                                                        ^

Query 11 executed in 0.139 second(s).
BEGIN;
BEGIN
EXPLAIN
select
	l_shipmode,
	sum(case
		when o_orderpriority = '1-URGENT'
			or o_orderpriority = '2-HIGH'
			then 1
		else 0
	end) as high_line_count,
	sum(case
		when o_orderpriority <> '1-URGENT'
			and o_orderpriority <> '2-HIGH'
			then 1
		else 0
	end) as low_line_count
from
	orders,
	lineitem
where
	o_orderkey = l_orderkey
	and l_shipmode in ('SHIP', 'TRUCK')
	and l_commitdate < l_receiptdate
	and l_shipdate < l_commitdate
	and l_receiptdate >= date '1995-01-01'
	and l_receiptdate < date '1995-01-01' + interval '1 year'
group by
	l_shipmode
order by
	l_shipmode;
                                                                                QUERY PLAN                                                                                
--------------------------------------------------------------------------------------------------------------------------------------------------------------------------
 Finalize GroupAggregate  (cost=208401.02..208639.91 rows=7 width=27)
   Group Key: lineitem.l_shipmode
   ->  Gather Merge  (cost=208401.02..208639.73 rows=14 width=27)
         Workers Planned: 2
         ->  Partial GroupAggregate  (cost=207401.00..207638.09 rows=7 width=27)
               Group Key: lineitem.l_shipmode
               ->  Sort  (cost=207401.00..207430.63 rows=11851 width=27)
                     Sort Key: lineitem.l_shipmode
                     ->  Parallel Hash Join  (cost=167132.49..206599.12 rows=11851 width=27)
                           Hash Cond: (orders.o_orderkey = lineitem.l_orderkey)
                           ->  Parallel Seq Scan on orders  (cost=0.00..32386.00 rows=625000 width=20)
                           ->  Parallel Hash  (cost=166984.35..166984.35 rows=11851 width=15)
                                 ->  Parallel Bitmap Heap Scan on lineitem  (cost=12056.43..166984.35 rows=11851 width=15)
                                       Recheck Cond: ((l_receiptdate >= '1995-01-01'::date) AND (l_receiptdate < '1996-01-01 00:00:00'::timestamp without time zone))
                                       Filter: ((l_shipmode = ANY ('{SHIP,TRUCK}'::bpchar[])) AND (l_commitdate < l_receiptdate) AND (l_shipdate < l_commitdate))
                                       ->  Bitmap Index Scan on l_rd  (cost=0.00..12049.32 rows=894089 width=0)
                                             Index Cond: ((l_receiptdate >= '1995-01-01'::date) AND (l_receiptdate < '1996-01-01 00:00:00'::timestamp without time zone))
 JIT:
   Functions: 23
   Options: Inlining false, Optimization false, Expressions true, Deforming true
(20 rows)

COMMIT;
COMMIT

Query 12 executed in 0.194 second(s).
BEGIN;
BEGIN
EXPLAIN
select
	c_count,
	count(*) as custdist
from
	(
		select
			c_custkey,
			count(o_orderkey)
		from
			customer left outer join orders on
				c_custkey = o_custkey
				and o_comment not like '%pending%accounts%'
		group by
			c_custkey
	) as c_orders (c_custkey, c_count)
group by
	c_count
order by
	custdist desc,
	c_count desc;
                                                                    QUERY PLAN                                                                     
---------------------------------------------------------------------------------------------------------------------------------------------------
 Sort  (cost=137670.35..137670.85 rows=200 width=16)
   Sort Key: (count(*)) DESC, (count(orders.o_orderkey)) DESC
   ->  HashAggregate  (cost=137660.71..137662.71 rows=200 width=16)
         Group Key: count(orders.o_orderkey)
         ->  Finalize GroupAggregate  (cost=97408.26..135410.71 rows=150000 width=12)
               Group Key: customer.c_custkey
               ->  Gather Merge  (cost=97408.26..132410.71 rows=300000 width=12)
                     Workers Planned: 2
                     ->  Sort  (cost=96408.24..96783.24 rows=150000 width=12)
                           Sort Key: customer.c_custkey
                           ->  Partial HashAggregate  (cost=74564.46..80946.79 rows=150000 width=12)
                                 Group Key: customer.c_custkey
                                 Planned Partitions: 4
                                 ->  Parallel Hash Right Join  (cost=3822.69..39411.70 rows=624938 width=8)
                                       Hash Cond: (orders.o_custkey = customer.c_custkey)
                                       ->  Parallel Seq Scan on orders  (cost=0.00..33948.50 rows=624938 width=8)
                                             Filter: ((o_comment)::text !~~ '%pending%accounts%'::text)
                                       ->  Parallel Hash  (cost=3041.44..3041.44 rows=62500 width=4)
                                             ->  Parallel Index Only Scan using customer_pkey on customer  (cost=0.42..3041.44 rows=62500 width=4)
 JIT:
   Functions: 18
   Options: Inlining false, Optimization false, Expressions true, Deforming true
(22 rows)

COMMIT;
COMMIT

Query 13 executed in 0.186 second(s).
BEGIN;
BEGIN
EXPLAIN
select
	100.00 * sum(case
		when p_type like 'PROMO%'
			then l_extendedprice * (1 - l_discount)
		else 0
	end) / sum(l_extendedprice * (1 - l_discount)) as promo_revenue
from
	lineitem,
	part
where
	l_partkey = p_partkey
	and l_shipdate >= date '1995-11-01'
	and l_shipdate < cast(date '1995-11-01' + interval '1 month' as date);
                                                       QUERY PLAN                                                       
------------------------------------------------------------------------------------------------------------------------
 Finalize Aggregate  (cost=114775.40..114775.42 rows=1 width=32)
   ->  Gather  (cost=114775.17..114775.38 rows=2 width=64)
         Workers Planned: 2
         ->  Partial Aggregate  (cost=113775.17..113775.18 rows=1 width=64)
               ->  Parallel Hash Join  (cost=7030.24..113232.03 rows=31036 width=33)
                     Hash Cond: (lineitem.l_partkey = part.p_partkey)
                     ->  Parallel Bitmap Heap Scan on lineitem  (cost=1027.25..107147.21 rows=31171 width=16)
                           Recheck Cond: ((l_shipdate >= '1995-11-01'::date) AND (l_shipdate < '1995-12-01'::date))
                           ->  Bitmap Index Scan on l_sd  (cost=0.00..1008.54 rows=74811 width=0)
                                 Index Cond: ((l_shipdate >= '1995-11-01'::date) AND (l_shipdate < '1995-12-01'::date))
                     ->  Parallel Hash  (cost=4961.33..4961.33 rows=83333 width=25)
                           ->  Parallel Seq Scan on part  (cost=0.00..4961.33 rows=83333 width=25)
 JIT:
   Functions: 17
   Options: Inlining false, Optimization false, Expressions true, Deforming true
(15 rows)

COMMIT;
COMMIT

Query 14 executed in 0.179 second(s).
BEGIN;
BEGIN
create or replace view revenue0 (supplier_no, total_revenue) as
	select
		l_suppkey,
		sum(l_extendedprice * (1 - l_discount))
	from
		lineitem
	where
		l_shipdate >= '1997-03-01'
		and l_shipdate < date'1997-03-01' + interval '90 days'
	group by
		l_suppkey;
CREATE VIEW
EXPLAIN
select
	s_suppkey,
	s_name,
	s_address,
	s_phone,
	total_revenue
from
	supplier,
	revenue0
where
	s_suppkey = supplier_no
	and total_revenue = (
		select
			max(total_revenue)
		from
			revenue0
	)
order by
	s_suppkey;
                                                                              QUERY PLAN                                                                              
----------------------------------------------------------------------------------------------------------------------------------------------------------------------
 Nested Loop  (cost=294675.32..297628.01 rows=50 width=103)
   InitPlan 1
     ->  Aggregate  (cost=148710.41..148710.42 rows=1 width=32)
           ->  Finalize GroupAggregate  (cost=145964.62..148584.85 rows=10045 width=36)
                 Group Key: lineitem_1.l_suppkey
                 ->  Gather Merge  (cost=145964.62..148308.61 rows=20090 width=36)
                       Workers Planned: 2
                       ->  Sort  (cost=144964.59..144989.71 rows=10045 width=36)
                             Sort Key: lineitem_1.l_suppkey
                             ->  Partial HashAggregate  (cost=144171.33..144296.89 rows=10045 width=36)
                                   Group Key: lineitem_1.l_suppkey
                                   ->  Parallel Bitmap Heap Scan on lineitem lineitem_1  (cost=2998.56..143261.52 rows=90981 width=16)
                                         Recheck Cond: ((l_shipdate >= '1997-03-01'::date) AND (l_shipdate < '1997-05-30 00:00:00'::timestamp without time zone))
                                         ->  Bitmap Index Scan on l_sd  (cost=0.00..2943.97 rows=218354 width=0)
                                               Index Cond: ((l_shipdate >= '1997-03-01'::date) AND (l_shipdate < '1997-05-30 00:00:00'::timestamp without time zone))
   ->  Finalize GroupAggregate  (cost=145964.62..148609.96 rows=50 width=36)
         Group Key: lineitem.l_suppkey
         Filter: (sum((lineitem.l_extendedprice * ('1'::numeric - lineitem.l_discount))) = (InitPlan 1).col1)
         ->  Gather Merge  (cost=145964.62..148308.61 rows=20090 width=36)
               Workers Planned: 2
               ->  Sort  (cost=144964.59..144989.71 rows=10045 width=36)
                     Sort Key: lineitem.l_suppkey
                     ->  Partial HashAggregate  (cost=144171.33..144296.89 rows=10045 width=36)
                           Group Key: lineitem.l_suppkey
                           ->  Parallel Bitmap Heap Scan on lineitem  (cost=2998.56..143261.52 rows=90981 width=16)
                                 Recheck Cond: ((l_shipdate >= '1997-03-01'::date) AND (l_shipdate < '1997-05-30 00:00:00'::timestamp without time zone))
                                 ->  Bitmap Index Scan on l_sd  (cost=0.00..2943.97 rows=218354 width=0)
                                       Index Cond: ((l_shipdate >= '1997-03-01'::date) AND (l_shipdate < '1997-05-30 00:00:00'::timestamp without time zone))
   ->  Index Scan using supplier_pkey on supplier  (cost=0.29..6.14 rows=1 width=71)
         Index Cond: (s_suppkey = lineitem.l_suppkey)
 JIT:
   Functions: 25
   Options: Inlining false, Optimization false, Expressions true, Deforming true
(33 rows)

drop view revenue0;
DROP VIEW
COMMIT;
COMMIT

Query 15 executed in 0.187 second(s).
BEGIN;
BEGIN
EXPLAIN
select
	p_brand,
	p_type,
	p_size,
	count(distinct ps_suppkey) as supplier_cnt
from
	partsupp,
	part
where
	p_partkey = ps_partkey
	and p_brand <> 'Brand#32'
	and p_type not like 'SMALL PLATED%'
	and p_size in (20, 26, 47, 27, 22, 37, 36, 43)
	and ps_suppkey not in (
		select
			s_suppkey
		from
			supplier
		where
			s_comment like '%Customer%Complaints%'
	)
group by
	p_brand,
	p_type,
	p_size
order by
	supplier_cnt desc,
	p_brand,
	p_type,
	p_size;
                                                                                         QUERY PLAN                                                                                         
--------------------------------------------------------------------------------------------------------------------------------------------------------------------------------------------
 Sort  (cost=36088.33..36128.70 rows=16151 width=44)
   Sort Key: (count(DISTINCT partsupp.ps_suppkey)) DESC, part.p_brand, part.p_type, part.p_size
   ->  GroupAggregate  (cost=27112.04..34959.43 rows=16151 width=44)
         Group Key: part.p_brand, part.p_type, part.p_size
         ->  Gather Merge  (cost=27112.04..34190.18 rows=60774 width=40)
               Workers Planned: 2
               ->  Sort  (cost=26112.02..26175.32 rows=25322 width=40)
                     Sort Key: part.p_brand, part.p_type, part.p_size, partsupp.ps_suppkey
                     ->  Parallel Hash Join  (cost=6718.02..24259.95 rows=25322 width=40)
                           Hash Cond: (partsupp.ps_partkey = part.p_partkey)
                           ->  Parallel Index Only Scan using partsupp_pkey on partsupp  (cost=348.43..17452.85 rows=166667 width=8)
                                 Filter: (NOT (ANY (ps_suppkey = (hashed SubPlan 1).col1)))
                                 SubPlan 1
                                   ->  Seq Scan on supplier  (cost=0.00..348.00 rows=1 width=4)
                                         Filter: ((s_comment)::text ~~ '%Customer%Complaints%'::text)
                           ->  Parallel Hash  (cost=6211.33..6211.33 rows=12661 width=40)
                                 ->  Parallel Seq Scan on part  (cost=0.00..6211.33 rows=12661 width=40)
                                       Filter: ((p_brand <> 'Brand#32'::bpchar) AND ((p_type)::text !~~ 'SMALL PLATED%'::text) AND (p_size = ANY ('{20,26,47,27,22,37,36,43}'::integer[])))
(18 rows)

COMMIT;
COMMIT

Query 16 executed in 0.140 second(s).
BEGIN;
BEGIN
EXPLAIN
select
	sum(l_extendedprice) / 7.0 as avg_yearly
from
	lineitem,
	part
where
	p_partkey = l_partkey
	and p_brand = 'Brand#24'
	and p_container = 'MED BAG'
	and l_quantity < (
		select
			0.2 * avg(l_quantity)
		from
			lineitem
		where
			l_partkey = p_partkey
	);
                                                  QUERY PLAN                                                   
---------------------------------------------------------------------------------------------------------------
 Aggregate  (cost=2065317.74..2065317.75 rows=1 width=32)
   ->  Hash Join  (cost=794.60..2065312.85 rows=1952 width=8)
         Hash Cond: (lineitem.l_partkey = part.p_partkey)
         Join Filter: (lineitem.l_quantity < (SubPlan 1))
         ->  Seq Scan on lineitem  (cost=0.00..172612.15 rows=6001215 width=17)
         ->  Hash  (cost=792.15..792.15 rows=196 width=4)
               ->  Bitmap Heap Scan on part  (cost=145.44..792.15 rows=196 width=4)
                     Recheck Cond: ((p_container = 'MED BAG'::bpchar) AND (p_brand = 'Brand#24'::bpchar))
                     ->  BitmapAnd  (cost=145.44..145.44 rows=196 width=0)
                           ->  Bitmap Index Scan on idx_part_p_container  (cost=0.00..58.17 rows=5033 width=0)
                                 Index Cond: (p_container = 'MED BAG'::bpchar)
                           ->  Bitmap Index Scan on idx_part_p_brand  (cost=0.00..86.92 rows=7800 width=0)
                                 Index Cond: (p_brand = 'Brand#24'::bpchar)
         SubPlan 1
           ->  Aggregate  (cost=187615.27..187615.28 rows=1 width=32)
                 ->  Seq Scan on lineitem lineitem_1  (cost=0.00..187615.19 rows=30 width=5)
                       Filter: (l_partkey = part.p_partkey)
 JIT:
   Functions: 24
   Options: Inlining true, Optimization true, Expressions true, Deforming true
(20 rows)

COMMIT;
COMMIT

Query 17 executed in 0.194 second(s).
BEGIN;
BEGIN
EXPLAIN
select
	c_name,
	c_custkey,
	o_orderkey,
	o_orderdate,
	o_totalprice,
	sum(l_quantity)
from
	customer,
	orders,
	lineitem
where
	o_orderkey in (
		select
			l_orderkey
		from
			lineitem
		group by
			l_orderkey having
				sum(l_quantity) > 314
	)
	and c_custkey = o_custkey
	and o_orderkey = l_orderkey
group by
	c_name,
	c_custkey,
	o_orderkey,
	o_orderdate,
	o_totalprice
order by
	o_totalprice desc,
	o_orderdate
LIMIT 100;
                                                                              QUERY PLAN                                                                              
----------------------------------------------------------------------------------------------------------------------------------------------------------------------
 Limit  (cost=667944.35..667944.60 rows=100 width=71)
   ->  Sort  (cost=667944.35..669221.03 rows=510671 width=71)
         Sort Key: orders.o_totalprice DESC, orders.o_orderdate
         ->  Finalize GroupAggregate  (cost=583880.15..648426.87 rows=510671 width=71)
               Group Key: customer.c_custkey, orders.o_orderkey
               ->  Gather Merge  (cost=583880.15..637787.88 rows=425560 width=71)
                     Workers Planned: 2
                     ->  Partial GroupAggregate  (cost=582880.13..587667.68 rows=212780 width=71)
                           Group Key: customer.c_custkey, orders.o_orderkey
                           ->  Sort  (cost=582880.13..583412.08 rows=212780 width=44)
                                 Sort Key: customer.c_custkey, orders.o_orderkey
                                 ->  Nested Loop  (cost=458628.02..557501.66 rows=212780 width=44)
                                       ->  Parallel Hash Join  (cost=458627.59..492793.82 rows=53184 width=43)
                                             Hash Cond: (orders.o_custkey = customer.c_custkey)
                                             ->  Hash Join  (cost=453621.34..487647.96 rows=53184 width=24)
                                                   Hash Cond: (orders.o_orderkey = lineitem_1.l_orderkey)
                                                   ->  Parallel Seq Scan on orders  (cost=0.00..32386.00 rows=625000 width=20)
                                                   ->  Hash  (cost=452025.81..452025.81 rows=127642 width=4)
                                                         ->  GroupAggregate  (cost=0.43..452025.81 rows=127642 width=4)
                                                               Group Key: lineitem_1.l_orderkey
                                                               Filter: (sum(lineitem_1.l_quantity) > '314'::numeric)
                                                               ->  Index Scan using lineitem_pkey on lineitem lineitem_1  (cost=0.43..416275.85 rows=6001215 width=9)
                                             ->  Parallel Hash  (cost=4225.00..4225.00 rows=62500 width=23)
                                                   ->  Parallel Seq Scan on customer  (cost=0.00..4225.00 rows=62500 width=23)
                                       ->  Index Scan using lineitem_pkey on lineitem  (cost=0.43..1.06 rows=16 width=9)
                                             Index Cond: (l_orderkey = orders.o_orderkey)
 JIT:
   Functions: 36
   Options: Inlining true, Optimization true, Expressions true, Deforming true
(29 rows)

COMMIT;
COMMIT

Query 18 executed in 0.193 second(s).
BEGIN;
BEGIN
EXPLAIN
select
	sum(l_extendedprice* (1 - l_discount)) as revenue
from
	lineitem,
	part
where
	(
		p_partkey = l_partkey
		and p_brand = 'Brand#35'
		and p_container in ('SM CASE', 'SM BOX', 'SM PACK', 'SM PKG')
		and l_quantity >= 2 and l_quantity <= 2+10
		and p_size between 1 and 5
		and l_shipmode in ('AIR', 'AIR REG')
		and l_shipinstruct = 'DELIVER IN PERSON'
	)
	or
	(
		p_partkey = l_partkey
		and p_brand = 'Brand#41'
		and p_container in ('MED BAG', 'MED BOX', 'MED PKG', 'MED PACK')
		and l_quantity >= 20 and l_quantity <= 20+10
		and p_size between 1 and 10
		and l_shipmode in ('AIR', 'AIR REG')
		and l_shipinstruct = 'DELIVER IN PERSON'
	)
	or
	(
		p_partkey = l_partkey
		and p_brand = 'Brand#23'
		and p_container in ('LG CASE', 'LG BOX', 'LG PACK', 'LG PKG')
		and l_quantity >= 25 and l_quantity <= 25+10
		and p_size between 1 and 15
		and l_shipmode in ('AIR', 'AIR REG')
		and l_shipinstruct = 'DELIVER IN PERSON'
	);
                                                                                                                                                                                                                                                                                                                                                                           QUERY PLAN                                                                                                                                                                                                                                                                                                                                                                           
----------------------------------------------------------------------------------------------------------------------------------------------------------------------------------------------------------------------------------------------------------------------------------------------------------------------------------------------------------------------------------------------------------------------------------------------------------------------------------------------------------------------------------------------------------------------------------------------------------------------------------------------------------------------------------------------------------------------------------------------------------------
 Finalize Aggregate  (cost=184127.31..184127.32 rows=1 width=32)
   ->  Gather  (cost=184127.09..184127.30 rows=2 width=32)
         Workers Planned: 2
         ->  Partial Aggregate  (cost=183127.09..183127.10 rows=1 width=32)
               ->  Parallel Hash Join  (cost=14076.14..183126.72 rows=49 width=12)
                     Hash Cond: (lineitem.l_partkey = part.p_partkey)
                     Join Filter: (((part.p_brand = 'Brand#35'::bpchar) AND (part.p_container = ANY ('{"SM CASE","SM BOX","SM PACK","SM PKG"}'::bpchar[])) AND (lineitem.l_quantity >= '2'::numeric) AND (lineitem.l_quantity <= '12'::numeric) AND (part.p_size <= 5)) OR ((part.p_brand = 'Brand#41'::bpchar) AND (part.p_container = ANY ('{"MED BAG","MED BOX","MED PKG","MED PACK"}'::bpchar[])) AND (lineitem.l_quantity >= '20'::numeric) AND (lineitem.l_quantity <= '30'::numeric) AND (part.p_size <= 10)) OR ((part.p_brand = 'Brand#23'::bpchar) AND (part.p_container = ANY ('{"LG CASE","LG BOX","LG PACK","LG PKG"}'::bpchar[])) AND (lineitem.l_quantity >= '25'::numeric) AND (lineitem.l_quantity <= '35'::numeric) AND (part.p_size <= 15)))
                     ->  Parallel Bitmap Heap Scan on lineitem  (cost=9291.43..178220.57 rows=46263 width=21)
                           Recheck Cond: (l_shipmode = ANY ('{AIR,"AIR REG"}'::bpchar[]))
                           Filter: ((l_shipinstruct = 'DELIVER IN PERSON'::bpchar) AND (((l_quantity >= '2'::numeric) AND (l_quantity <= '12'::numeric)) OR ((l_quantity >= '20'::numeric) AND (l_quantity <= '30'::numeric)) OR ((l_quantity >= '25'::numeric) AND (l_quantity <= '35'::numeric))))
                           ->  Bitmap Index Scan on idx_lineitem_l_shipmode  (cost=0.00..9263.67 rows=864375 width=0)
                                 Index Cond: (l_shipmode = ANY ('{AIR,"AIR REG"}'::bpchar[]))
                     ->  Parallel Hash  (cost=4780.95..4780.95 rows=301 width=30)
                           ->  Parallel Bitmap Heap Scan on part  (cost=968.68..4780.95 rows=301 width=30)
                                 Recheck Cond: (((p_brand = 'Brand#35'::bpchar) AND (p_container = ANY ('{"SM CASE","SM BOX","SM PACK","SM PKG"}'::bpchar[]))) OR ((p_brand = 'Brand#41'::bpchar) AND (p_container = ANY ('{"MED BAG","MED BOX","MED PKG","MED PACK"}'::bpchar[]))) OR ((p_brand = 'Brand#23'::bpchar) AND (p_container = ANY ('{"LG CASE","LG BOX","LG PACK","LG PKG"}'::bpchar[]))))
                                 Filter: ((p_size >= 1) AND (((p_brand = 'Brand#35'::bpchar) AND (p_container = ANY ('{"SM CASE","SM BOX","SM PACK","SM PKG"}'::bpchar[])) AND (p_size <= 5)) OR ((p_brand = 'Brand#41'::bpchar) AND (p_container = ANY ('{"MED BAG","MED BOX","MED PKG","MED PACK"}'::bpchar[])) AND (p_size <= 10)) OR ((p_brand = 'Brand#23'::bpchar) AND (p_container = ANY ('{"LG CASE","LG BOX","LG PACK","LG PKG"}'::bpchar[])) AND (p_size <= 15))))
                                 ->  BitmapOr  (cost=968.68..968.68 rows=2497 width=0)
                                       ->  BitmapAnd  (cost=319.62..319.62 rows=814 width=0)
                                             ->  Bitmap Index Scan on idx_part_p_brand  (cost=0.00..94.97 rows=8340 width=0)
                                                   Index Cond: (p_brand = 'Brand#35'::bpchar)
                                             ->  Bitmap Index Scan on idx_part_p_container  (cost=0.00..224.14 rows=19527 width=0)
                                                   Index Cond: (p_container = ANY ('{"SM CASE","SM BOX","SM PACK","SM PKG"}'::bpchar[]))
                                       ->  BitmapAnd  (cost=327.51..327.51 rows=858 width=0)
                                             ->  Bitmap Index Scan on idx_part_p_brand  (cost=0.00..94.92 rows=8333 width=0)
                                                   Index Cond: (p_brand = 'Brand#41'::bpchar)
                                             ->  Bitmap Index Scan on idx_part_p_container  (cost=0.00..232.09 rows=20587 width=0)
                                                   Index Cond: (p_container = ANY ('{"MED BAG","MED BOX","MED PKG","MED PACK"}'::bpchar[]))
                                       ->  BitmapAnd  (cost=321.05..321.05 rows=825 width=0)
                                             ->  Bitmap Index Scan on idx_part_p_brand  (cost=0.00..95.32 rows=8387 width=0)
                                                   Index Cond: (p_brand = 'Brand#23'::bpchar)
                                             ->  Bitmap Index Scan on idx_part_p_container  (cost=0.00..225.22 rows=19673 width=0)
                                                   Index Cond: (p_container = ANY ('{"LG CASE","LG BOX","LG PACK","LG PKG"}'::bpchar[]))
 JIT:
   Functions: 25
   Options: Inlining false, Optimization false, Expressions true, Deforming true
(35 rows)

COMMIT;
COMMIT

Query 19 executed in 0.191 second(s).
BEGIN;
BEGIN
EXPLAIN
select
	s_name,
	s_address
from
	supplier,
	nation
where
	s_suppkey in (
		select
			ps_suppkey
		from
			partsupp
		where
			ps_partkey in (
				select
					p_partkey
				from
					part
				where
					p_name like 'steel%'
			)
			and ps_availqty > (
				select
					0.5 * sum(l_quantity)
				from
					lineitem
				where
					l_partkey = ps_partkey
					and l_suppkey = ps_suppkey
					and l_shipdate >= '1996-01-01'
					and l_shipdate < cast(date '1996-01-01' + interval '1 year' as date)
			)
	)
	and s_nationkey = n_nationkey
	and n_name = 'BRAZIL'
order by
	s_name;
                                                           QUERY PLAN                                                           
--------------------------------------------------------------------------------------------------------------------------------
 Nested Loop Semi Join  (cost=0.71..1741980132.06 rows=107 width=51)
   Join Filter: (supplier.s_suppkey = partsupp.ps_suppkey)
   ->  Nested Loop  (cost=0.29..780.09 rows=400 width=55)
         Join Filter: (nation.n_nationkey = supplier.s_nationkey)
         ->  Index Scan using idx_supplier_s_name on supplier  (cost=0.29..628.78 rows=10000 width=59)
         ->  Materialize  (cost=0.00..1.32 rows=1 width=4)
               ->  Seq Scan on nation  (cost=0.00..1.31 rows=1 width=4)
                     Filter: (n_name = 'BRAZIL'::bpchar)
   ->  Materialize  (cost=0.42..1741963200.70 rows=2693 width=4)
         ->  Nested Loop  (cost=0.42..1741963187.23 rows=2693 width=4)
               ->  Seq Scan on part  (cost=0.00..6628.00 rows=2020 width=4)
                     Filter: ((p_name)::text ~~ 'steel%'::text)
               ->  Index Scan using partsupp_pkey on partsupp  (cost=0.42..862354.72 rows=1 width=8)
                     Index Cond: (ps_partkey = part.p_partkey)
                     Filter: ((ps_availqty)::numeric > (SubPlan 1))
                     SubPlan 1
                       ->  Aggregate  (cost=215585.90..215585.91 rows=1 width=32)
                             ->  Bitmap Heap Scan on lineitem  (cost=12494.65..215585.89 rows=1 width=5)
                                   Recheck Cond: ((l_shipdate >= '1996-01-01'::date) AND (l_shipdate < '1997-01-01'::date))
                                   Filter: ((l_partkey = partsupp.ps_partkey) AND (l_suppkey = partsupp.ps_suppkey))
                                   ->  Bitmap Index Scan on l_sd  (cost=0.00..12494.65 rows=927022 width=0)
                                         Index Cond: ((l_shipdate >= '1996-01-01'::date) AND (l_shipdate < '1997-01-01'::date))
 JIT:
   Functions: 31
   Options: Inlining true, Optimization true, Expressions true, Deforming true
(25 rows)

COMMIT;
COMMIT

Query 20 executed in 0.181 second(s).
BEGIN;
BEGIN
EXPLAIN
select
	s_name,
	count(*) as numwait
from
	supplier,
	lineitem l1,
	orders,
	nation
where
	s_suppkey = l1.l_suppkey
	and o_orderkey = l1.l_orderkey
	and o_orderstatus = 'F'
	and l1.l_receiptdate > l1.l_commitdate
	and exists (
		select
			*
		from
			lineitem l2
		where
			l2.l_orderkey = l1.l_orderkey
			and l2.l_suppkey <> l1.l_suppkey
	)
	and not exists (
		select
			*
		from
			lineitem l3
		where
			l3.l_orderkey = l1.l_orderkey
			and l3.l_suppkey <> l1.l_suppkey
			and l3.l_receiptdate > l3.l_commitdate
	)
	and s_nationkey = n_nationkey
	and n_name = 'MOROCCO'
group by
	s_name
order by
	numwait desc,
	s_name
LIMIT 100;
                                                             QUERY PLAN                                                             
------------------------------------------------------------------------------------------------------------------------------------
 Limit  (cost=170157.12..170157.12 rows=1 width=34)
   ->  Sort  (cost=170157.12..170157.12 rows=1 width=34)
         Sort Key: (count(*)) DESC, supplier.s_name
         ->  GroupAggregate  (cost=170157.09..170157.11 rows=1 width=34)
               Group Key: supplier.s_name
               ->  Sort  (cost=170157.09..170157.09 rows=1 width=26)
                     Sort Key: supplier.s_name
                     ->  Nested Loop  (cost=1361.32..170157.08 rows=1 width=26)
                           ->  Nested Loop Semi Join  (cost=1360.89..170156.57 rows=1 width=34)
                                 ->  Gather  (cost=1360.46..170155.54 rows=1 width=34)
                                       Workers Planned: 2
                                       ->  Nested Loop Anti Join  (cost=360.46..169155.44 rows=1 width=34)
                                             ->  Hash Join  (cost=360.02..147673.90 rows=33191 width=34)
                                                   Hash Cond: (l1.l_suppkey = supplier.s_suppkey)
                                                   ->  Parallel Seq Scan on lineitem l1  (cost=0.00..143856.33 rows=833502 width=8)
                                                         Filter: (l_receiptdate > l_commitdate)
                                                   ->  Hash  (cost=355.02..355.02 rows=400 width=30)
                                                         ->  Hash Join  (cost=1.32..355.02 rows=400 width=30)
                                                               Hash Cond: (supplier.s_nationkey = nation.n_nationkey)
                                                               ->  Seq Scan on supplier  (cost=0.00..323.00 rows=10000 width=34)
                                                               ->  Hash  (cost=1.31..1.31 rows=1 width=4)
                                                                     ->  Seq Scan on nation  (cost=0.00..1.31 rows=1 width=4)
                                                                           Filter: (n_name = 'MOROCCO'::bpchar)
                                             ->  Index Scan using lineitem_pkey on lineitem l3  (cost=0.43..1.05 rows=5 width=8)
                                                   Index Cond: (l_orderkey = l1.l_orderkey)
                                                   Filter: ((l_receiptdate > l_commitdate) AND (l_suppkey <> l1.l_suppkey))
                                 ->  Index Scan using lineitem_pkey on lineitem l2  (cost=0.43..1.01 rows=16 width=8)
                                       Index Cond: (l_orderkey = l1.l_orderkey)
                                       Filter: (l_suppkey <> l1.l_suppkey)
                           ->  Index Scan using orders_pkey on orders  (cost=0.43..0.51 rows=1 width=4)
                                 Index Cond: (o_orderkey = l1.l_orderkey)
                                 Filter: (o_orderstatus = 'F'::bpchar)
 JIT:
   Functions: 44
   Options: Inlining false, Optimization false, Expressions true, Deforming true
(35 rows)

COMMIT;
COMMIT

Query 21 executed in 0.200 second(s).
BEGIN;
BEGIN
EXPLAIN
select
	cntrycode,
	count(*) as numcust,
	sum(c_acctbal) as totacctbal
from
	(
		select
			substring(c_phone from 1 for 2) as cntrycode,
			c_acctbal
		from
			customer
		where
			substring(c_phone from 1 for 2) in
				('26', '16', '21', '28', '14', '18', '10')
			and c_acctbal > (
				select
					avg(c_acctbal)
				from
					customer
				where
					c_acctbal > 0.00
					and substring(c_phone from 1 for 2) in
						('26', '16', '21', '28', '14', '18', '10')
			)
			and not exists (
				select
					*
				from
					orders
				where
					o_custkey = c_custkey
			)
	) as vip
group by
	cntrycode
order by
	cntrycode;
                                                                           QUERY PLAN                                                                           
----------------------------------------------------------------------------------------------------------------------------------------------------------------
 Finalize GroupAggregate  (cost=50506.48..50606.74 rows=751 width=72)
   Group Key: (SUBSTRING(customer.c_phone FROM 1 FOR 2))
   InitPlan 1
     ->  Finalize Aggregate  (cost=6245.82..6245.83 rows=1 width=32)
           ->  Gather  (cost=6245.60..6245.81 rows=2 width=32)
                 Workers Planned: 2
                 ->  Partial Aggregate  (cost=5245.60..5245.61 rows=1 width=32)
                       ->  Parallel Seq Scan on customer customer_1  (cost=0.00..5240.62 rows=1988 width=6)
                             Filter: ((c_acctbal > 0.00) AND (SUBSTRING(c_phone FROM 1 FOR 2) = ANY ('{26,16,21,28,14,18,10}'::text[])))
   ->  Gather Merge  (cost=44260.65..44341.51 rows=626 width=72)
         Workers Planned: 2
         ->  Partial GroupAggregate  (cost=43260.62..43269.23 rows=313 width=72)
               Group Key: (SUBSTRING(customer.c_phone FROM 1 FOR 2))
               ->  Sort  (cost=43260.62..43261.41 rows=313 width=38)
                     Sort Key: (SUBSTRING(customer.c_phone FROM 1 FOR 2))
                     ->  Parallel Hash Right Anti Join  (cost=5249.74..43247.65 rows=313 width=38)
                           Hash Cond: (orders.o_custkey = customer.c_custkey)
                           ->  Parallel Seq Scan on orders  (cost=0.00..32386.00 rows=625000 width=4)
                           ->  Parallel Hash  (cost=5240.62..5240.62 rows=729 width=26)
                                 ->  Parallel Seq Scan on customer  (cost=0.00..5240.62 rows=729 width=26)
                                       Filter: ((c_acctbal > (InitPlan 1).col1) AND (SUBSTRING(c_phone FROM 1 FOR 2) = ANY ('{26,16,21,28,14,18,10}'::text[])))
(21 rows)

COMMIT;
COMMIT

Query 22 executed in 0.144 second(s).

