=== Experiment: no_index ===
INDEX_ALL=0
INDEX_NUMBERS=0
INDEX_DATES=0
INDEX_TEXT=0

[Info] Running drop_indexes.sh
[Info] Dropping date indexes
[Info] Dropping numbers indexes
[Info] Dropping text indexes
[Info] Running create_indexes.sh

[Info] Running queries(1,2,3,4,5,6,7,8,9,10,11,12,13,14,15,16,17,18,19,20,21,22) for no_index
BEGIN;
BEGIN
EXPLAIN
select
	l_returnflag,
	l_linestatus,
	sum(l_quantity) as sum_qty,
	sum(l_extendedprice) as sum_base_price,
	sum(l_extendedprice * (1 - l_discount)) as sum_disc_price,
	sum(l_extendedprice * (1 - l_discount) * (1 + l_tax)) as sum_charge,
	avg(l_quantity) as avg_qty,
	avg(l_extendedprice) as avg_price,
	avg(l_discount) as avg_disc,
	count(*) as count_order
from
	lineitem
where
	l_shipdate <= date '1998-12-01' - interval '93 days'
group by
	l_returnflag,
	l_linestatus
order by
	l_returnflag,
	l_linestatus;
                                              QUERY PLAN                                              
------------------------------------------------------------------------------------------------------
 Finalize GroupAggregate  (cost=1151001.02..1151002.97 rows=6 width=236)
   Group Key: l_returnflag, l_linestatus
   ->  Gather Merge  (cost=1151001.02..1151002.42 rows=12 width=236)
         Workers Planned: 2
         ->  Sort  (cost=1150000.99..1150001.01 rows=6 width=236)
               Sort Key: l_returnflag, l_linestatus
               ->  Partial HashAggregate  (cost=1150000.78..1150000.92 rows=6 width=236)
                     Group Key: l_returnflag, l_linestatus
                     ->  Parallel Seq Scan on lineitem  (cost=0.00..718979.67 rows=12314889 width=25)
                           Filter: (l_shipdate <= '1998-08-30 00:00:00'::timestamp without time zone)
 JIT:
   Functions: 9
   Options: Inlining true, Optimization true, Expressions true, Deforming true
(13 rows)

COMMIT;
COMMIT

Query 1 executed in 0.195 second(s).
BEGIN;
BEGIN
EXPLAIN
select
	s_acctbal,
	s_name,
	n_name,
	p_partkey,
	p_mfgr,
	s_address,
	s_phone,
	s_comment
from
	part,
	supplier,
	partsupp,
	nation,
	region
where
	p_partkey = ps_partkey
	and s_suppkey = ps_suppkey
	and p_size = 5
	and p_type like '%TIN'
	and s_nationkey = n_nationkey
	and n_regionkey = r_regionkey
	and r_name = 'ASIA'
	and ps_supplycost = (
		select
			min(ps_supplycost)
		from
			partsupp,
			supplier,
			nation,
			region
		where
			p_partkey = ps_partkey
			and s_suppkey = ps_suppkey
			and s_nationkey = n_nationkey
			and n_regionkey = r_regionkey
			and r_name = 'ASIA'
	)
order by
	s_acctbal desc,
	n_name,
	s_name,
	p_partkey
LIMIT 100;
                                                               QUERY PLAN                                                               
----------------------------------------------------------------------------------------------------------------------------------------
 Limit  (cost=753710.58..753710.59 rows=1 width=270)
   ->  Sort  (cost=753710.58..753710.59 rows=1 width=270)
         Sort Key: supplier.s_acctbal DESC, nation.n_name, supplier.s_name, part.p_partkey
         ->  Hash Join  (cost=191932.41..753710.57 rows=1 width=270)
               Hash Cond: ((part.p_partkey = partsupp.ps_partkey) AND ((SubPlan 1) = partsupp.ps_supplycost))
               ->  Seq Scan on part  (cost=0.00..35512.00 rows=4527 width=30)
                     Filter: (((p_type)::text ~~ '%TIN'::text) AND (p_size = 5))
               ->  Hash  (cost=152588.41..152588.41 rows=800000 width=250)
                     ->  Hash Join  (cost=2026.96..152588.41 rows=800000 width=250)
                           Hash Cond: (partsupp.ps_suppkey = supplier.s_suppkey)
                           ->  Seq Scan on partsupp  (cost=0.00..127568.00 rows=4000000 width=14)
                           ->  Hash  (cost=1901.96..1901.96 rows=10000 width=244)
                                 ->  Hash Join  (cost=2.46..1901.96 rows=10000 width=244)
                                       Hash Cond: (supplier.s_nationkey = nation.n_nationkey)
                                       ->  Seq Scan on supplier  (cost=0.00..1612.00 rows=50000 width=144)
                                       ->  Hash  (cost=2.40..2.40 rows=5 width=108)
                                             ->  Hash Join  (cost=1.07..2.40 rows=5 width=108)
                                                   Hash Cond: (nation.n_regionkey = region.r_regionkey)
                                                   ->  Seq Scan on nation  (cost=0.00..1.25 rows=25 width=112)
                                                   ->  Hash  (cost=1.06..1.06 rows=1 width=4)
                                                         ->  Seq Scan on region  (cost=0.00..1.06 rows=1 width=4)
                                                               Filter: (r_name = 'ASIA'::bpchar)
               SubPlan 1
                 ->  Aggregate  (cost=110.18..110.19 rows=1 width=32)
                       ->  Nested Loop  (cost=0.86..110.17 rows=2 width=6)
                             Join Filter: (region_1.r_regionkey = nation_1.n_regionkey)
                             ->  Seq Scan on region region_1  (cost=0.00..1.06 rows=1 width=4)
                                   Filter: (r_name = 'ASIA'::bpchar)
                             ->  Nested Loop  (cost=0.86..108.98 rows=10 width=10)
                                   ->  Nested Loop  (cost=0.72..107.43 rows=10 width=10)
                                         ->  Index Scan using partsupp_pkey on partsupp partsupp_1  (cost=0.43..24.36 rows=10 width=10)
                                               Index Cond: (ps_partkey = part.p_partkey)
                                         ->  Index Scan using supplier_pkey on supplier supplier_1  (cost=0.29..8.31 rows=1 width=8)
                                               Index Cond: (s_suppkey = partsupp_1.ps_suppkey)
                                   ->  Index Scan using nation_pkey on nation nation_1  (cost=0.14..0.16 rows=1 width=8)
                                         Index Cond: (n_nationkey = supplier_1.s_nationkey)
 JIT:
   Functions: 63
   Options: Inlining true, Optimization true, Expressions true, Deforming true
(39 rows)

COMMIT;
COMMIT

Query 2 executed in 0.189 second(s).
BEGIN;
BEGIN
EXPLAIN
select
	l_orderkey,
	sum(l_extendedprice * (1 - l_discount)) as revenue,
	o_orderdate,
	o_shippriority
from
	customer,
	orders,
	lineitem
where
	c_mktsegment = 'FURNITURE'
	and c_custkey = o_custkey
	and l_orderkey = o_orderkey
	and o_orderdate < date '1995-03-04'
	and l_shipdate > date '1995-03-04'
group by
	l_orderkey,
	o_orderdate,
	o_shippriority
order by
	revenue desc,
	o_orderdate
LIMIT 10;
                                                             QUERY PLAN                                                              
-------------------------------------------------------------------------------------------------------------------------------------
 Limit  (cost=1329615.85..1329615.87 rows=10 width=44)
   ->  Sort  (cost=1329615.85..1333491.84 rows=1550396 width=44)
         Sort Key: (sum((lineitem.l_extendedprice * ('1'::numeric - lineitem.l_discount)))) DESC, orders.o_orderdate
         ->  Finalize GroupAggregate  (cost=1092074.11..1296112.35 rows=1550396 width=44)
               Group Key: lineitem.l_orderkey, orders.o_orderdate, orders.o_shippriority
               ->  Gather Merge  (cost=1092074.11..1260582.45 rows=1291996 width=44)
                     Workers Planned: 2
                     ->  Partial GroupAggregate  (cost=1091074.09..1110454.03 rows=645998 width=44)
                           Group Key: lineitem.l_orderkey, orders.o_orderdate, orders.o_shippriority
                           ->  Sort  (cost=1091074.09..1092689.08 rows=645998 width=24)
                                 Sort Key: lineitem.l_orderkey, orders.o_orderdate, orders.o_shippriority
                                 ->  Parallel Hash Join  (cost=201591.81..1015480.50 rows=645998 width=24)
                                       Hash Cond: (lineitem.l_orderkey = orders.o_orderkey)
                                       ->  Parallel Seq Scan on lineitem  (cost=0.00..718979.67 rows=6714230 width=16)
                                             Filter: (l_shipdate > '1995-03-04'::date)
                                       ->  Parallel Hash  (cost=196364.47..196364.47 rows=300667 width=12)
                                             ->  Parallel Hash Join  (cost=22682.55..196364.47 rows=300667 width=12)
                                                   Hash Cond: (orders.o_custkey = customer.c_custkey)
                                                   ->  Parallel Seq Scan on orders  (cost=0.00..169710.50 rows=1512915 width=16)
                                                         Filter: (o_orderdate < '1995-03-04'::date)
                                                   ->  Parallel Hash  (cost=21906.25..21906.25 rows=62104 width=4)
                                                         ->  Parallel Seq Scan on customer  (cost=0.00..21906.25 rows=62104 width=4)
                                                               Filter: (c_mktsegment = 'FURNITURE'::bpchar)
 JIT:
   Functions: 33
   Options: Inlining true, Optimization true, Expressions true, Deforming true
(26 rows)

COMMIT;
COMMIT

Query 3 executed in 0.191 second(s).
BEGIN;
BEGIN
EXPLAIN
select
	o_orderpriority,
	count(*) as order_count
from
	orders
where
	o_orderdate >= date '1993-08-01'
	and o_orderdate < cast(date '1993-08-01' + interval '3 month' as date)
	and exists (
		select
			*
		from
			lineitem
		where
			l_orderkey = o_orderkey
			and l_commitdate < l_receiptdate
	)
group by
	o_orderpriority
order by
	o_orderpriority;
                                                      QUERY PLAN                                                      
----------------------------------------------------------------------------------------------------------------------
 Finalize GroupAggregate  (cost=483120.14..483171.18 rows=5 width=24)
   Group Key: orders.o_orderpriority
   ->  Gather Merge  (cost=483120.14..483171.08 rows=10 width=24)
         Workers Planned: 2
         ->  Partial GroupAggregate  (cost=482120.12..482169.90 rows=5 width=24)
               Group Key: orders.o_orderpriority
               ->  Sort  (cost=482120.12..482136.70 rows=6631 width=16)
                     Sort Key: orders.o_orderpriority
                     ->  Nested Loop Semi Join  (cost=0.44..481699.21 rows=6631 width=16)
                           ->  Parallel Seq Scan on orders  (cost=0.00..177523.00 rows=119458 width=20)
                                 Filter: ((o_orderdate >= '1993-08-01'::date) AND (o_orderdate < '1993-11-01'::date))
                           ->  Index Scan using lineitem_pkey on lineitem  (cost=0.44..48.57 rows=24 width=4)
                                 Index Cond: (l_orderkey = orders.o_orderkey)
                                 Filter: (l_commitdate < l_receiptdate)
 JIT:
   Functions: 15
   Options: Inlining false, Optimization false, Expressions true, Deforming true
(17 rows)

COMMIT;
COMMIT

Query 4 executed in 0.189 second(s).
BEGIN;
BEGIN
EXPLAIN
select
	n_name,
	sum(l_extendedprice * (1 - l_discount)) as revenue
from
	customer,
	orders,
	lineitem,
	supplier,
	nation,
	region
where
	c_custkey = o_custkey
	and l_orderkey = o_orderkey
	and l_suppkey = s_suppkey
	and c_nationkey = s_nationkey
	and s_nationkey = n_nationkey
	and n_regionkey = r_regionkey
	and r_name = 'ASIA'
	and o_orderdate >= date '1996-01-01'
	and o_orderdate < date '1996-01-01' + interval '1 year'
group by
	n_name
order by
	revenue desc;
                                                                               QUERY PLAN                                                                               
------------------------------------------------------------------------------------------------------------------------------------------------------------------------
 Sort  (cost=1083928.85..1083928.91 rows=25 width=136)
   Sort Key: (sum((lineitem.l_extendedprice * ('1'::numeric - lineitem.l_discount)))) DESC
   ->  Finalize GroupAggregate  (cost=1083732.65..1083928.27 rows=25 width=136)
         Group Key: nation.n_name
         ->  Gather Merge  (cost=1083732.65..1083927.58 rows=50 width=136)
               Workers Planned: 2
               ->  Partial GroupAggregate  (cost=1082732.62..1082921.79 rows=25 width=136)
                     Group Key: nation.n_name
                     ->  Sort  (cost=1082732.62..1082770.39 rows=15108 width=116)
                           Sort Key: nation.n_name
                           ->  Parallel Hash Join  (cost=213954.38..1081683.90 rows=15108 width=116)
                                 Hash Cond: ((orders.o_custkey = customer.c_custkey) AND (supplier.s_nationkey = customer.c_nationkey))
                                 ->  Parallel Hash Join  (cost=186920.88..1037426.22 rows=377749 width=128)
                                       Hash Cond: (lineitem.l_orderkey = orders.o_orderkey)
                                       ->  Parallel Hash Join  (cost=1651.22..750964.31 rows=2500282 width=128)
                                             Hash Cond: (lineitem.l_suppkey = supplier.s_suppkey)
                                             ->  Parallel Seq Scan on lineitem  (cost=0.00..687726.13 rows=12501413 width=20)
                                             ->  Parallel Hash  (cost=1577.70..1577.70 rows=5882 width=116)
                                                   ->  Hash Join  (cost=2.46..1577.70 rows=5882 width=116)
                                                         Hash Cond: (supplier.s_nationkey = nation.n_nationkey)
                                                         ->  Parallel Seq Scan on supplier  (cost=0.00..1406.12 rows=29412 width=8)
                                                         ->  Hash  (cost=2.40..2.40 rows=5 width=108)
                                                               ->  Hash Join  (cost=1.07..2.40 rows=5 width=108)
                                                                     Hash Cond: (nation.n_regionkey = region.r_regionkey)
                                                                     ->  Seq Scan on nation  (cost=0.00..1.25 rows=25 width=112)
                                                                     ->  Hash  (cost=1.06..1.06 rows=1 width=4)
                                                                           ->  Seq Scan on region  (cost=0.00..1.06 rows=1 width=4)
                                                                                 Filter: (r_name = 'ASIA'::bpchar)
                                       ->  Parallel Hash  (cost=177523.00..177523.00 rows=472133 width=8)
                                             ->  Parallel Seq Scan on orders  (cost=0.00..177523.00 rows=472133 width=8)
                                                   Filter: ((o_orderdate >= '1996-01-01'::date) AND (o_orderdate < '1997-01-01 00:00:00'::timestamp without time zone))
                                 ->  Parallel Hash  (cost=21125.00..21125.00 rows=312500 width=8)
                                       ->  Parallel Seq Scan on customer  (cost=0.00..21125.00 rows=312500 width=8)
 JIT:
   Functions: 57
   Options: Inlining true, Optimization true, Expressions true, Deforming true
(36 rows)

COMMIT;
COMMIT

Query 5 executed in 0.206 second(s).
BEGIN;
BEGIN
EXPLAIN
select
	sum(l_extendedprice * l_discount) as revenue
from
	lineitem
where
	l_shipdate >= date '1996-01-01'
	and l_shipdate < cast(date '1996-01-01' + interval '1 year' as date)
	and l_discount between 0.08 - 0.01 and 0.08 + 0.01
	and l_quantity < 25;
                                                                                        QUERY PLAN                                                                                         
-------------------------------------------------------------------------------------------------------------------------------------------------------------------------------------------
 Finalize Aggregate  (cost=846241.86..846241.87 rows=1 width=32)
   ->  Gather  (cost=846241.64..846241.85 rows=2 width=32)
         Workers Planned: 2
         ->  Partial Aggregate  (cost=845241.64..845241.65 rows=1 width=32)
               ->  Parallel Seq Scan on lineitem  (cost=0.00..843993.80 rows=249568 width=12)
                     Filter: ((l_shipdate >= '1996-01-01'::date) AND (l_shipdate < '1997-01-01'::date) AND (l_discount >= 0.07) AND (l_discount <= 0.09) AND (l_quantity < '25'::numeric))
 JIT:
   Functions: 7
   Options: Inlining true, Optimization true, Expressions true, Deforming true
(9 rows)

COMMIT;
COMMIT

Query 6 executed in 0.186 second(s).
BEGIN;
BEGIN
EXPLAIN
select
	supp_nation,
	cust_nation,
	l_year,
	sum(volume) as revenue
from
	(
		select
			n1.n_name as supp_nation,
			n2.n_name as cust_nation,
			extract(year from l_shipdate) as l_year,
			l_extendedprice * (1 - l_discount) as volume
		from
			supplier,
			lineitem,
			orders,
			customer,
			nation n1,
			nation n2
		where
			s_suppkey = l_suppkey
			and o_orderkey = l_orderkey
			and c_custkey = o_custkey
			and s_nationkey = n1.n_nationkey
			and c_nationkey = n2.n_nationkey
			and (
				(n1.n_name = 'SAUDI ARABIA' and n2.n_name = 'MOZAMBIQUE')
				or (n1.n_name = 'MOZAMBIQUE' and n2.n_name = 'SAUDI ARABIA')
			)
			and l_shipdate between date '1995-01-01' and date '1996-12-31'
	) as shipping
group by
	supp_nation,
	cust_nation,
	l_year
order by
	supp_nation,
	cust_nation,
	l_year;
                                                                                               QUERY PLAN                                                                                                
---------------------------------------------------------------------------------------------------------------------------------------------------------------------------------------------------------
 Finalize GroupAggregate  (cost=990574.41..993665.20 rows=10044 width=272)
   Group Key: n1.n_name, n2.n_name, (EXTRACT(year FROM lineitem.l_shipdate))
   ->  Gather Merge  (cost=990574.41..993263.44 rows=20088 width=272)
         Workers Planned: 2
         ->  Partial GroupAggregate  (cost=989574.39..989944.76 rows=10044 width=272)
               Group Key: n1.n_name, n2.n_name, (EXTRACT(year FROM lineitem.l_shipdate))
               ->  Sort  (cost=989574.39..989605.78 rows=12555 width=252)
                     Sort Key: n1.n_name, n2.n_name, (EXTRACT(year FROM lineitem.l_shipdate))
                     ->  Parallel Hash Join  (cost=205859.91..988719.65 rows=12555 width=252)
                           Hash Cond: (lineitem.l_orderkey = orders.o_orderkey)
                           Join Filter: (((n1.n_name = 'SAUDI ARABIA'::bpchar) AND (n2.n_name = 'MOZAMBIQUE'::bpchar)) OR ((n1.n_name = 'MOZAMBIQUE'::bpchar) AND (n2.n_name = 'SAUDI ARABIA'::bpchar)))
                           ->  Parallel Hash Join  (cost=1527.22..767676.15 rows=301677 width=124)
                                 Hash Cond: (lineitem.l_suppkey = supplier.s_suppkey)
                                 ->  Parallel Seq Scan on lineitem  (cost=0.00..750233.20 rows=3770964 width=24)
                                       Filter: ((l_shipdate >= '1995-01-01'::date) AND (l_shipdate <= '1996-12-31'::date))
                                 ->  Parallel Hash  (cost=1497.81..1497.81 rows=2353 width=108)
                                       ->  Hash Join  (cost=1.40..1497.81 rows=2353 width=108)
                                             Hash Cond: (supplier.s_nationkey = n1.n_nationkey)
                                             ->  Parallel Seq Scan on supplier  (cost=0.00..1406.12 rows=29412 width=8)
                                             ->  Hash  (cost=1.38..1.38 rows=2 width=108)
                                                   ->  Seq Scan on nation n1  (cost=0.00..1.38 rows=2 width=108)
                                                         Filter: ((n_name = 'SAUDI ARABIA'::bpchar) OR (n_name = 'MOZAMBIQUE'::bpchar))
                           ->  Parallel Hash  (cost=197056.70..197056.70 rows=250000 width=108)
                                 ->  Parallel Hash Join  (cost=22398.28..197056.70 rows=250000 width=108)
                                       Hash Cond: (orders.o_custkey = customer.c_custkey)
                                       ->  Parallel Seq Scan on orders  (cost=0.00..161898.00 rows=3125000 width=8)
                                       ->  Parallel Hash  (cost=22085.78..22085.78 rows=25000 width=108)
                                             ->  Hash Join  (cost=1.40..22085.78 rows=25000 width=108)
                                                   Hash Cond: (customer.c_nationkey = n2.n_nationkey)
                                                   ->  Parallel Seq Scan on customer  (cost=0.00..21125.00 rows=312500 width=8)
                                                   ->  Hash  (cost=1.38..1.38 rows=2 width=108)
                                                         ->  Seq Scan on nation n2  (cost=0.00..1.38 rows=2 width=108)
                                                               Filter: ((n_name = 'MOZAMBIQUE'::bpchar) OR (n_name = 'SAUDI ARABIA'::bpchar))
 JIT:
   Functions: 62
   Options: Inlining true, Optimization true, Expressions true, Deforming true
(36 rows)

COMMIT;
COMMIT

Query 7 executed in 0.197 second(s).
BEGIN;
BEGIN
EXPLAIN
select
	o_year,
	sum(case
		when nation = 'INDIA' then volume
		else 0
	end) / sum(volume) as mkt_share
from
	(
		select
			extract(year from o_orderdate) as o_year,
			l_extendedprice * (1 - l_discount) as volume,
			n2.n_name as nation
		from
			part,
			supplier,
			lineitem,
			orders,
			customer,
			nation n1,
			nation n2,
			region
		where
			p_partkey = l_partkey
			and s_suppkey = l_suppkey
			and l_orderkey = o_orderkey
			and o_custkey = c_custkey
			and c_nationkey = n1.n_nationkey
			and n1.n_regionkey = r_regionkey
			and r_name = 'ASIA'
			and s_nationkey = n2.n_nationkey
			and o_orderdate between date '1995-01-01' and date '1996-12-31'
			and p_type = 'PROMO ANODIZED COPPER'
	) as all_nations
group by
	o_year
order by
	o_year;
                                                                         QUERY PLAN                                                                         
------------------------------------------------------------------------------------------------------------------------------------------------------------
 Finalize GroupAggregate  (cost=954458.98..955009.15 rows=2406 width=64)
   Group Key: (EXTRACT(year FROM orders.o_orderdate))
   ->  Gather Merge  (cost=954458.98..954930.95 rows=2406 width=96)
         Workers Planned: 1
         ->  Partial GroupAggregate  (cost=953458.97..953660.27 rows=2406 width=96)
               Group Key: (EXTRACT(year FROM orders.o_orderdate))
               ->  Sort  (cost=953458.97..953476.66 rows=7075 width=148)
                     Sort Key: (EXTRACT(year FROM orders.o_orderdate))
                     ->  Hash Join  (cost=951421.28..953006.58 rows=7075 width=148)
                           Hash Cond: (supplier.s_nationkey = n2.n_nationkey)
                           ->  Parallel Hash Join  (cost=951419.72..952965.61 rows=7075 width=20)
                                 Hash Cond: (supplier.s_suppkey = lineitem.l_suppkey)
                                 ->  Parallel Seq Scan on supplier  (cost=0.00..1406.12 rows=29412 width=8)
                                 ->  Parallel Hash  (cost=951357.08..951357.08 rows=5011 width=20)
                                       ->  Hash Join  (cost=928811.73..951357.08 rows=5011 width=20)
                                             Hash Cond: (customer.c_nationkey = n1.n_nationkey)
                                             ->  Parallel Hash Join  (cost=928809.27..951210.54 rows=25057 width=24)
                                                   Hash Cond: (customer.c_custkey = orders.o_custkey)
                                                   ->  Parallel Seq Scan on customer  (cost=0.00..21125.00 rows=312500 width=8)
                                                   ->  Parallel Hash  (cost=928496.05..928496.05 rows=25057 width=24)
                                                         ->  Parallel Hash Join  (cost=747336.65..928496.05 rows=25057 width=24)
                                                               Hash Cond: (orders.o_orderkey = lineitem.l_orderkey)
                                                               ->  Parallel Seq Scan on orders  (cost=0.00..177523.00 rows=941869 width=12)
                                                                     Filter: ((o_orderdate >= '1995-01-01'::date) AND (o_orderdate <= '1996-12-31'::date))
                                                               ->  Parallel Hash  (cost=746297.46..746297.46 rows=83135 width=20)
                                                                     ->  Parallel Hash Join  (cost=25754.97..746297.46 rows=83135 width=20)
                                                                           Hash Cond: (lineitem.l_partkey = part.p_partkey)
                                                                           ->  Parallel Seq Scan on lineitem  (cost=0.00..687726.13 rows=12501413 width=24)
                                                                           ->  Parallel Hash  (cost=25720.33..25720.33 rows=2771 width=4)
                                                                                 ->  Parallel Seq Scan on part  (cost=0.00..25720.33 rows=2771 width=4)
                                                                                       Filter: ((p_type)::text = 'PROMO ANODIZED COPPER'::text)
                                             ->  Hash  (cost=2.40..2.40 rows=5 width=4)
                                                   ->  Hash Join  (cost=1.07..2.40 rows=5 width=4)
                                                         Hash Cond: (n1.n_regionkey = region.r_regionkey)
                                                         ->  Seq Scan on nation n1  (cost=0.00..1.25 rows=25 width=8)
                                                         ->  Hash  (cost=1.06..1.06 rows=1 width=4)
                                                               ->  Seq Scan on region  (cost=0.00..1.06 rows=1 width=4)
                                                                     Filter: (r_name = 'ASIA'::bpchar)
                           ->  Hash  (cost=1.25..1.25 rows=25 width=108)
                                 ->  Seq Scan on nation n2  (cost=0.00..1.25 rows=25 width=108)
 JIT:
   Functions: 74
   Options: Inlining true, Optimization true, Expressions true, Deforming true
(43 rows)

COMMIT;
COMMIT

Query 8 executed in 0.205 second(s).
BEGIN;
BEGIN
EXPLAIN
select
	nation,
	o_year,
	sum(amount) as sum_profit
from
	(
		select
			n_name as nation,
			extract(year from o_orderdate) as o_year,
			l_extendedprice * (1 - l_discount) - ps_supplycost * l_quantity as amount
		from
			part,
			supplier,
			lineitem,
			partsupp,
			orders,
			nation
		where
			s_suppkey = l_suppkey
			and ps_suppkey = l_suppkey
			and ps_partkey = l_partkey
			and p_partkey = l_partkey
			and o_orderkey = l_orderkey
			and s_nationkey = n_nationkey
			and p_name like '%slate%'
	) as profit
group by
	nation,
	o_year
order by
	nation,
	o_year desc;
                                                                        QUERY PLAN                                                                        
----------------------------------------------------------------------------------------------------------------------------------------------------------
 Finalize GroupAggregate  (cost=1288023.32..1317544.10 rows=60150 width=168)
   Group Key: nation.n_name, (EXTRACT(year FROM orders.o_orderdate))
   ->  Gather Merge  (cost=1288023.32..1315438.85 rows=120300 width=168)
         Workers Planned: 2
         ->  Partial GroupAggregate  (cost=1287023.30..1300553.23 rows=60150 width=168)
               Group Key: nation.n_name, (EXTRACT(year FROM orders.o_orderdate))
               ->  Sort  (cost=1287023.30..1288601.76 rows=631384 width=159)
                     Sort Key: nation.n_name, (EXTRACT(year FROM orders.o_orderdate)) DESC
                     ->  Hash Join  (cost=914517.69..1126921.26 rows=631384 width=159)
                           Hash Cond: (supplier.s_nationkey = nation.n_nationkey)
                           ->  Parallel Hash Join  (cost=914516.12..1123402.89 rows=631384 width=31)
                                 Hash Cond: (orders.o_orderkey = lineitem.l_orderkey)
                                 ->  Parallel Seq Scan on orders  (cost=0.00..161898.00 rows=3125000 width=8)
                                 ->  Parallel Hash  (cost=902306.82..902306.82 rows=631384 width=31)
                                       ->  Parallel Hash Join  (cost=762703.40..902306.82 rows=631384 width=31)
                                             Hash Cond: (lineitem.l_suppkey = supplier.s_suppkey)
                                             ->  Parallel Hash Join  (cost=760929.63..898875.53 rows=631384 width=35)
                                                   Hash Cond: ((partsupp.ps_suppkey = lineitem.l_suppkey) AND (partsupp.ps_partkey = lineitem.l_partkey))
                                                   ->  Parallel Seq Scan on partsupp  (cost=0.00..104234.67 rows=1666667 width=14)
                                                   ->  Parallel Hash  (cost=746525.87..746525.87 rows=631384 width=33)
                                                         ->  Parallel Hash Join  (cost=25983.38..746525.87 rows=631384 width=33)
                                                               Hash Cond: (lineitem.l_partkey = part.p_partkey)
                                                               ->  Parallel Seq Scan on lineitem  (cost=0.00..687726.13 rows=12501413 width=29)
                                                               ->  Parallel Hash  (cost=25720.33..25720.33 rows=21044 width=4)
                                                                     ->  Parallel Seq Scan on part  (cost=0.00..25720.33 rows=21044 width=4)
                                                                           Filter: ((p_name)::text ~~ '%slate%'::text)
                                             ->  Parallel Hash  (cost=1406.12..1406.12 rows=29412 width=8)
                                                   ->  Parallel Seq Scan on supplier  (cost=0.00..1406.12 rows=29412 width=8)
                           ->  Hash  (cost=1.25..1.25 rows=25 width=108)
                                 ->  Seq Scan on nation  (cost=0.00..1.25 rows=25 width=108)
 JIT:
   Functions: 55
   Options: Inlining true, Optimization true, Expressions true, Deforming true
(33 rows)

COMMIT;
COMMIT

Query 9 executed in 0.205 second(s).
BEGIN;
BEGIN
EXPLAIN
select
	c_custkey,
	c_name,
	sum(l_extendedprice * (1 - l_discount)) as revenue,
	c_acctbal,
	n_name,
	c_address,
	c_phone,
	c_comment
from
	customer,
	orders,
	lineitem,
	nation
where
	c_custkey = o_custkey
	and l_orderkey = o_orderkey
	and o_orderdate >= date '1993-09-01'
	and o_orderdate < cast(date '1993-09-01' + interval '3 month' as date)
	and l_returnflag = 'R'
	and c_nationkey = n_nationkey
group by
	c_custkey,
	c_name,
	c_acctbal,
	c_phone,
	n_name,
	c_address,
	c_comment
order by
	revenue desc
LIMIT 20;
                                                                        QUERY PLAN                                                                        
----------------------------------------------------------------------------------------------------------------------------------------------------------
 Limit  (cost=1004120.17..1004120.22 rows=20 width=280)
   ->  Sort  (cost=1004120.17..1004843.24 rows=289229 width=280)
         Sort Key: (sum((lineitem.l_extendedprice * ('1'::numeric - lineitem.l_discount)))) DESC
         ->  Finalize GroupAggregate  (cost=959264.06..996423.89 rows=289229 width=280)
               Group Key: customer.c_custkey, nation.n_name
               ->  Gather Merge  (cost=959264.06..990398.29 rows=241024 width=280)
                     Workers Planned: 2
                     ->  Partial GroupAggregate  (cost=958264.03..961578.11 rows=120512 width=280)
                           Group Key: customer.c_custkey, nation.n_name
                           ->  Sort  (cost=958264.03..958565.31 rows=120512 width=260)
                                 Sort Key: customer.c_custkey, nation.n_name
                                 ->  Hash Join  (cost=907751.31..933264.03 rows=120512 width=260)
                                       Hash Cond: (customer.c_nationkey = nation.n_nationkey)
                                       ->  Parallel Hash Join  (cost=907749.75..932892.50 rows=120512 width=160)
                                             Hash Cond: (customer.c_custkey = orders.o_custkey)
                                             ->  Parallel Seq Scan on customer  (cost=0.00..21125.00 rows=312500 width=148)
                                             ->  Parallel Hash  (cost=906243.35..906243.35 rows=120512 width=16)
                                                   ->  Parallel Hash Join  (cost=179022.44..906243.35 rows=120512 width=16)
                                                         Hash Cond: (lineitem.l_orderkey = orders.o_orderkey)
                                                         ->  Parallel Seq Scan on lineitem  (cost=0.00..718979.67 rows=3139522 width=16)
                                                               Filter: (l_returnflag = 'R'::bpchar)
                                                         ->  Parallel Hash  (cost=177523.00..177523.00 rows=119955 width=8)
                                                               ->  Parallel Seq Scan on orders  (cost=0.00..177523.00 rows=119955 width=8)
                                                                     Filter: ((o_orderdate >= '1993-09-01'::date) AND (o_orderdate < '1993-12-01'::date))
                                       ->  Hash  (cost=1.25..1.25 rows=25 width=108)
                                             ->  Seq Scan on nation  (cost=0.00..1.25 rows=25 width=108)
 JIT:
   Functions: 41
   Options: Inlining true, Optimization true, Expressions true, Deforming true
(29 rows)

COMMIT;
COMMIT

Query 10 executed in 0.198 second(s).
BEGIN;
BEGIN
EXPLAIN
select
	ps_partkey,
	sum(ps_supplycost * ps_availqty) as value
from
	partsupp,
	supplier,
	nation
where
	ps_suppkey = s_suppkey
	and s_nationkey = n_nationkey
	and n_name = 'ETHIOPIA'
group by
	ps_partkey having
		sum(ps_supplycost * ps_availqty) > (
			select
				sum(ps_supplycost * ps_availqty) *         inf
			from
				partsupp,
				supplier,
				nation
			where
				ps_suppkey = s_suppkey
				and s_nationkey = n_nationkey
				and n_name = 'ETHIOPIA'
		)
order by
	value desc;
ERROR:  column "inf" does not exist
LINE 17:     sum(ps_supplycost * ps_availqty) *         inf
                                                        ^

Query 11 executed in 0.141 second(s).
BEGIN;
BEGIN
EXPLAIN
select
	l_shipmode,
	sum(case
		when o_orderpriority = '1-URGENT'
			or o_orderpriority = '2-HIGH'
			then 1
		else 0
	end) as high_line_count,
	sum(case
		when o_orderpriority <> '1-URGENT'
			and o_orderpriority <> '2-HIGH'
			then 1
		else 0
	end) as low_line_count
from
	orders,
	lineitem
where
	o_orderkey = l_orderkey
	and l_shipmode in ('SHIP', 'AIR')
	and l_commitdate < l_receiptdate
	and l_shipdate < l_commitdate
	and l_receiptdate >= date '1994-01-01'
	and l_receiptdate < date '1994-01-01' + interval '1 year'
group by
	l_shipmode
order by
	l_shipmode;
                                                                                                                                 QUERY PLAN                                                                                                                                  
-----------------------------------------------------------------------------------------------------------------------------------------------------------------------------------------------------------------------------------------------------------------------------
 Finalize GroupAggregate  (cost=1088151.38..1089367.08 rows=7 width=27)
   Group Key: lineitem.l_shipmode
   ->  Gather Merge  (cost=1088151.38..1089366.91 rows=14 width=27)
         Workers Planned: 2
         ->  Partial GroupAggregate  (cost=1087151.36..1088365.27 rows=7 width=27)
               Group Key: lineitem.l_shipmode
               ->  Sort  (cost=1087151.36..1087303.09 rows=60692 width=27)
                     Sort Key: lineitem.l_shipmode
                     ->  Parallel Hash Join  (cost=219271.50..1082329.62 rows=60692 width=27)
                           Hash Cond: (lineitem.l_orderkey = orders.o_orderkey)
                           ->  Parallel Seq Scan on lineitem  (cost=0.00..843993.80 rows=60692 width=15)
                                 Filter: ((l_shipmode = ANY ('{SHIP,AIR}'::bpchar[])) AND (l_commitdate < l_receiptdate) AND (l_shipdate < l_commitdate) AND (l_receiptdate >= '1994-01-01'::date) AND (l_receiptdate < '1995-01-01 00:00:00'::timestamp without time zone))
                           ->  Parallel Hash  (cost=161898.00..161898.00 rows=3125000 width=20)
                                 ->  Parallel Seq Scan on orders  (cost=0.00..161898.00 rows=3125000 width=20)
 JIT:
   Functions: 20
   Options: Inlining true, Optimization true, Expressions true, Deforming true
(17 rows)

COMMIT;
COMMIT

Query 12 executed in 0.193 second(s).
BEGIN;
BEGIN
EXPLAIN
select
	c_count,
	count(*) as custdist
from
	(
		select
			c_custkey,
			count(o_orderkey)
		from
			customer left outer join orders on
				c_custkey = o_custkey
				and o_comment not like '%special%requests%'
		group by
			c_custkey
	) as c_orders (c_custkey, c_count)
group by
	c_count
order by
	custdist desc,
	c_count desc;
                                                                  QUERY PLAN                                                                   
-----------------------------------------------------------------------------------------------------------------------------------------------
 Sort  (cost=709674.43..709674.93 rows=200 width=16)
   Sort Key: (count(*)) DESC, (count(orders.o_orderkey)) DESC
   ->  HashAggregate  (cost=709664.79..709666.79 rows=200 width=16)
         Group Key: count(orders.o_orderkey)
         ->  Finalize HashAggregate  (cost=676266.35..698414.79 rows=750000 width=12)
               Group Key: customer.c_custkey
               Planned Partitions: 16
               ->  Gather  (cost=398505.15..580172.60 rows=1500000 width=12)
                     Workers Planned: 2
                     ->  Partial HashAggregate  (cost=397505.15..429172.60 rows=750000 width=12)
                           Group Key: customer.c_custkey
                           Planned Partitions: 16
                           ->  Parallel Hash Right Join  (cost=20279.68..223499.49 rows=3093434 width=8)
                                 Hash Cond: (orders.o_custkey = customer.c_custkey)
                                 ->  Parallel Seq Scan on orders  (cost=0.00..169710.50 rows=3093434 width=8)
                                       Filter: ((o_comment)::text !~~ '%special%requests%'::text)
                                 ->  Parallel Hash  (cost=15152.43..15152.43 rows=312500 width=4)
                                       ->  Parallel Index Only Scan using customer_pkey on customer  (cost=0.42..15152.43 rows=312500 width=4)
 JIT:
   Functions: 16
   Options: Inlining true, Optimization true, Expressions true, Deforming true
(21 rows)

COMMIT;
COMMIT

Query 13 executed in 0.161 second(s).
BEGIN;
BEGIN
EXPLAIN
select
	100.00 * sum(case
		when p_type like 'PROMO%'
			then l_extendedprice * (1 - l_discount)
		else 0
	end) / sum(l_extendedprice * (1 - l_discount)) as promo_revenue
from
	lineitem,
	part
where
	l_partkey = p_partkey
	and l_shipdate >= date '1994-11-01'
	and l_shipdate < cast(date '1994-11-01' + interval '1 month' as date);
                                                     QUERY PLAN                                                     
--------------------------------------------------------------------------------------------------------------------
 Finalize Aggregate  (cost=789442.06..789442.07 rows=1 width=32)
   ->  Gather  (cost=789441.82..789442.03 rows=2 width=64)
         Workers Planned: 2
         ->  Partial Aggregate  (cost=788441.82..788441.83 rows=1 width=64)
               ->  Parallel Hash Join  (cost=752134.40..785780.14 rows=152096 width=33)
                     Hash Cond: (part.p_partkey = lineitem.l_partkey)
                     ->  Parallel Seq Scan on part  (cost=0.00..24678.67 rows=416667 width=25)
                     ->  Parallel Hash  (cost=750233.20..750233.20 rows=152096 width=16)
                           ->  Parallel Seq Scan on lineitem  (cost=0.00..750233.20 rows=152096 width=16)
                                 Filter: ((l_shipdate >= '1994-11-01'::date) AND (l_shipdate < '1994-12-01'::date))
 JIT:
   Functions: 17
   Options: Inlining true, Optimization true, Expressions true, Deforming true
(13 rows)

COMMIT;
COMMIT

Query 14 executed in 0.188 second(s).
BEGIN;
BEGIN
create or replace view revenue0 (supplier_no, total_revenue) as
	select
		l_suppkey,
		sum(l_extendedprice * (1 - l_discount))
	from
		lineitem
	where
		l_shipdate >= '1993-06-01'
		and l_shipdate < date'1993-06-01' + interval '90 days'
	group by
		l_suppkey;
CREATE VIEW
EXPLAIN
select
	s_suppkey,
	s_name,
	s_address,
	s_phone,
	total_revenue
from
	supplier,
	revenue0
where
	s_suppkey = supplier_no
	and total_revenue = (
		select
			max(total_revenue)
		from
			revenue0
	)
order by
	s_suppkey;
                                                                         QUERY PLAN                                                                         
------------------------------------------------------------------------------------------------------------------------------------------------------------
 Nested Loop  (cost=1599889.83..1614362.79 rows=246 width=103)
   InitPlan 1
     ->  Aggregate  (cost=806682.84..806682.85 rows=1 width=32)
           ->  Finalize GroupAggregate  (cost=793206.70..806066.59 rows=49300 width=36)
                 Group Key: lineitem_1.l_suppkey
                 ->  Gather Merge  (cost=793206.70..804710.84 rows=98600 width=36)
                       Workers Planned: 2
                       ->  Sort  (cost=792206.67..792329.92 rows=49300 width=36)
                             Sort Key: lineitem_1.l_suppkey
                             ->  Partial HashAggregate  (cost=783100.18..788363.91 rows=49300 width=36)
                                   Group Key: lineitem_1.l_suppkey
                                   Planned Partitions: 4
                                   ->  Parallel Seq Scan on lineitem lineitem_1  (cost=0.00..750233.20 rows=475902 width=16)
                                         Filter: ((l_shipdate >= '1993-06-01'::date) AND (l_shipdate < '1993-08-30 00:00:00'::timestamp without time zone))
   ->  Finalize GroupAggregate  (cost=793206.70..806189.84 rows=246 width=36)
         Group Key: lineitem.l_suppkey
         Filter: (sum((lineitem.l_extendedprice * ('1'::numeric - lineitem.l_discount))) = (InitPlan 1).col1)
         ->  Gather Merge  (cost=793206.70..804710.84 rows=98600 width=36)
               Workers Planned: 2
               ->  Sort  (cost=792206.67..792329.92 rows=49300 width=36)
                     Sort Key: lineitem.l_suppkey
                     ->  Partial HashAggregate  (cost=783100.18..788363.91 rows=49300 width=36)
                           Group Key: lineitem.l_suppkey
                           Planned Partitions: 4
                           ->  Parallel Seq Scan on lineitem  (cost=0.00..750233.20 rows=475902 width=16)
                                 Filter: ((l_shipdate >= '1993-06-01'::date) AND (l_shipdate < '1993-08-30 00:00:00'::timestamp without time zone))
   ->  Index Scan using supplier_pkey on supplier  (cost=0.29..6.05 rows=1 width=71)
         Index Cond: (s_suppkey = lineitem.l_suppkey)
 JIT:
   Functions: 25
   Options: Inlining true, Optimization true, Expressions true, Deforming true
(31 rows)

drop view revenue0;
DROP VIEW
COMMIT;
COMMIT

Query 15 executed in 0.179 second(s).
BEGIN;
BEGIN
EXPLAIN
select
	p_brand,
	p_type,
	p_size,
	count(distinct ps_suppkey) as supplier_cnt
from
	partsupp,
	part
where
	p_partkey = ps_partkey
	and p_brand <> 'Brand#52'
	and p_type not like 'STANDARD BURNISHED%'
	and p_size in (36, 32, 29, 3, 48, 47, 4, 20)
	and ps_suppkey not in (
		select
			s_suppkey
		from
			supplier
		where
			s_comment like '%Customer%Complaints%'
	)
group by
	p_brand,
	p_type,
	p_size
order by
	supplier_cnt desc,
	p_brand,
	p_type,
	p_size;
                                                                                           QUERY PLAN                                                                                           
------------------------------------------------------------------------------------------------------------------------------------------------------------------------------------------------
 Sort  (cost=182363.27..182562.42 rows=79661 width=44)
   Sort Key: (count(DISTINCT partsupp.ps_suppkey)) DESC, part.p_brand, part.p_type, part.p_size
   ->  GroupAggregate  (cost=135389.82..173424.74 rows=79661 width=44)
         Group Key: part.p_brand, part.p_type, part.p_size
         ->  Gather Merge  (cost=135389.82..169683.61 rows=294452 width=40)
               Workers Planned: 2
               ->  Sort  (cost=134389.79..134696.51 rows=122688 width=40)
                     Sort Key: part.p_brand, part.p_type, part.p_size, partsupp.ps_suppkey
                     ->  Parallel Hash Join  (cost=33432.91..120663.32 rows=122688 width=40)
                           Hash Cond: (partsupp.ps_partkey = part.p_partkey)
                           ->  Parallel Index Only Scan using partsupp_pkey on partsupp  (cost=1737.44..86780.34 rows=833333 width=8)
                                 Filter: (NOT (ANY (ps_suppkey = (hashed SubPlan 1).col1)))
                                 SubPlan 1
                                   ->  Seq Scan on supplier  (cost=0.00..1737.00 rows=5 width=4)
                                         Filter: ((s_comment)::text ~~ '%Customer%Complaints%'::text)
                           ->  Parallel Hash  (cost=30928.67..30928.67 rows=61344 width=40)
                                 ->  Parallel Seq Scan on part  (cost=0.00..30928.67 rows=61344 width=40)
                                       Filter: ((p_brand <> 'Brand#52'::bpchar) AND ((p_type)::text !~~ 'STANDARD BURNISHED%'::text) AND (p_size = ANY ('{36,32,29,3,48,47,4,20}'::integer[])))
 JIT:
   Functions: 23
   Options: Inlining false, Optimization false, Expressions true, Deforming true
(21 rows)

COMMIT;
COMMIT

Query 16 executed in 0.191 second(s).
BEGIN;
BEGIN
EXPLAIN
select
	sum(l_extendedprice) / 7.0 as avg_yearly
from
	lineitem,
	part
where
	p_partkey = l_partkey
	and p_brand = 'Brand#21'
	and p_container = 'JUMBO PACK'
	and l_quantity < (
		select
			0.2 * avg(l_quantity)
		from
			lineitem
		where
			l_partkey = p_partkey
	);
                                                 QUERY PLAN                                                  
-------------------------------------------------------------------------------------------------------------
 Aggregate  (cost=10346956.04..10346956.05 rows=1 width=32)
   ->  Hash Join  (cost=27879.90..10346929.84 rows=10481 width=8)
         Hash Cond: (lineitem.l_partkey = part.p_partkey)
         Join Filter: (lineitem.l_quantity < (SubPlan 1))
         ->  Seq Scan on lineitem  (cost=0.00..862745.92 rows=30003392 width=17)
         ->  Hash  (cost=27866.80..27866.80 rows=1048 width=4)
               ->  Gather  (cost=1000.00..27866.80 rows=1048 width=4)
                     Workers Planned: 2
                     ->  Parallel Seq Scan on part  (cost=0.00..26762.00 rows=437 width=4)
                           Filter: ((p_brand = 'Brand#21'::bpchar) AND (p_container = 'JUMBO PACK'::bpchar))
         SubPlan 1
           ->  Aggregate  (cost=937754.48..937754.50 rows=1 width=32)
                 ->  Seq Scan on lineitem lineitem_1  (cost=0.00..937754.40 rows=33 width=5)
                       Filter: (l_partkey = part.p_partkey)
 JIT:
   Functions: 24
   Options: Inlining true, Optimization true, Expressions true, Deforming true
(17 rows)

COMMIT;
COMMIT

Query 17 executed in 0.181 second(s).
BEGIN;
BEGIN
EXPLAIN
select
	c_name,
	c_custkey,
	o_orderkey,
	o_orderdate,
	o_totalprice,
	sum(l_quantity)
from
	customer,
	orders,
	lineitem
where
	o_orderkey in (
		select
			l_orderkey
		from
			lineitem
		group by
			l_orderkey having
				sum(l_quantity) > 313
	)
	and c_custkey = o_custkey
	and o_orderkey = l_orderkey
group by
	c_name,
	c_custkey,
	o_orderkey,
	o_orderdate,
	o_totalprice
order by
	o_totalprice desc,
	o_orderdate
LIMIT 100;
                                                                                 QUERY PLAN                                                                                 
----------------------------------------------------------------------------------------------------------------------------------------------------------------------------
 Limit  (cost=3403865.78..3403866.03 rows=100 width=71)
   ->  Sort  (cost=3403865.78..3405253.61 rows=555135 width=71)
         Sort Key: orders.o_totalprice DESC, orders.o_orderdate
         ->  GroupAggregate  (cost=3297462.42..3382648.92 rows=555135 width=71)
               Group Key: customer.c_custkey, orders.o_orderkey
               ->  Incremental Sort  (cost=3297462.42..3371546.22 rows=555135 width=44)
                     Sort Key: customer.c_custkey, orders.o_orderkey
                     Presorted Key: customer.c_custkey
                     ->  Merge Join  (cost=3297462.32..3346565.14 rows=555135 width=44)
                           Merge Cond: (customer.c_custkey = orders.o_custkey)
                           ->  Index Scan using customer_pkey on customer  (cost=0.42..37514.08 rows=750000 width=23)
                           ->  Materialize  (cost=3297461.62..3300237.29 rows=555135 width=25)
                                 ->  Sort  (cost=3297461.62..3298849.46 rows=555135 width=25)
                                       Sort Key: orders.o_custkey
                                       ->  Hash Join  (cost=2121839.75..3231212.36 rows=555135 width=25)
                                             Hash Cond: (lineitem.l_orderkey = orders.o_orderkey)
                                             ->  Hash Join  (cost=1778495.75..2720001.38 rows=10001131 width=13)
                                                   Hash Cond: (lineitem.l_orderkey = lineitem_1.l_orderkey)
                                                   ->  Seq Scan on lineitem  (cost=0.00..862745.92 rows=30003392 width=9)
                                                   ->  Hash  (cost=1776761.15..1776761.15 rows=138768 width=4)
                                                         ->  Finalize GroupAggregate  (cost=1667127.65..1776761.15 rows=138768 width=4)
                                                               Group Key: lineitem_1.l_orderkey
                                                               Filter: (sum(lineitem_1.l_quantity) > '313'::numeric)
                                                               ->  Gather Merge  (cost=1667127.65..1764272.03 rows=832608 width=36)
                                                                     Workers Planned: 2
                                                                     ->  Sort  (cost=1666127.63..1667168.39 rows=416304 width=36)
                                                                           Sort Key: lineitem_1.l_orderkey
                                                                           ->  Partial HashAggregate  (cost=1488597.90..1615885.81 rows=416304 width=36)
                                                                                 Group Key: lineitem_1.l_orderkey
                                                                                 Planned Partitions: 16
                                                                                 ->  Parallel Seq Scan on lineitem lineitem_1  (cost=0.00..687726.13 rows=12501413 width=9)
                                             ->  Hash  (cost=205648.00..205648.00 rows=7500000 width=20)
                                                   ->  Seq Scan on orders  (cost=0.00..205648.00 rows=7500000 width=20)
 JIT:
   Functions: 38
   Options: Inlining true, Optimization true, Expressions true, Deforming true
(36 rows)

COMMIT;
COMMIT

Query 18 executed in 0.201 second(s).
BEGIN;
BEGIN
EXPLAIN
select
	sum(l_extendedprice* (1 - l_discount)) as revenue
from
	lineitem,
	part
where
	(
		p_partkey = l_partkey
		and p_brand = 'Brand#41'
		and p_container in ('SM CASE', 'SM BOX', 'SM PACK', 'SM PKG')
		and l_quantity >= 1 and l_quantity <= 1+10
		and p_size between 1 and 5
		and l_shipmode in ('AIR', 'AIR REG')
		and l_shipinstruct = 'DELIVER IN PERSON'
	)
	or
	(
		p_partkey = l_partkey
		and p_brand = 'Brand#21'
		and p_container in ('MED BAG', 'MED BOX', 'MED PKG', 'MED PACK')
		and l_quantity >= 14 and l_quantity <= 14+10
		and p_size between 1 and 10
		and l_shipmode in ('AIR', 'AIR REG')
		and l_shipinstruct = 'DELIVER IN PERSON'
	)
	or
	(
		p_partkey = l_partkey
		and p_brand = 'Brand#54'
		and p_container in ('LG CASE', 'LG BOX', 'LG PACK', 'LG PKG')
		and l_quantity >= 28 and l_quantity <= 28+10
		and p_size between 1 and 15
		and l_shipmode in ('AIR', 'AIR REG')
		and l_shipinstruct = 'DELIVER IN PERSON'
	);
                                                                                                                                                                                                                                                                                                                                                                           QUERY PLAN                                                                                                                                                                                                                                                                                                                                                                           
----------------------------------------------------------------------------------------------------------------------------------------------------------------------------------------------------------------------------------------------------------------------------------------------------------------------------------------------------------------------------------------------------------------------------------------------------------------------------------------------------------------------------------------------------------------------------------------------------------------------------------------------------------------------------------------------------------------------------------------------------------------
 Finalize Aggregate  (cost=977614.45..977614.46 rows=1 width=32)
   ->  Gather  (cost=977614.23..977614.44 rows=2 width=32)
         Workers Planned: 2
         ->  Partial Aggregate  (cost=976614.23..976614.24 rows=1 width=32)
               ->  Parallel Hash Join  (cost=38232.85..976612.43 rows=239 width=12)
                     Hash Cond: (lineitem.l_partkey = part.p_partkey)
                     Join Filter: (((part.p_brand = 'Brand#41'::bpchar) AND (part.p_container = ANY ('{"SM CASE","SM BOX","SM PACK","SM PKG"}'::bpchar[])) AND (lineitem.l_quantity >= '1'::numeric) AND (lineitem.l_quantity <= '11'::numeric) AND (part.p_size <= 5)) OR ((part.p_brand = 'Brand#21'::bpchar) AND (part.p_container = ANY ('{"MED BAG","MED BOX","MED PKG","MED PACK"}'::bpchar[])) AND (lineitem.l_quantity >= '14'::numeric) AND (lineitem.l_quantity <= '24'::numeric) AND (part.p_size <= 10)) OR ((part.p_brand = 'Brand#54'::bpchar) AND (part.p_container = ANY ('{"LG CASE","LG BOX","LG PACK","LG PKG"}'::bpchar[])) AND (lineitem.l_quantity >= '28'::numeric) AND (lineitem.l_quantity <= '38'::numeric) AND (part.p_size <= 15)))
                     ->  Parallel Seq Scan on lineitem  (cost=0.00..937754.40 rows=238167 width=21)
                           Filter: ((l_shipmode = ANY ('{AIR,"AIR REG"}'::bpchar[])) AND (l_shipinstruct = 'DELIVER IN PERSON'::bpchar) AND (((l_quantity >= '1'::numeric) AND (l_quantity <= '11'::numeric)) OR ((l_quantity >= '14'::numeric) AND (l_quantity <= '24'::numeric)) OR ((l_quantity >= '28'::numeric) AND (l_quantity <= '38'::numeric))))
                     ->  Parallel Hash  (cost=38220.33..38220.33 rows=1001 width=30)
                           ->  Parallel Seq Scan on part  (cost=0.00..38220.33 rows=1001 width=30)
                                 Filter: ((p_size >= 1) AND (((p_brand = 'Brand#41'::bpchar) AND (p_container = ANY ('{"SM CASE","SM BOX","SM PACK","SM PKG"}'::bpchar[])) AND (p_size <= 5)) OR ((p_brand = 'Brand#21'::bpchar) AND (p_container = ANY ('{"MED BAG","MED BOX","MED PKG","MED PACK"}'::bpchar[])) AND (p_size <= 10)) OR ((p_brand = 'Brand#54'::bpchar) AND (p_container = ANY ('{"LG CASE","LG BOX","LG PACK","LG PKG"}'::bpchar[])) AND (p_size <= 15))))
 JIT:
   Functions: 21
   Options: Inlining true, Optimization true, Expressions true, Deforming true
(15 rows)

COMMIT;
COMMIT

Query 19 executed in 0.198 second(s).
BEGIN;
BEGIN
EXPLAIN
select
	s_name,
	s_address
from
	supplier,
	nation
where
	s_suppkey in (
		select
			ps_suppkey
		from
			partsupp
		where
			ps_partkey in (
				select
					p_partkey
				from
					part
				where
					p_name like 'aquamarine%'
			)
			and ps_availqty > (
				select
					0.5 * sum(l_quantity)
				from
					lineitem
				where
					l_partkey = ps_partkey
					and l_suppkey = ps_suppkey
					and l_shipdate >= '1994-01-01'
					and l_shipdate < cast(date '1994-01-01' + interval '1 year' as date)
			)
	)
	and s_nationkey = n_nationkey
	and n_name = 'CANADA'
order by
	s_name;
                                                                                            QUERY PLAN                                                                                            
--------------------------------------------------------------------------------------------------------------------------------------------------------------------------------------------------
 Nested Loop Semi Join  (cost=2558.15..117453001512.86 rows=538 width=51)
   Join Filter: (supplier.s_suppkey = partsupp.ps_suppkey)
   ->  Gather Merge  (cost=2557.72..2785.66 rows=2000 width=55)
         Workers Planned: 1
         ->  Sort  (cost=1557.71..1560.65 rows=1176 width=55)
               Sort Key: supplier.s_name
               ->  Hash Join  (cost=1.32..1497.73 rows=1176 width=55)
                     Hash Cond: (supplier.s_nationkey = nation.n_nationkey)
                     ->  Parallel Seq Scan on supplier  (cost=0.00..1406.12 rows=29412 width=59)
                     ->  Hash  (cost=1.31..1.31 rows=1 width=4)
                           ->  Seq Scan on nation  (cost=0.00..1.31 rows=1 width=4)
                                 Filter: (n_name = 'CANADA'::bpchar)
   ->  Materialize  (cost=0.43..117452594720.88 rows=13468 width=4)
         ->  Nested Loop  (cost=0.43..117452594653.54 rows=13468 width=4)
               ->  Seq Scan on part  (cost=0.00..33012.00 rows=10101 width=4)
                     Filter: ((p_name)::text ~~ 'aquamarine%'::text)
               ->  Index Scan using partsupp_pkey on partsupp  (cost=0.43..11627815.20 rows=3 width=8)
                     Index Cond: (ps_partkey = part.p_partkey)
                     Filter: ((ps_availqty)::numeric > (SubPlan 1))
                     SubPlan 1
                       ->  Aggregate  (cost=1162779.84..1162779.86 rows=1 width=32)
                             ->  Seq Scan on lineitem  (cost=0.00..1162779.84 rows=1 width=5)
                                   Filter: ((l_shipdate >= '1994-01-01'::date) AND (l_shipdate < '1995-01-01'::date) AND (l_partkey = partsupp.ps_partkey) AND (l_suppkey = partsupp.ps_suppkey))
 JIT:
   Functions: 32
   Options: Inlining true, Optimization true, Expressions true, Deforming true
(26 rows)

COMMIT;
COMMIT

Query 20 executed in 0.196 second(s).
BEGIN;
BEGIN
EXPLAIN
select
	s_name,
	count(*) as numwait
from
	supplier,
	lineitem l1,
	orders,
	nation
where
	s_suppkey = l1.l_suppkey
	and o_orderkey = l1.l_orderkey
	and o_orderstatus = 'F'
	and l1.l_receiptdate > l1.l_commitdate
	and exists (
		select
			*
		from
			lineitem l2
		where
			l2.l_orderkey = l1.l_orderkey
			and l2.l_suppkey <> l1.l_suppkey
	)
	and not exists (
		select
			*
		from
			lineitem l3
		where
			l3.l_orderkey = l1.l_orderkey
			and l3.l_suppkey <> l1.l_suppkey
			and l3.l_receiptdate > l3.l_commitdate
	)
	and s_nationkey = n_nationkey
	and n_name = 'FRANCE'
group by
	s_name
order by
	numwait desc,
	s_name
LIMIT 100;
                                                                   QUERY PLAN                                                                    
-------------------------------------------------------------------------------------------------------------------------------------------------
 Limit  (cost=1496053.71..1496053.72 rows=1 width=34)
   ->  Sort  (cost=1496053.71..1496053.72 rows=1 width=34)
         Sort Key: (count(*)) DESC, supplier.s_name
         ->  GroupAggregate  (cost=1496053.68..1496053.70 rows=1 width=34)
               Group Key: supplier.s_name
               ->  Sort  (cost=1496053.68..1496053.69 rows=1 width=26)
                     Sort Key: supplier.s_name
                     ->  Gather  (cost=1268919.96..1496053.67 rows=1 width=26)
                           Workers Planned: 2
                           ->  Nested Loop Anti Join  (cost=1267919.96..1495053.57 rows=1 width=26)
                                 ->  Parallel Hash Join  (cost=1267919.52..1456985.59 rows=4535 width=34)
                                       Hash Cond: (orders.o_orderkey = l1.l_orderkey)
                                       ->  Parallel Seq Scan on orders  (cost=0.00..169710.50 rows=1531771 width=4)
                                             Filter: (o_orderstatus = 'F'::bpchar)
                                       ->  Parallel Hash  (cost=1264532.96..1264532.96 rows=166685 width=38)
                                             ->  Nested Loop Semi Join  (cost=1512.87..1264532.96 rows=166685 width=38)
                                                   ->  Parallel Hash Join  (cost=1512.43..737098.98 rows=166685 width=34)
                                                         Hash Cond: (l1.l_suppkey = supplier.s_suppkey)
                                                         ->  Parallel Seq Scan on lineitem l1  (cost=0.00..718979.67 rows=4167138 width=8)
                                                               Filter: (l_receiptdate > l_commitdate)
                                                         ->  Parallel Hash  (cost=1497.73..1497.73 rows=1176 width=30)
                                                               ->  Hash Join  (cost=1.32..1497.73 rows=1176 width=30)
                                                                     Hash Cond: (supplier.s_nationkey = nation.n_nationkey)
                                                                     ->  Parallel Seq Scan on supplier  (cost=0.00..1406.12 rows=29412 width=34)
                                                                     ->  Hash  (cost=1.31..1.31 rows=1 width=4)
                                                                           ->  Seq Scan on nation  (cost=0.00..1.31 rows=1 width=4)
                                                                                 Filter: (n_name = 'FRANCE'::bpchar)
                                                   ->  Index Scan using lineitem_pkey on lineitem l2  (cost=0.44..99.32 rows=72 width=8)
                                                         Index Cond: (l_orderkey = l1.l_orderkey)
                                                         Filter: (l_suppkey <> l1.l_suppkey)
                                 ->  Index Scan using lineitem_pkey on lineitem l3  (cost=0.44..99.50 rows=24 width=8)
                                       Index Cond: (l_orderkey = l1.l_orderkey)
                                       Filter: ((l_receiptdate > l_commitdate) AND (l_suppkey <> l1.l_suppkey))
 JIT:
   Functions: 49
   Options: Inlining true, Optimization true, Expressions true, Deforming true
(36 rows)

COMMIT;
COMMIT

Query 21 executed in 0.200 second(s).
BEGIN;
BEGIN
EXPLAIN
select
	cntrycode,
	count(*) as numcust,
	sum(c_acctbal) as totacctbal
from
	(
		select
			substring(c_phone from 1 for 2) as cntrycode,
			c_acctbal
		from
			customer
		where
			substring(c_phone from 1 for 2) in
				('13', '31', '29', '10', '22', '12', '17')
			and c_acctbal > (
				select
					avg(c_acctbal)
				from
					customer
				where
					c_acctbal > 0.00
					and substring(c_phone from 1 for 2) in
						('13', '31', '29', '10', '22', '12', '17')
			)
			and not exists (
				select
					*
				from
					orders
				where
					o_custkey = c_custkey
			)
	) as vip
group by
	cntrycode
order by
	cntrycode;
                                                                           QUERY PLAN                                                                           
----------------------------------------------------------------------------------------------------------------------------------------------------------------
 Finalize GroupAggregate  (cost=244611.88..245109.71 rows=3730 width=72)
   Group Key: (SUBSTRING(customer.c_phone FROM 1 FOR 2))
   InitPlan 1
     ->  Finalize Aggregate  (cost=27228.23..27228.24 rows=1 width=32)
           ->  Gather  (cost=27228.01..27228.22 rows=2 width=32)
                 Workers Planned: 2
                 ->  Partial Aggregate  (cost=26228.01..26228.02 rows=1 width=32)
                       ->  Parallel Seq Scan on customer customer_1  (cost=0.00..26203.12 rows=9953 width=6)
                             Filter: ((c_acctbal > 0.00) AND (SUBSTRING(c_phone FROM 1 FOR 2) = ANY ('{13,31,29,10,22,12,17}'::text[])))
   ->  Gather Merge  (cost=217383.64..217785.11 rows=3108 width=72)
         Workers Planned: 2
         ->  Partial GroupAggregate  (cost=216383.61..216426.35 rows=1554 width=72)
               Group Key: (SUBSTRING(customer.c_phone FROM 1 FOR 2))
               ->  Sort  (cost=216383.61..216387.50 rows=1554 width=38)
                     Sort Key: (SUBSTRING(customer.c_phone FROM 1 FOR 2))
                     ->  Parallel Hash Right Anti Join  (cost=26248.70..216301.24 rows=1554 width=38)
                           Hash Cond: (orders.o_custkey = customer.c_custkey)
                           ->  Parallel Seq Scan on orders  (cost=0.00..161898.00 rows=3125000 width=4)
                           ->  Parallel Hash  (cost=26203.12..26203.12 rows=3646 width=26)
                                 ->  Parallel Seq Scan on customer  (cost=0.00..26203.12 rows=3646 width=26)
                                       Filter: ((c_acctbal > (InitPlan 1).col1) AND (SUBSTRING(c_phone FROM 1 FOR 2) = ANY ('{13,31,29,10,22,12,17}'::text[])))
 JIT:
   Functions: 27
   Options: Inlining false, Optimization false, Expressions true, Deforming true
(24 rows)

COMMIT;
COMMIT

Query 22 executed in 0.193 second(s).

