=== Experiment: numbers_dates ===
INDEX_ALL=0
INDEX_NUMBERS=1
INDEX_DATES=1
INDEX_TEXT=0

[Info] Running drop_indexes.sh
[Info] Keeping date indexes
[Info] Keeping numbers indexes
[Info] Dropping text indexes
[Info] Running create_indexes.sh
[Info] Creating indexes for dates
[Info] Creating indexes for numbers

[Info] Running queries(1,2,3,4,5,6,7,8,9,10,11,12,13,14,15,16,17,18,19,20,21,22) for numbers_dates
BEGIN;
BEGIN
EXPLAIN
select
	l_returnflag,
	l_linestatus,
	sum(l_quantity) as sum_qty,
	sum(l_extendedprice) as sum_base_price,
	sum(l_extendedprice * (1 - l_discount)) as sum_disc_price,
	sum(l_extendedprice * (1 - l_discount) * (1 + l_tax)) as sum_charge,
	avg(l_quantity) as avg_qty,
	avg(l_extendedprice) as avg_price,
	avg(l_discount) as avg_disc,
	count(*) as count_order
from
	lineitem
where
	l_shipdate <= date '1998-12-01' - interval '74 days'
group by
	l_returnflag,
	l_linestatus
order by
	l_returnflag,
	l_linestatus;
                                              QUERY PLAN                                              
------------------------------------------------------------------------------------------------------
 Finalize GroupAggregate  (cost=1153205.00..1153206.95 rows=6 width=236)
   Group Key: l_returnflag, l_linestatus
   ->  Gather Merge  (cost=1153205.00..1153206.40 rows=12 width=236)
         Workers Planned: 2
         ->  Sort  (cost=1152204.98..1152204.99 rows=6 width=236)
               Sort Key: l_returnflag, l_linestatus
               ->  Partial HashAggregate  (cost=1152204.76..1152204.90 rows=6 width=236)
                     Group Key: l_returnflag, l_linestatus
                     ->  Parallel Seq Scan on lineitem  (cost=0.00..718960.94 rows=12378395 width=25)
                           Filter: (l_shipdate <= '1998-09-18 00:00:00'::timestamp without time zone)
 JIT:
   Functions: 9
   Options: Inlining true, Optimization true, Expressions true, Deforming true
(13 rows)

COMMIT;
COMMIT

Query 1 executed in 0.195 second(s).
BEGIN;
BEGIN
EXPLAIN
select
	s_acctbal,
	s_name,
	n_name,
	p_partkey,
	p_mfgr,
	s_address,
	s_phone,
	s_comment
from
	part,
	supplier,
	partsupp,
	nation,
	region
where
	p_partkey = ps_partkey
	and s_suppkey = ps_suppkey
	and p_size = 33
	and p_type like '%COPPER'
	and s_nationkey = n_nationkey
	and n_regionkey = r_regionkey
	and r_name = 'AMERICA'
	and ps_supplycost = (
		select
			min(ps_supplycost)
		from
			partsupp,
			supplier,
			nation,
			region
		where
			p_partkey = ps_partkey
			and s_suppkey = ps_suppkey
			and s_nationkey = n_nationkey
			and n_regionkey = r_regionkey
			and r_name = 'AMERICA'
	)
order by
	s_acctbal desc,
	n_name,
	s_name,
	p_partkey
LIMIT 100;
                                                               QUERY PLAN                                                               
----------------------------------------------------------------------------------------------------------------------------------------
 Limit  (cost=707105.36..707105.37 rows=1 width=270)
   ->  Sort  (cost=707105.36..707105.37 rows=1 width=270)
         Sort Key: supplier.s_acctbal DESC, nation.n_name, supplier.s_name, part.p_partkey
         ->  Hash Join  (cost=192169.40..707105.35 rows=1 width=270)
               Hash Cond: ((part.p_partkey = partsupp.ps_partkey) AND ((SubPlan 1) = partsupp.ps_supplycost))
               ->  Bitmap Heap Scan on part  (cost=236.98..21859.57 rows=4228 width=30)
                     Recheck Cond: (p_size = 33)
                     Filter: ((p_type)::text ~~ '%COPPER'::text)
                     ->  Bitmap Index Scan on p_s  (cost=0.00..235.93 rows=21267 width=0)
                           Index Cond: (p_size = 33)
               ->  Hash  (cost=152588.41..152588.41 rows=800000 width=250)
                     ->  Hash Join  (cost=2026.96..152588.41 rows=800000 width=250)
                           Hash Cond: (partsupp.ps_suppkey = supplier.s_suppkey)
                           ->  Seq Scan on partsupp  (cost=0.00..127568.00 rows=4000000 width=14)
                           ->  Hash  (cost=1901.96..1901.96 rows=10000 width=244)
                                 ->  Hash Join  (cost=2.46..1901.96 rows=10000 width=244)
                                       Hash Cond: (supplier.s_nationkey = nation.n_nationkey)
                                       ->  Seq Scan on supplier  (cost=0.00..1612.00 rows=50000 width=144)
                                       ->  Hash  (cost=2.40..2.40 rows=5 width=108)
                                             ->  Hash Join  (cost=1.07..2.40 rows=5 width=108)
                                                   Hash Cond: (nation.n_regionkey = region.r_regionkey)
                                                   ->  Seq Scan on nation  (cost=0.00..1.25 rows=25 width=112)
                                                   ->  Hash  (cost=1.06..1.06 rows=1 width=4)
                                                         ->  Seq Scan on region  (cost=0.00..1.06 rows=1 width=4)
                                                               Filter: (r_name = 'AMERICA'::bpchar)
               SubPlan 1
                 ->  Aggregate  (cost=110.18..110.19 rows=1 width=32)
                       ->  Nested Loop  (cost=0.86..110.17 rows=2 width=6)
                             Join Filter: (region_1.r_regionkey = nation_1.n_regionkey)
                             ->  Seq Scan on region region_1  (cost=0.00..1.06 rows=1 width=4)
                                   Filter: (r_name = 'AMERICA'::bpchar)
                             ->  Nested Loop  (cost=0.86..108.98 rows=10 width=10)
                                   ->  Nested Loop  (cost=0.72..107.43 rows=10 width=10)
                                         ->  Index Scan using partsupp_pkey on partsupp partsupp_1  (cost=0.43..24.36 rows=10 width=10)
                                               Index Cond: (ps_partkey = part.p_partkey)
                                         ->  Index Scan using supplier_pkey on supplier supplier_1  (cost=0.29..8.31 rows=1 width=8)
                                               Index Cond: (s_suppkey = partsupp_1.ps_suppkey)
                                   ->  Index Scan using nation_pkey on nation nation_1  (cost=0.14..0.16 rows=1 width=8)
                                         Index Cond: (n_nationkey = supplier_1.s_nationkey)
 JIT:
   Functions: 65
   Options: Inlining true, Optimization true, Expressions true, Deforming true
(42 rows)

COMMIT;
COMMIT

Query 2 executed in 0.201 second(s).
BEGIN;
BEGIN
EXPLAIN
select
	l_orderkey,
	sum(l_extendedprice * (1 - l_discount)) as revenue,
	o_orderdate,
	o_shippriority
from
	customer,
	orders,
	lineitem
where
	c_mktsegment = 'BUILDING'
	and c_custkey = o_custkey
	and l_orderkey = o_orderkey
	and o_orderdate < date '1995-03-11'
	and l_shipdate > date '1995-03-11'
group by
	l_orderkey,
	o_orderdate,
	o_shippriority
order by
	revenue desc,
	o_orderdate
LIMIT 10;
                                                             QUERY PLAN                                                              
-------------------------------------------------------------------------------------------------------------------------------------
 Limit  (cost=1334296.60..1334296.63 rows=10 width=44)
   ->  Sort  (cost=1334296.60..1338233.32 rows=1574686 width=44)
         Sort Key: (sum((lineitem.l_extendedprice * ('1'::numeric - lineitem.l_discount)))) DESC, orders.o_orderdate
         ->  Finalize GroupAggregate  (cost=1093033.26..1300268.20 rows=1574686 width=44)
               Group Key: lineitem.l_orderkey, orders.o_orderdate, orders.o_shippriority
               ->  Gather Merge  (cost=1093033.26..1264181.65 rows=1312238 width=44)
                     Workers Planned: 2
                     ->  Partial GroupAggregate  (cost=1092033.23..1111716.80 rows=656119 width=44)
                           Group Key: lineitem.l_orderkey, orders.o_orderdate, orders.o_shippriority
                           ->  Sort  (cost=1092033.23..1093673.53 rows=656119 width=24)
                                 Sort Key: lineitem.l_orderkey, orders.o_orderdate, orders.o_shippriority
                                 ->  Parallel Hash Join  (cost=201737.43..1015182.83 rows=656119 width=24)
                                       Hash Cond: (lineitem.l_orderkey = orders.o_orderkey)
                                       ->  Parallel Seq Scan on lineitem  (cost=0.00..718960.94 rows=6677503 width=16)
                                             Filter: (l_shipdate > '1995-03-11'::date)
                                       ->  Parallel Hash  (cost=196399.22..196399.22 rows=307057 width=12)
                                             ->  Parallel Hash Join  (cost=22694.53..196399.22 rows=307057 width=12)
                                                   Hash Cond: (orders.o_custkey = customer.c_custkey)
                                                   ->  Parallel Seq Scan on orders  (cost=0.00..169710.50 rows=1521589 width=16)
                                                         Filter: (o_orderdate < '1995-03-11'::date)
                                                   ->  Parallel Hash  (cost=21906.25..21906.25 rows=63062 width=4)
                                                         ->  Parallel Seq Scan on customer  (cost=0.00..21906.25 rows=63062 width=4)
                                                               Filter: (c_mktsegment = 'BUILDING'::bpchar)
 JIT:
   Functions: 33
   Options: Inlining true, Optimization true, Expressions true, Deforming true
(26 rows)

COMMIT;
COMMIT

Query 3 executed in 0.200 second(s).
BEGIN;
BEGIN
EXPLAIN
select
	o_orderpriority,
	count(*) as order_count
from
	orders
where
	o_orderdate >= date '1994-07-01'
	and o_orderdate < cast(date '1994-07-01' + interval '3 month' as date)
	and exists (
		select
			*
		from
			lineitem
		where
			l_orderkey = o_orderkey
			and l_commitdate < l_receiptdate
	)
group by
	o_orderpriority
order by
	o_orderpriority;
                                                           QUERY PLAN                                                           
--------------------------------------------------------------------------------------------------------------------------------
 Finalize GroupAggregate  (cost=473781.38..473832.09 rows=5 width=24)
   Group Key: orders.o_orderpriority
   ->  Gather Merge  (cost=473781.38..473831.99 rows=10 width=24)
         Workers Planned: 2
         ->  Partial GroupAggregate  (cost=472781.36..472830.81 rows=5 width=24)
               Group Key: orders.o_orderpriority
               ->  Sort  (cost=472781.36..472797.83 rows=6587 width=16)
                     Sort Key: orders.o_orderpriority
                     ->  Nested Loop Semi Join  (cost=3904.01..472363.57 rows=6587 width=16)
                           ->  Parallel Bitmap Heap Scan on orders  (cost=3903.57..170116.22 rows=118664 width=20)
                                 Recheck Cond: ((o_orderdate >= '1994-07-01'::date) AND (o_orderdate < '1994-10-01'::date))
                                 ->  Bitmap Index Scan on o_od  (cost=0.00..3832.37 rows=284794 width=0)
                                       Index Cond: ((o_orderdate >= '1994-07-01'::date) AND (o_orderdate < '1994-10-01'::date))
                           ->  Index Scan using lineitem_pkey on lineitem  (cost=0.44..48.59 rows=24 width=4)
                                 Index Cond: (l_orderkey = orders.o_orderkey)
                                 Filter: (l_commitdate < l_receiptdate)
 JIT:
   Functions: 15
   Options: Inlining false, Optimization false, Expressions true, Deforming true
(19 rows)

COMMIT;
COMMIT

Query 4 executed in 0.191 second(s).
BEGIN;
BEGIN
EXPLAIN
select
	n_name,
	sum(l_extendedprice * (1 - l_discount)) as revenue
from
	customer,
	orders,
	lineitem,
	supplier,
	nation,
	region
where
	c_custkey = o_custkey
	and l_orderkey = o_orderkey
	and l_suppkey = s_suppkey
	and c_nationkey = s_nationkey
	and s_nationkey = n_nationkey
	and n_regionkey = r_regionkey
	and r_name = 'EUROPE'
	and o_orderdate >= date '1994-01-01'
	and o_orderdate < date '1994-01-01' + interval '1 year'
group by
	n_name
order by
	revenue desc;
                                                                               QUERY PLAN                                                                               
------------------------------------------------------------------------------------------------------------------------------------------------------------------------
 Sort  (cost=1084266.01..1084266.07 rows=25 width=136)
   Sort Key: (sum((lineitem.l_extendedprice * ('1'::numeric - lineitem.l_discount)))) DESC
   ->  Finalize GroupAggregate  (cost=1084067.19..1084265.43 rows=25 width=136)
         Group Key: nation.n_name
         ->  Gather Merge  (cost=1084067.19..1084264.74 rows=50 width=136)
               Workers Planned: 2
               ->  Partial GroupAggregate  (cost=1083067.17..1083258.95 rows=25 width=136)
                     Group Key: nation.n_name
                     ->  Sort  (cost=1083067.17..1083105.46 rows=15317 width=116)
                           Sort Key: nation.n_name
                           ->  Parallel Hash Join  (cost=214061.65..1082002.42 rows=15317 width=116)
                                 Hash Cond: ((orders.o_custkey = customer.c_custkey) AND (supplier.s_nationkey = customer.c_nationkey))
                                 ->  Parallel Hash Join  (cost=187028.15..1037525.33 rows=382969 width=128)
                                       Hash Cond: (lineitem.l_orderkey = orders.o_orderkey)
                                       ->  Parallel Hash Join  (cost=1651.22..750941.95 rows=2499983 width=128)
                                             Hash Cond: (lineitem.l_suppkey = supplier.s_suppkey)
                                             ->  Parallel Seq Scan on lineitem  (cost=0.00..687711.15 rows=12499915 width=20)
                                             ->  Parallel Hash  (cost=1577.70..1577.70 rows=5882 width=116)
                                                   ->  Hash Join  (cost=2.46..1577.70 rows=5882 width=116)
                                                         Hash Cond: (supplier.s_nationkey = nation.n_nationkey)
                                                         ->  Parallel Seq Scan on supplier  (cost=0.00..1406.12 rows=29412 width=8)
                                                         ->  Hash  (cost=2.40..2.40 rows=5 width=108)
                                                               ->  Hash Join  (cost=1.07..2.40 rows=5 width=108)
                                                                     Hash Cond: (nation.n_regionkey = region.r_regionkey)
                                                                     ->  Seq Scan on nation  (cost=0.00..1.25 rows=25 width=112)
                                                                     ->  Hash  (cost=1.06..1.06 rows=1 width=4)
                                                                           ->  Seq Scan on region  (cost=0.00..1.06 rows=1 width=4)
                                                                                 Filter: (r_name = 'EUROPE'::bpchar)
                                       ->  Parallel Hash  (cost=177523.00..177523.00 rows=478714 width=8)
                                             ->  Parallel Seq Scan on orders  (cost=0.00..177523.00 rows=478714 width=8)
                                                   Filter: ((o_orderdate >= '1994-01-01'::date) AND (o_orderdate < '1995-01-01 00:00:00'::timestamp without time zone))
                                 ->  Parallel Hash  (cost=21125.00..21125.00 rows=312500 width=8)
                                       ->  Parallel Seq Scan on customer  (cost=0.00..21125.00 rows=312500 width=8)
 JIT:
   Functions: 57
   Options: Inlining true, Optimization true, Expressions true, Deforming true
(36 rows)

COMMIT;
COMMIT

Query 5 executed in 0.200 second(s).
BEGIN;
BEGIN
EXPLAIN
select
	sum(l_extendedprice * l_discount) as revenue
from
	lineitem
where
	l_shipdate >= date '1994-01-01'
	and l_shipdate < cast(date '1994-01-01' + interval '1 year' as date)
	and l_discount between 0.08 - 0.01 and 0.08 + 0.01
	and l_quantity < 24;
                                                                                        QUERY PLAN                                                                                         
-------------------------------------------------------------------------------------------------------------------------------------------------------------------------------------------
 Finalize Aggregate  (cost=846150.13..846150.14 rows=1 width=32)
   ->  Gather  (cost=846149.91..846150.12 rows=2 width=32)
         Workers Planned: 2
         ->  Partial Aggregate  (cost=845149.91..845149.92 rows=1 width=32)
               ->  Parallel Seq Scan on lineitem  (cost=0.00..843960.09 rows=237964 width=12)
                     Filter: ((l_shipdate >= '1994-01-01'::date) AND (l_shipdate < '1995-01-01'::date) AND (l_discount >= 0.07) AND (l_discount <= 0.09) AND (l_quantity < '24'::numeric))
 JIT:
   Functions: 7
   Options: Inlining true, Optimization true, Expressions true, Deforming true
(9 rows)

COMMIT;
COMMIT

Query 6 executed in 0.180 second(s).
BEGIN;
BEGIN
EXPLAIN
select
	supp_nation,
	cust_nation,
	l_year,
	sum(volume) as revenue
from
	(
		select
			n1.n_name as supp_nation,
			n2.n_name as cust_nation,
			extract(year from l_shipdate) as l_year,
			l_extendedprice * (1 - l_discount) as volume
		from
			supplier,
			lineitem,
			orders,
			customer,
			nation n1,
			nation n2
		where
			s_suppkey = l_suppkey
			and o_orderkey = l_orderkey
			and c_custkey = o_custkey
			and s_nationkey = n1.n_nationkey
			and c_nationkey = n2.n_nationkey
			and (
				(n1.n_name = 'SAUDI ARABIA' and n2.n_name = 'IRAQ')
				or (n1.n_name = 'IRAQ' and n2.n_name = 'SAUDI ARABIA')
			)
			and l_shipdate between date '1995-01-01' and date '1996-12-31'
	) as shipping
group by
	supp_nation,
	cust_nation,
	l_year
order by
	supp_nation,
	cust_nation,
	l_year;
                                                                                         QUERY PLAN                                                                                          
---------------------------------------------------------------------------------------------------------------------------------------------------------------------------------------------
 Finalize GroupAggregate  (cost=990547.71..993638.46 rows=10044 width=272)
   Group Key: n1.n_name, n2.n_name, (EXTRACT(year FROM lineitem.l_shipdate))
   ->  Gather Merge  (cost=990547.71..993236.70 rows=20088 width=272)
         Workers Planned: 2
         ->  Partial GroupAggregate  (cost=989547.69..989918.03 rows=10044 width=272)
               Group Key: n1.n_name, n2.n_name, (EXTRACT(year FROM lineitem.l_shipdate))
               ->  Sort  (cost=989547.69..989579.07 rows=12553 width=252)
                     Sort Key: n1.n_name, n2.n_name, (EXTRACT(year FROM lineitem.l_shipdate))
                     ->  Parallel Hash Join  (cost=205859.91..988693.10 rows=12553 width=252)
                           Hash Cond: (lineitem.l_orderkey = orders.o_orderkey)
                           Join Filter: (((n1.n_name = 'SAUDI ARABIA'::bpchar) AND (n2.n_name = 'IRAQ'::bpchar)) OR ((n1.n_name = 'IRAQ'::bpchar) AND (n2.n_name = 'SAUDI ARABIA'::bpchar)))
                           ->  Parallel Hash Join  (cost=1527.22..767651.76 rows=301641 width=124)
                                 Hash Cond: (lineitem.l_suppkey = supplier.s_suppkey)
                                 ->  Parallel Seq Scan on lineitem  (cost=0.00..750210.72 rows=3770512 width=24)
                                       Filter: ((l_shipdate >= '1995-01-01'::date) AND (l_shipdate <= '1996-12-31'::date))
                                 ->  Parallel Hash  (cost=1497.81..1497.81 rows=2353 width=108)
                                       ->  Hash Join  (cost=1.40..1497.81 rows=2353 width=108)
                                             Hash Cond: (supplier.s_nationkey = n1.n_nationkey)
                                             ->  Parallel Seq Scan on supplier  (cost=0.00..1406.12 rows=29412 width=8)
                                             ->  Hash  (cost=1.38..1.38 rows=2 width=108)
                                                   ->  Seq Scan on nation n1  (cost=0.00..1.38 rows=2 width=108)
                                                         Filter: ((n_name = 'SAUDI ARABIA'::bpchar) OR (n_name = 'IRAQ'::bpchar))
                           ->  Parallel Hash  (cost=197056.70..197056.70 rows=250000 width=108)
                                 ->  Parallel Hash Join  (cost=22398.28..197056.70 rows=250000 width=108)
                                       Hash Cond: (orders.o_custkey = customer.c_custkey)
                                       ->  Parallel Seq Scan on orders  (cost=0.00..161898.00 rows=3125000 width=8)
                                       ->  Parallel Hash  (cost=22085.78..22085.78 rows=25000 width=108)
                                             ->  Hash Join  (cost=1.40..22085.78 rows=25000 width=108)
                                                   Hash Cond: (customer.c_nationkey = n2.n_nationkey)
                                                   ->  Parallel Seq Scan on customer  (cost=0.00..21125.00 rows=312500 width=8)
                                                   ->  Hash  (cost=1.38..1.38 rows=2 width=108)
                                                         ->  Seq Scan on nation n2  (cost=0.00..1.38 rows=2 width=108)
                                                               Filter: ((n_name = 'IRAQ'::bpchar) OR (n_name = 'SAUDI ARABIA'::bpchar))
 JIT:
   Functions: 62
   Options: Inlining true, Optimization true, Expressions true, Deforming true
(36 rows)

COMMIT;
COMMIT

Query 7 executed in 0.205 second(s).
BEGIN;
BEGIN
EXPLAIN
select
	o_year,
	sum(case
		when nation = 'IRAQ' then volume
		else 0
	end) / sum(volume) as mkt_share
from
	(
		select
			extract(year from o_orderdate) as o_year,
			l_extendedprice * (1 - l_discount) as volume,
			n2.n_name as nation
		from
			part,
			supplier,
			lineitem,
			orders,
			customer,
			nation n1,
			nation n2,
			region
		where
			p_partkey = l_partkey
			and s_suppkey = l_suppkey
			and l_orderkey = o_orderkey
			and o_custkey = c_custkey
			and c_nationkey = n1.n_nationkey
			and n1.n_regionkey = r_regionkey
			and r_name = 'MIDDLE EAST'
			and s_nationkey = n2.n_nationkey
			and o_orderdate between date '1995-01-01' and date '1996-12-31'
			and p_type = 'PROMO BURNISHED STEEL'
	) as all_nations
group by
	o_year
order by
	o_year;
                                                                         QUERY PLAN                                                                         
------------------------------------------------------------------------------------------------------------------------------------------------------------
 Finalize GroupAggregate  (cost=954439.79..954989.93 rows=2406 width=64)
   Group Key: (EXTRACT(year FROM orders.o_orderdate))
   ->  Gather Merge  (cost=954439.79..954911.73 rows=2406 width=96)
         Workers Planned: 1
         ->  Partial GroupAggregate  (cost=953439.78..953641.05 rows=2406 width=96)
               Group Key: (EXTRACT(year FROM orders.o_orderdate))
               ->  Sort  (cost=953439.78..953457.46 rows=7074 width=148)
                     Sort Key: (EXTRACT(year FROM orders.o_orderdate))
                     ->  Hash Join  (cost=951402.16..952987.45 rows=7074 width=148)
                           Hash Cond: (supplier.s_nationkey = n2.n_nationkey)
                           ->  Parallel Hash Join  (cost=951400.60..952946.49 rows=7074 width=20)
                                 Hash Cond: (supplier.s_suppkey = lineitem.l_suppkey)
                                 ->  Parallel Seq Scan on supplier  (cost=0.00..1406.12 rows=29412 width=8)
                                 ->  Parallel Hash  (cost=951337.96..951337.96 rows=5011 width=20)
                                       ->  Hash Join  (cost=928792.63..951337.96 rows=5011 width=20)
                                             Hash Cond: (customer.c_nationkey = n1.n_nationkey)
                                             ->  Parallel Hash Join  (cost=928790.17..951191.43 rows=25054 width=24)
                                                   Hash Cond: (customer.c_custkey = orders.o_custkey)
                                                   ->  Parallel Seq Scan on customer  (cost=0.00..21125.00 rows=312500 width=8)
                                                   ->  Parallel Hash  (cost=928476.99..928476.99 rows=25054 width=24)
                                                         ->  Parallel Hash Join  (cost=747317.59..928476.99 rows=25054 width=24)
                                                               Hash Cond: (orders.o_orderkey = lineitem.l_orderkey)
                                                               ->  Parallel Seq Scan on orders  (cost=0.00..177523.00 rows=941869 width=12)
                                                                     Filter: ((o_orderdate >= '1995-01-01'::date) AND (o_orderdate <= '1996-12-31'::date))
                                                               ->  Parallel Hash  (cost=746278.53..746278.53 rows=83125 width=20)
                                                                     ->  Parallel Hash Join  (cost=25754.97..746278.53 rows=83125 width=20)
                                                                           Hash Cond: (lineitem.l_partkey = part.p_partkey)
                                                                           ->  Parallel Seq Scan on lineitem  (cost=0.00..687711.15 rows=12499915 width=24)
                                                                           ->  Parallel Hash  (cost=25720.33..25720.33 rows=2771 width=4)
                                                                                 ->  Parallel Seq Scan on part  (cost=0.00..25720.33 rows=2771 width=4)
                                                                                       Filter: ((p_type)::text = 'PROMO BURNISHED STEEL'::text)
                                             ->  Hash  (cost=2.40..2.40 rows=5 width=4)
                                                   ->  Hash Join  (cost=1.07..2.40 rows=5 width=4)
                                                         Hash Cond: (n1.n_regionkey = region.r_regionkey)
                                                         ->  Seq Scan on nation n1  (cost=0.00..1.25 rows=25 width=8)
                                                         ->  Hash  (cost=1.06..1.06 rows=1 width=4)
                                                               ->  Seq Scan on region  (cost=0.00..1.06 rows=1 width=4)
                                                                     Filter: (r_name = 'MIDDLE EAST'::bpchar)
                           ->  Hash  (cost=1.25..1.25 rows=25 width=108)
                                 ->  Seq Scan on nation n2  (cost=0.00..1.25 rows=25 width=108)
 JIT:
   Functions: 74
   Options: Inlining true, Optimization true, Expressions true, Deforming true
(43 rows)

COMMIT;
COMMIT

Query 8 executed in 0.200 second(s).
BEGIN;
BEGIN
EXPLAIN
select
	nation,
	o_year,
	sum(amount) as sum_profit
from
	(
		select
			n_name as nation,
			extract(year from o_orderdate) as o_year,
			l_extendedprice * (1 - l_discount) - ps_supplycost * l_quantity as amount
		from
			part,
			supplier,
			lineitem,
			partsupp,
			orders,
			nation
		where
			s_suppkey = l_suppkey
			and ps_suppkey = l_suppkey
			and ps_partkey = l_partkey
			and p_partkey = l_partkey
			and o_orderkey = l_orderkey
			and s_nationkey = n_nationkey
			and p_name like '%spring%'
	) as profit
group by
	nation,
	o_year
order by
	nation,
	o_year desc;
                                                                        QUERY PLAN                                                                        
----------------------------------------------------------------------------------------------------------------------------------------------------------
 Finalize GroupAggregate  (cost=1413803.24..1450898.20 rows=60150 width=168)
   Group Key: nation.n_name, (EXTRACT(year FROM orders.o_orderdate))
   ->  Gather Merge  (cost=1413803.24..1448792.95 rows=120300 width=168)
         Workers Planned: 2
         ->  Partial GroupAggregate  (cost=1412803.21..1433907.32 rows=60150 width=168)
               Group Key: nation.n_name, (EXTRACT(year FROM orders.o_orderdate))
               ->  Sort  (cost=1412803.21..1415328.45 rows=1010093 width=159)
                     Sort Key: nation.n_name, (EXTRACT(year FROM orders.o_orderdate)) DESC
                     ->  Hash Join  (cost=934571.41..1153250.35 rows=1010093 width=159)
                           Hash Cond: (supplier.s_nationkey = nation.n_nationkey)
                           ->  Parallel Hash Join  (cost=934569.85..1147622.57 rows=1010093 width=31)
                                 Hash Cond: (orders.o_orderkey = lineitem.l_orderkey)
                                 ->  Parallel Seq Scan on orders  (cost=0.00..161898.00 rows=3125000 width=8)
                                 ->  Parallel Hash  (cost=915038.69..915038.69 rows=1010093 width=31)
                                       ->  Parallel Hash Join  (cost=771481.93..915038.69 rows=1010093 width=31)
                                             Hash Cond: (lineitem.l_suppkey = supplier.s_suppkey)
                                             ->  Parallel Hash Join  (cost=769708.16..910613.20 rows=1010093 width=35)
                                                   Hash Cond: ((partsupp.ps_suppkey = lineitem.l_suppkey) AND (partsupp.ps_partkey = lineitem.l_partkey))
                                                   ->  Parallel Seq Scan on partsupp  (cost=0.00..104234.67 rows=1666667 width=14)
                                                   ->  Parallel Hash  (cost=746664.77..746664.77 rows=1010093 width=33)
                                                         ->  Parallel Hash Join  (cost=26141.21..746664.77 rows=1010093 width=33)
                                                               Hash Cond: (lineitem.l_partkey = part.p_partkey)
                                                               ->  Parallel Seq Scan on lineitem  (cost=0.00..687711.15 rows=12499915 width=29)
                                                               ->  Parallel Hash  (cost=25720.33..25720.33 rows=33670 width=4)
                                                                     ->  Parallel Seq Scan on part  (cost=0.00..25720.33 rows=33670 width=4)
                                                                           Filter: ((p_name)::text ~~ '%spring%'::text)
                                             ->  Parallel Hash  (cost=1406.12..1406.12 rows=29412 width=8)
                                                   ->  Parallel Seq Scan on supplier  (cost=0.00..1406.12 rows=29412 width=8)
                           ->  Hash  (cost=1.25..1.25 rows=25 width=108)
                                 ->  Seq Scan on nation  (cost=0.00..1.25 rows=25 width=108)
 JIT:
   Functions: 55
   Options: Inlining true, Optimization true, Expressions true, Deforming true
(33 rows)

COMMIT;
COMMIT

Query 9 executed in 0.206 second(s).
BEGIN;
BEGIN
EXPLAIN
select
	c_custkey,
	c_name,
	sum(l_extendedprice * (1 - l_discount)) as revenue,
	c_acctbal,
	n_name,
	c_address,
	c_phone,
	c_comment
from
	customer,
	orders,
	lineitem,
	nation
where
	c_custkey = o_custkey
	and l_orderkey = o_orderkey
	and o_orderdate >= date '1993-12-01'
	and o_orderdate < cast(date '1993-12-01' + interval '3 month' as date)
	and l_returnflag = 'R'
	and c_nationkey = n_nationkey
group by
	c_custkey,
	c_name,
	c_acctbal,
	c_phone,
	n_name,
	c_address,
	c_comment
order by
	revenue desc
LIMIT 20;
                                                                             QUERY PLAN                                                                             
--------------------------------------------------------------------------------------------------------------------------------------------------------------------
 Limit  (cost=996024.24..996024.29 rows=20 width=280)
   ->  Sort  (cost=996024.24..996740.70 rows=286585 width=280)
         Sort Key: (sum((lineitem.l_extendedprice * ('1'::numeric - lineitem.l_discount)))) DESC
         ->  Finalize GroupAggregate  (cost=951578.27..988398.31 rows=286585 width=280)
               Group Key: customer.c_custkey, nation.n_name
               ->  Gather Merge  (cost=951578.27..982427.80 rows=238820 width=280)
                     Workers Planned: 2
                     ->  Partial GroupAggregate  (cost=950578.25..953862.02 rows=119410 width=280)
                           Group Key: customer.c_custkey, nation.n_name
                           ->  Sort  (cost=950578.25..950876.77 rows=119410 width=260)
                                 Sort Key: customer.c_custkey, nation.n_name
                                 ->  Hash Join  (cost=900307.41..925812.16 rows=119410 width=260)
                                       Hash Cond: (customer.c_nationkey = nation.n_nationkey)
                                       ->  Parallel Hash Join  (cost=900305.85..925444.02 rows=119410 width=160)
                                             Hash Cond: (customer.c_custkey = orders.o_custkey)
                                             ->  Parallel Seq Scan on customer  (cost=0.00..21125.00 rows=312500 width=148)
                                             ->  Parallel Hash  (cost=898813.23..898813.23 rows=119410 width=16)
                                                   ->  Parallel Hash Join  (cost=171612.03..898813.23 rows=119410 width=16)
                                                         Hash Cond: (lineitem.l_orderkey = orders.o_orderkey)
                                                         ->  Parallel Seq Scan on lineitem  (cost=0.00..718960.94 rows=3139145 width=16)
                                                               Filter: (l_returnflag = 'R'::bpchar)
                                                         ->  Parallel Hash  (cost=170126.13..170126.13 rows=118872 width=8)
                                                               ->  Parallel Bitmap Heap Scan on orders  (cost=3912.70..170126.13 rows=118872 width=8)
                                                                     Recheck Cond: ((o_orderdate >= '1993-12-01'::date) AND (o_orderdate < '1994-03-01'::date))
                                                                     ->  Bitmap Index Scan on o_od  (cost=0.00..3841.37 rows=285294 width=0)
                                                                           Index Cond: ((o_orderdate >= '1993-12-01'::date) AND (o_orderdate < '1994-03-01'::date))
                                       ->  Hash  (cost=1.25..1.25 rows=25 width=108)
                                             ->  Seq Scan on nation  (cost=0.00..1.25 rows=25 width=108)
 JIT:
   Functions: 41
   Options: Inlining true, Optimization true, Expressions true, Deforming true
(31 rows)

COMMIT;
COMMIT

Query 10 executed in 0.195 second(s).
BEGIN;
BEGIN
EXPLAIN
select
	ps_partkey,
	sum(ps_supplycost * ps_availqty) as value
from
	partsupp,
	supplier,
	nation
where
	ps_suppkey = s_suppkey
	and s_nationkey = n_nationkey
	and n_name = 'SAUDI ARABIA'
group by
	ps_partkey having
		sum(ps_supplycost * ps_availqty) > (
			select
				sum(ps_supplycost * ps_availqty) *         inf
			from
				partsupp,
				supplier,
				nation
			where
				ps_suppkey = s_suppkey
				and s_nationkey = n_nationkey
				and n_name = 'SAUDI ARABIA'
		)
order by
	value desc;
ERROR:  column "inf" does not exist
LINE 17:     sum(ps_supplycost * ps_availqty) *         inf
                                                        ^

Query 11 executed in 0.136 second(s).
BEGIN;
BEGIN
EXPLAIN
select
	l_shipmode,
	sum(case
		when o_orderpriority = '1-URGENT'
			or o_orderpriority = '2-HIGH'
			then 1
		else 0
	end) as high_line_count,
	sum(case
		when o_orderpriority <> '1-URGENT'
			and o_orderpriority <> '2-HIGH'
			then 1
		else 0
	end) as low_line_count
from
	orders,
	lineitem
where
	o_orderkey = l_orderkey
	and l_shipmode in ('TRUCK', 'RAIL')
	and l_commitdate < l_receiptdate
	and l_shipdate < l_commitdate
	and l_receiptdate >= date '1993-01-01'
	and l_receiptdate < date '1993-01-01' + interval '1 year'
group by
	l_shipmode
order by
	l_shipmode;
                                                                                                                                  QUERY PLAN                                                                                                                                   
-------------------------------------------------------------------------------------------------------------------------------------------------------------------------------------------------------------------------------------------------------------------------------
 Finalize GroupAggregate  (cost=1088060.62..1089264.88 rows=7 width=27)
   Group Key: lineitem.l_shipmode
   ->  Gather Merge  (cost=1088060.62..1089264.70 rows=14 width=27)
         Workers Planned: 2
         ->  Partial GroupAggregate  (cost=1087060.60..1088263.07 rows=7 width=27)
               Group Key: lineitem.l_shipmode
               ->  Sort  (cost=1087060.60..1087210.90 rows=60120 width=27)
                     Sort Key: lineitem.l_shipmode
                     ->  Parallel Hash Join  (cost=219271.50..1082288.40 rows=60120 width=27)
                           Hash Cond: (lineitem.l_orderkey = orders.o_orderkey)
                           ->  Parallel Seq Scan on lineitem  (cost=0.00..843960.09 rows=60120 width=15)
                                 Filter: ((l_shipmode = ANY ('{TRUCK,RAIL}'::bpchar[])) AND (l_commitdate < l_receiptdate) AND (l_shipdate < l_commitdate) AND (l_receiptdate >= '1993-01-01'::date) AND (l_receiptdate < '1994-01-01 00:00:00'::timestamp without time zone))
                           ->  Parallel Hash  (cost=161898.00..161898.00 rows=3125000 width=20)
                                 ->  Parallel Seq Scan on orders  (cost=0.00..161898.00 rows=3125000 width=20)
 JIT:
   Functions: 20
   Options: Inlining true, Optimization true, Expressions true, Deforming true
(17 rows)

COMMIT;
COMMIT

Query 12 executed in 0.186 second(s).
BEGIN;
BEGIN
EXPLAIN
select
	c_count,
	count(*) as custdist
from
	(
		select
			c_custkey,
			count(o_orderkey)
		from
			customer left outer join orders on
				c_custkey = o_custkey
				and o_comment not like '%pending%packages%'
		group by
			c_custkey
	) as c_orders (c_custkey, c_count)
group by
	c_count
order by
	custdist desc,
	c_count desc;
                                                                  QUERY PLAN                                                                   
-----------------------------------------------------------------------------------------------------------------------------------------------
 Sort  (cost=709674.43..709674.93 rows=200 width=16)
   Sort Key: (count(*)) DESC, (count(orders.o_orderkey)) DESC
   ->  HashAggregate  (cost=709664.79..709666.79 rows=200 width=16)
         Group Key: count(orders.o_orderkey)
         ->  Finalize HashAggregate  (cost=676266.35..698414.79 rows=750000 width=12)
               Group Key: customer.c_custkey
               Planned Partitions: 16
               ->  Gather  (cost=398505.15..580172.60 rows=1500000 width=12)
                     Workers Planned: 2
                     ->  Partial HashAggregate  (cost=397505.15..429172.60 rows=750000 width=12)
                           Group Key: customer.c_custkey
                           Planned Partitions: 16
                           ->  Parallel Hash Right Join  (cost=20279.68..223499.49 rows=3093434 width=8)
                                 Hash Cond: (orders.o_custkey = customer.c_custkey)
                                 ->  Parallel Seq Scan on orders  (cost=0.00..169710.50 rows=3093434 width=8)
                                       Filter: ((o_comment)::text !~~ '%pending%packages%'::text)
                                 ->  Parallel Hash  (cost=15152.43..15152.43 rows=312500 width=4)
                                       ->  Parallel Index Only Scan using customer_pkey on customer  (cost=0.42..15152.43 rows=312500 width=4)
 JIT:
   Functions: 16
   Options: Inlining true, Optimization true, Expressions true, Deforming true
(21 rows)

COMMIT;
COMMIT

Query 13 executed in 0.173 second(s).
BEGIN;
BEGIN
EXPLAIN
select
	100.00 * sum(case
		when p_type like 'PROMO%'
			then l_extendedprice * (1 - l_discount)
		else 0
	end) / sum(l_extendedprice * (1 - l_discount)) as promo_revenue
from
	lineitem,
	part
where
	l_partkey = p_partkey
	and l_shipdate >= date '1993-03-01'
	and l_shipdate < cast(date '1993-03-01' + interval '1 month' as date);
                                                          QUERY PLAN                                                          
------------------------------------------------------------------------------------------------------------------------------
 Finalize Aggregate  (cost=748622.21..748622.23 rows=1 width=32)
   ->  Gather  (cost=748621.98..748622.19 rows=2 width=64)
         Workers Planned: 2
         ->  Partial Aggregate  (cost=747621.98..747621.99 rows=1 width=64)
               ->  Parallel Hash Join  (cost=711051.97..744748.21 rows=164215 width=33)
                     Hash Cond: (part.p_partkey = lineitem.l_partkey)
                     ->  Parallel Seq Scan on part  (cost=0.00..24678.67 rows=416667 width=25)
                     ->  Parallel Hash  (cost=708999.28..708999.28 rows=164215 width=16)
                           ->  Parallel Bitmap Heap Scan on lineitem  (cost=5384.14..708999.28 rows=164215 width=16)
                                 Recheck Cond: ((l_shipdate >= '1993-03-01'::date) AND (l_shipdate < '1993-04-01'::date))
                                 ->  Bitmap Index Scan on l_sd  (cost=0.00..5285.61 rows=394117 width=0)
                                       Index Cond: ((l_shipdate >= '1993-03-01'::date) AND (l_shipdate < '1993-04-01'::date))
 JIT:
   Functions: 17
   Options: Inlining true, Optimization true, Expressions true, Deforming true
(15 rows)

COMMIT;
COMMIT

Query 14 executed in 0.190 second(s).
BEGIN;
BEGIN
create or replace view revenue0 (supplier_no, total_revenue) as
	select
		l_suppkey,
		sum(l_extendedprice * (1 - l_discount))
	from
		lineitem
	where
		l_shipdate >= '1995-07-01'
		and l_shipdate < date'1995-07-01' + interval '90 days'
	group by
		l_suppkey;
CREATE VIEW
EXPLAIN
select
	s_suppkey,
	s_name,
	s_address,
	s_phone,
	total_revenue
from
	supplier,
	revenue0
where
	s_suppkey = supplier_no
	and total_revenue = (
		select
			max(total_revenue)
		from
			revenue0
	)
order by
	s_suppkey;
                                                                         QUERY PLAN                                                                         
------------------------------------------------------------------------------------------------------------------------------------------------------------
 Nested Loop  (cost=1599207.01..1613679.96 rows=246 width=103)
   InitPlan 1
     ->  Aggregate  (cost=806341.42..806341.43 rows=1 width=32)
           ->  Finalize GroupAggregate  (cost=792865.28..805725.17 rows=49300 width=36)
                 Group Key: lineitem_1.l_suppkey
                 ->  Gather Merge  (cost=792865.28..804369.42 rows=98600 width=36)
                       Workers Planned: 2
                       ->  Sort  (cost=791865.26..791988.51 rows=49300 width=36)
                             Sort Key: lineitem_1.l_suppkey
                             ->  Partial HashAggregate  (cost=782798.28..788022.50 rows=49300 width=36)
                                   Group Key: lineitem_1.l_suppkey
                                   Planned Partitions: 4
                                   ->  Parallel Seq Scan on lineitem lineitem_1  (cost=0.00..750210.72 rows=471856 width=16)
                                         Filter: ((l_shipdate >= '1995-07-01'::date) AND (l_shipdate < '1995-09-29 00:00:00'::timestamp without time zone))
   ->  Finalize GroupAggregate  (cost=792865.28..805848.42 rows=246 width=36)
         Group Key: lineitem.l_suppkey
         Filter: (sum((lineitem.l_extendedprice * ('1'::numeric - lineitem.l_discount))) = (InitPlan 1).col1)
         ->  Gather Merge  (cost=792865.28..804369.42 rows=98600 width=36)
               Workers Planned: 2
               ->  Sort  (cost=791865.26..791988.51 rows=49300 width=36)
                     Sort Key: lineitem.l_suppkey
                     ->  Partial HashAggregate  (cost=782798.28..788022.50 rows=49300 width=36)
                           Group Key: lineitem.l_suppkey
                           Planned Partitions: 4
                           ->  Parallel Seq Scan on lineitem  (cost=0.00..750210.72 rows=471856 width=16)
                                 Filter: ((l_shipdate >= '1995-07-01'::date) AND (l_shipdate < '1995-09-29 00:00:00'::timestamp without time zone))
   ->  Index Scan using supplier_pkey on supplier  (cost=0.29..6.05 rows=1 width=71)
         Index Cond: (s_suppkey = lineitem.l_suppkey)
 JIT:
   Functions: 25
   Options: Inlining true, Optimization true, Expressions true, Deforming true
(31 rows)

drop view revenue0;
DROP VIEW
COMMIT;
COMMIT

Query 15 executed in 0.191 second(s).
BEGIN;
BEGIN
EXPLAIN
select
	p_brand,
	p_type,
	p_size,
	count(distinct ps_suppkey) as supplier_cnt
from
	partsupp,
	part
where
	p_partkey = ps_partkey
	and p_brand <> 'Brand#25'
	and p_type not like 'MEDIUM PLATED%'
	and p_size in (32, 9, 23, 11, 45, 10, 17, 31)
	and ps_suppkey not in (
		select
			s_suppkey
		from
			supplier
		where
			s_comment like '%Customer%Complaints%'
	)
group by
	p_brand,
	p_type,
	p_size
order by
	supplier_cnt desc,
	p_brand,
	p_type,
	p_size;
                                                              QUERY PLAN                                                              
--------------------------------------------------------------------------------------------------------------------------------------
 Sort  (cost=175412.10..175611.38 rows=79714 width=44)
   Sort Key: (count(DISTINCT partsupp.ps_suppkey)) DESC, part.p_brand, part.p_type, part.p_size
   ->  GroupAggregate  (cost=128376.25..166468.86 rows=79714 width=44)
         Group Key: part.p_brand, part.p_type, part.p_size
         ->  Gather Merge  (cost=128376.25..162722.68 rows=294904 width=40)
               Workers Planned: 2
               ->  Sort  (cost=127376.23..127683.42 rows=122877 width=40)
                     Sort Key: part.p_brand, part.p_type, part.p_size, partsupp.ps_suppkey
                     ->  Parallel Hash Join  (cost=26398.50..113628.91 rows=122877 width=40)
                           Hash Cond: (partsupp.ps_partkey = part.p_partkey)
                           ->  Parallel Index Only Scan using partsupp_pkey on partsupp  (cost=1737.44..86780.34 rows=833333 width=8)
                                 Filter: (NOT (ANY (ps_suppkey = (hashed SubPlan 1).col1)))
                                 SubPlan 1
                                   ->  Seq Scan on supplier  (cost=0.00..1737.00 rows=5 width=4)
                                         Filter: ((s_comment)::text ~~ '%Customer%Complaints%'::text)
                           ->  Parallel Hash  (cost=23893.09..23893.09 rows=61438 width=40)
                                 ->  Parallel Bitmap Heap Scan on part  (cost=1731.78..23893.09 rows=61438 width=40)
                                       Recheck Cond: (p_size = ANY ('{32,9,23,11,45,10,17,31}'::integer[]))
                                       Filter: ((p_brand <> 'Brand#25'::bpchar) AND ((p_type)::text !~~ 'MEDIUM PLATED%'::text))
                                       ->  Bitmap Index Scan on p_s  (cost=0.00..1694.92 rows=158333 width=0)
                                             Index Cond: (p_size = ANY ('{32,9,23,11,45,10,17,31}'::integer[]))
 JIT:
   Functions: 25
   Options: Inlining false, Optimization false, Expressions true, Deforming true
(24 rows)

COMMIT;
COMMIT

Query 16 executed in 0.196 second(s).
BEGIN;
BEGIN
EXPLAIN
select
	sum(l_extendedprice) / 7.0 as avg_yearly
from
	lineitem,
	part
where
	p_partkey = l_partkey
	and p_brand = 'Brand#53'
	and p_container = 'JUMBO BOX'
	and l_quantity < (
		select
			0.2 * avg(l_quantity)
		from
			lineitem
		where
			l_partkey = p_partkey
	);
                                                 QUERY PLAN                                                 
------------------------------------------------------------------------------------------------------------
 Aggregate  (cost=10346451.51..10346451.53 rows=1 width=32)
   ->  Hash Join  (cost=27872.02..10346427.06 rows=9780 width=8)
         Hash Cond: (lineitem.l_partkey = part.p_partkey)
         Join Filter: (lineitem.l_quantity < (SubPlan 1))
         ->  Seq Scan on lineitem  (cost=0.00..862709.96 rows=29999796 width=17)
         ->  Hash  (cost=27859.80..27859.80 rows=978 width=4)
               ->  Gather  (cost=1000.00..27859.80 rows=978 width=4)
                     Workers Planned: 2
                     ->  Parallel Seq Scan on part  (cost=0.00..26762.00 rows=408 width=4)
                           Filter: ((p_brand = 'Brand#53'::bpchar) AND (p_container = 'JUMBO BOX'::bpchar))
         SubPlan 1
           ->  Aggregate  (cost=937709.53..937709.55 rows=1 width=32)
                 ->  Seq Scan on lineitem lineitem_1  (cost=0.00..937709.45 rows=33 width=5)
                       Filter: (l_partkey = part.p_partkey)
 JIT:
   Functions: 24
   Options: Inlining true, Optimization true, Expressions true, Deforming true
(17 rows)

COMMIT;
COMMIT

Query 17 executed in 0.188 second(s).
BEGIN;
BEGIN
EXPLAIN
select
	c_name,
	c_custkey,
	o_orderkey,
	o_orderdate,
	o_totalprice,
	sum(l_quantity)
from
	customer,
	orders,
	lineitem
where
	o_orderkey in (
		select
			l_orderkey
		from
			lineitem
		group by
			l_orderkey having
				sum(l_quantity) > 313
	)
	and c_custkey = o_custkey
	and o_orderkey = l_orderkey
group by
	c_name,
	c_custkey,
	o_orderkey,
	o_orderdate,
	o_totalprice
order by
	o_totalprice desc,
	o_orderdate
LIMIT 100;
                                                                                 QUERY PLAN                                                                                 
----------------------------------------------------------------------------------------------------------------------------------------------------------------------------
 Limit  (cost=3403664.69..3403664.94 rows=100 width=71)
   ->  Sort  (cost=3403664.69..3405052.36 rows=555068 width=71)
         Sort Key: orders.o_totalprice DESC, orders.o_orderdate
         ->  GroupAggregate  (cost=3297269.42..3382450.39 rows=555068 width=71)
               Group Key: customer.c_custkey, orders.o_orderkey
               ->  Incremental Sort  (cost=3297269.42..3371349.03 rows=555068 width=44)
                     Sort Key: customer.c_custkey, orders.o_orderkey
                     Presorted Key: customer.c_custkey
                     ->  Merge Join  (cost=3297269.32..3346370.97 rows=555068 width=44)
                           Merge Cond: (customer.c_custkey = orders.o_custkey)
                           ->  Index Scan using customer_pkey on customer  (cost=0.42..37514.08 rows=750000 width=23)
                           ->  Materialize  (cost=3297268.62..3300043.96 rows=555068 width=25)
                                 ->  Sort  (cost=3297268.62..3298656.29 rows=555068 width=25)
                                       Sort Key: orders.o_custkey
                                       ->  Hash Join  (cost=2121714.18..3231026.23 rows=555068 width=25)
                                             Hash Cond: (lineitem.l_orderkey = orders.o_orderkey)
                                             ->  Hash Join  (cost=1778370.18..2719830.40 rows=9999932 width=13)
                                                   Hash Cond: (lineitem.l_orderkey = lineitem_1.l_orderkey)
                                                   ->  Seq Scan on lineitem  (cost=0.00..862709.96 rows=29999796 width=9)
                                                   ->  Hash  (cost=1776635.58..1776635.58 rows=138768 width=4)
                                                         ->  Finalize GroupAggregate  (cost=1667002.07..1776635.58 rows=138768 width=4)
                                                               Group Key: lineitem_1.l_orderkey
                                                               Filter: (sum(lineitem_1.l_quantity) > '313'::numeric)
                                                               ->  Gather Merge  (cost=1667002.07..1764146.46 rows=832608 width=36)
                                                                     Workers Planned: 2
                                                                     ->  Sort  (cost=1666002.05..1667042.81 rows=416304 width=36)
                                                                           Sort Key: lineitem_1.l_orderkey
                                                                           ->  Partial HashAggregate  (cost=1488486.95..1615760.24 rows=416304 width=36)
                                                                                 Group Key: lineitem_1.l_orderkey
                                                                                 Planned Partitions: 16
                                                                                 ->  Parallel Seq Scan on lineitem lineitem_1  (cost=0.00..687711.15 rows=12499915 width=9)
                                             ->  Hash  (cost=205648.00..205648.00 rows=7500000 width=20)
                                                   ->  Seq Scan on orders  (cost=0.00..205648.00 rows=7500000 width=20)
 JIT:
   Functions: 38
   Options: Inlining true, Optimization true, Expressions true, Deforming true
(36 rows)

COMMIT;
COMMIT

Query 18 executed in 0.189 second(s).
BEGIN;
BEGIN
EXPLAIN
select
	sum(l_extendedprice* (1 - l_discount)) as revenue
from
	lineitem,
	part
where
	(
		p_partkey = l_partkey
		and p_brand = 'Brand#41'
		and p_container in ('SM CASE', 'SM BOX', 'SM PACK', 'SM PKG')
		and l_quantity >= 3 and l_quantity <= 3+10
		and p_size between 1 and 5
		and l_shipmode in ('AIR', 'AIR REG')
		and l_shipinstruct = 'DELIVER IN PERSON'
	)
	or
	(
		p_partkey = l_partkey
		and p_brand = 'Brand#31'
		and p_container in ('MED BAG', 'MED BOX', 'MED PKG', 'MED PACK')
		and l_quantity >= 16 and l_quantity <= 16+10
		and p_size between 1 and 10
		and l_shipmode in ('AIR', 'AIR REG')
		and l_shipinstruct = 'DELIVER IN PERSON'
	)
	or
	(
		p_partkey = l_partkey
		and p_brand = 'Brand#51'
		and p_container in ('LG CASE', 'LG BOX', 'LG PACK', 'LG PKG')
		and l_quantity >= 20 and l_quantity <= 20+10
		and p_size between 1 and 15
		and l_shipmode in ('AIR', 'AIR REG')
		and l_shipinstruct = 'DELIVER IN PERSON'
	);
                                                                                                                                                                                                                                                                                                                                                                           QUERY PLAN                                                                                                                                                                                                                                                                                                                                                                           
----------------------------------------------------------------------------------------------------------------------------------------------------------------------------------------------------------------------------------------------------------------------------------------------------------------------------------------------------------------------------------------------------------------------------------------------------------------------------------------------------------------------------------------------------------------------------------------------------------------------------------------------------------------------------------------------------------------------------------------------------------------
 Finalize Aggregate  (cost=977571.15..977571.16 rows=1 width=32)
   ->  Gather  (cost=977570.93..977571.14 rows=2 width=32)
         Workers Planned: 2
         ->  Partial Aggregate  (cost=976570.93..976570.94 rows=1 width=32)
               ->  Parallel Hash Join  (cost=38233.01..976569.10 rows=243 width=12)
                     Hash Cond: (lineitem.l_partkey = part.p_partkey)
                     Join Filter: (((part.p_brand = 'Brand#41'::bpchar) AND (part.p_container = ANY ('{"SM CASE","SM BOX","SM PACK","SM PKG"}'::bpchar[])) AND (lineitem.l_quantity >= '3'::numeric) AND (lineitem.l_quantity <= '13'::numeric) AND (part.p_size <= 5)) OR ((part.p_brand = 'Brand#31'::bpchar) AND (part.p_container = ANY ('{"MED BAG","MED BOX","MED PKG","MED PACK"}'::bpchar[])) AND (lineitem.l_quantity >= '16'::numeric) AND (lineitem.l_quantity <= '26'::numeric) AND (part.p_size <= 10)) OR ((part.p_brand = 'Brand#51'::bpchar) AND (part.p_container = ANY ('{"LG CASE","LG BOX","LG PACK","LG PKG"}'::bpchar[])) AND (lineitem.l_quantity >= '20'::numeric) AND (lineitem.l_quantity <= '30'::numeric) AND (part.p_size <= 15)))
                     ->  Parallel Seq Scan on lineitem  (cost=0.00..937709.45 rows=238722 width=21)
                           Filter: ((l_shipmode = ANY ('{AIR,"AIR REG"}'::bpchar[])) AND (l_shipinstruct = 'DELIVER IN PERSON'::bpchar) AND (((l_quantity >= '3'::numeric) AND (l_quantity <= '13'::numeric)) OR ((l_quantity >= '16'::numeric) AND (l_quantity <= '26'::numeric)) OR ((l_quantity >= '20'::numeric) AND (l_quantity <= '30'::numeric))))
                     ->  Parallel Hash  (cost=38220.33..38220.33 rows=1014 width=30)
                           ->  Parallel Seq Scan on part  (cost=0.00..38220.33 rows=1014 width=30)
                                 Filter: ((p_size >= 1) AND (((p_brand = 'Brand#41'::bpchar) AND (p_container = ANY ('{"SM CASE","SM BOX","SM PACK","SM PKG"}'::bpchar[])) AND (p_size <= 5)) OR ((p_brand = 'Brand#31'::bpchar) AND (p_container = ANY ('{"MED BAG","MED BOX","MED PKG","MED PACK"}'::bpchar[])) AND (p_size <= 10)) OR ((p_brand = 'Brand#51'::bpchar) AND (p_container = ANY ('{"LG CASE","LG BOX","LG PACK","LG PKG"}'::bpchar[])) AND (p_size <= 15))))
 JIT:
   Functions: 21
   Options: Inlining true, Optimization true, Expressions true, Deforming true
(15 rows)

COMMIT;
COMMIT

Query 19 executed in 0.200 second(s).
BEGIN;
BEGIN
EXPLAIN
select
	s_name,
	s_address
from
	supplier,
	nation
where
	s_suppkey in (
		select
			ps_suppkey
		from
			partsupp
		where
			ps_partkey in (
				select
					p_partkey
				from
					part
				where
					p_name like 'chiffon%'
			)
			and ps_availqty > (
				select
					0.5 * sum(l_quantity)
				from
					lineitem
				where
					l_partkey = ps_partkey
					and l_suppkey = ps_suppkey
					and l_shipdate >= '1995-01-01'
					and l_shipdate < cast(date '1995-01-01' + interval '1 year' as date)
			)
	)
	and s_nationkey = n_nationkey
	and n_name = 'EGYPT'
order by
	s_name;
                                                                                            QUERY PLAN                                                                                            
--------------------------------------------------------------------------------------------------------------------------------------------------------------------------------------------------
 Nested Loop Semi Join  (cost=2558.15..117445736873.66 rows=538 width=51)
   Join Filter: (supplier.s_suppkey = partsupp.ps_suppkey)
   ->  Gather Merge  (cost=2557.72..2785.66 rows=2000 width=55)
         Workers Planned: 1
         ->  Sort  (cost=1557.71..1560.65 rows=1176 width=55)
               Sort Key: supplier.s_name
               ->  Hash Join  (cost=1.32..1497.73 rows=1176 width=55)
                     Hash Cond: (supplier.s_nationkey = nation.n_nationkey)
                     ->  Parallel Seq Scan on supplier  (cost=0.00..1406.12 rows=29412 width=59)
                     ->  Hash  (cost=1.31..1.31 rows=1 width=4)
                           ->  Seq Scan on nation  (cost=0.00..1.31 rows=1 width=4)
                                 Filter: (n_name = 'EGYPT'::bpchar)
   ->  Materialize  (cost=0.43..117445330081.68 rows=13468 width=4)
         ->  Nested Loop  (cost=0.43..117445330014.34 rows=13468 width=4)
               ->  Seq Scan on part  (cost=0.00..33012.00 rows=10101 width=4)
                     Filter: ((p_name)::text ~~ 'chiffon%'::text)
               ->  Index Scan using partsupp_pkey on partsupp  (cost=0.43..11627096.00 rows=3 width=8)
                     Index Cond: (ps_partkey = part.p_partkey)
                     Filter: ((ps_availqty)::numeric > (SubPlan 1))
                     SubPlan 1
                       ->  Aggregate  (cost=1162707.92..1162707.94 rows=1 width=32)
                             ->  Seq Scan on lineitem  (cost=0.00..1162707.92 rows=1 width=5)
                                   Filter: ((l_shipdate >= '1995-01-01'::date) AND (l_shipdate < '1996-01-01'::date) AND (l_partkey = partsupp.ps_partkey) AND (l_suppkey = partsupp.ps_suppkey))
 JIT:
   Functions: 32
   Options: Inlining true, Optimization true, Expressions true, Deforming true
(26 rows)

COMMIT;
COMMIT

Query 20 executed in 0.182 second(s).
BEGIN;
BEGIN
EXPLAIN
select
	s_name,
	count(*) as numwait
from
	supplier,
	lineitem l1,
	orders,
	nation
where
	s_suppkey = l1.l_suppkey
	and o_orderkey = l1.l_orderkey
	and o_orderstatus = 'F'
	and l1.l_receiptdate > l1.l_commitdate
	and exists (
		select
			*
		from
			lineitem l2
		where
			l2.l_orderkey = l1.l_orderkey
			and l2.l_suppkey <> l1.l_suppkey
	)
	and not exists (
		select
			*
		from
			lineitem l3
		where
			l3.l_orderkey = l1.l_orderkey
			and l3.l_suppkey <> l1.l_suppkey
			and l3.l_receiptdate > l3.l_commitdate
	)
	and s_nationkey = n_nationkey
	and n_name = 'CANADA'
group by
	s_name
order by
	numwait desc,
	s_name
LIMIT 100;
                                                                   QUERY PLAN                                                                    
-------------------------------------------------------------------------------------------------------------------------------------------------
 Limit  (cost=1496027.29..1496027.30 rows=1 width=34)
   ->  Sort  (cost=1496027.29..1496027.30 rows=1 width=34)
         Sort Key: (count(*)) DESC, supplier.s_name
         ->  GroupAggregate  (cost=1496027.26..1496027.28 rows=1 width=34)
               Group Key: supplier.s_name
               ->  Sort  (cost=1496027.26..1496027.27 rows=1 width=26)
                     Sort Key: supplier.s_name
                     ->  Gather  (cost=1268889.43..1496027.25 rows=1 width=26)
                           Workers Planned: 2
                           ->  Nested Loop Anti Join  (cost=1267889.43..1495027.15 rows=1 width=26)
                                 ->  Parallel Hash Join  (cost=1267888.99..1456955.02 rows=4535 width=34)
                                       Hash Cond: (orders.o_orderkey = l1.l_orderkey)
                                       ->  Parallel Seq Scan on orders  (cost=0.00..169710.50 rows=1531771 width=4)
                                             Filter: (o_orderstatus = 'F'::bpchar)
                                       ->  Parallel Hash  (cost=1264502.68..1264502.68 rows=166665 width=38)
                                             ->  Nested Loop Semi Join  (cost=1512.87..1264502.68 rows=166665 width=38)
                                                   ->  Parallel Hash Join  (cost=1512.43..737078.25 rows=166665 width=34)
                                                         Hash Cond: (l1.l_suppkey = supplier.s_suppkey)
                                                         ->  Parallel Seq Scan on lineitem l1  (cost=0.00..718960.94 rows=4166638 width=8)
                                                               Filter: (l_receiptdate > l_commitdate)
                                                         ->  Parallel Hash  (cost=1497.73..1497.73 rows=1176 width=30)
                                                               ->  Hash Join  (cost=1.32..1497.73 rows=1176 width=30)
                                                                     Hash Cond: (supplier.s_nationkey = nation.n_nationkey)
                                                                     ->  Parallel Seq Scan on supplier  (cost=0.00..1406.12 rows=29412 width=34)
                                                                     ->  Hash  (cost=1.31..1.31 rows=1 width=4)
                                                                           ->  Seq Scan on nation  (cost=0.00..1.31 rows=1 width=4)
                                                                                 Filter: (n_name = 'CANADA'::bpchar)
                                                   ->  Index Scan using lineitem_pkey on lineitem l2  (cost=0.44..99.32 rows=72 width=8)
                                                         Index Cond: (l_orderkey = l1.l_orderkey)
                                                         Filter: (l_suppkey <> l1.l_suppkey)
                                 ->  Index Scan using lineitem_pkey on lineitem l3  (cost=0.44..99.50 rows=24 width=8)
                                       Index Cond: (l_orderkey = l1.l_orderkey)
                                       Filter: ((l_receiptdate > l_commitdate) AND (l_suppkey <> l1.l_suppkey))
 JIT:
   Functions: 49
   Options: Inlining true, Optimization true, Expressions true, Deforming true
(36 rows)

COMMIT;
COMMIT

Query 21 executed in 0.195 second(s).
BEGIN;
BEGIN
EXPLAIN
select
	cntrycode,
	count(*) as numcust,
	sum(c_acctbal) as totacctbal
from
	(
		select
			substring(c_phone from 1 for 2) as cntrycode,
			c_acctbal
		from
			customer
		where
			substring(c_phone from 1 for 2) in
				('28', '30', '33', '29', '27', '13', '31')
			and c_acctbal > (
				select
					avg(c_acctbal)
				from
					customer
				where
					c_acctbal > 0.00
					and substring(c_phone from 1 for 2) in
						('28', '30', '33', '29', '27', '13', '31')
			)
			and not exists (
				select
					*
				from
					orders
				where
					o_custkey = c_custkey
			)
	) as vip
group by
	cntrycode
order by
	cntrycode;
                                                               QUERY PLAN                                                                
-----------------------------------------------------------------------------------------------------------------------------------------
 Finalize GroupAggregate  (cost=243768.74..244266.57 rows=3730 width=72)
   Group Key: (SUBSTRING(customer.c_phone FROM 1 FOR 2))
   InitPlan 1
     ->  Finalize Aggregate  (cost=27228.23..27228.24 rows=1 width=32)
           ->  Gather  (cost=27228.01..27228.22 rows=2 width=32)
                 Workers Planned: 2
                 ->  Partial Aggregate  (cost=26228.01..26228.02 rows=1 width=32)
                       ->  Parallel Seq Scan on customer customer_1  (cost=0.00..26203.12 rows=9953 width=6)
                             Filter: ((c_acctbal > 0.00) AND (SUBSTRING(c_phone FROM 1 FOR 2) = ANY ('{28,30,33,29,27,13,31}'::text[])))
   ->  Gather Merge  (cost=216540.50..216941.98 rows=3108 width=72)
         Workers Planned: 2
         ->  Partial GroupAggregate  (cost=215540.48..215583.21 rows=1554 width=72)
               Group Key: (SUBSTRING(customer.c_phone FROM 1 FOR 2))
               ->  Sort  (cost=215540.48..215544.36 rows=1554 width=38)
                     Sort Key: (SUBSTRING(customer.c_phone FROM 1 FOR 2))
                     ->  Parallel Hash Right Anti Join  (cost=25405.56..215458.10 rows=1554 width=38)
                           Hash Cond: (orders.o_custkey = customer.c_custkey)
                           ->  Parallel Seq Scan on orders  (cost=0.00..161898.00 rows=3125000 width=4)
                           ->  Parallel Hash  (cost=25359.99..25359.99 rows=3646 width=26)
                                 ->  Parallel Bitmap Heap Scan on customer  (cost=4625.61..25359.99 rows=3646 width=26)
                                       Recheck Cond: (c_acctbal > (InitPlan 1).col1)
                                       Filter: (SUBSTRING(c_phone FROM 1 FOR 2) = ANY ('{28,30,33,29,27,13,31}'::text[]))
                                       ->  Bitmap Index Scan on c_acb  (cost=0.00..4623.43 rows=250000 width=0)
                                             Index Cond: (c_acctbal > (InitPlan 1).col1)
 JIT:
   Functions: 29
   Options: Inlining false, Optimization false, Expressions true, Deforming true
(27 rows)

COMMIT;
COMMIT

Query 22 executed in 0.176 second(s).

