=== Experiment: dates ===
INDEX_ALL=0
INDEX_NUMBERS=0
INDEX_DATES=1
INDEX_TEXT=0

[Info] Running drop_indexes.sh
[Info] Keeping date indexes
[Info] Dropping numbers indexes
[Info] Dropping text indexes
[Info] Running create_indexes.sh
[Info] Creating indexes for dates

[Info] Running queries(1,2,3,4,5,6,7,8,9,10,11,12,13,14,15,16,17,18,19,20,21,22) for dates
BEGIN;
BEGIN
EXPLAIN
select
	l_returnflag,
	l_linestatus,
	sum(l_quantity) as sum_qty,
	sum(l_extendedprice) as sum_base_price,
	sum(l_extendedprice * (1 - l_discount)) as sum_disc_price,
	sum(l_extendedprice * (1 - l_discount) * (1 + l_tax)) as sum_charge,
	avg(l_quantity) as avg_qty,
	avg(l_extendedprice) as avg_price,
	avg(l_discount) as avg_disc,
	count(*) as count_order
from
	lineitem
where
	l_shipdate <= date '1998-12-01' - interval '92 days'
group by
	l_returnflag,
	l_linestatus
order by
	l_returnflag,
	l_linestatus;
                                              QUERY PLAN                                              
------------------------------------------------------------------------------------------------------
 Finalize GroupAggregate  (cost=616624.45..629658.44 rows=40000 width=248)
   Group Key: l_returnflag, l_linestatus
   ->  Gather Merge  (cost=616624.45..625958.44 rows=80000 width=248)
         Workers Planned: 2
         ->  Sort  (cost=615624.43..615724.43 rows=40000 width=248)
               Sort Key: l_returnflag, l_linestatus
               ->  Partial HashAggregate  (cost=561450.09..607915.39 rows=40000 width=248)
                     Group Key: l_returnflag, l_linestatus
                     Planned Partitions: 8
                     ->  Parallel Seq Scan on lineitem  (cost=0.00..287537.56 rows=1666388 width=88)
                           Filter: (l_shipdate <= '1998-08-31 00:00:00'::timestamp without time zone)
 JIT:
   Functions: 9
   Options: Inlining true, Optimization true, Expressions true, Deforming true
(14 rows)

COMMIT;
COMMIT

Query 1 executed in 0.186 second(s).
BEGIN;
BEGIN
EXPLAIN
select
	s_acctbal,
	s_name,
	n_name,
	p_partkey,
	p_mfgr,
	s_address,
	s_phone,
	s_comment
from
	part,
	supplier,
	partsupp,
	nation,
	region
where
	p_partkey = ps_partkey
	and s_suppkey = ps_suppkey
	and p_size = 47
	and p_type like '%TIN'
	and s_nationkey = n_nationkey
	and n_regionkey = r_regionkey
	and r_name = 'EUROPE'
	and ps_supplycost = (
		select
			min(ps_supplycost)
		from
			partsupp,
			supplier,
			nation,
			region
		where
			p_partkey = ps_partkey
			and s_suppkey = ps_suppkey
			and s_nationkey = n_nationkey
			and n_regionkey = r_regionkey
			and r_name = 'EUROPE'
	)
order by
	s_acctbal desc,
	n_name,
	s_name,
	p_partkey
LIMIT 100;
                                                              QUERY PLAN                                                               
---------------------------------------------------------------------------------------------------------------------------------------
 Limit  (cost=68412.02..68412.02 rows=1 width=270)
   ->  Sort  (cost=68412.02..68412.02 rows=1 width=270)
         Sort Key: supplier.s_acctbal DESC, nation.n_name, supplier.s_name, part.p_partkey
         ->  Merge Join  (cost=48566.81..68412.01 rows=1 width=270)
               Merge Cond: (part.p_partkey = partsupp.ps_partkey)
               Join Filter: (partsupp.ps_supplycost = (SubPlan 1))
               ->  Gather Merge  (cost=1000.45..18324.11 rows=1731 width=30)
                     Workers Planned: 2
                     ->  Parallel Index Scan using part_pkey on part  (cost=0.42..17124.29 rows=721 width=30)
                           Filter: (((p_type)::text ~~ '%TIN'::text) AND (p_size = 47))
               ->  Sort  (cost=47566.37..47589.90 rows=9412 width=250)
                     Sort Key: partsupp.ps_partkey
                     ->  Gather  (cost=1773.96..46945.16 rows=9412 width=250)
                           Workers Planned: 2
                           ->  Hash Join  (cost=773.96..45003.96 rows=3922 width=250)
                                 Hash Cond: (partsupp.ps_suppkey = supplier.s_suppkey)
                                 ->  Parallel Seq Scan on partsupp  (cost=0.00..41690.67 rows=666667 width=14)
                                 ->  Hash  (cost=772.49..772.49 rows=118 width=244)
                                       ->  Hash Join  (cost=24.31..772.49 rows=118 width=244)
                                             Hash Cond: (supplier.s_nationkey = nation.n_nationkey)
                                             ->  Seq Scan on supplier  (cost=0.00..672.00 rows=20000 width=144)
                                             ->  Hash  (cost=24.29..24.29 rows=1 width=108)
                                                   ->  Hash Join  (cost=12.14..24.29 rows=1 width=108)
                                                         Hash Cond: (nation.n_regionkey = region.r_regionkey)
                                                         ->  Seq Scan on nation  (cost=0.00..11.70 rows=170 width=112)
                                                         ->  Hash  (cost=12.12..12.12 rows=1 width=4)
                                                               ->  Seq Scan on region  (cost=0.00..12.12 rows=1 width=4)
                                                                     Filter: (r_name = 'EUROPE'::bpchar)
               SubPlan 1
                 ->  Aggregate  (cost=60.22..60.23 rows=1 width=32)
                       ->  Nested Loop  (cost=1.01..60.22 rows=1 width=6)
                             ->  Nested Loop  (cost=0.86..57.87 rows=5 width=10)
                                   ->  Nested Loop  (cost=0.71..57.04 rows=5 width=10)
                                         ->  Index Scan using partsupp_pkey on partsupp partsupp_1  (cost=0.43..15.52 rows=5 width=10)
                                               Index Cond: (ps_partkey = part.p_partkey)
                                         ->  Index Scan using supplier_pkey on supplier supplier_1  (cost=0.29..8.30 rows=1 width=8)
                                               Index Cond: (s_suppkey = partsupp_1.ps_suppkey)
                                   ->  Index Scan using nation_pkey on nation nation_1  (cost=0.14..0.16 rows=1 width=8)
                                         Index Cond: (n_nationkey = supplier_1.s_nationkey)
                             ->  Memoize  (cost=0.15..0.46 rows=1 width=4)
                                   Cache Key: nation_1.n_regionkey
                                   Cache Mode: logical
                                   ->  Index Scan using region_pkey on region region_1  (cost=0.14..0.45 rows=1 width=4)
                                         Index Cond: (r_regionkey = nation_1.n_regionkey)
                                         Filter: (r_name = 'EUROPE'::bpchar)
(45 rows)

COMMIT;
COMMIT

Query 2 executed in 0.146 second(s).
BEGIN;
BEGIN
EXPLAIN
select
	l_orderkey,
	sum(l_extendedprice * (1 - l_discount)) as revenue,
	o_orderdate,
	o_shippriority
from
	customer,
	orders,
	lineitem
where
	c_mktsegment = 'FURNITURE'
	and c_custkey = o_custkey
	and l_orderkey = o_orderkey
	and o_orderdate < date '1995-03-19'
	and l_shipdate > date '1995-03-19'
group by
	l_orderkey,
	o_orderdate,
	o_shippriority
order by
	revenue desc,
	o_orderdate
LIMIT 10;
                                                             QUERY PLAN                                                             
------------------------------------------------------------------------------------------------------------------------------------
 Limit  (cost=454208.18..454208.20 rows=10 width=44)
   ->  Sort  (cost=454208.18..455181.00 rows=389131 width=44)
         Sort Key: (sum((lineitem.l_extendedprice * ('1'::numeric - lineitem.l_discount)))) DESC, orders.o_orderdate
         ->  Finalize GroupAggregate  (cost=394587.97..445799.19 rows=389131 width=44)
               Group Key: lineitem.l_orderkey, orders.o_orderdate, orders.o_shippriority
               ->  Gather Merge  (cost=394587.97..436881.61 rows=324276 width=44)
                     Workers Planned: 2
                     ->  Partial GroupAggregate  (cost=393587.95..398452.09 rows=162138 width=44)
                           Group Key: lineitem.l_orderkey, orders.o_orderdate, orders.o_shippriority
                           ->  Sort  (cost=393587.95..393993.29 rows=162138 width=48)
                                 Sort Key: lineitem.l_orderkey, orders.o_orderdate, orders.o_shippriority
                                 ->  Parallel Hash Join  (cost=80104.35..374566.45 rows=162138 width=48)
                                       Hash Cond: (lineitem.l_orderkey = orders.o_orderkey)
                                       ->  Parallel Seq Scan on lineitem  (cost=0.00..287537.56 rows=1666388 width=40)
                                             Filter: (l_shipdate > '1995-03-19'::date)
                                       ->  Parallel Hash  (cost=78584.05..78584.05 rows=121624 width=12)
                                             ->  Parallel Hash Join  (cost=9125.02..78584.05 rows=121624 width=12)
                                                   Hash Cond: (orders.o_custkey = customer.c_custkey)
                                                   ->  Parallel Seq Scan on orders  (cost=0.00..67873.00 rows=604191 width=16)
                                                         Filter: (o_orderdate < '1995-03-19'::date)
                                                   ->  Parallel Hash  (cost=8810.50..8810.50 rows=25162 width=4)
                                                         ->  Parallel Seq Scan on customer  (cost=0.00..8810.50 rows=25162 width=4)
                                                               Filter: (c_mktsegment = 'FURNITURE'::bpchar)
 JIT:
   Functions: 34
   Options: Inlining false, Optimization false, Expressions true, Deforming true
(26 rows)

COMMIT;
COMMIT

Query 3 executed in 0.192 second(s).
BEGIN;
BEGIN
EXPLAIN
select
	o_orderpriority,
	count(*) as order_count
from
	orders
where
	o_orderdate >= date '1995-11-01'
	and o_orderdate < cast(date '1995-11-01' + interval '3 month' as date)
	and exists (
		select
			*
		from
			lineitem
		where
			l_orderkey = o_orderkey
			and l_commitdate < l_receiptdate
	)
group by
	o_orderpriority
order by
	o_orderpriority;
                                                QUERY PLAN                                                
----------------------------------------------------------------------------------------------------------
 Sort  (cost=386990.92..386990.94 rows=5 width=24)
   Sort Key: orders.o_orderpriority
   ->  HashAggregate  (cost=386990.82..386990.87 rows=5 width=24)
         Group Key: orders.o_orderpriority
         ->  Nested Loop  (cost=385021.71..386706.78 rows=56807 width=16)
               ->  HashAggregate  (cost=385021.28..385023.28 rows=200 width=4)
                     Group Key: lineitem.l_orderkey
                     ->  Seq Scan on lineitem  (cost=0.00..375022.95 rows=3999332 width=4)
                           Filter: (l_commitdate < l_receiptdate)
               ->  Index Scan using orders_pkey on orders  (cost=0.43..8.41 rows=1 width=20)
                     Index Cond: (o_orderkey = lineitem.l_orderkey)
                     Filter: ((o_orderdate >= '1995-11-01'::date) AND (o_orderdate < '1996-02-01'::date))
 JIT:
   Functions: 13
   Options: Inlining false, Optimization false, Expressions true, Deforming true
(15 rows)

COMMIT;
COMMIT

Query 4 executed in 0.181 second(s).
BEGIN;
BEGIN
EXPLAIN
select
	n_name,
	sum(l_extendedprice * (1 - l_discount)) as revenue
from
	customer,
	orders,
	lineitem,
	supplier,
	nation,
	region
where
	c_custkey = o_custkey
	and l_orderkey = o_orderkey
	and l_suppkey = s_suppkey
	and c_nationkey = s_nationkey
	and s_nationkey = n_nationkey
	and n_regionkey = r_regionkey
	and r_name = 'AFRICA'
	and o_orderdate >= date '1995-01-01'
	and o_orderdate < date '1995-01-01' + interval '1 year'
group by
	n_name
order by
	revenue desc;
                                                                            QUERY PLAN                                                                            
------------------------------------------------------------------------------------------------------------------------------------------------------------------
 Sort  (cost=312171.45..312171.88 rows=170 width=136)
   Sort Key: (sum((lineitem.l_extendedprice * ('1'::numeric - lineitem.l_discount)))) DESC
   ->  Finalize GroupAggregate  (cost=312116.86..312165.15 rows=170 width=136)
         Group Key: nation.n_name
         ->  Gather Merge  (cost=312116.86..312160.48 rows=340 width=136)
               Workers Planned: 2
               ->  Partial GroupAggregate  (cost=311116.83..311121.21 rows=170 width=136)
                     Group Key: nation.n_name
                     ->  Sort  (cost=311116.83..311117.28 rows=180 width=140)
                           Sort Key: nation.n_name
                           ->  Nested Loop  (cost=774.81..311110.09 rows=180 width=140)
                                 Join Filter: (customer.c_nationkey = supplier.s_nationkey)
                                 ->  Nested Loop  (cost=774.39..308755.00 rows=4505 width=152)
                                       ->  Hash Join  (cost=773.96..294855.43 rows=29407 width=152)
                                             Hash Cond: (lineitem.l_suppkey = supplier.s_suppkey)
                                             ->  Parallel Seq Scan on lineitem  (cost=0.00..275039.65 rows=4999165 width=44)
                                             ->  Hash  (cost=772.49..772.49 rows=118 width=116)
                                                   ->  Hash Join  (cost=24.31..772.49 rows=118 width=116)
                                                         Hash Cond: (supplier.s_nationkey = nation.n_nationkey)
                                                         ->  Seq Scan on supplier  (cost=0.00..672.00 rows=20000 width=8)
                                                         ->  Hash  (cost=24.29..24.29 rows=1 width=108)
                                                               ->  Hash Join  (cost=12.14..24.29 rows=1 width=108)
                                                                     Hash Cond: (nation.n_regionkey = region.r_regionkey)
                                                                     ->  Seq Scan on nation  (cost=0.00..11.70 rows=170 width=112)
                                                                     ->  Hash  (cost=12.12..12.12 rows=1 width=4)
                                                                           ->  Seq Scan on region  (cost=0.00..12.12 rows=1 width=4)
                                                                                 Filter: (r_name = 'AFRICA'::bpchar)
                                       ->  Index Scan using orders_pkey on orders  (cost=0.43..0.47 rows=1 width=8)
                                             Index Cond: (o_orderkey = lineitem.l_orderkey)
                                             Filter: ((o_orderdate >= '1995-01-01'::date) AND (o_orderdate < '1996-01-01 00:00:00'::timestamp without time zone))
                                 ->  Index Scan using customer_pkey on customer  (cost=0.42..0.51 rows=1 width=8)
                                       Index Cond: (c_custkey = orders.o_custkey)
 JIT:
   Functions: 49
   Options: Inlining false, Optimization false, Expressions true, Deforming true
(35 rows)

COMMIT;
COMMIT

Query 5 executed in 0.195 second(s).
BEGIN;
BEGIN
EXPLAIN
select
	sum(l_extendedprice * l_discount) as revenue
from
	lineitem
where
	l_shipdate >= date '1995-01-01'
	and l_shipdate < cast(date '1995-01-01' + interval '1 year' as date)
	and l_discount between 0.09 - 0.01 and 0.09 + 0.01
	and l_quantity < 25;
                                              QUERY PLAN                                              
------------------------------------------------------------------------------------------------------
 Aggregate  (cost=136879.61..136879.62 rows=1 width=32)
   ->  Bitmap Heap Scan on lineitem  (cost=808.36..136879.10 rows=100 width=36)
         Recheck Cond: ((l_shipdate >= '1995-01-01'::date) AND (l_shipdate < '1996-01-01'::date))
         Filter: ((l_discount >= 0.08) AND (l_discount <= 0.10) AND (l_quantity < '25'::numeric))
         ->  Bitmap Index Scan on l_sd  (cost=0.00..808.33 rows=59990 width=0)
               Index Cond: ((l_shipdate >= '1995-01-01'::date) AND (l_shipdate < '1996-01-01'::date))
 JIT:
   Functions: 7
   Options: Inlining false, Optimization false, Expressions true, Deforming true
(9 rows)

COMMIT;
COMMIT

Query 6 executed in 0.180 second(s).
BEGIN;
BEGIN
EXPLAIN
select
	supp_nation,
	cust_nation,
	l_year,
	sum(volume) as revenue
from
	(
		select
			n1.n_name as supp_nation,
			n2.n_name as cust_nation,
			extract(year from l_shipdate) as l_year,
			l_extendedprice * (1 - l_discount) as volume
		from
			supplier,
			lineitem,
			orders,
			customer,
			nation n1,
			nation n2
		where
			s_suppkey = l_suppkey
			and o_orderkey = l_orderkey
			and c_custkey = o_custkey
			and s_nationkey = n1.n_nationkey
			and c_nationkey = n2.n_nationkey
			and (
				(n1.n_name = 'UNITED KINGDOM' and n2.n_name = 'SAUDI ARABIA')
				or (n1.n_name = 'SAUDI ARABIA' and n2.n_name = 'UNITED KINGDOM')
			)
			and l_shipdate between date '1995-01-01' and date '1996-12-31'
	) as shipping
group by
	supp_nation,
	cust_nation,
	l_year
order by
	supp_nation,
	cust_nation,
	l_year;
                                                                                                QUERY PLAN                                                                                                 
-----------------------------------------------------------------------------------------------------------------------------------------------------------------------------------------------------------
 GroupAggregate  (cost=138943.11..138943.70 rows=4 width=272)
   Group Key: n1.n_name, n2.n_name, (EXTRACT(year FROM lineitem.l_shipdate))
   ->  Gather Merge  (cost=138943.11..138943.58 rows=4 width=276)
         Workers Planned: 2
         ->  Sort  (cost=137943.09..137943.09 rows=2 width=276)
               Sort Key: n1.n_name, n2.n_name, (EXTRACT(year FROM lineitem.l_shipdate))
               ->  Hash Join  (cost=1578.09..137943.08 rows=2 width=276)
                     Hash Cond: (customer.c_nationkey = n2.n_nationkey)
                     Join Filter: (((n1.n_name = 'UNITED KINGDOM'::bpchar) AND (n2.n_name = 'SAUDI ARABIA'::bpchar)) OR ((n1.n_name = 'SAUDI ARABIA'::bpchar) AND (n2.n_name = 'UNITED KINGDOM'::bpchar)))
                     ->  Nested Loop  (cost=1565.51..137929.72 rows=294 width=148)
                           ->  Nested Loop  (cost=1565.09..137797.20 rows=294 width=148)
                                 ->  Hash Join  (cost=1564.66..136757.24 rows=294 width=148)
                                       Hash Cond: (lineitem.l_suppkey = supplier.s_suppkey)
                                       ->  Parallel Bitmap Heap Scan on lineitem  (cost=823.33..135919.24 rows=24996 width=48)
                                             Recheck Cond: ((l_shipdate >= '1995-01-01'::date) AND (l_shipdate <= '1996-12-31'::date))
                                             ->  Bitmap Index Scan on l_sd  (cost=0.00..808.33 rows=59990 width=0)
                                                   Index Cond: ((l_shipdate >= '1995-01-01'::date) AND (l_shipdate <= '1996-12-31'::date))
                                       ->  Hash  (cost=738.39..738.39 rows=235 width=108)
                                             ->  Hash Join  (cost=12.58..738.39 rows=235 width=108)
                                                   Hash Cond: (supplier.s_nationkey = n1.n_nationkey)
                                                   ->  Seq Scan on supplier  (cost=0.00..672.00 rows=20000 width=8)
                                                   ->  Hash  (cost=12.55..12.55 rows=2 width=108)
                                                         ->  Seq Scan on nation n1  (cost=0.00..12.55 rows=2 width=108)
                                                               Filter: ((n_name = 'UNITED KINGDOM'::bpchar) OR (n_name = 'SAUDI ARABIA'::bpchar))
                                 ->  Index Scan using orders_pkey on orders  (cost=0.43..3.54 rows=1 width=8)
                                       Index Cond: (o_orderkey = lineitem.l_orderkey)
                           ->  Index Scan using customer_pkey on customer  (cost=0.42..0.45 rows=1 width=8)
                                 Index Cond: (c_custkey = orders.o_custkey)
                     ->  Hash  (cost=12.55..12.55 rows=2 width=108)
                           ->  Seq Scan on nation n2  (cost=0.00..12.55 rows=2 width=108)
                                 Filter: ((n_name = 'SAUDI ARABIA'::bpchar) OR (n_name = 'UNITED KINGDOM'::bpchar))
 JIT:
   Functions: 47
   Options: Inlining false, Optimization false, Expressions true, Deforming true
(34 rows)

COMMIT;
COMMIT

Query 7 executed in 0.186 second(s).
BEGIN;
BEGIN
EXPLAIN
select
	o_year,
	sum(case
		when nation = 'SAUDI ARABIA' then volume
		else 0
	end) / sum(volume) as mkt_share
from
	(
		select
			extract(year from o_orderdate) as o_year,
			l_extendedprice * (1 - l_discount) as volume,
			n2.n_name as nation
		from
			part,
			supplier,
			lineitem,
			orders,
			customer,
			nation n1,
			nation n2,
			region
		where
			p_partkey = l_partkey
			and s_suppkey = l_suppkey
			and l_orderkey = o_orderkey
			and o_custkey = c_custkey
			and c_nationkey = n1.n_nationkey
			and n1.n_regionkey = r_regionkey
			and r_name = 'MIDDLE EAST'
			and s_nationkey = n2.n_nationkey
			and o_orderdate between date '1995-01-01' and date '1996-12-31'
			and p_type = 'MEDIUM BURNISHED COPPER'
	) as all_nations
group by
	o_year
order by
	o_year;
                                                                  QUERY PLAN                                                                   
-----------------------------------------------------------------------------------------------------------------------------------------------
 Finalize GroupAggregate  (cost=320162.24..320182.89 rows=145 width=64)
   Group Key: (EXTRACT(year FROM orders.o_orderdate))
   ->  Gather Merge  (cost=320162.24..320178.49 rows=120 width=96)
         Workers Planned: 2
         ->  Partial GroupAggregate  (cost=319162.22..319164.62 rows=60 width=96)
               Group Key: (EXTRACT(year FROM orders.o_orderdate))
               ->  Sort  (cost=319162.22..319162.37 rows=60 width=172)
                     Sort Key: (EXTRACT(year FROM orders.o_orderdate))
                     ->  Nested Loop  (cost=10346.80..319160.45 rows=60 width=172)
                           ->  Nested Loop  (cost=10346.64..319154.58 rows=60 width=44)
                                 ->  Hash Join  (cost=10346.36..319136.27 rows=60 width=44)
                                       Hash Cond: (customer.c_nationkey = n1.n_nationkey)
                                       ->  Nested Loop  (cost=10322.05..319072.97 rows=10240 width=48)
                                             ->  Nested Loop  (cost=10321.63..314209.25 rows=10240 width=48)
                                                   ->  Parallel Hash Join  (cost=10321.20..298483.79 rows=33270 width=44)
                                                         Hash Cond: (lineitem.l_partkey = part.p_partkey)
                                                         ->  Parallel Seq Scan on lineitem  (cost=0.00..275039.65 rows=4999165 width=48)
                                                         ->  Parallel Hash  (cost=10307.33..10307.33 rows=1109 width=4)
                                                               ->  Parallel Seq Scan on part  (cost=0.00..10307.33 rows=1109 width=4)
                                                                     Filter: ((p_type)::text = 'MEDIUM BURNISHED COPPER'::text)
                                                   ->  Index Scan using orders_pkey on orders  (cost=0.43..0.47 rows=1 width=12)
                                                         Index Cond: (o_orderkey = lineitem.l_orderkey)
                                                         Filter: ((o_orderdate >= '1995-01-01'::date) AND (o_orderdate <= '1996-12-31'::date))
                                             ->  Index Scan using customer_pkey on customer  (cost=0.42..0.47 rows=1 width=8)
                                                   Index Cond: (c_custkey = orders.o_custkey)
                                       ->  Hash  (cost=24.29..24.29 rows=1 width=4)
                                             ->  Hash Join  (cost=12.14..24.29 rows=1 width=4)
                                                   Hash Cond: (n1.n_regionkey = region.r_regionkey)
                                                   ->  Seq Scan on nation n1  (cost=0.00..11.70 rows=170 width=8)
                                                   ->  Hash  (cost=12.12..12.12 rows=1 width=4)
                                                         ->  Seq Scan on region  (cost=0.00..12.12 rows=1 width=4)
                                                               Filter: (r_name = 'MIDDLE EAST'::bpchar)
                                 ->  Index Scan using supplier_pkey on supplier  (cost=0.29..0.31 rows=1 width=8)
                                       Index Cond: (s_suppkey = lineitem.l_suppkey)
                           ->  Memoize  (cost=0.15..0.17 rows=1 width=108)
                                 Cache Key: supplier.s_nationkey
                                 Cache Mode: logical
                                 ->  Index Scan using nation_pkey on nation n2  (cost=0.14..0.16 rows=1 width=108)
                                       Index Cond: (n_nationkey = supplier.s_nationkey)
 JIT:
   Functions: 60
   Options: Inlining false, Optimization false, Expressions true, Deforming true
(42 rows)

COMMIT;
COMMIT

Query 8 executed in 0.203 second(s).
BEGIN;
BEGIN
EXPLAIN
select
	nation,
	o_year,
	sum(amount) as sum_profit
from
	(
		select
			n_name as nation,
			extract(year from o_orderdate) as o_year,
			l_extendedprice * (1 - l_discount) - ps_supplycost * l_quantity as amount
		from
			part,
			supplier,
			lineitem,
			partsupp,
			orders,
			nation
		where
			s_suppkey = l_suppkey
			and ps_suppkey = l_suppkey
			and ps_partkey = l_partkey
			and p_partkey = l_partkey
			and o_orderkey = l_orderkey
			and s_nationkey = n_nationkey
			and p_name like '%hot%'
	) as profit
group by
	nation,
	o_year
order by
	nation,
	o_year desc;
                                                                     QUERY PLAN                                                                     
----------------------------------------------------------------------------------------------------------------------------------------------------
 Finalize GroupAggregate  (cost=511469.46..589776.93 rows=409020 width=168)
   Group Key: nation.n_name, (EXTRACT(year FROM orders.o_orderdate))
   ->  Gather Merge  (cost=511469.46..578591.97 rows=504966 width=168)
         Workers Planned: 2
         ->  Partial GroupAggregate  (cost=510469.44..519306.34 rows=252483 width=168)
               Group Key: nation.n_name, (EXTRACT(year FROM orders.o_orderdate))
               ->  Sort  (cost=510469.44..511100.65 rows=252483 width=196)
                     Sort Key: nation.n_name, (EXTRACT(year FROM orders.o_orderdate)) DESC
                     ->  Hash Join  (cost=151551.05..463650.36 rows=252483 width=196)
                           Hash Cond: (supplier.s_nationkey = nation.n_nationkey)
                           ->  Parallel Hash Join  (cost=151537.23..462326.04 rows=252483 width=68)
                                 Hash Cond: (lineitem.l_orderkey = orders.o_orderkey)
                                 ->  Hash Join  (cost=66281.23..365606.27 rows=252483 width=68)
                                       Hash Cond: (lineitem.l_suppkey = supplier.s_suppkey)
                                       ->  Parallel Hash Join  (cost=65359.23..364021.36 rows=252483 width=72)
                                             Hash Cond: ((lineitem.l_suppkey = partsupp.ps_suppkey) AND (lineitem.l_partkey = partsupp.ps_partkey))
                                             ->  Parallel Hash Join  (cost=10412.56..298575.15 rows=252483 width=70)
                                                   Hash Cond: (lineitem.l_partkey = part.p_partkey)
                                                   ->  Parallel Seq Scan on lineitem  (cost=0.00..275039.65 rows=4999165 width=66)
                                                   ->  Parallel Hash  (cost=10307.33..10307.33 rows=8418 width=4)
                                                         ->  Parallel Seq Scan on part  (cost=0.00..10307.33 rows=8418 width=4)
                                                               Filter: ((p_name)::text ~~ '%hot%'::text)
                                             ->  Parallel Hash  (cost=41690.67..41690.67 rows=666667 width=14)
                                                   ->  Parallel Seq Scan on partsupp  (cost=0.00..41690.67 rows=666667 width=14)
                                       ->  Hash  (cost=672.00..672.00 rows=20000 width=8)
                                             ->  Seq Scan on supplier  (cost=0.00..672.00 rows=20000 width=8)
                                 ->  Parallel Hash  (cost=64748.00..64748.00 rows=1250000 width=8)
                                       ->  Parallel Seq Scan on orders  (cost=0.00..64748.00 rows=1250000 width=8)
                           ->  Hash  (cost=11.70..11.70 rows=170 width=108)
                                 ->  Seq Scan on nation  (cost=0.00..11.70 rows=170 width=108)
 JIT:
   Functions: 55
   Options: Inlining true, Optimization true, Expressions true, Deforming true
(33 rows)

COMMIT;
COMMIT

Query 9 executed in 0.196 second(s).
BEGIN;
BEGIN
EXPLAIN
select
	c_custkey,
	c_name,
	sum(l_extendedprice * (1 - l_discount)) as revenue,
	c_acctbal,
	n_name,
	c_address,
	c_phone,
	c_comment
from
	customer,
	orders,
	lineitem,
	nation
where
	c_custkey = o_custkey
	and l_orderkey = o_orderkey
	and o_orderdate >= date '1993-10-01'
	and o_orderdate < cast(date '1993-10-01' + interval '3 month' as date)
	and l_returnflag = 'R'
	and c_nationkey = n_nationkey
group by
	c_custkey,
	c_name,
	c_acctbal,
	c_phone,
	n_name,
	c_address,
	c_comment
order by
	revenue desc
LIMIT 20;
                                                                          QUERY PLAN                                                                          
--------------------------------------------------------------------------------------------------------------------------------------------------------------
 Limit  (cost=344774.35..344774.40 rows=20 width=280)
   ->  Sort  (cost=344774.35..344779.96 rows=2244 width=280)
         Sort Key: (sum((lineitem.l_extendedprice * ('1'::numeric - lineitem.l_discount)))) DESC
         ->  Finalize GroupAggregate  (cost=344426.33..344714.64 rows=2244 width=280)
               Group Key: customer.c_custkey, nation.n_name
               ->  Gather Merge  (cost=344426.33..344667.89 rows=1870 width=280)
                     Workers Planned: 2
                     ->  Partial GroupAggregate  (cost=343426.31..343452.02 rows=935 width=280)
                           Group Key: customer.c_custkey, nation.n_name
                           ->  Sort  (cost=343426.31..343428.64 rows=935 width=284)
                                 Sort Key: customer.c_custkey, nation.n_name
                                 ->  Hash Join  (cost=55094.40..343380.17 rows=935 width=284)
                                       Hash Cond: (customer.c_nationkey = nation.n_nationkey)
                                       ->  Nested Loop  (cost=55080.57..343363.82 rows=935 width=184)
                                             ->  Parallel Hash Join  (cost=55080.15..342683.33 rows=935 width=40)
                                                   Hash Cond: (lineitem.l_orderkey = orders.o_orderkey)
                                                   ->  Parallel Seq Scan on lineitem  (cost=0.00..287537.56 rows=24996 width=40)
                                                         Filter: (l_returnflag = 'R'::bpchar)
                                                   ->  Parallel Hash  (cost=54495.76..54495.76 rows=46751 width=8)
                                                         ->  Parallel Bitmap Heap Scan on orders  (cost=1546.50..54495.76 rows=46751 width=8)
                                                               Recheck Cond: ((o_orderdate >= '1993-10-01'::date) AND (o_orderdate < '1994-01-01'::date))
                                                               ->  Bitmap Index Scan on o_od  (cost=0.00..1518.45 rows=112202 width=0)
                                                                     Index Cond: ((o_orderdate >= '1993-10-01'::date) AND (o_orderdate < '1994-01-01'::date))
                                             ->  Index Scan using customer_pkey on customer  (cost=0.42..0.73 rows=1 width=148)
                                                   Index Cond: (c_custkey = orders.o_custkey)
                                       ->  Hash  (cost=11.70..11.70 rows=170 width=108)
                                             ->  Seq Scan on nation  (cost=0.00..11.70 rows=170 width=108)
 JIT:
   Functions: 36
   Options: Inlining false, Optimization false, Expressions true, Deforming true
(30 rows)

COMMIT;
COMMIT

Query 10 executed in 0.196 second(s).
BEGIN;
BEGIN
EXPLAIN
select
	ps_partkey,
	sum(ps_supplycost * ps_availqty) as value
from
	partsupp,
	supplier,
	nation
where
	ps_suppkey = s_suppkey
	and s_nationkey = n_nationkey
	and n_name = 'INDONESIA'
group by
	ps_partkey having
		sum(ps_supplycost * ps_availqty) > (
			select
				sum(ps_supplycost * ps_availqty) *         inf
			from
				partsupp,
				supplier,
				nation
			where
				ps_suppkey = s_suppkey
				and s_nationkey = n_nationkey
				and n_name = 'INDONESIA'
		)
order by
	value desc;
ERROR:  column "inf" does not exist
LINE 17:     sum(ps_supplycost * ps_availqty) *         inf
                                                        ^

Query 11 executed in 0.141 second(s).
BEGIN;
BEGIN
EXPLAIN
select
	l_shipmode,
	sum(case
		when o_orderpriority = '1-URGENT'
			or o_orderpriority = '2-HIGH'
			then 1
		else 0
	end) as high_line_count,
	sum(case
		when o_orderpriority <> '1-URGENT'
			and o_orderpriority <> '2-HIGH'
			then 1
		else 0
	end) as low_line_count
from
	orders,
	lineitem
where
	o_orderkey = l_orderkey
	and l_shipmode in ('MAIL', 'REG AIR')
	and l_commitdate < l_receiptdate
	and l_shipdate < l_commitdate
	and l_receiptdate >= date '1996-01-01'
	and l_receiptdate < date '1996-01-01' + interval '1 year'
group by
	l_shipmode
order by
	l_shipmode;
                                                                             QUERY PLAN                                                                             
--------------------------------------------------------------------------------------------------------------------------------------------------------------------
 Finalize GroupAggregate  (cost=137328.95..137337.25 rows=57 width=60)
   Group Key: lineitem.l_shipmode
   ->  Gather Merge  (cost=137328.95..137336.26 rows=56 width=60)
         Workers Planned: 2
         ->  Partial GroupAggregate  (cost=136328.93..136329.77 rows=28 width=60)
               Group Key: lineitem.l_shipmode
               ->  Sort  (cost=136328.93..136329.00 rows=28 width=60)
                     Sort Key: lineitem.l_shipmode
                     ->  Nested Loop  (cost=808.78..136328.26 rows=28 width=60)
                           ->  Parallel Bitmap Heap Scan on lineitem  (cost=808.35..136091.73 rows=28 width=48)
                                 Recheck Cond: ((l_receiptdate >= '1996-01-01'::date) AND (l_receiptdate < '1997-01-01 00:00:00'::timestamp without time zone))
                                 Filter: ((l_shipmode = ANY ('{MAIL,"REG AIR"}'::bpchar[])) AND (l_commitdate < l_receiptdate) AND (l_shipdate < l_commitdate))
                                 ->  Bitmap Index Scan on l_rd  (cost=0.00..808.33 rows=59990 width=0)
                                       Index Cond: ((l_receiptdate >= '1996-01-01'::date) AND (l_receiptdate < '1997-01-01 00:00:00'::timestamp without time zone))
                           ->  Index Scan using orders_pkey on orders  (cost=0.43..8.45 rows=1 width=20)
                                 Index Cond: (o_orderkey = lineitem.l_orderkey)
 JIT:
   Functions: 17
   Options: Inlining false, Optimization false, Expressions true, Deforming true
(19 rows)

COMMIT;
COMMIT

Query 12 executed in 0.196 second(s).
BEGIN;
BEGIN
EXPLAIN
select
	c_count,
	count(*) as custdist
from
	(
		select
			c_custkey,
			count(o_orderkey)
		from
			customer left outer join orders on
				c_custkey = o_custkey
				and o_comment not like '%special%accounts%'
		group by
			c_custkey
	) as c_orders (c_custkey, c_count)
group by
	c_count
order by
	custdist desc,
	c_count desc;
                                                                     QUERY PLAN                                                                     
----------------------------------------------------------------------------------------------------------------------------------------------------
 Sort  (cost=275835.01..275835.51 rows=200 width=16)
   Sort Key: (count(*)) DESC, (count(orders.o_orderkey)) DESC
   ->  HashAggregate  (cost=275825.36..275827.36 rows=200 width=16)
         Group Key: count(orders.o_orderkey)
         ->  Finalize GroupAggregate  (cost=195320.47..271325.36 rows=300000 width=12)
               Group Key: customer.c_custkey
               ->  Gather Merge  (cost=195320.47..265325.36 rows=600000 width=12)
                     Workers Planned: 2
                     ->  Sort  (cost=194320.45..195070.45 rows=300000 width=12)
                           Sort Key: customer.c_custkey
                           ->  Partial HashAggregate  (cost=149136.40..161901.05 rows=300000 width=12)
                                 Group Key: customer.c_custkey
                                 Planned Partitions: 4
                                 ->  Parallel Hash Right Join  (cost=7676.96..78830.93 rows=1249875 width=8)
                                       Hash Cond: (orders.o_custkey = customer.c_custkey)
                                       ->  Parallel Seq Scan on orders  (cost=0.00..67873.00 rows=1249875 width=8)
                                             Filter: ((o_comment)::text !~~ '%special%accounts%'::text)
                                       ->  Parallel Hash  (cost=6114.46..6114.46 rows=125000 width=4)
                                             ->  Parallel Index Only Scan using customer_pkey on customer  (cost=0.42..6114.46 rows=125000 width=4)
 JIT:
   Functions: 18
   Options: Inlining false, Optimization false, Expressions true, Deforming true
(22 rows)

COMMIT;
COMMIT

Query 13 executed in 0.185 second(s).
BEGIN;
BEGIN
EXPLAIN
select
	100.00 * sum(case
		when p_type like 'PROMO%'
			then l_extendedprice * (1 - l_discount)
		else 0
	end) / sum(l_extendedprice * (1 - l_discount)) as promo_revenue
from
	lineitem,
	part
where
	l_partkey = p_partkey
	and l_shipdate >= date '1996-01-01'
	and l_shipdate < cast(date '1996-01-01' + interval '1 month' as date);
                                                       QUERY PLAN                                                       
------------------------------------------------------------------------------------------------------------------------
 Finalize Aggregate  (cost=152068.53..152068.54 rows=1 width=32)
   ->  Gather  (cost=152068.29..152068.50 rows=2 width=64)
         Workers Planned: 2
         ->  Partial Aggregate  (cost=151068.29..151068.30 rows=1 width=64)
               ->  Parallel Hash Join  (cost=13937.34..150630.86 rows=24996 width=57)
                     Hash Cond: (lineitem.l_partkey = part.p_partkey)
                     ->  Parallel Bitmap Heap Scan on lineitem  (cost=823.33..135919.24 rows=24996 width=40)
                           Recheck Cond: ((l_shipdate >= '1996-01-01'::date) AND (l_shipdate < '1996-02-01'::date))
                           ->  Bitmap Index Scan on l_sd  (cost=0.00..808.33 rows=59990 width=0)
                                 Index Cond: ((l_shipdate >= '1996-01-01'::date) AND (l_shipdate < '1996-02-01'::date))
                     ->  Parallel Hash  (cost=9890.67..9890.67 rows=166667 width=25)
                           ->  Parallel Seq Scan on part  (cost=0.00..9890.67 rows=166667 width=25)
 JIT:
   Functions: 16
   Options: Inlining false, Optimization false, Expressions true, Deforming true
(15 rows)

COMMIT;
COMMIT

Query 14 executed in 0.189 second(s).
BEGIN;
BEGIN
create or replace view revenue0 (supplier_no, total_revenue) as
	select
		l_suppkey,
		sum(l_extendedprice * (1 - l_discount))
	from
		lineitem
	where
		l_shipdate >= '1993-02-01'
		and l_shipdate < date'1993-02-01' + interval '90 days'
	group by
		l_suppkey;
CREATE VIEW
EXPLAIN
select
	s_suppkey,
	s_name,
	s_address,
	s_phone,
	total_revenue
from
	supplier,
	revenue0
where
	s_suppkey = supplier_no
	and total_revenue = (
		select
			max(total_revenue)
		from
			revenue0
	)
order by
	s_suppkey;
                                                                       QUERY PLAN                                                                       
--------------------------------------------------------------------------------------------------------------------------------------------------------
 Merge Join  (cost=274096.42..275150.42 rows=1 width=103)
   Merge Cond: (supplier.s_suppkey = revenue0.supplier_no)
   InitPlan 1
     ->  Aggregate  (cost=137049.05..137049.06 rows=1 width=32)
           ->  HashAggregate  (cost=137044.05..137046.55 rows=200 width=36)
                 Group Key: lineitem_1.l_suppkey
                 ->  Bitmap Heap Scan on lineitem lineitem_1  (cost=823.33..136444.15 rows=59990 width=40)
                       Recheck Cond: ((l_shipdate >= '1993-02-01'::date) AND (l_shipdate < '1993-05-02 00:00:00'::timestamp without time zone))
                       ->  Bitmap Index Scan on l_sd  (cost=0.00..808.33 rows=59990 width=0)
                             Index Cond: ((l_shipdate >= '1993-02-01'::date) AND (l_shipdate < '1993-05-02 00:00:00'::timestamp without time zone))
   ->  Index Scan using supplier_pkey on supplier  (cost=0.29..1004.27 rows=20000 width=71)
   ->  Sort  (cost=137047.07..137047.08 rows=1 width=36)
         Sort Key: revenue0.supplier_no
         ->  Subquery Scan on revenue0  (cost=137044.05..137047.06 rows=1 width=36)
               ->  HashAggregate  (cost=137044.05..137047.05 rows=1 width=36)
                     Group Key: lineitem.l_suppkey
                     Filter: (sum((lineitem.l_extendedprice * ('1'::numeric - lineitem.l_discount))) = (InitPlan 1).col1)
                     ->  Bitmap Heap Scan on lineitem  (cost=823.33..136444.15 rows=59990 width=40)
                           Recheck Cond: ((l_shipdate >= '1993-02-01'::date) AND (l_shipdate < '1993-05-02 00:00:00'::timestamp without time zone))
                           ->  Bitmap Index Scan on l_sd  (cost=0.00..808.33 rows=59990 width=0)
                                 Index Cond: ((l_shipdate >= '1993-02-01'::date) AND (l_shipdate < '1993-05-02 00:00:00'::timestamp without time zone))
 JIT:
   Functions: 23
   Options: Inlining false, Optimization false, Expressions true, Deforming true
(24 rows)

drop view revenue0;
DROP VIEW
COMMIT;
COMMIT

Query 15 executed in 0.197 second(s).
BEGIN;
BEGIN
EXPLAIN
select
	p_brand,
	p_type,
	p_size,
	count(distinct ps_suppkey) as supplier_cnt
from
	partsupp,
	part
where
	p_partkey = ps_partkey
	and p_brand <> 'Brand#25'
	and p_type not like 'SMALL BRUSHED%'
	and p_size in (39, 47, 42, 33, 5, 18, 38, 35)
	and ps_suppkey not in (
		select
			s_suppkey
		from
			supplier
		where
			s_comment like '%Customer%Complaints%'
	)
group by
	p_brand,
	p_type,
	p_size
order by
	supplier_cnt desc,
	p_brand,
	p_type,
	p_size;
                                                                                         QUERY PLAN                                                                                         
--------------------------------------------------------------------------------------------------------------------------------------------------------------------------------------------
 Sort  (cost=71043.07..71123.27 rows=32082 width=44)
   Sort Key: (count(DISTINCT partsupp.ps_suppkey)) DESC, part.p_brand, part.p_type, part.p_size
   ->  GroupAggregate  (cost=53192.06..68641.81 rows=32082 width=44)
         Group Key: part.p_brand, part.p_type, part.p_size
         ->  Gather Merge  (cost=53192.06..67124.71 rows=119628 width=40)
               Workers Planned: 2
               ->  Sort  (cost=52192.04..52316.65 rows=49845 width=40)
                     Sort Key: part.p_brand, part.p_type, part.p_size, partsupp.ps_suppkey
                     ->  Parallel Hash Join  (cost=13424.62..48302.84 rows=49845 width=40)
                           Hash Cond: (partsupp.ps_partkey = part.p_partkey)
                           ->  Parallel Index Only Scan using partsupp_pkey on partsupp  (cost=722.43..34725.64 rows=333333 width=8)
                                 Filter: (NOT (ANY (ps_suppkey = (hashed SubPlan 1).col1)))
                                 SubPlan 1
                                   ->  Seq Scan on supplier  (cost=0.00..722.00 rows=2 width=4)
                                         Filter: ((s_comment)::text ~~ '%Customer%Complaints%'::text)
                           ->  Parallel Hash  (cost=12390.67..12390.67 rows=24922 width=40)
                                 ->  Parallel Seq Scan on part  (cost=0.00..12390.67 rows=24922 width=40)
                                       Filter: ((p_brand <> 'Brand#25'::bpchar) AND ((p_type)::text !~~ 'SMALL BRUSHED%'::text) AND (p_size = ANY ('{39,47,42,33,5,18,38,35}'::integer[])))
(18 rows)

COMMIT;
COMMIT

Query 16 executed in 0.142 second(s).
BEGIN;
BEGIN
EXPLAIN
select
	sum(l_extendedprice) / 7.0 as avg_yearly
from
	lineitem,
	part
where
	p_partkey = l_partkey
	and p_brand = 'Brand#52'
	and p_container = 'JUMBO DRUM'
	and l_quantity < (
		select
			0.2 * avg(l_quantity)
		from
			lineitem
		where
			l_partkey = p_partkey
	);
                                                 QUERY PLAN                                                  
-------------------------------------------------------------------------------------------------------------
 Aggregate  (cost=4140036.46..4140036.47 rows=1 width=32)
   ->  Hash Join  (cost=11773.27..4140025.51 rows=4379 width=18)
         Hash Cond: (lineitem.l_partkey = part.p_partkey)
         Join Filter: (lineitem.l_quantity < (SubPlan 1))
         ->  Seq Scan on lineitem  (cost=0.00..345027.96 rows=11997996 width=40)
         ->  Hash  (cost=11767.80..11767.80 rows=438 width=4)
               ->  Gather  (cost=1000.00..11767.80 rows=438 width=4)
                     Workers Planned: 2
                     ->  Parallel Seq Scan on part  (cost=0.00..10724.00 rows=182 width=4)
                           Filter: ((p_brand = 'Brand#52'::bpchar) AND (p_container = 'JUMBO DRUM'::bpchar))
         SubPlan 1
           ->  Aggregate  (cost=375172.93..375172.94 rows=1 width=32)
                 ->  Seq Scan on lineitem lineitem_1  (cost=0.00..375022.95 rows=59990 width=18)
                       Filter: (l_partkey = part.p_partkey)
 JIT:
   Functions: 24
   Options: Inlining true, Optimization true, Expressions true, Deforming true
(17 rows)

COMMIT;
COMMIT

Query 17 executed in 0.185 second(s).
BEGIN;
BEGIN
EXPLAIN
select
	c_name,
	c_custkey,
	o_orderkey,
	o_orderdate,
	o_totalprice,
	sum(l_quantity)
from
	customer,
	orders,
	lineitem
where
	o_orderkey in (
		select
			l_orderkey
		from
			lineitem
		group by
			l_orderkey having
				sum(l_quantity) > 313
	)
	and c_custkey = o_custkey
	and o_orderkey = l_orderkey
group by
	c_name,
	c_custkey,
	o_orderkey,
	o_orderdate,
	o_totalprice
order by
	o_totalprice desc,
	o_orderdate
LIMIT 100;
                                                                        QUERY PLAN                                                                        
----------------------------------------------------------------------------------------------------------------------------------------------------------
 Limit  (cost=412305.34..412305.59 rows=100 width=71)
   ->  Sort  (cost=412305.34..412306.01 rows=268 width=71)
         Sort Key: orders.o_totalprice DESC, orders.o_orderdate
         ->  GroupAggregate  (cost=412289.07..412295.10 rows=268 width=71)
               Group Key: customer.c_custkey, orders.o_orderkey
               ->  Sort  (cost=412289.07..412289.74 rows=268 width=57)
                     Sort Key: customer.c_custkey, orders.o_orderkey
                     ->  Nested Loop  (cost=301046.93..412278.26 rows=268 width=57)
                           ->  Nested Loop  (cost=301046.50..301694.50 rows=67 width=43)
                                 ->  Nested Loop  (cost=301046.07..301664.30 rows=67 width=24)
                                       ->  Finalize GroupAggregate  (cost=301045.64..301098.31 rows=67 width=4)
                                             Group Key: lineitem_1.l_orderkey
                                             Filter: (sum(lineitem_1.l_quantity) > '313'::numeric)
                                             ->  Gather Merge  (cost=301045.64..301092.31 rows=400 width=36)
                                                   Workers Planned: 2
                                                   ->  Sort  (cost=300045.62..300046.12 rows=200 width=36)
                                                         Sort Key: lineitem_1.l_orderkey
                                                         ->  Partial HashAggregate  (cost=300035.47..300037.97 rows=200 width=36)
                                                               Group Key: lineitem_1.l_orderkey
                                                               ->  Parallel Seq Scan on lineitem lineitem_1  (cost=0.00..275039.65 rows=4999165 width=22)
                                       ->  Index Scan using orders_pkey on orders  (cost=0.43..8.45 rows=1 width=20)
                                             Index Cond: (o_orderkey = lineitem_1.l_orderkey)
                                 ->  Index Scan using customer_pkey on customer  (cost=0.42..0.45 rows=1 width=23)
                                       Index Cond: (c_custkey = orders.o_custkey)
                           ->  Index Scan using lineitem_pkey on lineitem  (cost=0.43..1050.60 rows=59990 width=22)
                                 Index Cond: (l_orderkey = orders.o_orderkey)
 JIT:
   Functions: 26
   Options: Inlining false, Optimization false, Expressions true, Deforming true
(29 rows)

COMMIT;
COMMIT

Query 18 executed in 0.180 second(s).
BEGIN;
BEGIN
EXPLAIN
select
	sum(l_extendedprice* (1 - l_discount)) as revenue
from
	lineitem,
	part
where
	(
		p_partkey = l_partkey
		and p_brand = 'Brand#45'
		and p_container in ('SM CASE', 'SM BOX', 'SM PACK', 'SM PKG')
		and l_quantity >= 8 and l_quantity <= 8+10
		and p_size between 1 and 5
		and l_shipmode in ('AIR', 'AIR REG')
		and l_shipinstruct = 'DELIVER IN PERSON'
	)
	or
	(
		p_partkey = l_partkey
		and p_brand = 'Brand#54'
		and p_container in ('MED BAG', 'MED BOX', 'MED PKG', 'MED PACK')
		and l_quantity >= 16 and l_quantity <= 16+10
		and p_size between 1 and 10
		and l_shipmode in ('AIR', 'AIR REG')
		and l_shipinstruct = 'DELIVER IN PERSON'
	)
	or
	(
		p_partkey = l_partkey
		and p_brand = 'Brand#12'
		and p_container in ('LG CASE', 'LG BOX', 'LG PACK', 'LG PKG')
		and l_quantity >= 25 and l_quantity <= 25+10
		and p_size between 1 and 15
		and l_shipmode in ('AIR', 'AIR REG')
		and l_shipinstruct = 'DELIVER IN PERSON'
	);
                                                                                                                                                                                                                                                                                                                                                                                                                                                                                                                                                                      QUERY PLAN                                                                                                                                                                                                                                                                                                                                                                                                                                                                                                                                                                      
------------------------------------------------------------------------------------------------------------------------------------------------------------------------------------------------------------------------------------------------------------------------------------------------------------------------------------------------------------------------------------------------------------------------------------------------------------------------------------------------------------------------------------------------------------------------------------------------------------------------------------------------------------------------------------------------------------------------------------------------------------------------------------------------------------------------------------------------------------------------------------------------------------------------------------------------------------------------------------------------------------------------------------------------------------------------------------------------------------------------------------------------------
 Aggregate  (cost=376057.17..376057.18 rows=1 width=32)
   ->  Gather  (cost=1000.42..376057.16 rows=1 width=36)
         Workers Planned: 2
         ->  Nested Loop  (cost=0.42..375057.06 rows=1 width=36)
               ->  Parallel Seq Scan on lineitem  (cost=0.00..375022.95 rows=4 width=58)
                     Filter: ((l_shipmode = ANY ('{AIR,"AIR REG"}'::bpchar[])) AND (l_shipinstruct = 'DELIVER IN PERSON'::bpchar) AND (((l_quantity >= '8'::numeric) AND (l_quantity <= '18'::numeric)) OR ((l_quantity >= '16'::numeric) AND (l_quantity <= '26'::numeric)) OR ((l_quantity >= '25'::numeric) AND (l_quantity <= '35'::numeric))))
               ->  Index Scan using part_pkey on part  (cost=0.42..8.52 rows=1 width=30)
                     Index Cond: (p_partkey = lineitem.l_partkey)
                     Filter: ((p_size >= 1) AND (((p_brand = 'Brand#45'::bpchar) AND (p_container = ANY ('{"SM CASE","SM BOX","SM PACK","SM PKG"}'::bpchar[])) AND (p_size <= 5)) OR ((p_brand = 'Brand#54'::bpchar) AND (p_container = ANY ('{"MED BAG","MED BOX","MED PKG","MED PACK"}'::bpchar[])) AND (p_size <= 10)) OR ((p_brand = 'Brand#12'::bpchar) AND (p_container = ANY ('{"LG CASE","LG BOX","LG PACK","LG PKG"}'::bpchar[])) AND (p_size <= 15))) AND (((p_brand = 'Brand#45'::bpchar) AND (p_container = ANY ('{"SM CASE","SM BOX","SM PACK","SM PKG"}'::bpchar[])) AND (lineitem.l_quantity >= '8'::numeric) AND (lineitem.l_quantity <= '18'::numeric) AND (p_size <= 5)) OR ((p_brand = 'Brand#54'::bpchar) AND (p_container = ANY ('{"MED BAG","MED BOX","MED PKG","MED PACK"}'::bpchar[])) AND (lineitem.l_quantity >= '16'::numeric) AND (lineitem.l_quantity <= '26'::numeric) AND (p_size <= 10)) OR ((p_brand = 'Brand#12'::bpchar) AND (p_container = ANY ('{"LG CASE","LG BOX","LG PACK","LG PKG"}'::bpchar[])) AND (lineitem.l_quantity >= '25'::numeric) AND (lineitem.l_quantity <= '35'::numeric) AND (p_size <= 15))))
 JIT:
   Functions: 10
   Options: Inlining false, Optimization false, Expressions true, Deforming true
(12 rows)

COMMIT;
COMMIT

Query 19 executed in 0.172 second(s).
BEGIN;
BEGIN
EXPLAIN
select
	s_name,
	s_address
from
	supplier,
	nation
where
	s_suppkey in (
		select
			ps_suppkey
		from
			partsupp
		where
			ps_partkey in (
				select
					p_partkey
				from
					part
				where
					p_name like 'thistle%'
			)
			and ps_availqty > (
				select
					0.5 * sum(l_quantity)
				from
					lineitem
				where
					l_partkey = ps_partkey
					and l_suppkey = ps_suppkey
					and l_shipdate >= '1997-01-01'
					and l_shipdate < cast(date '1997-01-01' + interval '1 year' as date)
			)
	)
	and s_nationkey = n_nationkey
	and n_name = 'MOROCCO'
order by
	s_name;
                                                           QUERY PLAN                                                           
--------------------------------------------------------------------------------------------------------------------------------
 Sort  (cost=1292142853.32..1292142853.40 rows=32 width=51)
   Sort Key: supplier.s_name
   ->  Nested Loop Semi Join  (cost=1.14..1292142852.52 rows=32 width=51)
         ->  Nested Loop  (cost=0.29..1316.40 rows=118 width=55)
               Join Filter: (nation.n_nationkey = supplier.s_nationkey)
               ->  Index Scan using supplier_pkey on supplier  (cost=0.29..1004.27 rows=20000 width=59)
               ->  Materialize  (cost=0.00..12.13 rows=1 width=4)
                     ->  Seq Scan on nation  (cost=0.00..12.12 rows=1 width=4)
                           Filter: (n_name = 'MOROCCO'::bpchar)
         ->  Nested Loop  (cost=0.85..10950351.99 rows=1 width=4)
               ->  Index Scan using partsupp_pkey on partsupp  (cost=0.43..10950338.16 rows=27 width=8)
                     Index Cond: (ps_suppkey = supplier.s_suppkey)
                     Filter: ((ps_availqty)::numeric > (SubPlan 1))
                     SubPlan 1
                       ->  Aggregate  (cost=136729.11..136729.12 rows=1 width=32)
                             ->  Bitmap Heap Scan on lineitem  (cost=808.34..136729.10 rows=1 width=18)
                                   Recheck Cond: ((l_shipdate >= '1997-01-01'::date) AND (l_shipdate < '1998-01-01'::date))
                                   Filter: ((l_partkey = partsupp.ps_partkey) AND (l_suppkey = partsupp.ps_suppkey))
                                   ->  Bitmap Index Scan on l_sd  (cost=0.00..808.33 rows=59990 width=0)
                                         Index Cond: ((l_shipdate >= '1997-01-01'::date) AND (l_shipdate < '1998-01-01'::date))
               ->  Index Scan using part_pkey on part  (cost=0.42..0.51 rows=1 width=4)
                     Index Cond: (p_partkey = partsupp.ps_partkey)
                     Filter: ((p_name)::text ~~ 'thistle%'::text)
 JIT:
   Functions: 31
   Options: Inlining true, Optimization true, Expressions true, Deforming true
(26 rows)

COMMIT;
COMMIT

Query 20 executed in 0.173 second(s).
BEGIN;
BEGIN
EXPLAIN
select
	s_name,
	count(*) as numwait
from
	supplier,
	lineitem l1,
	orders,
	nation
where
	s_suppkey = l1.l_suppkey
	and o_orderkey = l1.l_orderkey
	and o_orderstatus = 'F'
	and l1.l_receiptdate > l1.l_commitdate
	and exists (
		select
			*
		from
			lineitem l2
		where
			l2.l_orderkey = l1.l_orderkey
			and l2.l_suppkey <> l1.l_suppkey
	)
	and not exists (
		select
			*
		from
			lineitem l3
		where
			l3.l_orderkey = l1.l_orderkey
			and l3.l_suppkey <> l1.l_suppkey
			and l3.l_receiptdate > l3.l_commitdate
	)
	and s_nationkey = n_nationkey
	and n_name = 'JAPAN'
group by
	s_name
order by
	numwait desc,
	s_name
LIMIT 100;
                                                                QUERY PLAN                                                                 
-------------------------------------------------------------------------------------------------------------------------------------------
 Limit  (cost=1001334.47..1001334.72 rows=100 width=34)
   ->  Sort  (cost=1001334.47..1001341.56 rows=2837 width=34)
         Sort Key: (count(*)) DESC, supplier.s_name
         ->  Finalize GroupAggregate  (cost=1000892.30..1001226.04 rows=2837 width=34)
               Group Key: supplier.s_name
               ->  Gather Merge  (cost=1000892.30..1001185.85 rows=2364 width=34)
                     Workers Planned: 2
                     ->  Partial GroupAggregate  (cost=999892.28..999912.96 rows=1182 width=34)
                           Group Key: supplier.s_name
                           ->  Sort  (cost=999892.28..999895.23 rows=1182 width=26)
                                 Sort Key: supplier.s_name
                                 ->  Nested Loop  (cost=672674.48..999831.95 rows=1182 width=26)
                                       ->  Parallel Hash Semi Join  (cost=672674.05..993031.96 rows=2450 width=34)
                                             Hash Cond: (l1.l_orderkey = l2.l_orderkey)
                                             Join Filter: (l2.l_suppkey <> l1.l_suppkey)
                                             ->  Parallel Hash Anti Join  (cost=315616.84..616301.07 rows=4901 width=34)
                                                   Hash Cond: (l1.l_orderkey = l3.l_orderkey)
                                                   Join Filter: (l3.l_suppkey <> l1.l_suppkey)
                                                   ->  Hash Join  (cost=739.43..294624.26 rows=9802 width=34)
                                                         Hash Cond: (l1.l_suppkey = supplier.s_suppkey)
                                                         ->  Parallel Seq Scan on lineitem l1  (cost=0.00..287537.56 rows=1666388 width=8)
                                                               Filter: (l_receiptdate > l_commitdate)
                                                         ->  Hash  (cost=737.95..737.95 rows=118 width=30)
                                                               ->  Hash Join  (cost=12.14..737.95 rows=118 width=30)
                                                                     Hash Cond: (supplier.s_nationkey = nation.n_nationkey)
                                                                     ->  Seq Scan on supplier  (cost=0.00..672.00 rows=20000 width=34)
                                                                     ->  Hash  (cost=12.12..12.12 rows=1 width=4)
                                                                           ->  Seq Scan on nation  (cost=0.00..12.12 rows=1 width=4)
                                                                                 Filter: (n_name = 'JAPAN'::bpchar)
                                                   ->  Parallel Hash  (cost=287537.56..287537.56 rows=1666388 width=8)
                                                         ->  Parallel Seq Scan on lineitem l3  (cost=0.00..287537.56 rows=1666388 width=8)
                                                               Filter: (l_receiptdate > l_commitdate)
                                             ->  Parallel Hash  (cost=275039.65..275039.65 rows=4999165 width=8)
                                                   ->  Parallel Seq Scan on lineitem l2  (cost=0.00..275039.65 rows=4999165 width=8)
                                       ->  Index Scan using orders_pkey on orders  (cost=0.43..2.78 rows=1 width=4)
                                             Index Cond: (o_orderkey = l1.l_orderkey)
                                             Filter: (o_orderstatus = 'F'::bpchar)
 JIT:
   Functions: 57
   Options: Inlining true, Optimization true, Expressions true, Deforming true
(40 rows)

COMMIT;
COMMIT

Query 21 executed in 0.193 second(s).
BEGIN;
BEGIN
EXPLAIN
select
	cntrycode,
	count(*) as numcust,
	sum(c_acctbal) as totacctbal
from
	(
		select
			substring(c_phone from 1 for 2) as cntrycode,
			c_acctbal
		from
			customer
		where
			substring(c_phone from 1 for 2) in
				('15', '33', '14', '18', '29', '13', '30')
			and c_acctbal > (
				select
					avg(c_acctbal)
				from
					customer
				where
					c_acctbal > 0.00
					and substring(c_phone from 1 for 2) in
						('15', '33', '14', '18', '29', '13', '30')
			)
			and not exists (
				select
					*
				from
					orders
				where
					o_custkey = c_custkey
			)
	) as vip
group by
	cntrycode
order by
	cntrycode;
                                                                           QUERY PLAN                                                                           
----------------------------------------------------------------------------------------------------------------------------------------------------------------
 Finalize GroupAggregate  (cost=99178.32..99375.66 rows=1479 width=72)
   Group Key: (SUBSTRING(customer.c_phone FROM 1 FOR 2))
   InitPlan 1
     ->  Finalize Aggregate  (cost=11539.40..11539.41 rows=1 width=32)
           ->  Gather  (cost=11539.18..11539.39 rows=2 width=32)
                 Workers Planned: 2
                 ->  Partial Aggregate  (cost=10539.18..10539.19 rows=1 width=32)
                       ->  Parallel Seq Scan on customer customer_1  (cost=0.00..10529.25 rows=3970 width=6)
                             Filter: ((c_acctbal > 0.00) AND (SUBSTRING(c_phone FROM 1 FOR 2) = ANY ('{15,33,14,18,29,13,30}'::text[])))
   ->  Gather Merge  (cost=87638.91..87798.05 rows=1232 width=72)
         Workers Planned: 2
         ->  Partial GroupAggregate  (cost=86638.88..86655.82 rows=616 width=72)
               Group Key: (SUBSTRING(customer.c_phone FROM 1 FOR 2))
               ->  Sort  (cost=86638.88..86640.42 rows=616 width=38)
                     Sort Key: (SUBSTRING(customer.c_phone FROM 1 FOR 2))
                     ->  Parallel Hash Right Anti Join  (cost=10547.48..86610.34 rows=616 width=38)
                           Hash Cond: (orders.o_custkey = customer.c_custkey)
                           ->  Parallel Seq Scan on orders  (cost=0.00..64748.00 rows=1250000 width=4)
                           ->  Parallel Hash  (cost=10529.25..10529.25 rows=1458 width=26)
                                 ->  Parallel Seq Scan on customer  (cost=0.00..10529.25 rows=1458 width=26)
                                       Filter: ((c_acctbal > (InitPlan 1).col1) AND (SUBSTRING(c_phone FROM 1 FOR 2) = ANY ('{15,33,14,18,29,13,30}'::text[])))
(21 rows)

COMMIT;
COMMIT

Query 22 executed in 0.140 second(s).

