=== Experiment: numbers_dates ===
INDEX_ALL=0
INDEX_NUMBERS=1
INDEX_DATES=1
INDEX_TEXT=0

[Info] Running drop_indexes.sh
[Info] Keeping date indexes
[Info] Keeping numbers indexes
[Info] Dropping text indexes
[Info] Running create_indexes.sh
[Info] Creating indexes for dates
[Info] Creating indexes for numbers

[Info] Running queries(1,2,3,4,5,6,7,8,9,10,11,12,13,14,15,16,17,18,19,20,21,22) for numbers_dates
BEGIN;
BEGIN
EXPLAIN
select
	l_returnflag,
	l_linestatus,
	sum(l_quantity) as sum_qty,
	sum(l_extendedprice) as sum_base_price,
	sum(l_extendedprice * (1 - l_discount)) as sum_disc_price,
	sum(l_extendedprice * (1 - l_discount) * (1 + l_tax)) as sum_charge,
	avg(l_quantity) as avg_qty,
	avg(l_extendedprice) as avg_price,
	avg(l_discount) as avg_disc,
	count(*) as count_order
from
	lineitem
where
	l_shipdate <= date '1998-12-01' - interval '117 days'
group by
	l_returnflag,
	l_linestatus
order by
	l_returnflag,
	l_linestatus;
                                              QUERY PLAN                                              
------------------------------------------------------------------------------------------------------
 Finalize GroupAggregate  (cost=616624.45..629658.44 rows=40000 width=248)
   Group Key: l_returnflag, l_linestatus
   ->  Gather Merge  (cost=616624.45..625958.44 rows=80000 width=248)
         Workers Planned: 2
         ->  Sort  (cost=615624.43..615724.43 rows=40000 width=248)
               Sort Key: l_returnflag, l_linestatus
               ->  Partial HashAggregate  (cost=561450.09..607915.39 rows=40000 width=248)
                     Group Key: l_returnflag, l_linestatus
                     Planned Partitions: 8
                     ->  Parallel Seq Scan on lineitem  (cost=0.00..287537.56 rows=1666388 width=88)
                           Filter: (l_shipdate <= '1998-08-06 00:00:00'::timestamp without time zone)
 JIT:
   Functions: 9
   Options: Inlining true, Optimization true, Expressions true, Deforming true
(14 rows)

COMMIT;
COMMIT

Query 1 executed in 0.189 second(s).
BEGIN;
BEGIN
EXPLAIN
select
	s_acctbal,
	s_name,
	n_name,
	p_partkey,
	p_mfgr,
	s_address,
	s_phone,
	s_comment
from
	part,
	supplier,
	partsupp,
	nation,
	region
where
	p_partkey = ps_partkey
	and s_suppkey = ps_suppkey
	and p_size = 43
	and p_type like '%TIN'
	and s_nationkey = n_nationkey
	and n_regionkey = r_regionkey
	and r_name = 'EUROPE'
	and ps_supplycost = (
		select
			min(ps_supplycost)
		from
			partsupp,
			supplier,
			nation,
			region
		where
			p_partkey = ps_partkey
			and s_suppkey = ps_suppkey
			and s_nationkey = n_nationkey
			and n_regionkey = r_regionkey
			and r_name = 'EUROPE'
	)
order by
	s_acctbal desc,
	n_name,
	s_name,
	p_partkey
LIMIT 100;
                                                              QUERY PLAN                                                               
---------------------------------------------------------------------------------------------------------------------------------------
 Limit  (cost=148008.86..148008.87 rows=1 width=270)
   ->  Sort  (cost=148008.86..148008.87 rows=1 width=270)
         Sort Key: supplier.s_acctbal DESC, nation.n_name, supplier.s_name, part.p_partkey
         ->  Hash Join  (cost=76896.63..148008.85 rows=1 width=270)
               Hash Cond: ((part.p_partkey = partsupp.ps_partkey) AND ((SubPlan 1) = partsupp.ps_supplycost))
               ->  Bitmap Heap Scan on part  (cost=95.16..8732.63 rows=1747 width=30)
                     Recheck Cond: (p_size = 43)
                     Filter: ((p_type)::text ~~ '%TIN'::text)
                     ->  Bitmap Index Scan on p_s  (cost=0.00..94.72 rows=8307 width=0)
                           Index Cond: (p_size = 43)
               ->  Hash  (cost=61063.46..61063.46 rows=320000 width=250)
                     ->  Hash Join  (cost=839.46..61063.46 rows=320000 width=250)
                           Hash Cond: (partsupp.ps_suppkey = supplier.s_suppkey)
                           ->  Seq Scan on partsupp  (cost=0.00..51024.00 rows=1600000 width=14)
                           ->  Hash  (cost=789.46..789.46 rows=4000 width=244)
                                 ->  Hash Join  (cost=2.46..789.46 rows=4000 width=244)
                                       Hash Cond: (supplier.s_nationkey = nation.n_nationkey)
                                       ->  Seq Scan on supplier  (cost=0.00..672.00 rows=20000 width=144)
                                       ->  Hash  (cost=2.40..2.40 rows=5 width=108)
                                             ->  Hash Join  (cost=1.07..2.40 rows=5 width=108)
                                                   Hash Cond: (nation.n_regionkey = region.r_regionkey)
                                                   ->  Seq Scan on nation  (cost=0.00..1.25 rows=25 width=112)
                                                   ->  Hash  (cost=1.06..1.06 rows=1 width=4)
                                                         ->  Seq Scan on region  (cost=0.00..1.06 rows=1 width=4)
                                                               Filter: (r_name = 'EUROPE'::bpchar)
               SubPlan 1
                 ->  Aggregate  (cost=58.95..58.96 rows=1 width=32)
                       ->  Nested Loop  (cost=0.85..58.95 rows=1 width=6)
                             Join Filter: (region_1.r_regionkey = nation_1.n_regionkey)
                             ->  Seq Scan on region region_1  (cost=0.00..1.06 rows=1 width=4)
                                   Filter: (r_name = 'EUROPE'::bpchar)
                             ->  Nested Loop  (cost=0.85..57.82 rows=5 width=10)
                                   ->  Nested Loop  (cost=0.71..57.04 rows=5 width=10)
                                         ->  Index Scan using partsupp_pkey on partsupp partsupp_1  (cost=0.43..15.52 rows=5 width=10)
                                               Index Cond: (ps_partkey = part.p_partkey)
                                         ->  Index Scan using supplier_pkey on supplier supplier_1  (cost=0.29..8.30 rows=1 width=8)
                                               Index Cond: (s_suppkey = partsupp_1.ps_suppkey)
                                   ->  Index Scan using nation_pkey on nation nation_1  (cost=0.14..0.16 rows=1 width=8)
                                         Index Cond: (n_nationkey = supplier_1.s_nationkey)
 JIT:
   Functions: 65
   Options: Inlining false, Optimization false, Expressions true, Deforming true
(42 rows)

COMMIT;
COMMIT

Query 2 executed in 0.190 second(s).
BEGIN;
BEGIN
EXPLAIN
select
	l_orderkey,
	sum(l_extendedprice * (1 - l_discount)) as revenue,
	o_orderdate,
	o_shippriority
from
	customer,
	orders,
	lineitem
where
	c_mktsegment = 'AUTOMOBILE'
	and c_custkey = o_custkey
	and l_orderkey = o_orderkey
	and o_orderdate < date '1995-03-20'
	and l_shipdate > date '1995-03-20'
group by
	l_orderkey,
	o_orderdate,
	o_shippriority
order by
	revenue desc,
	o_orderdate
LIMIT 10;
                                                             QUERY PLAN                                                             
------------------------------------------------------------------------------------------------------------------------------------
 Limit  (cost=453566.86..453566.88 rows=10 width=44)
   ->  Sort  (cost=453566.86..454532.13 rows=386110 width=44)
         Sort Key: (sum((lineitem.l_extendedprice * ('1'::numeric - lineitem.l_discount)))) DESC, orders.o_orderdate
         ->  Finalize GroupAggregate  (cost=394409.58..445223.16 rows=386110 width=44)
               Group Key: lineitem.l_orderkey, orders.o_orderdate, orders.o_shippriority
               ->  Gather Merge  (cost=394409.58..436374.81 rows=321758 width=44)
                     Workers Planned: 2
                     ->  Partial GroupAggregate  (cost=393409.56..398235.93 rows=160879 width=44)
                           Group Key: lineitem.l_orderkey, orders.o_orderdate, orders.o_shippriority
                           ->  Sort  (cost=393409.56..393811.76 rows=160879 width=48)
                                 Sort Key: lineitem.l_orderkey, orders.o_orderdate, orders.o_shippriority
                                 ->  Parallel Hash Join  (cost=80091.21..374548.05 rows=160879 width=48)
                                       Hash Cond: (lineitem.l_orderkey = orders.o_orderkey)
                                       ->  Parallel Seq Scan on lineitem  (cost=0.00..287537.56 rows=1666388 width=40)
                                             Filter: (l_shipdate > '1995-03-20'::date)
                                       ->  Parallel Hash  (cost=78582.71..78582.71 rows=120680 width=12)
                                             ->  Parallel Hash Join  (cost=9122.33..78582.71 rows=120680 width=12)
                                                   Hash Cond: (orders.o_custkey = customer.c_custkey)
                                                   ->  Parallel Seq Scan on orders  (cost=0.00..67873.00 rows=604708 width=16)
                                                         Filter: (o_orderdate < '1995-03-20'::date)
                                                   ->  Parallel Hash  (cost=8810.50..8810.50 rows=24946 width=4)
                                                         ->  Parallel Seq Scan on customer  (cost=0.00..8810.50 rows=24946 width=4)
                                                               Filter: (c_mktsegment = 'AUTOMOBILE'::bpchar)
 JIT:
   Functions: 34
   Options: Inlining false, Optimization false, Expressions true, Deforming true
(26 rows)

COMMIT;
COMMIT

Query 3 executed in 0.180 second(s).
BEGIN;
BEGIN
EXPLAIN
select
	o_orderpriority,
	count(*) as order_count
from
	orders
where
	o_orderdate >= date '1996-02-01'
	and o_orderdate < cast(date '1996-02-01' + interval '3 month' as date)
	and exists (
		select
			*
		from
			lineitem
		where
			l_orderkey = o_orderkey
			and l_commitdate < l_receiptdate
	)
group by
	o_orderpriority
order by
	o_orderpriority;
                                                QUERY PLAN                                                
----------------------------------------------------------------------------------------------------------
 Sort  (cost=386993.35..386993.36 rows=5 width=24)
   Sort Key: orders.o_orderpriority
   ->  HashAggregate  (cost=386993.24..386993.29 rows=5 width=24)
         Group Key: orders.o_orderpriority
         ->  Nested Loop  (cost=385021.71..386706.78 rows=57292 width=16)
               ->  HashAggregate  (cost=385021.28..385023.28 rows=200 width=4)
                     Group Key: lineitem.l_orderkey
                     ->  Seq Scan on lineitem  (cost=0.00..375022.95 rows=3999332 width=4)
                           Filter: (l_commitdate < l_receiptdate)
               ->  Index Scan using orders_pkey on orders  (cost=0.43..8.41 rows=1 width=20)
                     Index Cond: (o_orderkey = lineitem.l_orderkey)
                     Filter: ((o_orderdate >= '1996-02-01'::date) AND (o_orderdate < '1996-05-01'::date))
 JIT:
   Functions: 13
   Options: Inlining false, Optimization false, Expressions true, Deforming true
(15 rows)

COMMIT;
COMMIT

Query 4 executed in 0.174 second(s).
BEGIN;
BEGIN
EXPLAIN
select
	n_name,
	sum(l_extendedprice * (1 - l_discount)) as revenue
from
	customer,
	orders,
	lineitem,
	supplier,
	nation,
	region
where
	c_custkey = o_custkey
	and l_orderkey = o_orderkey
	and l_suppkey = s_suppkey
	and c_nationkey = s_nationkey
	and s_nationkey = n_nationkey
	and n_regionkey = r_regionkey
	and r_name = 'MIDDLE EAST'
	and o_orderdate >= date '1997-01-01'
	and o_orderdate < date '1997-01-01' + interval '1 year'
group by
	n_name
order by
	revenue desc;
                                                                                       QUERY PLAN                                                                                       
----------------------------------------------------------------------------------------------------------------------------------------------------------------------------------------
 Sort  (cost=368199.86..368199.92 rows=25 width=136)
   Sort Key: (sum((lineitem.l_extendedprice * ('1'::numeric - lineitem.l_discount)))) DESC
   ->  Finalize GroupAggregate  (cost=368116.37..368199.28 rows=25 width=136)
         Group Key: nation.n_name
         ->  Gather Merge  (cost=368116.37..368198.59 rows=50 width=136)
               Workers Planned: 2
               ->  Partial GroupAggregate  (cost=367116.35..367192.80 rows=25 width=136)
                     Group Key: nation.n_name
                     ->  Sort  (cost=367116.35..367131.57 rows=6091 width=140)
                           Sort Key: nation.n_name
                           ->  Hash Join  (cost=74282.14..366733.45 rows=6091 width=140)
                                 Hash Cond: ((lineitem.l_suppkey = supplier.s_suppkey) AND (customer.c_nationkey = supplier.s_nationkey))
                                 ->  Parallel Hash Join  (cost=73310.14..364962.06 rows=152266 width=152)
                                       Hash Cond: (orders.o_custkey = customer.c_custkey)
                                       ->  Parallel Hash Join  (cost=63778.43..351940.91 rows=761331 width=44)
                                             Hash Cond: (lineitem.l_orderkey = orders.o_orderkey)
                                             ->  Parallel Seq Scan on lineitem  (cost=0.00..275039.65 rows=4999165 width=44)
                                             ->  Parallel Hash  (cost=61398.87..61398.87 rows=190365 width=8)
                                                   ->  Parallel Bitmap Heap Scan on orders  (cost=6295.40..61398.87 rows=190365 width=8)
                                                         Recheck Cond: ((o_orderdate >= '1997-01-01'::date) AND (o_orderdate < '1998-01-01 00:00:00'::timestamp without time zone))
                                                         ->  Bitmap Index Scan on o_od  (cost=0.00..6181.18 rows=456875 width=0)
                                                               Index Cond: ((o_orderdate >= '1997-01-01'::date) AND (o_orderdate < '1998-01-01 00:00:00'::timestamp without time zone))
                                       ->  Parallel Hash  (cost=9219.21..9219.21 rows=25000 width=116)
                                             ->  Hash Join  (cost=2.46..9219.21 rows=25000 width=116)
                                                   Hash Cond: (customer.c_nationkey = nation.n_nationkey)
                                                   ->  Parallel Seq Scan on customer  (cost=0.00..8498.00 rows=125000 width=8)
                                                   ->  Hash  (cost=2.40..2.40 rows=5 width=108)
                                                         ->  Hash Join  (cost=1.07..2.40 rows=5 width=108)
                                                               Hash Cond: (nation.n_regionkey = region.r_regionkey)
                                                               ->  Seq Scan on nation  (cost=0.00..1.25 rows=25 width=112)
                                                               ->  Hash  (cost=1.06..1.06 rows=1 width=4)
                                                                     ->  Seq Scan on region  (cost=0.00..1.06 rows=1 width=4)
                                                                           Filter: (r_name = 'MIDDLE EAST'::bpchar)
                                 ->  Hash  (cost=672.00..672.00 rows=20000 width=8)
                                       ->  Seq Scan on supplier  (cost=0.00..672.00 rows=20000 width=8)
 JIT:
   Functions: 57
   Options: Inlining false, Optimization false, Expressions true, Deforming true
(38 rows)

COMMIT;
COMMIT

Query 5 executed in 0.180 second(s).
BEGIN;
BEGIN
EXPLAIN
select
	sum(l_extendedprice * l_discount) as revenue
from
	lineitem
where
	l_shipdate >= date '1997-01-01'
	and l_shipdate < cast(date '1997-01-01' + interval '1 year' as date)
	and l_discount between 0.09 - 0.01 and 0.09 + 0.01
	and l_quantity < 24;
                                                                     QUERY PLAN                                                                     
----------------------------------------------------------------------------------------------------------------------------------------------------
 Aggregate  (cost=3243.36..3243.37 rows=1 width=32)
   ->  Bitmap Heap Scan on lineitem  (cost=2068.97..3242.86 rows=100 width=36)
         Recheck Cond: ((l_shipdate >= '1997-01-01'::date) AND (l_shipdate < '1998-01-01'::date) AND (l_discount >= 0.08) AND (l_discount <= 0.10))
         Filter: (l_quantity < '24'::numeric)
         ->  BitmapAnd  (cost=2068.97..2068.97 rows=300 width=0)
               ->  Bitmap Index Scan on l_sd  (cost=0.00..808.33 rows=59990 width=0)
                     Index Cond: ((l_shipdate >= '1997-01-01'::date) AND (l_shipdate < '1998-01-01'::date))
               ->  Bitmap Index Scan on l_disc  (cost=0.00..1260.34 rows=59990 width=0)
                     Index Cond: ((l_discount >= 0.08) AND (l_discount <= 0.10))
(9 rows)

COMMIT;
COMMIT

Query 6 executed in 0.135 second(s).
BEGIN;
BEGIN
EXPLAIN
select
	supp_nation,
	cust_nation,
	l_year,
	sum(volume) as revenue
from
	(
		select
			n1.n_name as supp_nation,
			n2.n_name as cust_nation,
			extract(year from l_shipdate) as l_year,
			l_extendedprice * (1 - l_discount) as volume
		from
			supplier,
			lineitem,
			orders,
			customer,
			nation n1,
			nation n2
		where
			s_suppkey = l_suppkey
			and o_orderkey = l_orderkey
			and c_custkey = o_custkey
			and s_nationkey = n1.n_nationkey
			and c_nationkey = n2.n_nationkey
			and (
				(n1.n_name = 'UNITED STATES' and n2.n_name = 'ARGENTINA')
				or (n1.n_name = 'ARGENTINA' and n2.n_name = 'UNITED STATES')
			)
			and l_shipdate between date '1995-01-01' and date '1996-12-31'
	) as shipping
group by
	supp_nation,
	cust_nation,
	l_year
order by
	supp_nation,
	cust_nation,
	l_year;
                                                                                               QUERY PLAN                                                                                                
---------------------------------------------------------------------------------------------------------------------------------------------------------------------------------------------------------
 Finalize GroupAggregate  (cost=145773.39..145800.32 rows=200 width=272)
   Group Key: n1.n_name, n2.n_name, (EXTRACT(year FROM lineitem.l_shipdate))
   ->  Gather Merge  (cost=145773.39..145795.25 rows=166 width=272)
         Workers Planned: 2
         ->  Partial GroupAggregate  (cost=144773.37..144776.07 rows=83 width=272)
               Group Key: n1.n_name, n2.n_name, (EXTRACT(year FROM lineitem.l_shipdate))
               ->  Sort  (cost=144773.37..144773.58 rows=83 width=276)
                     Sort Key: n1.n_name, n2.n_name, (EXTRACT(year FROM lineitem.l_shipdate))
                     ->  Hash Join  (cost=1580.38..144770.72 rows=83 width=276)
                           Hash Cond: (customer.c_nationkey = n2.n_nationkey)
                           Join Filter: (((n1.n_name = 'UNITED STATES'::bpchar) AND (n2.n_name = 'ARGENTINA'::bpchar)) OR ((n1.n_name = 'ARGENTINA'::bpchar) AND (n2.n_name = 'UNITED STATES'::bpchar)))
                           ->  Nested Loop  (cost=1578.98..144763.86 rows=2000 width=148)
                                 ->  Nested Loop  (cost=1578.56..143862.34 rows=2000 width=148)
                                       ->  Hash Join  (cost=1578.13..136787.77 rows=2000 width=148)
                                             Hash Cond: (lineitem.l_suppkey = supplier.s_suppkey)
                                             ->  Parallel Bitmap Heap Scan on lineitem  (cost=823.33..135919.24 rows=24996 width=48)
                                                   Recheck Cond: ((l_shipdate >= '1995-01-01'::date) AND (l_shipdate <= '1996-12-31'::date))
                                                   ->  Bitmap Index Scan on l_sd  (cost=0.00..808.33 rows=59990 width=0)
                                                         Index Cond: ((l_shipdate >= '1995-01-01'::date) AND (l_shipdate <= '1996-12-31'::date))
                                             ->  Hash  (cost=734.80..734.80 rows=1600 width=108)
                                                   ->  Hash Join  (cost=1.40..734.80 rows=1600 width=108)
                                                         Hash Cond: (supplier.s_nationkey = n1.n_nationkey)
                                                         ->  Seq Scan on supplier  (cost=0.00..672.00 rows=20000 width=8)
                                                         ->  Hash  (cost=1.38..1.38 rows=2 width=108)
                                                               ->  Seq Scan on nation n1  (cost=0.00..1.38 rows=2 width=108)
                                                                     Filter: ((n_name = 'UNITED STATES'::bpchar) OR (n_name = 'ARGENTINA'::bpchar))
                                       ->  Index Scan using orders_pkey on orders  (cost=0.43..3.54 rows=1 width=8)
                                             Index Cond: (o_orderkey = lineitem.l_orderkey)
                                 ->  Index Scan using customer_pkey on customer  (cost=0.42..0.45 rows=1 width=8)
                                       Index Cond: (c_custkey = orders.o_custkey)
                           ->  Hash  (cost=1.38..1.38 rows=2 width=108)
                                 ->  Seq Scan on nation n2  (cost=0.00..1.38 rows=2 width=108)
                                       Filter: ((n_name = 'ARGENTINA'::bpchar) OR (n_name = 'UNITED STATES'::bpchar))
 JIT:
   Functions: 52
   Options: Inlining false, Optimization false, Expressions true, Deforming true
(36 rows)

COMMIT;
COMMIT

Query 7 executed in 0.199 second(s).
BEGIN;
BEGIN
EXPLAIN
select
	o_year,
	sum(case
		when nation = 'ARGENTINA' then volume
		else 0
	end) / sum(volume) as mkt_share
from
	(
		select
			extract(year from o_orderdate) as o_year,
			l_extendedprice * (1 - l_discount) as volume,
			n2.n_name as nation
		from
			part,
			supplier,
			lineitem,
			orders,
			customer,
			nation n1,
			nation n2,
			region
		where
			p_partkey = l_partkey
			and s_suppkey = l_suppkey
			and l_orderkey = o_orderkey
			and o_custkey = c_custkey
			and c_nationkey = n1.n_nationkey
			and n1.n_regionkey = r_regionkey
			and r_name = 'AMERICA'
			and s_nationkey = n2.n_nationkey
			and o_orderdate between date '1995-01-01' and date '1996-12-31'
			and p_type = 'MEDIUM POLISHED TIN'
	) as all_nations
group by
	o_year
order by
	o_year;
                                                                  QUERY PLAN                                                                   
-----------------------------------------------------------------------------------------------------------------------------------------------
 Finalize GroupAggregate  (cost=320884.95..321538.97 rows=2406 width=64)
   Group Key: (EXTRACT(year FROM orders.o_orderdate))
   ->  Gather Merge  (cost=320884.95..321439.65 rows=4096 width=96)
         Workers Planned: 2
         ->  Partial GroupAggregate  (cost=319884.92..319966.84 rows=2048 width=96)
               Group Key: (EXTRACT(year FROM orders.o_orderdate))
               ->  Sort  (cost=319884.92..319890.04 rows=2048 width=172)
                     Sort Key: (EXTRACT(year FROM orders.o_orderdate))
                     ->  Hash Join  (cost=10326.36..319772.28 rows=2048 width=172)
                           Hash Cond: (supplier.s_nationkey = n2.n_nationkey)
                           ->  Nested Loop  (cost=10324.80..319759.31 rows=2048 width=44)
                                 ->  Hash Join  (cost=10324.51..319134.31 rows=2048 width=44)
                                       Hash Cond: (customer.c_nationkey = n1.n_nationkey)
                                       ->  Nested Loop  (cost=10322.05..319072.97 rows=10240 width=48)
                                             ->  Nested Loop  (cost=10321.63..314209.25 rows=10240 width=48)
                                                   ->  Parallel Hash Join  (cost=10321.20..298483.79 rows=33270 width=44)
                                                         Hash Cond: (lineitem.l_partkey = part.p_partkey)
                                                         ->  Parallel Seq Scan on lineitem  (cost=0.00..275039.65 rows=4999165 width=48)
                                                         ->  Parallel Hash  (cost=10307.33..10307.33 rows=1109 width=4)
                                                               ->  Parallel Seq Scan on part  (cost=0.00..10307.33 rows=1109 width=4)
                                                                     Filter: ((p_type)::text = 'MEDIUM POLISHED TIN'::text)
                                                   ->  Index Scan using orders_pkey on orders  (cost=0.43..0.47 rows=1 width=12)
                                                         Index Cond: (o_orderkey = lineitem.l_orderkey)
                                                         Filter: ((o_orderdate >= '1995-01-01'::date) AND (o_orderdate <= '1996-12-31'::date))
                                             ->  Index Scan using customer_pkey on customer  (cost=0.42..0.47 rows=1 width=8)
                                                   Index Cond: (c_custkey = orders.o_custkey)
                                       ->  Hash  (cost=2.40..2.40 rows=5 width=4)
                                             ->  Hash Join  (cost=1.07..2.40 rows=5 width=4)
                                                   Hash Cond: (n1.n_regionkey = region.r_regionkey)
                                                   ->  Seq Scan on nation n1  (cost=0.00..1.25 rows=25 width=8)
                                                   ->  Hash  (cost=1.06..1.06 rows=1 width=4)
                                                         ->  Seq Scan on region  (cost=0.00..1.06 rows=1 width=4)
                                                               Filter: (r_name = 'AMERICA'::bpchar)
                                 ->  Index Scan using supplier_pkey on supplier  (cost=0.29..0.31 rows=1 width=8)
                                       Index Cond: (s_suppkey = lineitem.l_suppkey)
                           ->  Hash  (cost=1.25..1.25 rows=25 width=108)
                                 ->  Seq Scan on nation n2  (cost=0.00..1.25 rows=25 width=108)
 JIT:
   Functions: 59
   Options: Inlining false, Optimization false, Expressions true, Deforming true
(40 rows)

COMMIT;
COMMIT

Query 8 executed in 0.204 second(s).
BEGIN;
BEGIN
EXPLAIN
select
	nation,
	o_year,
	sum(amount) as sum_profit
from
	(
		select
			n_name as nation,
			extract(year from o_orderdate) as o_year,
			l_extendedprice * (1 - l_discount) - ps_supplycost * l_quantity as amount
		from
			part,
			supplier,
			lineitem,
			partsupp,
			orders,
			nation
		where
			s_suppkey = l_suppkey
			and ps_suppkey = l_suppkey
			and ps_partkey = l_partkey
			and p_partkey = l_partkey
			and o_orderkey = l_orderkey
			and s_nationkey = n_nationkey
			and p_name like '%khaki%'
	) as profit
group by
	nation,
	o_year
order by
	nation,
	o_year desc;
                                                                     QUERY PLAN                                                                     
----------------------------------------------------------------------------------------------------------------------------------------------------
 Finalize GroupAggregate  (cost=462627.93..482550.77 rows=60150 width=168)
   Group Key: nation.n_name, (EXTRACT(year FROM orders.o_orderdate))
   ->  Gather Merge  (cost=462627.93..480445.52 rows=120300 width=168)
         Workers Planned: 2
         ->  Partial GroupAggregate  (cost=461627.90..465559.89 rows=60150 width=168)
               Group Key: nation.n_name, (EXTRACT(year FROM orders.o_orderdate))
               ->  Sort  (cost=461627.90..462006.62 rows=151487 width=196)
                     Sort Key: nation.n_name, (EXTRACT(year FROM orders.o_orderdate)) DESC
                     ->  Hash Join  (cost=66241.12..434092.83 rows=151487 width=196)
                           Hash Cond: (supplier.s_nationkey = nation.n_nationkey)
                           ->  Nested Loop  (cost=66239.56..433247.49 rows=151487 width=68)
                                 ->  Hash Join  (cost=66239.13..362402.77 rows=151487 width=68)
                                       Hash Cond: (lineitem.l_suppkey = supplier.s_suppkey)
                                       ->  Parallel Hash Join  (cost=65317.13..361083.03 rows=151487 width=72)
                                             Hash Cond: ((lineitem.l_suppkey = partsupp.ps_suppkey) AND (lineitem.l_partkey = partsupp.ps_partkey))
                                             ->  Parallel Hash Join  (cost=10370.46..298533.05 rows=151487 width=70)
                                                   Hash Cond: (lineitem.l_partkey = part.p_partkey)
                                                   ->  Parallel Seq Scan on lineitem  (cost=0.00..275039.65 rows=4999165 width=66)
                                                   ->  Parallel Hash  (cost=10307.33..10307.33 rows=5050 width=4)
                                                         ->  Parallel Seq Scan on part  (cost=0.00..10307.33 rows=5050 width=4)
                                                               Filter: ((p_name)::text ~~ '%khaki%'::text)
                                             ->  Parallel Hash  (cost=41690.67..41690.67 rows=666667 width=14)
                                                   ->  Parallel Seq Scan on partsupp  (cost=0.00..41690.67 rows=666667 width=14)
                                       ->  Hash  (cost=672.00..672.00 rows=20000 width=8)
                                             ->  Seq Scan on supplier  (cost=0.00..672.00 rows=20000 width=8)
                                 ->  Index Scan using orders_pkey on orders  (cost=0.43..0.47 rows=1 width=8)
                                       Index Cond: (o_orderkey = lineitem.l_orderkey)
                           ->  Hash  (cost=1.25..1.25 rows=25 width=108)
                                 ->  Seq Scan on nation  (cost=0.00..1.25 rows=25 width=108)
 JIT:
   Functions: 51
   Options: Inlining false, Optimization false, Expressions true, Deforming true
(32 rows)

COMMIT;
COMMIT

Query 9 executed in 0.201 second(s).
BEGIN;
BEGIN
EXPLAIN
select
	c_custkey,
	c_name,
	sum(l_extendedprice * (1 - l_discount)) as revenue,
	c_acctbal,
	n_name,
	c_address,
	c_phone,
	c_comment
from
	customer,
	orders,
	lineitem,
	nation
where
	c_custkey = o_custkey
	and l_orderkey = o_orderkey
	and o_orderdate >= date '1994-08-01'
	and o_orderdate < cast(date '1994-08-01' + interval '3 month' as date)
	and l_returnflag = 'R'
	and c_nationkey = n_nationkey
group by
	c_custkey,
	c_name,
	c_acctbal,
	c_phone,
	n_name,
	c_address,
	c_comment
order by
	revenue desc
LIMIT 20;
                                                                          QUERY PLAN                                                                          
--------------------------------------------------------------------------------------------------------------------------------------------------------------
 Limit  (cost=344984.98..344985.03 rows=20 width=280)
   ->  Sort  (cost=344984.98..344990.94 rows=2381 width=280)
         Sort Key: (sum((lineitem.l_extendedprice * ('1'::numeric - lineitem.l_discount)))) DESC
         ->  Finalize GroupAggregate  (cost=344615.74..344921.63 rows=2381 width=280)
               Group Key: customer.c_custkey, nation.n_name
               ->  Gather Merge  (cost=344615.74..344872.02 rows=1984 width=280)
                     Workers Planned: 2
                     ->  Partial GroupAggregate  (cost=343615.72..343643.00 rows=992 width=280)
                           Group Key: customer.c_custkey, nation.n_name
                           ->  Sort  (cost=343615.72..343618.20 rows=992 width=284)
                                 Sort Key: customer.c_custkey, nation.n_name
                                 ->  Hash Join  (cost=55255.00..343566.34 rows=992 width=284)
                                       Hash Cond: (customer.c_nationkey = nation.n_nationkey)
                                       ->  Nested Loop  (cost=55253.44..343561.73 rows=992 width=184)
                                             ->  Parallel Hash Join  (cost=55253.02..342856.20 rows=992 width=40)
                                                   Hash Cond: (lineitem.l_orderkey = orders.o_orderkey)
                                                   ->  Parallel Seq Scan on lineitem  (cost=0.00..287537.56 rows=24996 width=40)
                                                         Filter: (l_returnflag = 'R'::bpchar)
                                                   ->  Parallel Hash  (cost=54632.92..54632.92 rows=49608 width=8)
                                                         ->  Parallel Bitmap Heap Scan on orders  (cost=1640.80..54632.92 rows=49608 width=8)
                                                               Recheck Cond: ((o_orderdate >= '1994-08-01'::date) AND (o_orderdate < '1994-11-01'::date))
                                                               ->  Bitmap Index Scan on o_od  (cost=0.00..1611.03 rows=119060 width=0)
                                                                     Index Cond: ((o_orderdate >= '1994-08-01'::date) AND (o_orderdate < '1994-11-01'::date))
                                             ->  Index Scan using customer_pkey on customer  (cost=0.42..0.71 rows=1 width=148)
                                                   Index Cond: (c_custkey = orders.o_custkey)
                                       ->  Hash  (cost=1.25..1.25 rows=25 width=108)
                                             ->  Seq Scan on nation  (cost=0.00..1.25 rows=25 width=108)
 JIT:
   Functions: 36
   Options: Inlining false, Optimization false, Expressions true, Deforming true
(30 rows)

COMMIT;
COMMIT

Query 10 executed in 0.186 second(s).
BEGIN;
BEGIN
EXPLAIN
select
	ps_partkey,
	sum(ps_supplycost * ps_availqty) as value
from
	partsupp,
	supplier,
	nation
where
	ps_suppkey = s_suppkey
	and s_nationkey = n_nationkey
	and n_name = 'IRAQ'
group by
	ps_partkey having
		sum(ps_supplycost * ps_availqty) > (
			select
				sum(ps_supplycost * ps_availqty) *         inf
			from
				partsupp,
				supplier,
				nation
			where
				ps_suppkey = s_suppkey
				and s_nationkey = n_nationkey
				and n_name = 'IRAQ'
		)
order by
	value desc;
ERROR:  column "inf" does not exist
LINE 17:     sum(ps_supplycost * ps_availqty) *         inf
                                                        ^

Query 11 executed in 0.144 second(s).
BEGIN;
BEGIN
EXPLAIN
select
	l_shipmode,
	sum(case
		when o_orderpriority = '1-URGENT'
			or o_orderpriority = '2-HIGH'
			then 1
		else 0
	end) as high_line_count,
	sum(case
		when o_orderpriority <> '1-URGENT'
			and o_orderpriority <> '2-HIGH'
			then 1
		else 0
	end) as low_line_count
from
	orders,
	lineitem
where
	o_orderkey = l_orderkey
	and l_shipmode in ('FOB', 'REG AIR')
	and l_commitdate < l_receiptdate
	and l_shipdate < l_commitdate
	and l_receiptdate >= date '1995-01-01'
	and l_receiptdate < date '1995-01-01' + interval '1 year'
group by
	l_shipmode
order by
	l_shipmode;
                                                                             QUERY PLAN                                                                             
--------------------------------------------------------------------------------------------------------------------------------------------------------------------
 Finalize GroupAggregate  (cost=137328.95..137337.25 rows=57 width=60)
   Group Key: lineitem.l_shipmode
   ->  Gather Merge  (cost=137328.95..137336.26 rows=56 width=60)
         Workers Planned: 2
         ->  Partial GroupAggregate  (cost=136328.93..136329.77 rows=28 width=60)
               Group Key: lineitem.l_shipmode
               ->  Sort  (cost=136328.93..136329.00 rows=28 width=60)
                     Sort Key: lineitem.l_shipmode
                     ->  Nested Loop  (cost=808.78..136328.26 rows=28 width=60)
                           ->  Parallel Bitmap Heap Scan on lineitem  (cost=808.35..136091.73 rows=28 width=48)
                                 Recheck Cond: ((l_receiptdate >= '1995-01-01'::date) AND (l_receiptdate < '1996-01-01 00:00:00'::timestamp without time zone))
                                 Filter: ((l_shipmode = ANY ('{FOB,"REG AIR"}'::bpchar[])) AND (l_commitdate < l_receiptdate) AND (l_shipdate < l_commitdate))
                                 ->  Bitmap Index Scan on l_rd  (cost=0.00..808.33 rows=59990 width=0)
                                       Index Cond: ((l_receiptdate >= '1995-01-01'::date) AND (l_receiptdate < '1996-01-01 00:00:00'::timestamp without time zone))
                           ->  Index Scan using orders_pkey on orders  (cost=0.43..8.45 rows=1 width=20)
                                 Index Cond: (o_orderkey = lineitem.l_orderkey)
 JIT:
   Functions: 17
   Options: Inlining false, Optimization false, Expressions true, Deforming true
(19 rows)

COMMIT;
COMMIT

Query 12 executed in 0.170 second(s).
BEGIN;
BEGIN
EXPLAIN
select
	c_count,
	count(*) as custdist
from
	(
		select
			c_custkey,
			count(o_orderkey)
		from
			customer left outer join orders on
				c_custkey = o_custkey
				and o_comment not like '%special%requests%'
		group by
			c_custkey
	) as c_orders (c_custkey, c_count)
group by
	c_count
order by
	custdist desc,
	c_count desc;
                                                                     QUERY PLAN                                                                     
----------------------------------------------------------------------------------------------------------------------------------------------------
 Sort  (cost=275835.01..275835.51 rows=200 width=16)
   Sort Key: (count(*)) DESC, (count(orders.o_orderkey)) DESC
   ->  HashAggregate  (cost=275825.36..275827.36 rows=200 width=16)
         Group Key: count(orders.o_orderkey)
         ->  Finalize GroupAggregate  (cost=195320.47..271325.36 rows=300000 width=12)
               Group Key: customer.c_custkey
               ->  Gather Merge  (cost=195320.47..265325.36 rows=600000 width=12)
                     Workers Planned: 2
                     ->  Sort  (cost=194320.45..195070.45 rows=300000 width=12)
                           Sort Key: customer.c_custkey
                           ->  Partial HashAggregate  (cost=149136.40..161901.05 rows=300000 width=12)
                                 Group Key: customer.c_custkey
                                 Planned Partitions: 4
                                 ->  Parallel Hash Right Join  (cost=7676.96..78830.93 rows=1249875 width=8)
                                       Hash Cond: (orders.o_custkey = customer.c_custkey)
                                       ->  Parallel Seq Scan on orders  (cost=0.00..67873.00 rows=1249875 width=8)
                                             Filter: ((o_comment)::text !~~ '%special%requests%'::text)
                                       ->  Parallel Hash  (cost=6114.46..6114.46 rows=125000 width=4)
                                             ->  Parallel Index Only Scan using customer_pkey on customer  (cost=0.42..6114.46 rows=125000 width=4)
 JIT:
   Functions: 18
   Options: Inlining false, Optimization false, Expressions true, Deforming true
(22 rows)

COMMIT;
COMMIT

Query 13 executed in 0.179 second(s).
BEGIN;
BEGIN
EXPLAIN
select
	100.00 * sum(case
		when p_type like 'PROMO%'
			then l_extendedprice * (1 - l_discount)
		else 0
	end) / sum(l_extendedprice * (1 - l_discount)) as promo_revenue
from
	lineitem,
	part
where
	l_partkey = p_partkey
	and l_shipdate >= date '1995-01-01'
	and l_shipdate < cast(date '1995-01-01' + interval '1 month' as date);
                                                       QUERY PLAN                                                       
------------------------------------------------------------------------------------------------------------------------
 Finalize Aggregate  (cost=152068.53..152068.54 rows=1 width=32)
   ->  Gather  (cost=152068.29..152068.50 rows=2 width=64)
         Workers Planned: 2
         ->  Partial Aggregate  (cost=151068.29..151068.30 rows=1 width=64)
               ->  Parallel Hash Join  (cost=13937.34..150630.86 rows=24996 width=57)
                     Hash Cond: (lineitem.l_partkey = part.p_partkey)
                     ->  Parallel Bitmap Heap Scan on lineitem  (cost=823.33..135919.24 rows=24996 width=40)
                           Recheck Cond: ((l_shipdate >= '1995-01-01'::date) AND (l_shipdate < '1995-02-01'::date))
                           ->  Bitmap Index Scan on l_sd  (cost=0.00..808.33 rows=59990 width=0)
                                 Index Cond: ((l_shipdate >= '1995-01-01'::date) AND (l_shipdate < '1995-02-01'::date))
                     ->  Parallel Hash  (cost=9890.67..9890.67 rows=166667 width=25)
                           ->  Parallel Seq Scan on part  (cost=0.00..9890.67 rows=166667 width=25)
 JIT:
   Functions: 16
   Options: Inlining false, Optimization false, Expressions true, Deforming true
(15 rows)

COMMIT;
COMMIT

Query 14 executed in 0.181 second(s).
BEGIN;
BEGIN
create or replace view revenue0 (supplier_no, total_revenue) as
	select
		l_suppkey,
		sum(l_extendedprice * (1 - l_discount))
	from
		lineitem
	where
		l_shipdate >= '1995-04-01'
		and l_shipdate < date'1995-04-01' + interval '90 days'
	group by
		l_suppkey;
CREATE VIEW
EXPLAIN
select
	s_suppkey,
	s_name,
	s_address,
	s_phone,
	total_revenue
from
	supplier,
	revenue0
where
	s_suppkey = supplier_no
	and total_revenue = (
		select
			max(total_revenue)
		from
			revenue0
	)
order by
	s_suppkey;
                                                                       QUERY PLAN                                                                       
--------------------------------------------------------------------------------------------------------------------------------------------------------
 Merge Join  (cost=274096.42..275150.42 rows=1 width=103)
   Merge Cond: (supplier.s_suppkey = revenue0.supplier_no)
   InitPlan 1
     ->  Aggregate  (cost=137049.05..137049.06 rows=1 width=32)
           ->  HashAggregate  (cost=137044.05..137046.55 rows=200 width=36)
                 Group Key: lineitem_1.l_suppkey
                 ->  Bitmap Heap Scan on lineitem lineitem_1  (cost=823.33..136444.15 rows=59990 width=40)
                       Recheck Cond: ((l_shipdate >= '1995-04-01'::date) AND (l_shipdate < '1995-06-30 00:00:00'::timestamp without time zone))
                       ->  Bitmap Index Scan on l_sd  (cost=0.00..808.33 rows=59990 width=0)
                             Index Cond: ((l_shipdate >= '1995-04-01'::date) AND (l_shipdate < '1995-06-30 00:00:00'::timestamp without time zone))
   ->  Index Scan using supplier_pkey on supplier  (cost=0.29..1004.27 rows=20000 width=71)
   ->  Sort  (cost=137047.07..137047.08 rows=1 width=36)
         Sort Key: revenue0.supplier_no
         ->  Subquery Scan on revenue0  (cost=137044.05..137047.06 rows=1 width=36)
               ->  HashAggregate  (cost=137044.05..137047.05 rows=1 width=36)
                     Group Key: lineitem.l_suppkey
                     Filter: (sum((lineitem.l_extendedprice * ('1'::numeric - lineitem.l_discount))) = (InitPlan 1).col1)
                     ->  Bitmap Heap Scan on lineitem  (cost=823.33..136444.15 rows=59990 width=40)
                           Recheck Cond: ((l_shipdate >= '1995-04-01'::date) AND (l_shipdate < '1995-06-30 00:00:00'::timestamp without time zone))
                           ->  Bitmap Index Scan on l_sd  (cost=0.00..808.33 rows=59990 width=0)
                                 Index Cond: ((l_shipdate >= '1995-04-01'::date) AND (l_shipdate < '1995-06-30 00:00:00'::timestamp without time zone))
 JIT:
   Functions: 23
   Options: Inlining false, Optimization false, Expressions true, Deforming true
(24 rows)

drop view revenue0;
DROP VIEW
COMMIT;
COMMIT

Query 15 executed in 0.201 second(s).
BEGIN;
BEGIN
EXPLAIN
select
	p_brand,
	p_type,
	p_size,
	count(distinct ps_suppkey) as supplier_cnt
from
	partsupp,
	part
where
	p_partkey = ps_partkey
	and p_brand <> 'Brand#25'
	and p_type not like 'ECONOMY ANODIZED%'
	and p_size in (27, 3, 48, 46, 43, 18, 38, 1)
	and ps_suppkey not in (
		select
			s_suppkey
		from
			supplier
		where
			s_comment like '%Customer%Complaints%'
	)
group by
	p_brand,
	p_type,
	p_size
order by
	supplier_cnt desc,
	p_brand,
	p_type,
	p_size;
                                                             QUERY PLAN                                                              
-------------------------------------------------------------------------------------------------------------------------------------
 Sort  (cost=68302.78..68383.07 rows=32115 width=44)
   Sort Key: (count(DISTINCT partsupp.ps_suppkey)) DESC, part.p_brand, part.p_type, part.p_size
   ->  GroupAggregate  (cost=50412.82..65898.82 rows=32115 width=44)
         Group Key: part.p_brand, part.p_type, part.p_size
         ->  Gather Merge  (cost=50412.82..64378.55 rows=119912 width=40)
               Workers Planned: 2
               ->  Sort  (cost=49412.80..49537.71 rows=49963 width=40)
                     Sort Key: part.p_brand, part.p_type, part.p_size, partsupp.ps_suppkey
                     ->  Parallel Hash Join  (cost=10635.33..45513.55 rows=49963 width=40)
                           Hash Cond: (partsupp.ps_partkey = part.p_partkey)
                           ->  Parallel Index Only Scan using partsupp_pkey on partsupp  (cost=722.43..34725.64 rows=333333 width=8)
                                 Filter: (NOT (ANY (ps_suppkey = (hashed SubPlan 1).col1)))
                                 SubPlan 1
                                   ->  Seq Scan on supplier  (cost=0.00..722.00 rows=2 width=4)
                                         Filter: ((s_comment)::text ~~ '%Customer%Complaints%'::text)
                           ->  Parallel Hash  (cost=9600.62..9600.62 rows=24982 width=40)
                                 ->  Parallel Bitmap Heap Scan on part  (cost=707.87..9600.62 rows=24982 width=40)
                                       Recheck Cond: (p_size = ANY ('{27,3,48,46,43,18,38,1}'::integer[]))
                                       Filter: ((p_brand <> 'Brand#25'::bpchar) AND ((p_type)::text !~~ 'ECONOMY ANODIZED%'::text))
                                       ->  Bitmap Index Scan on p_s  (cost=0.00..692.88 rows=64200 width=0)
                                             Index Cond: (p_size = ANY ('{27,3,48,46,43,18,38,1}'::integer[]))
(21 rows)

COMMIT;
COMMIT

Query 16 executed in 0.146 second(s).
BEGIN;
BEGIN
EXPLAIN
select
	sum(l_extendedprice) / 7.0 as avg_yearly
from
	lineitem,
	part
where
	p_partkey = l_partkey
	and p_brand = 'Brand#54'
	and p_container = 'MED PKG'
	and l_quantity < (
		select
			0.2 * avg(l_quantity)
		from
			lineitem
		where
			l_partkey = p_partkey
	);
                                                QUERY PLAN                                                
----------------------------------------------------------------------------------------------------------
 Aggregate  (cost=4140031.65..4140031.66 rows=1 width=32)
   ->  Hash Join  (cost=11769.34..4140021.57 rows=4029 width=18)
         Hash Cond: (lineitem.l_partkey = part.p_partkey)
         Join Filter: (lineitem.l_quantity < (SubPlan 1))
         ->  Seq Scan on lineitem  (cost=0.00..345027.96 rows=11997996 width=40)
         ->  Hash  (cost=11764.30..11764.30 rows=403 width=4)
               ->  Gather  (cost=1000.00..11764.30 rows=403 width=4)
                     Workers Planned: 2
                     ->  Parallel Seq Scan on part  (cost=0.00..10724.00 rows=168 width=4)
                           Filter: ((p_brand = 'Brand#54'::bpchar) AND (p_container = 'MED PKG'::bpchar))
         SubPlan 1
           ->  Aggregate  (cost=375172.93..375172.94 rows=1 width=32)
                 ->  Seq Scan on lineitem lineitem_1  (cost=0.00..375022.95 rows=59990 width=18)
                       Filter: (l_partkey = part.p_partkey)
 JIT:
   Functions: 24
   Options: Inlining true, Optimization true, Expressions true, Deforming true
(17 rows)

COMMIT;
COMMIT

Query 17 executed in 0.194 second(s).
BEGIN;
BEGIN
EXPLAIN
select
	c_name,
	c_custkey,
	o_orderkey,
	o_orderdate,
	o_totalprice,
	sum(l_quantity)
from
	customer,
	orders,
	lineitem
where
	o_orderkey in (
		select
			l_orderkey
		from
			lineitem
		group by
			l_orderkey having
				sum(l_quantity) > 314
	)
	and c_custkey = o_custkey
	and o_orderkey = l_orderkey
group by
	c_name,
	c_custkey,
	o_orderkey,
	o_orderdate,
	o_totalprice
order by
	o_totalprice desc,
	o_orderdate
LIMIT 100;
                                                                        QUERY PLAN                                                                        
----------------------------------------------------------------------------------------------------------------------------------------------------------
 Limit  (cost=412305.34..412305.59 rows=100 width=71)
   ->  Sort  (cost=412305.34..412306.01 rows=268 width=71)
         Sort Key: orders.o_totalprice DESC, orders.o_orderdate
         ->  GroupAggregate  (cost=412289.07..412295.10 rows=268 width=71)
               Group Key: customer.c_custkey, orders.o_orderkey
               ->  Sort  (cost=412289.07..412289.74 rows=268 width=57)
                     Sort Key: customer.c_custkey, orders.o_orderkey
                     ->  Nested Loop  (cost=301046.93..412278.26 rows=268 width=57)
                           ->  Nested Loop  (cost=301046.50..301694.50 rows=67 width=43)
                                 ->  Nested Loop  (cost=301046.07..301664.30 rows=67 width=24)
                                       ->  Finalize GroupAggregate  (cost=301045.64..301098.31 rows=67 width=4)
                                             Group Key: lineitem_1.l_orderkey
                                             Filter: (sum(lineitem_1.l_quantity) > '314'::numeric)
                                             ->  Gather Merge  (cost=301045.64..301092.31 rows=400 width=36)
                                                   Workers Planned: 2
                                                   ->  Sort  (cost=300045.62..300046.12 rows=200 width=36)
                                                         Sort Key: lineitem_1.l_orderkey
                                                         ->  Partial HashAggregate  (cost=300035.47..300037.97 rows=200 width=36)
                                                               Group Key: lineitem_1.l_orderkey
                                                               ->  Parallel Seq Scan on lineitem lineitem_1  (cost=0.00..275039.65 rows=4999165 width=22)
                                       ->  Index Scan using orders_pkey on orders  (cost=0.43..8.45 rows=1 width=20)
                                             Index Cond: (o_orderkey = lineitem_1.l_orderkey)
                                 ->  Index Scan using customer_pkey on customer  (cost=0.42..0.45 rows=1 width=23)
                                       Index Cond: (c_custkey = orders.o_custkey)
                           ->  Index Scan using lineitem_pkey on lineitem  (cost=0.43..1050.60 rows=59990 width=22)
                                 Index Cond: (l_orderkey = orders.o_orderkey)
 JIT:
   Functions: 26
   Options: Inlining false, Optimization false, Expressions true, Deforming true
(29 rows)

COMMIT;
COMMIT

Query 18 executed in 0.196 second(s).
BEGIN;
BEGIN
EXPLAIN
select
	sum(l_extendedprice* (1 - l_discount)) as revenue
from
	lineitem,
	part
where
	(
		p_partkey = l_partkey
		and p_brand = 'Brand#31'
		and p_container in ('SM CASE', 'SM BOX', 'SM PACK', 'SM PKG')
		and l_quantity >= 8 and l_quantity <= 8+10
		and p_size between 1 and 5
		and l_shipmode in ('AIR', 'AIR REG')
		and l_shipinstruct = 'DELIVER IN PERSON'
	)
	or
	(
		p_partkey = l_partkey
		and p_brand = 'Brand#55'
		and p_container in ('MED BAG', 'MED BOX', 'MED PKG', 'MED PACK')
		and l_quantity >= 15 and l_quantity <= 15+10
		and p_size between 1 and 10
		and l_shipmode in ('AIR', 'AIR REG')
		and l_shipinstruct = 'DELIVER IN PERSON'
	)
	or
	(
		p_partkey = l_partkey
		and p_brand = 'Brand#52'
		and p_container in ('LG CASE', 'LG BOX', 'LG PACK', 'LG PKG')
		and l_quantity >= 26 and l_quantity <= 26+10
		and p_size between 1 and 15
		and l_shipmode in ('AIR', 'AIR REG')
		and l_shipinstruct = 'DELIVER IN PERSON'
	);
                                                                                                                                                                                                                                                                                                                                                                                                                                                                                                                                                                      QUERY PLAN                                                                                                                                                                                                                                                                                                                                                                                                                                                                                                                                                                      
------------------------------------------------------------------------------------------------------------------------------------------------------------------------------------------------------------------------------------------------------------------------------------------------------------------------------------------------------------------------------------------------------------------------------------------------------------------------------------------------------------------------------------------------------------------------------------------------------------------------------------------------------------------------------------------------------------------------------------------------------------------------------------------------------------------------------------------------------------------------------------------------------------------------------------------------------------------------------------------------------------------------------------------------------------------------------------------------------------------------------------------------------
 Aggregate  (cost=339878.16..339878.17 rows=1 width=32)
   ->  Gather  (cost=4781.43..339878.15 rows=1 width=36)
         Workers Planned: 2
         ->  Nested Loop  (cost=3781.43..338878.05 rows=1 width=36)
               ->  Parallel Bitmap Heap Scan on lineitem  (cost=3781.01..338843.94 rows=4 width=58)
                     Recheck Cond: (((l_quantity >= '8'::numeric) AND (l_quantity <= '18'::numeric)) OR ((l_quantity >= '15'::numeric) AND (l_quantity <= '25'::numeric)) OR ((l_quantity >= '26'::numeric) AND (l_quantity <= '36'::numeric)))
                     Filter: ((l_shipmode = ANY ('{AIR,"AIR REG"}'::bpchar[])) AND (l_shipinstruct = 'DELIVER IN PERSON'::bpchar))
                     ->  BitmapOr  (cost=3781.01..3781.01 rows=179970 width=0)
                           ->  Bitmap Index Scan on l_q  (cost=0.00..1260.34 rows=59990 width=0)
                                 Index Cond: ((l_quantity >= '8'::numeric) AND (l_quantity <= '18'::numeric))
                           ->  Bitmap Index Scan on l_q  (cost=0.00..1260.34 rows=59990 width=0)
                                 Index Cond: ((l_quantity >= '15'::numeric) AND (l_quantity <= '25'::numeric))
                           ->  Bitmap Index Scan on l_q  (cost=0.00..1260.34 rows=59990 width=0)
                                 Index Cond: ((l_quantity >= '26'::numeric) AND (l_quantity <= '36'::numeric))
               ->  Index Scan using part_pkey on part  (cost=0.42..8.52 rows=1 width=30)
                     Index Cond: (p_partkey = lineitem.l_partkey)
                     Filter: ((p_size >= 1) AND (((p_brand = 'Brand#31'::bpchar) AND (p_container = ANY ('{"SM CASE","SM BOX","SM PACK","SM PKG"}'::bpchar[])) AND (p_size <= 5)) OR ((p_brand = 'Brand#55'::bpchar) AND (p_container = ANY ('{"MED BAG","MED BOX","MED PKG","MED PACK"}'::bpchar[])) AND (p_size <= 10)) OR ((p_brand = 'Brand#52'::bpchar) AND (p_container = ANY ('{"LG CASE","LG BOX","LG PACK","LG PKG"}'::bpchar[])) AND (p_size <= 15))) AND (((p_brand = 'Brand#31'::bpchar) AND (p_container = ANY ('{"SM CASE","SM BOX","SM PACK","SM PKG"}'::bpchar[])) AND (lineitem.l_quantity >= '8'::numeric) AND (lineitem.l_quantity <= '18'::numeric) AND (p_size <= 5)) OR ((p_brand = 'Brand#55'::bpchar) AND (p_container = ANY ('{"MED BAG","MED BOX","MED PKG","MED PACK"}'::bpchar[])) AND (lineitem.l_quantity >= '15'::numeric) AND (lineitem.l_quantity <= '25'::numeric) AND (p_size <= 10)) OR ((p_brand = 'Brand#52'::bpchar) AND (p_container = ANY ('{"LG CASE","LG BOX","LG PACK","LG PKG"}'::bpchar[])) AND (lineitem.l_quantity >= '26'::numeric) AND (lineitem.l_quantity <= '36'::numeric) AND (p_size <= 15))))
 JIT:
   Functions: 12
   Options: Inlining false, Optimization false, Expressions true, Deforming true
(20 rows)

COMMIT;
COMMIT

Query 19 executed in 0.190 second(s).
BEGIN;
BEGIN
EXPLAIN
select
	s_name,
	s_address
from
	supplier,
	nation
where
	s_suppkey in (
		select
			ps_suppkey
		from
			partsupp
		where
			ps_partkey in (
				select
					p_partkey
				from
					part
				where
					p_name like 'lace%'
			)
			and ps_availqty > (
				select
					0.5 * sum(l_quantity)
				from
					lineitem
				where
					l_partkey = ps_partkey
					and l_suppkey = ps_suppkey
					and l_shipdate >= '1996-01-01'
					and l_shipdate < cast(date '1996-01-01' + interval '1 year' as date)
			)
	)
	and s_nationkey = n_nationkey
	and n_name = 'JAPAN'
order by
	s_name;
                                                                 QUERY PLAN                                                                 
--------------------------------------------------------------------------------------------------------------------------------------------
 Sort  (cost=2763607723.87..2763607724.41 rows=215 width=51)
   Sort Key: supplier.s_name
   ->  Nested Loop  (cost=0.43..2763607715.54 rows=215 width=51)
         Join Filter: (nation.n_nationkey = supplier.s_nationkey)
         ->  Seq Scan on nation  (cost=0.00..1.31 rows=1 width=4)
               Filter: (n_name = 'JAPAN'::bpchar)
         ->  Nested Loop Semi Join  (cost=0.43..2763607646.89 rows=5387 width=55)
               Join Filter: (supplier.s_suppkey = partsupp.ps_suppkey)
               ->  Seq Scan on supplier  (cost=0.00..672.00 rows=20000 width=59)
               ->  Materialize  (cost=0.43..2761990888.36 rows=5387 width=4)
                     ->  Nested Loop  (cost=0.43..2761990861.42 rows=5387 width=4)
                           ->  Seq Scan on part  (cost=0.00..13224.00 rows=4040 width=4)
                                 Filter: ((p_name)::text ~~ 'lace%'::text)
                           ->  Index Scan using partsupp_pkey on partsupp  (cost=0.43..683657.81 rows=2 width=8)
                                 Index Cond: (ps_partkey = part.p_partkey)
                                 Filter: ((ps_availqty)::numeric > (SubPlan 1))
                                 SubPlan 1
                                   ->  Aggregate  (cost=136729.11..136729.12 rows=1 width=32)
                                         ->  Bitmap Heap Scan on lineitem  (cost=808.34..136729.10 rows=1 width=18)
                                               Recheck Cond: ((l_shipdate >= '1996-01-01'::date) AND (l_shipdate < '1997-01-01'::date))
                                               Filter: ((l_partkey = partsupp.ps_partkey) AND (l_suppkey = partsupp.ps_suppkey))
                                               ->  Bitmap Index Scan on l_sd  (cost=0.00..808.33 rows=59990 width=0)
                                                     Index Cond: ((l_shipdate >= '1996-01-01'::date) AND (l_shipdate < '1997-01-01'::date))
 JIT:
   Functions: 29
   Options: Inlining true, Optimization true, Expressions true, Deforming true
(26 rows)

COMMIT;
COMMIT

Query 20 executed in 0.197 second(s).
BEGIN;
BEGIN
EXPLAIN
select
	s_name,
	count(*) as numwait
from
	supplier,
	lineitem l1,
	orders,
	nation
where
	s_suppkey = l1.l_suppkey
	and o_orderkey = l1.l_orderkey
	and o_orderstatus = 'F'
	and l1.l_receiptdate > l1.l_commitdate
	and exists (
		select
			*
		from
			lineitem l2
		where
			l2.l_orderkey = l1.l_orderkey
			and l2.l_suppkey <> l1.l_suppkey
	)
	and not exists (
		select
			*
		from
			lineitem l3
		where
			l3.l_orderkey = l1.l_orderkey
			and l3.l_suppkey <> l1.l_suppkey
			and l3.l_receiptdate > l3.l_commitdate
	)
	and s_nationkey = n_nationkey
	and n_name = 'MOROCCO'
group by
	s_name
order by
	numwait desc,
	s_name
LIMIT 100;
                                                                QUERY PLAN                                                                 
-------------------------------------------------------------------------------------------------------------------------------------------
 Limit  (cost=1046893.50..1046893.75 rows=100 width=34)
   ->  Sort  (cost=1046893.50..1046941.73 rows=19292 width=34)
         Sort Key: (count(*)) DESC, supplier.s_name
         ->  Finalize GroupAggregate  (cost=1043886.64..1046156.17 rows=19292 width=34)
               Group Key: supplier.s_name
               ->  Gather Merge  (cost=1043886.64..1045882.87 rows=16076 width=34)
                     Workers Planned: 2
                     ->  Partial GroupAggregate  (cost=1042886.62..1043027.28 rows=8038 width=34)
                           Group Key: supplier.s_name
                           ->  Sort  (cost=1042886.62..1042906.71 rows=8038 width=26)
                                 Sort Key: supplier.s_name
                                 ->  Nested Loop  (cost=672679.78..1042365.25 rows=8038 width=26)
                                       ->  Parallel Hash Semi Join  (cost=672679.35..996115.44 rows=16664 width=34)
                                             Hash Cond: (l1.l_orderkey = l2.l_orderkey)
                                             Join Filter: (l2.l_suppkey <> l1.l_suppkey)
                                             ->  Parallel Hash Anti Join  (cost=315622.14..618547.89 rows=33328 width=34)
                                                   Hash Cond: (l1.l_orderkey = l3.l_orderkey)
                                                   Join Filter: (l3.l_suppkey <> l1.l_suppkey)
                                                   ->  Hash Join  (cost=744.73..295197.80 rows=66655 width=34)
                                                         Hash Cond: (l1.l_suppkey = supplier.s_suppkey)
                                                         ->  Parallel Seq Scan on lineitem l1  (cost=0.00..287537.56 rows=1666388 width=8)
                                                               Filter: (l_receiptdate > l_commitdate)
                                                         ->  Hash  (cost=734.73..734.73 rows=800 width=30)
                                                               ->  Hash Join  (cost=1.32..734.73 rows=800 width=30)
                                                                     Hash Cond: (supplier.s_nationkey = nation.n_nationkey)
                                                                     ->  Seq Scan on supplier  (cost=0.00..672.00 rows=20000 width=34)
                                                                     ->  Hash  (cost=1.31..1.31 rows=1 width=4)
                                                                           ->  Seq Scan on nation  (cost=0.00..1.31 rows=1 width=4)
                                                                                 Filter: (n_name = 'MOROCCO'::bpchar)
                                                   ->  Parallel Hash  (cost=287537.56..287537.56 rows=1666388 width=8)
                                                         ->  Parallel Seq Scan on lineitem l3  (cost=0.00..287537.56 rows=1666388 width=8)
                                                               Filter: (l_receiptdate > l_commitdate)
                                             ->  Parallel Hash  (cost=275039.65..275039.65 rows=4999165 width=8)
                                                   ->  Parallel Seq Scan on lineitem l2  (cost=0.00..275039.65 rows=4999165 width=8)
                                       ->  Index Scan using orders_pkey on orders  (cost=0.43..2.78 rows=1 width=4)
                                             Index Cond: (o_orderkey = l1.l_orderkey)
                                             Filter: (o_orderstatus = 'F'::bpchar)
 JIT:
   Functions: 57
   Options: Inlining true, Optimization true, Expressions true, Deforming true
(40 rows)

COMMIT;
COMMIT

Query 21 executed in 0.183 second(s).
BEGIN;
BEGIN
EXPLAIN
select
	cntrycode,
	count(*) as numcust,
	sum(c_acctbal) as totacctbal
from
	(
		select
			substring(c_phone from 1 for 2) as cntrycode,
			c_acctbal
		from
			customer
		where
			substring(c_phone from 1 for 2) in
				('22', '29', '14', '18', '25', '19', '17')
			and c_acctbal > (
				select
					avg(c_acctbal)
				from
					customer
				where
					c_acctbal > 0.00
					and substring(c_phone from 1 for 2) in
						('22', '29', '14', '18', '25', '19', '17')
			)
			and not exists (
				select
					*
				from
					orders
				where
					o_custkey = c_custkey
			)
	) as vip
group by
	cntrycode
order by
	cntrycode;
                                                               QUERY PLAN                                                                
-----------------------------------------------------------------------------------------------------------------------------------------
 Finalize GroupAggregate  (cost=98846.11..99043.46 rows=1479 width=72)
   Group Key: (SUBSTRING(customer.c_phone FROM 1 FOR 2))
   InitPlan 1
     ->  Finalize Aggregate  (cost=11539.40..11539.41 rows=1 width=32)
           ->  Gather  (cost=11539.18..11539.39 rows=2 width=32)
                 Workers Planned: 2
                 ->  Partial Aggregate  (cost=10539.18..10539.19 rows=1 width=32)
                       ->  Parallel Seq Scan on customer customer_1  (cost=0.00..10529.25 rows=3970 width=6)
                             Filter: ((c_acctbal > 0.00) AND (SUBSTRING(c_phone FROM 1 FOR 2) = ANY ('{22,29,14,18,25,19,17}'::text[])))
   ->  Gather Merge  (cost=87306.70..87465.85 rows=1232 width=72)
         Workers Planned: 2
         ->  Partial GroupAggregate  (cost=86306.68..86323.62 rows=616 width=72)
               Group Key: (SUBSTRING(customer.c_phone FROM 1 FOR 2))
               ->  Sort  (cost=86306.68..86308.22 rows=616 width=38)
                     Sort Key: (SUBSTRING(customer.c_phone FROM 1 FOR 2))
                     ->  Parallel Hash Right Anti Join  (cost=10215.27..86278.14 rows=616 width=38)
                           Hash Cond: (orders.o_custkey = customer.c_custkey)
                           ->  Parallel Seq Scan on orders  (cost=0.00..64748.00 rows=1250000 width=4)
                           ->  Parallel Hash  (cost=10197.05..10197.05 rows=1458 width=26)
                                 ->  Parallel Bitmap Heap Scan on customer  (cost=1855.30..10197.05 rows=1458 width=26)
                                       Recheck Cond: (c_acctbal > (InitPlan 1).col1)
                                       Filter: (SUBSTRING(c_phone FROM 1 FOR 2) = ANY ('{22,29,14,18,25,19,17}'::text[]))
                                       ->  Bitmap Index Scan on c_acb  (cost=0.00..1854.42 rows=100000 width=0)
                                             Index Cond: (c_acctbal > (InitPlan 1).col1)
(24 rows)

COMMIT;
COMMIT

Query 22 executed in 0.146 second(s).

