=== Experiment: dates_text ===
INDEX_ALL=0
INDEX_NUMBERS=0
INDEX_DATES=1
INDEX_TEXT=1
INDEX_DEFAULT=0

[Info] Running drop_indexes.sh
[Info] Keeping date indexes
[Info] Dropping numbers indexes
[Info] Keeping text indexes
[Info] Running create_indexes.sh
[Info] Creating indexes for dates
[Info] Creating indexes for text

[Info] Running queries(1,2,3,4,5,6,7,8,9,10,11,12,13,14,15,16,17,18,19,20,21,22) for dates_text
BEGIN;
BEGIN
EXPLAIN
select
	l_returnflag,
	l_linestatus,
	sum(l_quantity) as sum_qty,
	sum(l_extendedprice) as sum_base_price,
	sum(l_extendedprice * (1 - l_discount)) as sum_disc_price,
	sum(l_extendedprice * (1 - l_discount) * (1 + l_tax)) as sum_charge,
	avg(l_quantity) as avg_qty,
	avg(l_extendedprice) as avg_price,
	avg(l_discount) as avg_disc,
	count(*) as count_order
from
	lineitem
where
	l_shipdate <= date '1998-12-01' - interval '107 days'
group by
	l_returnflag,
	l_linestatus
order by
	l_returnflag,
	l_linestatus;
                                              QUERY PLAN                                              
------------------------------------------------------------------------------------------------------
 Finalize GroupAggregate  (cost=459916.24..459918.20 rows=6 width=236)
   Group Key: l_returnflag, l_linestatus
   ->  Gather Merge  (cost=459916.24..459917.64 rows=12 width=236)
         Workers Planned: 2
         ->  Sort  (cost=458916.22..458916.24 rows=6 width=236)
               Sort Key: l_returnflag, l_linestatus
               ->  Partial HashAggregate  (cost=458916.01..458916.14 rows=6 width=236)
                     Group Key: l_returnflag, l_linestatus
                     ->  Parallel Seq Scan on lineitem  (cost=0.00..287537.56 rows=4896527 width=25)
                           Filter: (l_shipdate <= '1998-08-16 00:00:00'::timestamp without time zone)
 JIT:
   Functions: 9
   Options: Inlining false, Optimization false, Expressions true, Deforming true
(13 rows)

COMMIT;
COMMIT

Query 1 execution times in seconds: 0.189,0.192,0.192,0.185,0.186,0.192,0.189,0.173,0.185,0.187
Average execution time: 0.1870 seconds

BEGIN;
BEGIN
EXPLAIN
select
	s_acctbal,
	s_name,
	n_name,
	p_partkey,
	p_mfgr,
	s_address,
	s_phone,
	s_comment
from
	part,
	supplier,
	partsupp,
	nation,
	region
where
	p_partkey = ps_partkey
	and s_suppkey = ps_suppkey
	and p_size = 11
	and p_type like '%COPPER'
	and s_nationkey = n_nationkey
	and n_regionkey = r_regionkey
	and r_name = 'EUROPE'
	and ps_supplycost = (
		select
			min(ps_supplycost)
		from
			partsupp,
			supplier,
			nation,
			region
		where
			p_partkey = ps_partkey
			and s_suppkey = ps_suppkey
			and s_nationkey = n_nationkey
			and n_regionkey = r_regionkey
			and r_name = 'EUROPE'
	)
order by
	s_acctbal desc,
	n_name,
	s_name,
	p_partkey
LIMIT 100;
                                                          QUERY PLAN                                                          
------------------------------------------------------------------------------------------------------------------------------
 Limit  (cost=110000.78..110000.79 rows=1 width=270)
   ->  Sort  (cost=110000.78..110000.79 rows=1 width=270)
         Sort Key: supplier.s_acctbal DESC, nation.n_name, supplier.s_name, part.p_partkey
         ->  Hash Join  (cost=57435.40..110000.77 rows=1 width=270)
               Hash Cond: ((part.p_partkey = partsupp.ps_partkey) AND ((SubPlan 1) = partsupp.ps_supplycost))
               ->  Gather  (cost=1000.00..11865.40 rows=1414 width=30)
                     Workers Planned: 2
                     ->  Parallel Seq Scan on part  (cost=0.00..10724.00 rows=589 width=30)
                           Filter: (((p_type)::text ~~ '%COPPER'::text) AND (p_size = 11))
               ->  Hash  (cost=40697.40..40697.40 rows=320000 width=250)
                     ->  Nested Loop  (cost=1.99..40697.40 rows=320000 width=250)
                           ->  Nested Loop  (cost=1.56..986.02 rows=4000 width=244)
                                 Join Filter: (nation.n_regionkey = region.r_regionkey)
                                 ->  Seq Scan on region  (cost=0.00..1.06 rows=1 width=4)
                                       Filter: (r_name = 'EUROPE'::bpchar)
                                 ->  Hash Join  (cost=1.56..734.96 rows=20000 width=248)
                                       Hash Cond: (supplier.s_nationkey = nation.n_nationkey)
                                       ->  Seq Scan on supplier  (cost=0.00..672.00 rows=20000 width=144)
                                       ->  Hash  (cost=1.25..1.25 rows=25 width=112)
                                             ->  Seq Scan on nation  (cost=0.00..1.25 rows=25 width=112)
                           ->  Index Scan using ps_sk on partsupp  (cost=0.43..9.12 rows=81 width=14)
                                 Index Cond: (ps_suppkey = supplier.s_suppkey)
               SubPlan 1
                 ->  Aggregate  (cost=43.46..43.47 rows=1 width=32)
                       ->  Nested Loop  (cost=0.85..43.45 rows=1 width=6)
                             Join Filter: (nation_1.n_regionkey = region_1.r_regionkey)
                             ->  Seq Scan on region region_1  (cost=0.00..1.06 rows=1 width=4)
                                   Filter: (r_name = 'EUROPE'::bpchar)
                             ->  Nested Loop  (cost=0.85..42.34 rows=4 width=10)
                                   ->  Nested Loop  (cost=0.71..41.72 rows=4 width=10)
                                         ->  Index Scan using ps_pk on partsupp partsupp_1  (cost=0.43..8.50 rows=4 width=10)
                                               Index Cond: (ps_partkey = part.p_partkey)
                                         ->  Index Scan using s_sk on supplier supplier_1  (cost=0.29..8.30 rows=1 width=8)
                                               Index Cond: (s_suppkey = partsupp_1.ps_suppkey)
                                   ->  Index Scan using n_nk on nation nation_1  (cost=0.14..0.16 rows=1 width=8)
                                         Index Cond: (n_nationkey = supplier_1.s_nationkey)
 JIT:
   Functions: 53
   Options: Inlining false, Optimization false, Expressions true, Deforming true
(39 rows)

COMMIT;
COMMIT

Query 2 execution times in seconds: 0.202,0.194,0.193,0.190,0.199,0.197,0.198,0.199,0.204,0.203
Average execution time: 0.1979 seconds

BEGIN;
BEGIN
EXPLAIN
select
	l_orderkey,
	sum(l_extendedprice * (1 - l_discount)) as revenue,
	o_orderdate,
	o_shippriority
from
	customer,
	orders,
	lineitem
where
	c_mktsegment = 'HOUSEHOLD'
	and c_custkey = o_custkey
	and l_orderkey = o_orderkey
	and o_orderdate < date '1995-03-21'
	and l_shipdate > date '1995-03-21'
group by
	l_orderkey,
	o_orderdate,
	o_shippriority
order by
	revenue desc,
	o_orderdate
LIMIT 10;
                                                                     QUERY PLAN                                                                     
----------------------------------------------------------------------------------------------------------------------------------------------------
 Limit  (cost=433351.64..433351.66 rows=10 width=44)
   ->  Sort  (cost=433351.64..434932.42 rows=632315 width=44)
         Sort Key: (sum((lineitem.l_extendedprice * ('1'::numeric - lineitem.l_discount)))) DESC, orders.o_orderdate
         ->  Finalize GroupAggregate  (cost=336472.23..419687.54 rows=632315 width=44)
               Group Key: lineitem.l_orderkey, orders.o_orderdate, orders.o_shippriority
               ->  Gather Merge  (cost=336472.23..405196.97 rows=526930 width=44)
                     Workers Planned: 2
                     ->  Partial GroupAggregate  (cost=335472.20..343376.15 rows=263465 width=44)
                           Group Key: lineitem.l_orderkey, orders.o_orderdate, orders.o_shippriority
                           ->  Sort  (cost=335472.20..336130.87 rows=263465 width=24)
                                 Sort Key: lineitem.l_orderkey, orders.o_orderdate, orders.o_shippriority
                                 ->  Nested Loop  (cost=8552.86..306346.80 rows=263465 width=24)
                                       ->  Parallel Hash Join  (cost=8552.42..78034.95 rows=122854 width=12)
                                             Hash Cond: (orders.o_custkey = customer.c_custkey)
                                             ->  Parallel Seq Scan on orders  (cost=0.00..67873.00 rows=613145 width=16)
                                                   Filter: (o_orderdate < '1995-03-21'::date)
                                             ->  Parallel Hash  (cost=8239.35..8239.35 rows=25046 width=4)
                                                   ->  Parallel Bitmap Heap Scan on customer  (cost=678.28..8239.35 rows=25046 width=4)
                                                         Recheck Cond: (c_mktsegment = 'HOUSEHOLD'::bpchar)
                                                         ->  Bitmap Index Scan on idx_customer_c_mktsegment  (cost=0.00..663.25 rows=60110 width=0)
                                                               Index Cond: (c_mktsegment = 'HOUSEHOLD'::bpchar)
                                       ->  Index Scan using l_ok on lineitem  (cost=0.43..1.70 rows=16 width=16)
                                             Index Cond: (l_orderkey = orders.o_orderkey)
                                             Filter: (l_shipdate > '1995-03-21'::date)
 JIT:
   Functions: 29
   Options: Inlining false, Optimization false, Expressions true, Deforming true
(27 rows)

COMMIT;
COMMIT

Query 3 execution times in seconds: 0.180,0.190,0.191,0.193,0.192,0.199,0.196,0.194,0.198,0.196
Average execution time: 0.1929 seconds

BEGIN;
BEGIN
EXPLAIN
select
	o_orderpriority,
	count(*) as order_count
from
	orders
where
	o_orderdate >= date '1996-08-01'
	and o_orderdate < cast(date '1996-08-01' + interval '3 month' as date)
	and exists (
		select
			*
		from
			lineitem
		where
			l_orderkey = o_orderkey
			and l_commitdate < l_receiptdate
	)
group by
	o_orderpriority
order by
	o_orderpriority;
                                                           QUERY PLAN                                                           
--------------------------------------------------------------------------------------------------------------------------------
 Finalize GroupAggregate  (cost=100316.14..100365.31 rows=5 width=24)
   Group Key: orders.o_orderpriority
   ->  Gather Merge  (cost=100316.14..100365.21 rows=10 width=24)
         Workers Planned: 2
         ->  Partial GroupAggregate  (cost=99316.12..99364.03 rows=5 width=24)
               Group Key: orders.o_orderpriority
               ->  Sort  (cost=99316.12..99332.07 rows=6382 width=16)
                     Sort Key: orders.o_orderpriority
                     ->  Nested Loop Semi Join  (cost=1575.41..98912.78 rows=6382 width=16)
                           ->  Parallel Bitmap Heap Scan on orders  (cost=1574.98..54536.73 rows=47583 width=20)
                                 Recheck Cond: ((o_orderdate >= '1996-08-01'::date) AND (o_orderdate < '1996-11-01'::date))
                                 ->  Bitmap Index Scan on o_od  (cost=0.00..1546.43 rows=114200 width=0)
                                       Index Cond: ((o_orderdate >= '1996-08-01'::date) AND (o_orderdate < '1996-11-01'::date))
                           ->  Index Scan using l_ok on lineitem  (cost=0.43..4.89 rows=10 width=4)
                                 Index Cond: (l_orderkey = orders.o_orderkey)
                                 Filter: (l_commitdate < l_receiptdate)
 JIT:
   Functions: 15
   Options: Inlining false, Optimization false, Expressions true, Deforming true
(19 rows)

COMMIT;
COMMIT

Query 4 execution times in seconds: 0.193,0.186,0.142,0.140,0.149,0.150,0.144,0.184,0.189,0.187
Average execution time: 0.1664 seconds

BEGIN;
BEGIN
EXPLAIN
select
	n_name,
	sum(l_extendedprice * (1 - l_discount)) as revenue
from
	customer,
	orders,
	lineitem,
	supplier,
	nation,
	region
where
	c_custkey = o_custkey
	and l_orderkey = o_orderkey
	and l_suppkey = s_suppkey
	and c_nationkey = s_nationkey
	and s_nationkey = n_nationkey
	and n_regionkey = r_regionkey
	and r_name = 'EUROPE'
	and o_orderdate >= date '1997-01-01'
	and o_orderdate < date '1997-01-01' + interval '1 year'
group by
	n_name
order by
	revenue desc;
                                                                               QUERY PLAN                                                                               
------------------------------------------------------------------------------------------------------------------------------------------------------------------------
 Sort  (cost=181212.44..181212.50 rows=25 width=136)
   Sort Key: (sum((lineitem.l_extendedprice * ('1'::numeric - lineitem.l_discount)))) DESC
   ->  Finalize GroupAggregate  (cost=181129.94..181211.86 rows=25 width=136)
         Group Key: nation.n_name
         ->  Gather Merge  (cost=181129.94..181211.17 rows=50 width=136)
               Workers Planned: 2
               ->  Partial GroupAggregate  (cost=180129.92..180205.38 rows=25 width=136)
                     Group Key: nation.n_name
                     ->  Sort  (cost=180129.92..180144.95 rows=6012 width=116)
                           Sort Key: nation.n_name
                           ->  Hash Join  (cost=975.33..179752.55 rows=6012 width=116)
                                 Hash Cond: ((lineitem.l_suppkey = supplier.s_suppkey) AND (customer.c_nationkey = supplier.s_nationkey))
                                 ->  Nested Loop  (cost=3.33..177991.45 rows=150305 width=128)
                                       ->  Nested Loop  (cost=2.89..49287.21 rows=37582 width=116)
                                             ->  Hash Join  (cost=2.46..9219.21 rows=25000 width=116)
                                                   Hash Cond: (customer.c_nationkey = nation.n_nationkey)
                                                   ->  Parallel Seq Scan on customer  (cost=0.00..8498.00 rows=125000 width=8)
                                                   ->  Hash  (cost=2.40..2.40 rows=5 width=108)
                                                         ->  Hash Join  (cost=1.07..2.40 rows=5 width=108)
                                                               Hash Cond: (nation.n_regionkey = region.r_regionkey)
                                                               ->  Seq Scan on nation  (cost=0.00..1.25 rows=25 width=112)
                                                               ->  Hash  (cost=1.06..1.06 rows=1 width=4)
                                                                     ->  Seq Scan on region  (cost=0.00..1.06 rows=1 width=4)
                                                                           Filter: (r_name = 'EUROPE'::bpchar)
                                             ->  Index Scan using o_ck on orders  (cost=0.43..1.57 rows=3 width=8)
                                                   Index Cond: (o_custkey = customer.c_custkey)
                                                   Filter: ((o_orderdate >= '1997-01-01'::date) AND (o_orderdate < '1998-01-01 00:00:00'::timestamp without time zone))
                                       ->  Index Scan using l_ok on lineitem  (cost=0.43..3.12 rows=30 width=20)
                                             Index Cond: (l_orderkey = orders.o_orderkey)
                                 ->  Hash  (cost=672.00..672.00 rows=20000 width=8)
                                       ->  Seq Scan on supplier  (cost=0.00..672.00 rows=20000 width=8)
 JIT:
   Functions: 48
   Options: Inlining false, Optimization false, Expressions true, Deforming true
(34 rows)

COMMIT;
COMMIT

Query 5 execution times in seconds: 0.203,0.197,0.206,0.197,0.193,0.201,0.195,0.201,0.204,0.210
Average execution time: 0.2007 seconds

BEGIN;
BEGIN
EXPLAIN
select
	sum(l_extendedprice * l_discount) as revenue
from
	lineitem
where
	l_shipdate >= date '1993-01-01'
	and l_shipdate < cast(date '1993-01-01' + interval '1 year' as date)
	and l_discount between 0.08 - 0.01 and 0.08 + 0.01
	and l_quantity < 25;
                                                                                        QUERY PLAN                                                                                         
-------------------------------------------------------------------------------------------------------------------------------------------------------------------------------------------
 Finalize Aggregate  (cost=339041.93..339041.94 rows=1 width=32)
   ->  Gather  (cost=339041.71..339041.92 rows=2 width=32)
         Workers Planned: 2
         ->  Partial Aggregate  (cost=338041.71..338041.72 rows=1 width=32)
               ->  Parallel Seq Scan on lineitem  (cost=0.00..337529.21 rows=102498 width=12)
                     Filter: ((l_shipdate >= '1993-01-01'::date) AND (l_shipdate < '1994-01-01'::date) AND (l_discount >= 0.07) AND (l_discount <= 0.09) AND (l_quantity < '25'::numeric))
 JIT:
   Functions: 7
   Options: Inlining false, Optimization false, Expressions true, Deforming true
(9 rows)

COMMIT;
COMMIT

Query 6 execution times in seconds: 0.190,0.183,0.189,0.184,0.181,0.181,0.188,0.191,0.169,0.162
Average execution time: 0.1818 seconds

BEGIN;
BEGIN
EXPLAIN
select
	supp_nation,
	cust_nation,
	l_year,
	sum(volume) as revenue
from
	(
		select
			n1.n_name as supp_nation,
			n2.n_name as cust_nation,
			extract(year from l_shipdate) as l_year,
			l_extendedprice * (1 - l_discount) as volume
		from
			supplier,
			lineitem,
			orders,
			customer,
			nation n1,
			nation n2
		where
			s_suppkey = l_suppkey
			and o_orderkey = l_orderkey
			and c_custkey = o_custkey
			and s_nationkey = n1.n_nationkey
			and c_nationkey = n2.n_nationkey
			and (
				(n1.n_name = 'VIETNAM' and n2.n_name = 'UNITED KINGDOM')
				or (n1.n_name = 'UNITED KINGDOM' and n2.n_name = 'VIETNAM')
			)
			and l_shipdate between date '1995-01-01' and date '1996-12-31'
	) as shipping
group by
	supp_nation,
	cust_nation,
	l_year
order by
	supp_nation,
	cust_nation,
	l_year;
                                                                                              QUERY PLAN                                                                                               
-------------------------------------------------------------------------------------------------------------------------------------------------------------------------------------------------------
 Finalize GroupAggregate  (cost=146849.55..148451.01 rows=10032 width=272)
   Group Key: n1.n_name, n2.n_name, (EXTRACT(year FROM lineitem.l_shipdate))
   ->  Gather Merge  (cost=146849.55..148174.73 rows=10064 width=272)
         Workers Planned: 2
         ->  Partial GroupAggregate  (cost=145849.53..146013.07 rows=5032 width=272)
               Group Key: n1.n_name, n2.n_name, (EXTRACT(year FROM lineitem.l_shipdate))
               ->  Sort  (cost=145849.53..145862.11 rows=5032 width=252)
                     Sort Key: n1.n_name, n2.n_name, (EXTRACT(year FROM lineitem.l_shipdate))
                     ->  Hash Join  (cost=110618.58..145540.14 rows=5032 width=252)
                           Hash Cond: (orders.o_orderkey = lineitem.l_orderkey)
                           Join Filter: (((n1.n_name = 'VIETNAM'::bpchar) AND (n2.n_name = 'UNITED KINGDOM'::bpchar)) OR ((n1.n_name = 'UNITED KINGDOM'::bpchar) AND (n2.n_name = 'VIETNAM'::bpchar)))
                           ->  Nested Loop  (cost=1.83..25510.35 rows=100000 width=108)
                                 ->  Hash Join  (cost=1.40..8883.15 rows=10000 width=108)
                                       Hash Cond: (customer.c_nationkey = n2.n_nationkey)
                                       ->  Parallel Seq Scan on customer  (cost=0.00..8498.00 rows=125000 width=8)
                                       ->  Hash  (cost=1.38..1.38 rows=2 width=108)
                                             ->  Seq Scan on nation n2  (cost=0.00..1.38 rows=2 width=108)
                                                   Filter: ((n_name = 'UNITED KINGDOM'::bpchar) OR (n_name = 'VIETNAM'::bpchar))
                                 ->  Index Scan using o_ck on orders  (cost=0.43..1.48 rows=18 width=8)
                                       Index Cond: (o_custkey = customer.c_custkey)
                           ->  Hash  (cost=101604.31..101604.31 rows=290195 width=124)
                                 ->  Nested Loop  (cost=11.06..101604.31 rows=290195 width=124)
                                       ->  Nested Loop  (cost=10.62..956.35 rows=1600 width=108)
                                             ->  Index Scan using idx_nation_n_name on nation n1  (cost=0.14..12.64 rows=2 width=108)
                                                   Filter: ((n_name = 'VIETNAM'::bpchar) OR (n_name = 'UNITED KINGDOM'::bpchar))
                                             ->  Bitmap Heap Scan on supplier  (cost=10.49..463.86 rows=800 width=8)
                                                   Recheck Cond: (s_nationkey = n1.n_nationkey)
                                                   ->  Bitmap Index Scan on s_nk  (cost=0.00..10.29 rows=800 width=0)
                                                         Index Cond: (s_nationkey = n1.n_nationkey)
                                       ->  Index Scan using l_sk on lineitem  (cost=0.43..61.07 rows=183 width=24)
                                             Index Cond: (l_suppkey = supplier.s_suppkey)
                                             Filter: ((l_shipdate >= '1995-01-01'::date) AND (l_shipdate <= '1996-12-31'::date))
 JIT:
   Functions: 46
   Options: Inlining false, Optimization false, Expressions true, Deforming true
(35 rows)

COMMIT;
COMMIT

Query 7 execution times in seconds: 0.205,0.197,0.198,0.204,0.206,0.206,0.198,0.205,0.207,0.197
Average execution time: 0.2023 seconds

BEGIN;
BEGIN
EXPLAIN
select
	o_year,
	sum(case
		when nation = 'GERMANY' then volume
		else 0
	end) / sum(volume) as mkt_share
from
	(
		select
			extract(year from o_orderdate) as o_year,
			l_extendedprice * (1 - l_discount) as volume,
			n2.n_name as nation
		from
			part,
			supplier,
			lineitem,
			orders,
			customer,
			nation n1,
			nation n2,
			region
		where
			p_partkey = l_partkey
			and s_suppkey = l_suppkey
			and l_orderkey = o_orderkey
			and o_custkey = c_custkey
			and c_nationkey = n1.n_nationkey
			and n1.n_regionkey = r_regionkey
			and r_name = 'EUROPE'
			and s_nationkey = n2.n_nationkey
			and o_orderdate between date '1995-01-01' and date '1996-12-31'
			and p_type = 'SMALL BURNISHED BRASS'
	) as all_nations
group by
	o_year
order by
	o_year;
                                                                  QUERY PLAN                                                                   
-----------------------------------------------------------------------------------------------------------------------------------------------
 Finalize GroupAggregate  (cost=160737.02..161382.16 rows=2406 width=64)
   Group Key: (EXTRACT(year FROM orders.o_orderdate))
   ->  Gather Merge  (cost=160737.02..161283.59 rows=4036 width=96)
         Workers Planned: 2
         ->  Partial GroupAggregate  (cost=159736.99..159817.71 rows=2018 width=96)
               Group Key: (EXTRACT(year FROM orders.o_orderdate))
               ->  Sort  (cost=159736.99..159742.04 rows=2018 width=148)
                     Sort Key: (EXTRACT(year FROM orders.o_orderdate))
                     ->  Hash Join  (cost=6.02..159626.22 rows=2018 width=148)
                           Hash Cond: (supplier.s_nationkey = n2.n_nationkey)
                           ->  Nested Loop  (cost=4.46..159613.41 rows=2018 width=20)
                                 ->  Hash Join  (cost=4.17..158997.56 rows=2018 width=20)
                                       Hash Cond: (customer.c_nationkey = n1.n_nationkey)
                                       ->  Nested Loop  (cost=1.71..158937.08 rows=10090 width=24)
                                             ->  Nested Loop  (cost=1.29..154139.08 rows=10090 width=24)
                                                   ->  Nested Loop  (cost=0.86..138401.80 rows=33295 width=20)
                                                         ->  Parallel Index Scan using p_pk on part  (cost=0.42..16709.50 rows=1110 width=4)
                                                               Filter: ((p_type)::text = 'SMALL BURNISHED BRASS'::text)
                                                         ->  Index Scan using l_pk on lineitem  (cost=0.43..109.32 rows=31 width=24)
                                                               Index Cond: (l_partkey = part.p_partkey)
                                                   ->  Index Scan using o_ok on orders  (cost=0.43..0.47 rows=1 width=12)
                                                         Index Cond: (o_orderkey = lineitem.l_orderkey)
                                                         Filter: ((o_orderdate >= '1995-01-01'::date) AND (o_orderdate <= '1996-12-31'::date))
                                             ->  Index Scan using c_ck on customer  (cost=0.42..0.48 rows=1 width=8)
                                                   Index Cond: (c_custkey = orders.o_custkey)
                                       ->  Hash  (cost=2.40..2.40 rows=5 width=4)
                                             ->  Hash Join  (cost=1.07..2.40 rows=5 width=4)
                                                   Hash Cond: (n1.n_regionkey = region.r_regionkey)
                                                   ->  Seq Scan on nation n1  (cost=0.00..1.25 rows=25 width=8)
                                                   ->  Hash  (cost=1.06..1.06 rows=1 width=4)
                                                         ->  Seq Scan on region  (cost=0.00..1.06 rows=1 width=4)
                                                               Filter: (r_name = 'EUROPE'::bpchar)
                                 ->  Index Scan using s_sk on supplier  (cost=0.29..0.31 rows=1 width=8)
                                       Index Cond: (s_suppkey = lineitem.l_suppkey)
                           ->  Hash  (cost=1.25..1.25 rows=25 width=108)
                                 ->  Seq Scan on nation n2  (cost=0.00..1.25 rows=25 width=108)
 JIT:
   Functions: 53
   Options: Inlining false, Optimization false, Expressions true, Deforming true
(39 rows)

COMMIT;
COMMIT

Query 8 execution times in seconds: 0.201,0.197,0.201,0.194,0.206,0.201,0.205,0.202,0.206,0.204
Average execution time: 0.2017 seconds

BEGIN;
BEGIN
EXPLAIN
select
	nation,
	o_year,
	sum(amount) as sum_profit
from
	(
		select
			n_name as nation,
			extract(year from o_orderdate) as o_year,
			l_extendedprice * (1 - l_discount) - ps_supplycost * l_quantity as amount
		from
			part,
			supplier,
			lineitem,
			partsupp,
			orders,
			nation
		where
			s_suppkey = l_suppkey
			and ps_suppkey = l_suppkey
			and ps_partkey = l_partkey
			and p_partkey = l_partkey
			and o_orderkey = l_orderkey
			and s_nationkey = n_nationkey
			and p_name like '%blanched%'
	) as profit
group by
	nation,
	o_year
order by
	nation,
	o_year desc;
                                                         QUERY PLAN                                                          
-----------------------------------------------------------------------------------------------------------------------------
 Finalize GroupAggregate  (cost=62042.72..77378.09 rows=60150 width=168)
   Group Key: nation.n_name, (EXTRACT(year FROM orders.o_orderdate))
   ->  Gather Merge  (cost=62042.72..75466.00 rows=100984 width=168)
         Workers Planned: 2
         ->  Partial GroupAggregate  (cost=61042.70..62809.92 rows=50492 width=168)
               Group Key: nation.n_name, (EXTRACT(year FROM orders.o_orderdate))
               ->  Sort  (cost=61042.70..61168.93 rows=50492 width=159)
                     Sort Key: nation.n_name, (EXTRACT(year FROM orders.o_orderdate)) DESC
                     ->  Nested Loop  (cost=924.85..53125.82 rows=50492 width=159)
                           ->  Nested Loop  (cost=924.42..29386.40 rows=50492 width=131)
                                 Join Filter: (supplier.s_suppkey = lineitem.l_suppkey)
                                 ->  Hash Join  (cost=923.99..22200.42 rows=6733 width=126)
                                       Hash Cond: (supplier.s_nationkey = nation.n_nationkey)
                                       ->  Hash Join  (cost=922.43..22178.19 rows=6733 width=26)
                                             Hash Cond: (partsupp.ps_suppkey = supplier.s_suppkey)
                                             ->  Nested Loop  (cost=0.43..21238.52 rows=6733 width=18)
                                                   ->  Parallel Seq Scan on part  (cost=0.00..10307.33 rows=1683 width=4)
                                                         Filter: ((p_name)::text ~~ '%blanched%'::text)
                                                   ->  Index Scan using ps_pk on partsupp  (cost=0.43..6.46 rows=4 width=14)
                                                         Index Cond: (ps_partkey = part.p_partkey)
                                             ->  Hash  (cost=672.00..672.00 rows=20000 width=8)
                                                   ->  Seq Scan on supplier  (cost=0.00..672.00 rows=20000 width=8)
                                       ->  Hash  (cost=1.25..1.25 rows=25 width=108)
                                             ->  Seq Scan on nation  (cost=0.00..1.25 rows=25 width=108)
                                 ->  Index Scan using l_sk_pk on lineitem  (cost=0.43..1.05 rows=1 width=29)
                                       Index Cond: ((l_suppkey = partsupp.ps_suppkey) AND (l_partkey = partsupp.ps_partkey))
                           ->  Index Scan using o_ok on orders  (cost=0.43..0.47 rows=1 width=8)
                                 Index Cond: (o_orderkey = lineitem.l_orderkey)
(28 rows)

COMMIT;
COMMIT

Query 9 execution times in seconds: 0.158,0.159,0.169,0.209,0.202,0.200,0.201,0.210,0.208,0.200
Average execution time: 0.1916 seconds

BEGIN;
BEGIN
EXPLAIN
select
	c_custkey,
	c_name,
	sum(l_extendedprice * (1 - l_discount)) as revenue,
	c_acctbal,
	n_name,
	c_address,
	c_phone,
	c_comment
from
	customer,
	orders,
	lineitem,
	nation
where
	c_custkey = o_custkey
	and l_orderkey = o_orderkey
	and o_orderdate >= date '1994-05-01'
	and o_orderdate < cast(date '1994-05-01' + interval '3 month' as date)
	and l_returnflag = 'R'
	and c_nationkey = n_nationkey
group by
	c_custkey,
	c_name,
	c_acctbal,
	c_phone,
	n_name,
	c_address,
	c_comment
order by
	revenue desc
LIMIT 20;
                                                                          QUERY PLAN                                                                          
--------------------------------------------------------------------------------------------------------------------------------------------------------------
 Limit  (cost=325737.76..325737.81 rows=20 width=279)
   ->  Sort  (cost=325737.76..326014.52 rows=110705 width=279)
         Sort Key: (sum((lineitem.l_extendedprice * ('1'::numeric - lineitem.l_discount)))) DESC
         ->  Finalize GroupAggregate  (cost=308568.69..322791.94 rows=110705 width=279)
               Group Key: customer.c_custkey, nation.n_name
               ->  Gather Merge  (cost=308568.69..320485.59 rows=92254 width=279)
                     Workers Planned: 2
                     ->  Partial GroupAggregate  (cost=307568.67..308837.16 rows=46127 width=279)
                           Group Key: customer.c_custkey, nation.n_name
                           ->  Sort  (cost=307568.67..307683.99 rows=46127 width=259)
                                 Sort Key: customer.c_custkey, nation.n_name
                                 ->  Hash Join  (cost=288080.31..298318.37 rows=46127 width=259)
                                       Hash Cond: (customer.c_nationkey = nation.n_nationkey)
                                       ->  Parallel Hash Join  (cost=288078.74..298175.19 rows=46127 width=159)
                                             Hash Cond: (customer.c_custkey = orders.o_custkey)
                                             ->  Parallel Seq Scan on customer  (cost=0.00..8498.00 rows=125000 width=147)
                                             ->  Parallel Hash  (cost=287502.16..287502.16 rows=46127 width=16)
                                                   ->  Nested Loop  (cost=1546.80..287502.16 rows=46127 width=16)
                                                         ->  Parallel Bitmap Heap Scan on orders  (cost=1546.37..54495.55 rows=46745 width=8)
                                                               Recheck Cond: ((o_orderdate >= '1994-05-01'::date) AND (o_orderdate < '1994-08-01'::date))
                                                               ->  Bitmap Index Scan on o_od  (cost=0.00..1518.32 rows=112189 width=0)
                                                                     Index Cond: ((o_orderdate >= '1994-05-01'::date) AND (o_orderdate < '1994-08-01'::date))
                                                         ->  Index Scan using l_ok on lineitem  (cost=0.43..4.91 rows=7 width=16)
                                                               Index Cond: (l_orderkey = orders.o_orderkey)
                                                               Filter: (l_returnflag = 'R'::bpchar)
                                       ->  Hash  (cost=1.25..1.25 rows=25 width=108)
                                             ->  Seq Scan on nation  (cost=0.00..1.25 rows=25 width=108)
 JIT:
   Functions: 35
   Options: Inlining false, Optimization false, Expressions true, Deforming true
(30 rows)

COMMIT;
COMMIT

Query 10 execution times in seconds: 0.183,0.199,0.196,0.191,0.195,0.194,0.203,0.196,0.195,0.197
Average execution time: 0.1949 seconds

BEGIN;
BEGIN
EXPLAIN
select
	ps_partkey,
	sum(ps_supplycost * ps_availqty) as value
from
	partsupp,
	supplier,
	nation
where
	ps_suppkey = s_suppkey
	and s_nationkey = n_nationkey
	and n_name = 'JAPAN'
group by
	ps_partkey having
		sum(ps_supplycost * ps_availqty) > (
			select
				sum(ps_supplycost * ps_availqty) *         inf
			from
				partsupp,
				supplier,
				nation
			where
				ps_suppkey = s_suppkey
				and s_nationkey = n_nationkey
				and n_name = 'JAPAN'
		)
order by
	value desc;
ERROR:  column "inf" does not exist
LINE 17:     sum(ps_supplycost * ps_availqty) *         inf
                                                        ^

Query 11 execution times in seconds: 0.134,0.135,0.140,0.138,0.138,0.144,0.135,0.141,0.137,0.146
Average execution time: 0.1388 seconds

BEGIN;
BEGIN
EXPLAIN
select
	l_shipmode,
	sum(case
		when o_orderpriority = '1-URGENT'
			or o_orderpriority = '2-HIGH'
			then 1
		else 0
	end) as high_line_count,
	sum(case
		when o_orderpriority <> '1-URGENT'
			and o_orderpriority <> '2-HIGH'
			then 1
		else 0
	end) as low_line_count
from
	orders,
	lineitem
where
	o_orderkey = l_orderkey
	and l_shipmode in ('FOB', 'TRUCK')
	and l_commitdate < l_receiptdate
	and l_shipdate < l_commitdate
	and l_receiptdate >= date '1996-01-01'
	and l_receiptdate < date '1996-01-01' + interval '1 year'
group by
	l_shipmode
order by
	l_shipmode;
                                                                                                                                  QUERY PLAN                                                                                                                                  
------------------------------------------------------------------------------------------------------------------------------------------------------------------------------------------------------------------------------------------------------------------------------
 Finalize GroupAggregate  (cost=426895.03..427379.43 rows=7 width=27)
   Group Key: lineitem.l_shipmode
   ->  Gather Merge  (cost=426895.03..427379.26 rows=14 width=27)
         Workers Planned: 2
         ->  Partial GroupAggregate  (cost=425895.01..426377.62 rows=7 width=27)
               Group Key: lineitem.l_shipmode
               ->  Sort  (cost=425895.01..425955.32 rows=24127 width=27)
                     Sort Key: lineitem.l_shipmode
                     ->  Nested Loop  (cost=0.43..424138.76 rows=24127 width=27)
                           ->  Parallel Seq Scan on lineitem  (cost=0.00..337529.21 rows=24127 width=15)
                                 Filter: ((l_shipmode = ANY ('{FOB,TRUCK}'::bpchar[])) AND (l_commitdate < l_receiptdate) AND (l_shipdate < l_commitdate) AND (l_receiptdate >= '1996-01-01'::date) AND (l_receiptdate < '1997-01-01 00:00:00'::timestamp without time zone))
                           ->  Index Scan using o_ok on orders  (cost=0.43..3.59 rows=1 width=20)
                                 Index Cond: (o_orderkey = lineitem.l_orderkey)
 JIT:
   Functions: 15
   Options: Inlining false, Optimization false, Expressions true, Deforming true
(16 rows)

COMMIT;
COMMIT

Query 12 execution times in seconds: 0.173,0.188,0.198,0.193,0.193,0.186,0.193,0.194,0.186,0.188
Average execution time: 0.1892 seconds

BEGIN;
BEGIN
EXPLAIN
select
	c_count,
	count(*) as custdist
from
	(
		select
			c_custkey,
			count(o_orderkey)
		from
			customer left outer join orders on
				c_custkey = o_custkey
				and o_comment not like '%unusual%deposits%'
		group by
			c_custkey
	) as c_orders (c_custkey, c_count)
group by
	c_count
order by
	custdist desc,
	c_count desc;
                                                                QUERY PLAN                                                                 
-------------------------------------------------------------------------------------------------------------------------------------------
 Sort  (cost=275834.00..275834.50 rows=200 width=16)
   Sort Key: (count(*)) DESC, (count(orders.o_orderkey)) DESC
   ->  HashAggregate  (cost=275824.36..275826.36 rows=200 width=16)
         Group Key: count(orders.o_orderkey)
         ->  Finalize GroupAggregate  (cost=195319.47..271324.36 rows=300000 width=12)
               Group Key: customer.c_custkey
               ->  Gather Merge  (cost=195319.47..265324.36 rows=600000 width=12)
                     Workers Planned: 2
                     ->  Sort  (cost=194319.45..195069.45 rows=300000 width=12)
                           Sort Key: customer.c_custkey
                           ->  Partial HashAggregate  (cost=149135.39..161900.04 rows=300000 width=12)
                                 Group Key: customer.c_custkey
                                 Planned Partitions: 4
                                 ->  Parallel Hash Right Join  (cost=7675.96..78829.93 rows=1249875 width=8)
                                       Hash Cond: (orders.o_custkey = customer.c_custkey)
                                       ->  Parallel Seq Scan on orders  (cost=0.00..67873.00 rows=1249875 width=8)
                                             Filter: ((o_comment)::text !~~ '%unusual%deposits%'::text)
                                       ->  Parallel Hash  (cost=6113.46..6113.46 rows=125000 width=4)
                                             ->  Parallel Index Only Scan using c_ck on customer  (cost=0.42..6113.46 rows=125000 width=4)
 JIT:
   Functions: 18
   Options: Inlining false, Optimization false, Expressions true, Deforming true
(22 rows)

COMMIT;
COMMIT

Query 13 execution times in seconds: 0.196,0.192,0.193,0.193,0.192,0.186,0.178,0.195,0.192,0.191
Average execution time: 0.1908 seconds

BEGIN;
BEGIN
EXPLAIN
select
	100.00 * sum(case
		when p_type like 'PROMO%'
			then l_extendedprice * (1 - l_discount)
		else 0
	end) / sum(l_extendedprice * (1 - l_discount)) as promo_revenue
from
	lineitem,
	part
where
	l_partkey = p_partkey
	and l_shipdate >= date '1997-09-01'
	and l_shipdate < cast(date '1997-09-01' + interval '1 month' as date);
                                                          QUERY PLAN                                                          
------------------------------------------------------------------------------------------------------------------------------
 Finalize Aggregate  (cost=292128.98..292128.99 rows=1 width=32)
   ->  Gather  (cost=292128.74..292128.95 rows=2 width=64)
         Workers Planned: 2
         ->  Partial Aggregate  (cost=291128.74..291128.75 rows=1 width=64)
               ->  Parallel Hash Join  (cost=276606.12..289911.59 rows=69551 width=33)
                     Hash Cond: (part.p_partkey = lineitem.l_partkey)
                     ->  Parallel Seq Scan on part  (cost=0.00..9890.67 rows=166667 width=25)
                     ->  Parallel Hash  (cost=275736.73..275736.73 rows=69551 width=16)
                           ->  Parallel Bitmap Heap Scan on lineitem  (cost=2287.40..275736.73 rows=69551 width=16)
                                 Recheck Cond: ((l_shipdate >= '1997-09-01'::date) AND (l_shipdate < '1997-10-01'::date))
                                 ->  Bitmap Index Scan on l_sd  (cost=0.00..2245.66 rows=166923 width=0)
                                       Index Cond: ((l_shipdate >= '1997-09-01'::date) AND (l_shipdate < '1997-10-01'::date))
 JIT:
   Functions: 17
   Options: Inlining false, Optimization false, Expressions true, Deforming true
(15 rows)

COMMIT;
COMMIT

Query 14 execution times in seconds: 0.189,0.197,0.189,0.196,0.193,0.190,0.196,0.182,0.180,0.191
Average execution time: 0.1903 seconds

BEGIN;
BEGIN
create or replace view revenue0 (supplier_no, total_revenue) as
	select
		l_suppkey,
		sum(l_extendedprice * (1 - l_discount))
	from
		lineitem
	where
		l_shipdate >= '1995-10-01'
		and l_shipdate < date'1995-10-01' + interval '90 days'
	group by
		l_suppkey;
CREATE VIEW
EXPLAIN
select
	s_suppkey,
	s_name,
	s_address,
	s_phone,
	total_revenue
from
	supplier,
	revenue0
where
	s_suppkey = supplier_no
	and total_revenue = (
		select
			max(total_revenue)
		from
			revenue0
	)
order by
	s_suppkey;
                                                                              QUERY PLAN                                                                              
----------------------------------------------------------------------------------------------------------------------------------------------------------------------
 Nested Loop  (cost=606035.15..611869.22 rows=99 width=103)
   InitPlan 1
     ->  Aggregate  (cost=305732.33..305732.34 rows=1 width=32)
           ->  Finalize GroupAggregate  (cost=300302.52..305484.03 rows=19864 width=36)
                 Group Key: lineitem_1.l_suppkey
                 ->  Gather Merge  (cost=300302.52..304937.77 rows=39728 width=36)
                       Workers Planned: 2
                       ->  Sort  (cost=299302.49..299352.15 rows=19864 width=36)
                             Sort Key: lineitem_1.l_suppkey
                             ->  Partial HashAggregate  (cost=297636.12..297884.42 rows=19864 width=36)
                                   Group Key: lineitem_1.l_suppkey
                                   ->  Parallel Bitmap Heap Scan on lineitem lineitem_1  (cost=6149.92..295763.97 rows=187215 width=16)
                                         Recheck Cond: ((l_shipdate >= '1995-10-01'::date) AND (l_shipdate < '1995-12-30 00:00:00'::timestamp without time zone))
                                         ->  Bitmap Index Scan on l_sd  (cost=0.00..6037.60 rows=449316 width=0)
                                               Index Cond: ((l_shipdate >= '1995-10-01'::date) AND (l_shipdate < '1995-12-30 00:00:00'::timestamp without time zone))
   ->  Finalize GroupAggregate  (cost=300302.52..305533.69 rows=99 width=36)
         Group Key: lineitem.l_suppkey
         Filter: (sum((lineitem.l_extendedprice * ('1'::numeric - lineitem.l_discount))) = (InitPlan 1).col1)
         ->  Gather Merge  (cost=300302.52..304937.77 rows=39728 width=36)
               Workers Planned: 2
               ->  Sort  (cost=299302.49..299352.15 rows=19864 width=36)
                     Sort Key: lineitem.l_suppkey
                     ->  Partial HashAggregate  (cost=297636.12..297884.42 rows=19864 width=36)
                           Group Key: lineitem.l_suppkey
                           ->  Parallel Bitmap Heap Scan on lineitem  (cost=6149.92..295763.97 rows=187215 width=16)
                                 Recheck Cond: ((l_shipdate >= '1995-10-01'::date) AND (l_shipdate < '1995-12-30 00:00:00'::timestamp without time zone))
                                 ->  Bitmap Index Scan on l_sd  (cost=0.00..6037.60 rows=449316 width=0)
                                       Index Cond: ((l_shipdate >= '1995-10-01'::date) AND (l_shipdate < '1995-12-30 00:00:00'::timestamp without time zone))
   ->  Index Scan using s_sk on supplier  (cost=0.29..6.08 rows=1 width=71)
         Index Cond: (s_suppkey = lineitem.l_suppkey)
 JIT:
   Functions: 25
   Options: Inlining true, Optimization true, Expressions true, Deforming true
(33 rows)

drop view revenue0;
DROP VIEW
COMMIT;
COMMIT

Query 15 execution times in seconds: 0.203,0.194,0.195,0.205,0.201,0.202,0.183,0.184,0.195,0.198
Average execution time: 0.1960 seconds

BEGIN;
BEGIN
EXPLAIN
select
	p_brand,
	p_type,
	p_size,
	count(distinct ps_suppkey) as supplier_cnt
from
	partsupp,
	part
where
	p_partkey = ps_partkey
	and p_brand <> 'Brand#43'
	and p_type not like 'ECONOMY PLATED%'
	and p_size in (24, 38, 49, 39, 22, 23, 9, 18)
	and ps_suppkey not in (
		select
			s_suppkey
		from
			supplier
		where
			s_comment like '%Customer%Complaints%'
	)
group by
	p_brand,
	p_type,
	p_size
order by
	supplier_cnt desc,
	p_brand,
	p_type,
	p_size;
                                                                                         QUERY PLAN                                                                                          
---------------------------------------------------------------------------------------------------------------------------------------------------------------------------------------------
 Sort  (cost=70476.55..70555.96 rows=31761 width=44)
   Sort Key: (count(DISTINCT partsupp.ps_suppkey)) DESC, part.p_brand, part.p_type, part.p_size
   ->  GroupAggregate  (cost=52997.05..68101.63 rows=31761 width=44)
         Group Key: part.p_brand, part.p_type, part.p_size
         ->  Gather Merge  (cost=52997.05..66614.78 rows=116924 width=40)
               Workers Planned: 2
               ->  Sort  (cost=51997.03..52118.82 rows=48718 width=40)
                     Sort Key: part.p_brand, part.p_type, part.p_size, partsupp.ps_suppkey
                     ->  Parallel Hash Join  (cost=13417.59..48203.81 rows=48718 width=40)
                           Hash Cond: (partsupp.ps_partkey = part.p_partkey)
                           ->  Parallel Index Only Scan using ps_pk_sk on partsupp  (cost=722.43..34633.64 rows=333333 width=8)
                                 Filter: (NOT (ANY (ps_suppkey = (hashed SubPlan 1).col1)))
                                 SubPlan 1
                                   ->  Seq Scan on supplier  (cost=0.00..722.00 rows=2 width=4)
                                         Filter: ((s_comment)::text ~~ '%Customer%Complaints%'::text)
                           ->  Parallel Hash  (cost=12390.67..12390.67 rows=24359 width=40)
                                 ->  Parallel Seq Scan on part  (cost=0.00..12390.67 rows=24359 width=40)
                                       Filter: ((p_brand <> 'Brand#43'::bpchar) AND ((p_type)::text !~~ 'ECONOMY PLATED%'::text) AND (p_size = ANY ('{24,38,49,39,22,23,9,18}'::integer[])))
(18 rows)

COMMIT;
COMMIT

Query 16 execution times in seconds: 0.143,0.138,0.144,0.144,0.146,0.146,0.147,0.146,0.133,0.149
Average execution time: 0.1436 seconds

BEGIN;
BEGIN
EXPLAIN
select
	sum(l_extendedprice) / 7.0 as avg_yearly
from
	lineitem,
	part
where
	p_partkey = l_partkey
	and p_brand = 'Brand#33'
	and p_container = 'JUMBO CASE'
	and l_quantity < (
		select
			0.2 * avg(l_quantity)
		from
			lineitem
		where
			l_partkey = p_partkey
	);
                                                   QUERY PLAN                                                   
----------------------------------------------------------------------------------------------------------------
 Aggregate  (cost=379455.98..379455.99 rows=1 width=32)
   ->  Hash Join  (cost=1632.29..379445.83 rows=4059 width=8)
         Hash Cond: (lineitem.l_partkey = part.p_partkey)
         Join Filter: (lineitem.l_quantity < (SubPlan 1))
         ->  Seq Scan on lineitem  (cost=0.00..345027.96 rows=11997996 width=17)
         ->  Hash  (cost=1627.22..1627.22 rows=406 width=4)
               ->  Bitmap Heap Scan on part  (cost=294.80..1627.22 rows=406 width=4)
                     Recheck Cond: ((p_container = 'JUMBO CASE'::bpchar) AND (p_brand = 'Brand#33'::bpchar))
                     ->  BitmapAnd  (cost=294.80..294.80 rows=406 width=0)
                           ->  Bitmap Index Scan on idx_part_p_container  (cost=0.00..110.12 rows=9827 width=0)
                                 Index Cond: (p_container = 'JUMBO CASE'::bpchar)
                           ->  Bitmap Index Scan on idx_part_p_brand  (cost=0.00..184.23 rows=16507 width=0)
                                 Index Cond: (p_brand = 'Brand#33'::bpchar)
         SubPlan 1
           ->  Aggregate  (cost=129.06..129.07 rows=1 width=32)
                 ->  Index Scan using l_pk on lineitem lineitem_1  (cost=0.43..128.98 rows=31 width=5)
                       Index Cond: (l_partkey = part.p_partkey)
 JIT:
   Functions: 24
   Options: Inlining false, Optimization false, Expressions true, Deforming true
(20 rows)

COMMIT;
COMMIT

Query 17 execution times in seconds: 0.193,0.182,0.191,0.170,0.185,0.191,0.193,0.176,0.176,0.180
Average execution time: 0.1837 seconds

BEGIN;
BEGIN
EXPLAIN
select
	c_name,
	c_custkey,
	o_orderkey,
	o_orderdate,
	o_totalprice,
	sum(l_quantity)
from
	customer,
	orders,
	lineitem
where
	o_orderkey in (
		select
			l_orderkey
		from
			lineitem
		group by
			l_orderkey having
				sum(l_quantity) > 313
	)
	and c_custkey = o_custkey
	and o_orderkey = l_orderkey
group by
	c_name,
	c_custkey,
	o_orderkey,
	o_orderdate,
	o_totalprice
order by
	o_totalprice desc,
	o_orderdate
LIMIT 100;
                                                                             QUERY PLAN                                                                             
--------------------------------------------------------------------------------------------------------------------------------------------------------------------
 Limit  (cost=831338.87..831339.12 rows=100 width=71)
   ->  Sort  (cost=831338.87..832680.01 rows=536458 width=71)
         Sort Key: orders.o_totalprice DESC, orders.o_orderdate
         ->  Finalize GroupAggregate  (cost=743029.90..810835.83 rows=536458 width=71)
               Group Key: customer.c_custkey, orders.o_orderkey
               ->  Gather Merge  (cost=743029.90..799659.62 rows=447048 width=71)
                     Workers Planned: 2
                     ->  Partial GroupAggregate  (cost=742029.88..747059.17 rows=223524 width=71)
                           Group Key: customer.c_custkey, orders.o_orderkey
                           ->  Sort  (cost=742029.88..742588.69 rows=223524 width=44)
                                 Sort Key: customer.c_custkey, orders.o_orderkey
                                 ->  Nested Loop  (cost=617484.54..715292.19 rows=223524 width=44)
                                       ->  Parallel Hash Join  (cost=617484.11..626683.74 rows=55890 width=43)
                                             Hash Cond: (customer.c_custkey = orders.o_custkey)
                                             ->  Parallel Seq Scan on customer  (cost=0.00..8498.00 rows=125000 width=23)
                                             ->  Parallel Hash  (cost=616785.48..616785.48 rows=55890 width=24)
                                                   ->  Hash Join  (cost=548756.23..616785.48 rows=55890 width=24)
                                                         Hash Cond: (orders.o_orderkey = lineitem_1.l_orderkey)
                                                         ->  Parallel Seq Scan on orders  (cost=0.00..64748.00 rows=1250000 width=20)
                                                         ->  Hash  (cost=547079.52..547079.52 rows=134137 width=4)
                                                               ->  GroupAggregate  (cost=0.43..547079.52 rows=134137 width=4)
                                                                     Group Key: lineitem_1.l_orderkey
                                                                     Filter: (sum(lineitem_1.l_quantity) > '313'::numeric)
                                                                     ->  Index Scan using l_ok on lineitem lineitem_1  (cost=0.43..481053.38 rows=11997996 width=9)
                                       ->  Index Scan using l_ok on lineitem  (cost=0.43..1.29 rows=30 width=9)
                                             Index Cond: (l_orderkey = orders.o_orderkey)
 JIT:
   Functions: 37
   Options: Inlining true, Optimization true, Expressions true, Deforming true
(29 rows)

COMMIT;
COMMIT

Query 18 execution times in seconds: 0.188,0.201,0.202,0.198,0.200,0.205,0.198,0.194,0.196,0.191
Average execution time: 0.1973 seconds

BEGIN;
BEGIN
EXPLAIN
select
	sum(l_extendedprice* (1 - l_discount)) as revenue
from
	lineitem,
	part
where
	(
		p_partkey = l_partkey
		and p_brand = 'Brand#52'
		and p_container in ('SM CASE', 'SM BOX', 'SM PACK', 'SM PKG')
		and l_quantity >= 3 and l_quantity <= 3+10
		and p_size between 1 and 5
		and l_shipmode in ('AIR', 'AIR REG')
		and l_shipinstruct = 'DELIVER IN PERSON'
	)
	or
	(
		p_partkey = l_partkey
		and p_brand = 'Brand#12'
		and p_container in ('MED BAG', 'MED BOX', 'MED PKG', 'MED PACK')
		and l_quantity >= 18 and l_quantity <= 18+10
		and p_size between 1 and 10
		and l_shipmode in ('AIR', 'AIR REG')
		and l_shipinstruct = 'DELIVER IN PERSON'
	)
	or
	(
		p_partkey = l_partkey
		and p_brand = 'Brand#53'
		and p_container in ('LG CASE', 'LG BOX', 'LG PACK', 'LG PKG')
		and l_quantity >= 22 and l_quantity <= 22+10
		and p_size between 1 and 15
		and l_shipmode in ('AIR', 'AIR REG')
		and l_shipinstruct = 'DELIVER IN PERSON'
	);
                                                                                                                                                                                                                                                                                                                                                                                                                                                                                                              QUERY PLAN                                                                                                                                                                                                                                                                                                                                                                                                                                                                                                              
--------------------------------------------------------------------------------------------------------------------------------------------------------------------------------------------------------------------------------------------------------------------------------------------------------------------------------------------------------------------------------------------------------------------------------------------------------------------------------------------------------------------------------------------------------------------------------------------------------------------------------------------------------------------------------------------------------------------------------------------------------------------------------------------------------------------------------------------------------------------------------------------------------------------------------------------------------------------------------------------------------------------------------------
 Finalize Aggregate  (cost=60128.11..60128.12 rows=1 width=32)
   ->  Gather  (cost=60127.89..60128.10 rows=2 width=32)
         Workers Planned: 2
         ->  Partial Aggregate  (cost=59127.89..59127.90 rows=1 width=32)
               ->  Nested Loop  (cost=1860.60..59127.17 rows=95 width=12)
                     ->  Parallel Bitmap Heap Scan on part  (cost=1860.17..9286.20 rows=405 width=30)
                           Recheck Cond: (((p_brand = 'Brand#52'::bpchar) AND (p_container = ANY ('{"SM CASE","SM BOX","SM PACK","SM PKG"}'::bpchar[]))) OR ((p_brand = 'Brand#12'::bpchar) AND (p_container = ANY ('{"MED BAG","MED BOX","MED PKG","MED PACK"}'::bpchar[]))) OR ((p_brand = 'Brand#53'::bpchar) AND (p_container = ANY ('{"LG CASE","LG BOX","LG PACK","LG PKG"}'::bpchar[]))))
                           Filter: ((p_size >= 1) AND (((p_brand = 'Brand#52'::bpchar) AND (p_container = ANY ('{"SM CASE","SM BOX","SM PACK","SM PKG"}'::bpchar[])) AND (p_size <= 5)) OR ((p_brand = 'Brand#12'::bpchar) AND (p_container = ANY ('{"MED BAG","MED BOX","MED PKG","MED PACK"}'::bpchar[])) AND (p_size <= 10)) OR ((p_brand = 'Brand#53'::bpchar) AND (p_container = ANY ('{"LG CASE","LG BOX","LG PACK","LG PKG"}'::bpchar[])) AND (p_size <= 15))))
                           ->  BitmapOr  (cost=1860.17..1860.17 rows=4751 width=0)
                                 ->  BitmapAnd  (cost=618.56..618.56 rows=1585 width=0)
                                       ->  Bitmap Index Scan on idx_part_p_brand  (cost=0.00..174.72 rows=15773 width=0)
                                             Index Cond: (p_brand = 'Brand#52'::bpchar)
                                       ->  Bitmap Index Scan on idx_part_p_container  (cost=0.00..443.10 rows=40187 width=0)
                                             Index Cond: (p_container = ANY ('{"SM CASE","SM BOX","SM PACK","SM PKG"}'::bpchar[]))
                                 ->  BitmapAnd  (cost=615.45..615.45 rows=1545 width=0)
                                       ->  Bitmap Index Scan on idx_part_p_brand  (cost=0.00..171.82 rows=15387 width=0)
                                             Index Cond: (p_brand = 'Brand#12'::bpchar)
                                       ->  Bitmap Index Scan on idx_part_p_container  (cost=0.00..442.89 rows=40160 width=0)
                                             Index Cond: (p_container = ANY ('{"MED BAG","MED BOX","MED PKG","MED PACK"}'::bpchar[]))
                                 ->  BitmapAnd  (cost=625.66..625.66 rows=1621 width=0)
                                       ->  Bitmap Index Scan on idx_part_p_brand  (cost=0.00..181.23 rows=16107 width=0)
                                             Index Cond: (p_brand = 'Brand#53'::bpchar)
                                       ->  Bitmap Index Scan on idx_part_p_container  (cost=0.00..443.70 rows=40267 width=0)
                                             Index Cond: (p_container = ANY ('{"LG CASE","LG BOX","LG PACK","LG PKG"}'::bpchar[]))
                     ->  Index Scan using l_pk on lineitem  (cost=0.43..123.05 rows=1 width=21)
                           Index Cond: (l_partkey = part.p_partkey)
                           Filter: ((l_shipmode = ANY ('{AIR,"AIR REG"}'::bpchar[])) AND (l_shipinstruct = 'DELIVER IN PERSON'::bpchar) AND (((l_quantity >= '3'::numeric) AND (l_quantity <= '13'::numeric)) OR ((l_quantity >= '18'::numeric) AND (l_quantity <= '28'::numeric)) OR ((l_quantity >= '22'::numeric) AND (l_quantity <= '32'::numeric))) AND (((part.p_brand = 'Brand#52'::bpchar) AND (part.p_container = ANY ('{"SM CASE","SM BOX","SM PACK","SM PKG"}'::bpchar[])) AND (l_quantity >= '3'::numeric) AND (l_quantity <= '13'::numeric) AND (part.p_size <= 5)) OR ((part.p_brand = 'Brand#12'::bpchar) AND (part.p_container = ANY ('{"MED BAG","MED BOX","MED PKG","MED PACK"}'::bpchar[])) AND (l_quantity >= '18'::numeric) AND (l_quantity <= '28'::numeric) AND (part.p_size <= 10)) OR ((part.p_brand = 'Brand#53'::bpchar) AND (part.p_container = ANY ('{"LG CASE","LG BOX","LG PACK","LG PKG"}'::bpchar[])) AND (l_quantity >= '22'::numeric) AND (l_quantity <= '32'::numeric) AND (part.p_size <= 15))))
(27 rows)

COMMIT;
COMMIT

Query 19 execution times in seconds: 0.140,0.133,0.150,0.149,0.154,0.151,0.152,0.152,0.149,0.147
Average execution time: 0.1477 seconds

BEGIN;
BEGIN
EXPLAIN
select
	s_name,
	s_address
from
	supplier,
	nation
where
	s_suppkey in (
		select
			ps_suppkey
		from
			partsupp
		where
			ps_partkey in (
				select
					p_partkey
				from
					part
				where
					p_name like 'blanched%'
			)
			and ps_availqty > (
				select
					0.5 * sum(l_quantity)
				from
					lineitem
				where
					l_partkey = ps_partkey
					and l_suppkey = ps_suppkey
					and l_shipdate >= '1995-01-01'
					and l_shipdate < cast(date '1995-01-01' + interval '1 year' as date)
			)
	)
	and s_nationkey = n_nationkey
	and n_name = 'IRAQ'
order by
	s_name;
                                                          QUERY PLAN                                                           
-------------------------------------------------------------------------------------------------------------------------------
 Sort  (cost=177018.59..177019.12 rows=215 width=51)
   Sort Key: supplier.s_name
   ->  Hash Semi Join  (cost=176497.87..177010.26 rows=215 width=51)
         Hash Cond: (supplier.s_suppkey = partsupp.ps_suppkey)
         ->  Nested Loop  (cost=10.49..517.31 rows=800 width=55)
               ->  Seq Scan on nation  (cost=0.00..1.31 rows=1 width=4)
                     Filter: (n_name = 'IRAQ'::bpchar)
               ->  Bitmap Heap Scan on supplier  (cost=10.49..508.00 rows=800 width=59)
                     Recheck Cond: (s_nationkey = nation.n_nationkey)
                     ->  Bitmap Index Scan on s_nk  (cost=0.00..10.29 rows=800 width=0)
                           Index Cond: (s_nationkey = nation.n_nationkey)
         ->  Hash  (cost=176420.04..176420.04 rows=5387 width=4)
               ->  Nested Loop  (cost=0.43..176420.04 rows=5387 width=4)
                     ->  Seq Scan on part  (cost=0.00..13224.00 rows=4040 width=4)
                           Filter: ((p_name)::text ~~ 'blanched%'::text)
                     ->  Index Scan using ps_pk on partsupp  (cost=0.43..40.39 rows=1 width=8)
                           Index Cond: (ps_partkey = part.p_partkey)
                           Filter: ((ps_availqty)::numeric > (SubPlan 1))
                           SubPlan 1
                             ->  Aggregate  (cost=8.46..8.48 rows=1 width=32)
                                   ->  Index Scan using l_sk_pk on lineitem  (cost=0.43..8.46 rows=1 width=5)
                                         Index Cond: ((l_suppkey = partsupp.ps_suppkey) AND (l_partkey = partsupp.ps_partkey))
                                         Filter: ((l_shipdate >= '1995-01-01'::date) AND (l_shipdate < '1996-01-01'::date))
 JIT:
   Functions: 30
   Options: Inlining false, Optimization false, Expressions true, Deforming true
(26 rows)

COMMIT;
COMMIT

Query 20 execution times in seconds: 0.191,0.190,0.195,0.194,0.195,0.196,0.199,0.183,0.189,0.188
Average execution time: 0.1920 seconds

BEGIN;
BEGIN
EXPLAIN
select
	s_name,
	count(*) as numwait
from
	supplier,
	lineitem l1,
	orders,
	nation
where
	s_suppkey = l1.l_suppkey
	and o_orderkey = l1.l_orderkey
	and o_orderstatus = 'F'
	and l1.l_receiptdate > l1.l_commitdate
	and exists (
		select
			*
		from
			lineitem l2
		where
			l2.l_orderkey = l1.l_orderkey
			and l2.l_suppkey <> l1.l_suppkey
	)
	and not exists (
		select
			*
		from
			lineitem l3
		where
			l3.l_orderkey = l1.l_orderkey
			and l3.l_suppkey <> l1.l_suppkey
			and l3.l_receiptdate > l3.l_commitdate
	)
	and s_nationkey = n_nationkey
	and n_name = 'SAUDI ARABIA'
group by
	s_name
order by
	numwait desc,
	s_name
LIMIT 100;
                                                               QUERY PLAN                                                               
----------------------------------------------------------------------------------------------------------------------------------------
 Limit  (cost=364615.30..364615.30 rows=1 width=34)
   ->  Sort  (cost=364615.30..364615.30 rows=1 width=34)
         Sort Key: (count(*)) DESC, supplier.s_name
         ->  GroupAggregate  (cost=364615.27..364615.29 rows=1 width=34)
               Group Key: supplier.s_name
               ->  Sort  (cost=364615.27..364615.27 rows=1 width=26)
                     Sort Key: supplier.s_name
                     ->  Nested Loop  (cost=1528.61..364615.26 rows=1 width=26)
                           ->  Nested Loop Semi Join  (cost=1528.18..364612.48 rows=1 width=34)
                                 ->  Gather  (cost=1527.75..364608.95 rows=1 width=34)
                                       Workers Planned: 2
                                       ->  Nested Loop Anti Join  (cost=527.75..363608.85 rows=1 width=34)
                                             ->  Hash Join  (cost=527.31..294980.39 rows=66655 width=34)
                                                   Hash Cond: (l1.l_suppkey = supplier.s_suppkey)
                                                   ->  Parallel Seq Scan on lineitem l1  (cost=0.00..287537.56 rows=1666388 width=8)
                                                         Filter: (l_receiptdate > l_commitdate)
                                                   ->  Hash  (cost=517.31..517.31 rows=800 width=30)
                                                         ->  Nested Loop  (cost=10.49..517.31 rows=800 width=30)
                                                               ->  Seq Scan on nation  (cost=0.00..1.31 rows=1 width=4)
                                                                     Filter: (n_name = 'SAUDI ARABIA'::bpchar)
                                                               ->  Bitmap Heap Scan on supplier  (cost=10.49..508.00 rows=800 width=34)
                                                                     Recheck Cond: (s_nationkey = nation.n_nationkey)
                                                                     ->  Bitmap Index Scan on s_nk  (cost=0.00..10.29 rows=800 width=0)
                                                                           Index Cond: (s_nationkey = nation.n_nationkey)
                                             ->  Index Scan using l_ok on lineitem l3  (cost=0.43..3.59 rows=10 width=8)
                                                   Index Cond: (l_orderkey = l1.l_orderkey)
                                                   Filter: ((l_receiptdate > l_commitdate) AND (l_suppkey <> l1.l_suppkey))
                                 ->  Index Scan using l_ok on lineitem l2  (cost=0.43..3.51 rows=30 width=8)
                                       Index Cond: (l_orderkey = l1.l_orderkey)
                                       Filter: (l_suppkey <> l1.l_suppkey)
                           ->  Index Scan using o_ok on orders  (cost=0.43..2.78 rows=1 width=4)
                                 Index Cond: (o_orderkey = l1.l_orderkey)
                                 Filter: (o_orderstatus = 'F'::bpchar)
 JIT:
   Functions: 38
   Options: Inlining false, Optimization false, Expressions true, Deforming true
(36 rows)

COMMIT;
COMMIT

Query 21 execution times in seconds: 0.204,0.196,0.198,0.199,0.200,0.192,0.182,0.193,0.196,0.204
Average execution time: 0.1964 seconds

BEGIN;
BEGIN
EXPLAIN
select
	cntrycode,
	count(*) as numcust,
	sum(c_acctbal) as totacctbal
from
	(
		select
			substring(c_phone from 1 for 2) as cntrycode,
			c_acctbal
		from
			customer
		where
			substring(c_phone from 1 for 2) in
				('30', '24', '11', '21', '13', '18', '31')
			and c_acctbal > (
				select
					avg(c_acctbal)
				from
					customer
				where
					c_acctbal > 0.00
					and substring(c_phone from 1 for 2) in
						('30', '24', '11', '21', '13', '18', '31')
			)
			and not exists (
				select
					*
				from
					orders
				where
					o_custkey = c_custkey
			)
	) as vip
group by
	cntrycode
order by
	cntrycode;
                                                                        QUERY PLAN                                                                        
----------------------------------------------------------------------------------------------------------------------------------------------------------
 Finalize GroupAggregate  (cost=24099.95..24301.75 rows=1511 width=72)
   Group Key: (SUBSTRING(customer.c_phone FROM 1 FOR 2))
   InitPlan 1
     ->  Finalize Aggregate  (cost=11539.36..11539.37 rows=1 width=32)
           ->  Gather  (cost=11539.14..11539.35 rows=2 width=32)
                 Workers Planned: 2
                 ->  Partial Aggregate  (cost=10539.14..10539.15 rows=1 width=32)
                       ->  Parallel Seq Scan on customer customer_1  (cost=0.00..10529.25 rows=3954 width=6)
                             Filter: ((c_acctbal > 0.00) AND (SUBSTRING(c_phone FROM 1 FOR 2) = ANY ('{30,24,11,21,13,18,31}'::text[])))
   ->  Gather Merge  (cost=12560.58..12723.34 rows=1260 width=72)
         Workers Planned: 2
         ->  Partial GroupAggregate  (cost=11560.55..11577.88 rows=630 width=72)
               Group Key: (SUBSTRING(customer.c_phone FROM 1 FOR 2))
               ->  Sort  (cost=11560.55..11562.13 rows=630 width=38)
                     Sort Key: (SUBSTRING(customer.c_phone FROM 1 FOR 2))
                     ->  Nested Loop Anti Join  (cost=0.43..11531.26 rows=630 width=38)
                           ->  Parallel Seq Scan on customer  (cost=0.00..10529.25 rows=1458 width=26)
                                 Filter: ((c_acctbal > (InitPlan 1).col1) AND (SUBSTRING(c_phone FROM 1 FOR 2) = ANY ('{30,24,11,21,13,18,31}'::text[])))
                           ->  Index Only Scan using o_ck on orders  (cost=0.43..3.30 rows=18 width=4)
                                 Index Cond: (o_custkey = customer.c_custkey)
(20 rows)

COMMIT;
COMMIT

Query 22 execution times in seconds: 0.146,0.143,0.141,0.142,0.145,0.146,0.143,0.143,0.137,0.151
Average execution time: 0.1437 seconds


